
=== trend_chase / 1d / th=60 ===
  [trend_chase/1d/th60] processed 486 symbols in 15.9s
  IS:  n=  247 win=65.2% mean=+16.12% Sharpe=+5.53 PF=4.18
  OOS: n=  170 win=38.8% mean=-1.86% Sharpe=-1.07 PF=0.77

=== trend_pullback / 1d / th=70 ===
  [trend_pullback/1d/th70] processed 486 symbols in 20.9s
  IS:  n= 6983 win=34.6% mean=+4.84% Sharpe=+6.55 PF=1.66
  OOS: n= 6418 win=25.2% mean=-2.84% Sharpe=-7.64 PF=0.68

=== trend_pullback / 1w / th=60 ===
  [trend_pullback/1w/th60] processed 431 symbols in 24.1s
  IS:  n=  518 win=48.8% mean=+16.60% Sharpe=+3.72 PF=2.55
  OOS: n=  149 win=21.5% mean=-16.14% Sharpe=-7.67 PF=0.16

=== trend_chase / 1h / th=60 ===
  [trend_chase/1h/th60] processed 485 symbols in 106.3s
  IS:  n=14349 win=47.2% mean=+1.78% Sharpe=+6.04 PF=1.32
  OOS: n=32005 win=37.2% mean=-1.27% Sharpe=-5.93 PF=0.81

=== trend_pullback / 1h / th=75 ===
  [trend_pullback/1h/th75] processed 485 symbols in 93.3s
  IS:  n=14477 win=32.4% mean=+2.32% Sharpe=+5.92 PF=1.32
  OOS: n=29174 win=25.8% mean=-0.26% Sharpe=-1.07 PF=0.97

saved: C:\Users\82109\Desktop\LYC\git\stock_total\scripts\out\optimize\round2\crypto\task4_oos.csv
      strategy interval  score_th                    rule  IS_n  IS_win%  IS_mean%  IS_Sharpe  IS_PF  IS_MDD%  OOS_n  OOS_win%  OOS_mean%  OOS_Sharpe  OOS_PF  OOS_MDD%
   trend_chase       1d        60   hold_60d_trail20_TP30   247     65.2     16.12       5.53   4.18    -63.4    170      38.8      -1.86       -1.07    0.77     -99.9
trend_pullback       1d        70  hold_60d_trail15_cut3d  6983     34.6      4.84       6.55   1.66   -100.0   6418      25.2      -2.84       -7.64    0.68    -100.0
trend_pullback       1w        60         hold_8w_trail15   518     48.8     16.60       3.72   2.55    -99.1    149      21.5     -16.14       -7.67    0.16    -100.0
   trend_chase       1h        60       hold_168h_trail20 14349     47.2      1.78       6.04   1.32   -100.0  32005      37.2      -1.27       -5.93    0.81    -100.0
trend_pullback       1h        75 hold_336h_trail20_cut5h 14477     32.4      2.32       5.92   1.32   -100.0  29174      25.8      -0.26       -1.07    0.97    -100.0
