[universe] scanning amount in C:\Users\82109\Desktop\LYC\git\stock_total\data\cache\crypto\1h
  scanned 100/553
  scanned 200/553
  scanned 300/553
  scanned 400/553
  scanned 500/553
[universe] selected 100 (scan 3.6s)
  loaded 20/100 (skipped 6, elapsed 1.2s)
  loaded 40/100 (skipped 10, elapsed 2.5s)
  loaded 60/100 (skipped 14, elapsed 3.6s)
  loaded 80/100 (skipped 18, elapsed 4.8s)
  loaded 100/100 (skipped 23, elapsed 5.9s)
[load] 77 symbols cached, skipped 23, 5.9s
  trend_chase     th= 60 rule=hold_24h_trail10                 n=  7282 win= 43.6% mean= +0.47% Sharpe= +2.41 PF= 1.18
  trend_chase     th= 60 rule=hold_72h_trail10_TP20            n=  7282 win= 43.3% mean= +0.55% Sharpe= +2.51 PF= 1.15
  trend_chase     th= 60 rule=hold_168h_trail15_TP30           n=  7282 win= 43.1% mean= +1.04% Sharpe= +3.35 PF= 1.20
  trend_chase     th= 60 rule=hold_168h_trail20                n=  7282 win= 44.0% mean= +1.91% Sharpe= +4.05 PF= 1.34
  trend_chase     th= 60 rule=hold_336h_trail15_TP30           n=  7282 win= 42.1% mean= +1.39% Sharpe= +3.96 PF= 1.23
  trend_chase     th= 60 rule=hold_336h_trail20_cut5h          n=  7282 win= 38.0% mean= +1.99% Sharpe= +3.95 PF= 1.32
  trend_chase     th= 70 rule=hold_24h_trail10                 n=  3708 win= 42.9% mean= +0.55% Sharpe= +1.74 PF= 1.18
  trend_chase     th= 70 rule=hold_72h_trail10_TP20            n=  3708 win= 41.9% mean= +0.51% Sharpe= +1.56 PF= 1.13
  trend_chase     th= 70 rule=hold_168h_trail15_TP30           n=  3708 win= 40.9% mean= +1.10% Sharpe= +2.35 PF= 1.19
  trend_chase     th= 70 rule=hold_168h_trail20                n=  3708 win= 41.9% mean= +2.15% Sharpe= +2.90 PF= 1.35
  trend_chase     th= 70 rule=hold_336h_trail15_TP30           n=  3708 win= 40.4% mean= +1.40% Sharpe= +2.70 PF= 1.22
  trend_chase     th= 70 rule=hold_336h_trail20_cut5h          n=  3708 win= 35.0% mean= +1.92% Sharpe= +2.51 PF= 1.28
  trend_chase     th= 75 rule=hold_24h_trail10                 n=  2088 win= 42.1% mean= +0.70% Sharpe= +1.42 PF= 1.21
  trend_chase     th= 75 rule=hold_72h_trail10_TP20            n=  2088 win= 42.5% mean= +0.53% Sharpe= +1.15 PF= 1.12
  trend_chase     th= 75 rule=hold_168h_trail15_TP30           n=  2088 win= 40.9% mean= +1.21% Sharpe= +1.90 PF= 1.21
  trend_chase     th= 75 rule=hold_168h_trail20                n=  2088 win= 40.9% mean= +2.33% Sharpe= +2.24 PF= 1.36
  trend_chase     th= 75 rule=hold_336h_trail15_TP30           n=  2088 win= 41.1% mean= +1.69% Sharpe= +2.39 PF= 1.26
  trend_chase     th= 75 rule=hold_336h_trail20_cut5h          n=  2088 win= 34.0% mean= +2.04% Sharpe= +1.97 PF= 1.31
  trend_chase     th= 80 rule=hold_24h_trail10                 n=  1454 win= 41.6% mean= +0.87% Sharpe= +1.31 PF= 1.24
  trend_chase     th= 80 rule=hold_72h_trail10_TP20            n=  1454 win= 42.6% mean= +0.74% Sharpe= +1.24 PF= 1.16
  trend_chase     th= 80 rule=hold_168h_trail15_TP30           n=  1454 win= 40.6% mean= +1.45% Sharpe= +1.81 PF= 1.24
  trend_chase     th= 80 rule=hold_168h_trail20                n=  1454 win= 40.8% mean= +3.05% Sharpe= +2.24 PF= 1.45
  trend_chase     th= 80 rule=hold_336h_trail15_TP30           n=  1454 win= 41.2% mean= +1.96% Sharpe= +2.23 PF= 1.29
  trend_chase     th= 80 rule=hold_336h_trail20_cut5h          n=  1454 win= 33.1% mean= +2.73% Sharpe= +2.07 PF= 1.40
  trend_chase     th= 85 rule=hold_24h_trail10                 n=   949 win= 40.4% mean= +1.44% Sharpe= +1.52 PF= 1.37
  trend_chase     th= 85 rule=hold_72h_trail10_TP20            n=   949 win= 42.0% mean= +0.74% Sharpe= +0.96 PF= 1.15
  trend_chase     th= 85 rule=hold_168h_trail15_TP30           n=   949 win= 40.5% mean= +1.66% Sharpe= +1.62 PF= 1.27
  trend_chase     th= 85 rule=hold_168h_trail20                n=   949 win= 40.4% mean= +2.73% Sharpe= +1.67 PF= 1.39
  trend_chase     th= 85 rule=hold_336h_trail15_TP30           n=   949 win= 42.4% mean= +2.46% Sharpe= +2.21 PF= 1.37
  trend_chase     th= 85 rule=hold_336h_trail20_cut5h          n=   949 win= 33.7% mean= +2.83% Sharpe= +1.77 PF= 1.42
  trend_chase     th= 90 rule=hold_24h_trail10                 n=   575 win= 39.0% mean= +2.08% Sharpe= +1.44 PF= 1.49
  trend_chase     th= 90 rule=hold_72h_trail10_TP20            n=   575 win= 40.9% mean= +0.84% Sharpe= +0.81 PF= 1.17
  trend_chase     th= 90 rule=hold_168h_trail15_TP30           n=   575 win= 39.3% mean= +2.05% Sharpe= +1.48 PF= 1.32
  trend_chase     th= 90 rule=hold_168h_trail20                n=   575 win= 40.9% mean= +3.23% Sharpe= +1.45 PF= 1.45
  trend_chase     th= 90 rule=hold_336h_trail15_TP30           n=   575 win= 41.6% mean= +2.65% Sharpe= +1.77 PF= 1.38
  trend_chase     th= 90 rule=hold_336h_trail20_cut5h          n=   575 win= 33.7% mean= +3.00% Sharpe= +1.44 PF= 1.45
  trend_pullback  th= 60 rule=hold_24h_trail10                 n=  7021 win= 42.7% mean= +0.86% Sharpe= +3.00 PF= 1.22
  trend_pullback  th= 60 rule=hold_72h_trail10_TP20            n=  7021 win= 39.8% mean= +0.97% Sharpe= +3.33 PF= 1.20
  trend_pullback  th= 60 rule=hold_168h_trail15_TP30           n=  7021 win= 41.1% mean= +2.63% Sharpe= +6.26 PF= 1.39
  trend_pullback  th= 60 rule=hold_168h_trail20                n=  7021 win= 42.6% mean= +4.37% Sharpe= +6.56 PF= 1.57
  trend_pullback  th= 60 rule=hold_336h_trail15_TP30           n=  7021 win= 39.7% mean= +2.73% Sharpe= +6.16 PF= 1.38
  trend_pullback  th= 60 rule=hold_336h_trail20_cut5h          n=  7021 win= 33.5% mean= +4.80% Sharpe= +6.68 PF= 1.65
  trend_pullback  th= 70 rule=hold_24h_trail10                 n=  7877 win= 42.8% mean= +0.77% Sharpe= +2.93 PF= 1.20
  trend_pullback  th= 70 rule=hold_72h_trail10_TP20            n=  7877 win= 39.5% mean= +1.00% Sharpe= +3.63 PF= 1.20
  trend_pullback  th= 70 rule=hold_168h_trail15_TP30           n=  7877 win= 40.8% mean= +2.48% Sharpe= +6.31 PF= 1.37
  trend_pullback  th= 70 rule=hold_168h_trail20                n=  7877 win= 42.9% mean= +4.40% Sharpe= +7.01 PF= 1.57
  trend_pullback  th= 70 rule=hold_336h_trail15_TP30           n=  7877 win= 39.5% mean= +2.69% Sharpe= +6.45 PF= 1.37
  trend_pullback  th= 70 rule=hold_336h_trail20_cut5h          n=  7877 win= 33.3% mean= +4.90% Sharpe= +7.33 PF= 1.68
  trend_pullback  th= 75 rule=hold_24h_trail10                 n=  8146 win= 42.3% mean= +0.70% Sharpe= +2.70 PF= 1.18
  trend_pullback  th= 75 rule=hold_72h_trail10_TP20            n=  8146 win= 38.8% mean= +0.89% Sharpe= +3.29 PF= 1.18
  trend_pullback  th= 75 rule=hold_168h_trail15_TP30           n=  8146 win= 40.7% mean= +2.50% Sharpe= +6.46 PF= 1.37
  trend_pullback  th= 75 rule=hold_168h_trail20                n=  8146 win= 42.9% mean= +4.68% Sharpe= +7.48 PF= 1.61
  trend_pullback  th= 75 rule=hold_336h_trail15_TP30           n=  8146 win= 39.7% mean= +2.83% Sharpe= +6.93 PF= 1.40
  trend_pullback  th= 75 rule=hold_336h_trail20_cut5h          n=  8146 win= 33.2% mean= +5.58% Sharpe= +8.23 PF= 1.78
  trend_pullback  th= 80 rule=hold_24h_trail10                 n=  6523 win= 42.3% mean= +0.75% Sharpe= +2.53 PF= 1.19
  trend_pullback  th= 80 rule=hold_72h_trail10_TP20            n=  6523 win= 39.0% mean= +0.97% Sharpe= +3.16 PF= 1.19
  trend_pullback  th= 80 rule=hold_168h_trail15_TP30           n=  6523 win= 40.8% mean= +2.59% Sharpe= +5.95 PF= 1.38
  trend_pullback  th= 80 rule=hold_168h_trail20                n=  6523 win= 43.1% mean= +4.89% Sharpe= +6.94 PF= 1.63
  trend_pullback  th= 80 rule=hold_336h_trail15_TP30           n=  6523 win= 39.7% mean= +2.94% Sharpe= +6.43 PF= 1.41
  trend_pullback  th= 80 rule=hold_336h_trail20_cut5h          n=  6523 win= 33.0% mean= +5.78% Sharpe= +7.67 PF= 1.82
  trend_pullback  th= 85 rule=hold_24h_trail10                 n=  5098 win= 42.7% mean= +0.86% Sharpe= +2.47 PF= 1.21
  trend_pullback  th= 85 rule=hold_72h_trail10_TP20            n=  5098 win= 39.4% mean= +1.02% Sharpe= +2.87 PF= 1.20
  trend_pullback  th= 85 rule=hold_168h_trail15_TP30           n=  5098 win= 40.8% mean= +2.75% Sharpe= +5.51 PF= 1.40
  trend_pullback  th= 85 rule=hold_168h_trail20                n=  5098 win= 43.0% mean= +5.19% Sharpe= +6.34 PF= 1.66
  trend_pullback  th= 85 rule=hold_336h_trail15_TP30           n=  5098 win= 40.4% mean= +3.21% Sharpe= +6.14 PF= 1.45
  trend_pullback  th= 85 rule=hold_336h_trail20_cut5h          n=  5098 win= 32.8% mean= +6.17% Sharpe= +7.00 PF= 1.87
  trend_pullback  th= 90 rule=hold_24h_trail10                 n=  3030 win= 41.5% mean= +0.56% Sharpe= +1.24 PF= 1.13
  trend_pullback  th= 90 rule=hold_72h_trail10_TP20            n=  3030 win= 39.6% mean= +0.78% Sharpe= +1.68 PF= 1.15
  trend_pullback  th= 90 rule=hold_168h_trail15_TP30           n=  3030 win= 41.3% mean= +2.39% Sharpe= +3.71 PF= 1.34
  trend_pullback  th= 90 rule=hold_168h_trail20                n=  3030 win= 43.1% mean= +4.84% Sharpe= +4.60 PF= 1.61
  trend_pullback  th= 90 rule=hold_336h_trail15_TP30           n=  3030 win= 40.7% mean= +2.84% Sharpe= +4.22 PF= 1.39
  trend_pullback  th= 90 rule=hold_336h_trail20_cut5h          n=  3030 win= 32.5% mean= +5.52% Sharpe= +5.06 PF= 1.78
saved: C:\Users\82109\Desktop\LYC\git\stock_total\scripts\out\optimize\round2\crypto\task1_1h_grid.csv

=== best per strategy (n>=30) ===
      strategy  score_th                    rule    n  win%  mean%  Sharpe_ann   PF
   trend_chase        60       hold_168h_trail20 7282  44.0   1.91        4.05 1.34
trend_pullback        75 hold_336h_trail20_cut5h 8146  33.2   5.58        8.23 1.78
