[universe] scanning amount in C:\Users\82109\Desktop\LYC\git\stock_total\data\cache\crypto\1h
[universe] selected 30 (scan 1.5s)
  loaded 10/30 (skipped 4)
  loaded 20/30 (skipped 6)
  loaded 30/30 (skipped 8)
[load] 22 symbols cached, 1.1s
  trend_chase th=60: 1864 entries
    h24_tr5_tp10           full S=+1.59 n= 1864 oos S=+1.72 n= 1491 (0.1s)
    h24_tr5_tp20           full S=+1.52 n= 1864 oos S=+1.65 n= 1491 (0.1s)
    h24_tr5_tpnone         full S=+1.39 n= 1864 oos S=+1.51 n= 1491 (0.1s)
    h24_tr10_tp10          full S=+2.00 n= 1864 oos S=+2.00 n= 1491 (0.1s)
    h24_tr10_tp20          full S=+2.02 n= 1864 oos S=+2.00 n= 1491 (0.1s)
    h24_tr10_tpnone        full S=+1.88 n= 1864 oos S=+1.81 n= 1491 (0.1s)
    h24_tr15_tp10          full S=+2.03 n= 1864 oos S=+2.01 n= 1491 (0.1s)
    h24_tr15_tp20          full S=+2.02 n= 1864 oos S=+1.96 n= 1491 (0.1s)
    h24_tr15_tpnone        full S=+1.92 n= 1864 oos S=+1.81 n= 1491 (0.1s)
    h72_tr5_tp10           full S=+1.72 n= 1864 oos S=+1.72 n= 1491 (0.1s)
    h72_tr5_tp20           full S=+1.84 n= 1864 oos S=+1.86 n= 1491 (0.2s)
    h72_tr5_tpnone         full S=+1.64 n= 1864 oos S=+1.65 n= 1491 (0.2s)
    h72_tr10_tp10          full S=+1.97 n= 1864 oos S=+1.98 n= 1491 (0.2s)
    h72_tr10_tp20          full S=+2.01 n= 1864 oos S=+2.00 n= 1491 (0.2s)
    h72_tr10_tpnone        full S=+2.05 n= 1864 oos S=+1.97 n= 1491 (0.2s)
    h72_tr15_tp10          full S=+1.98 n= 1864 oos S=+1.86 n= 1491 (0.2s)
    h72_tr15_tp20          full S=+1.99 n= 1864 oos S=+1.82 n= 1491 (0.2s)
    h72_tr15_tpnone        full S=+2.02 n= 1864 oos S=+1.76 n= 1491 (0.2s)
    h168_tr5_tp10          full S=+1.84 n= 1864 oos S=+1.87 n= 1491 (0.2s)
    h168_tr5_tp20          full S=+2.02 n= 1864 oos S=+2.06 n= 1491 (0.2s)
    h168_tr5_tpnone        full S=+1.85 n= 1864 oos S=+1.89 n= 1491 (0.3s)
    h168_tr10_tp10         full S=+1.93 n= 1864 oos S=+1.83 n= 1491 (0.3s)
    h168_tr10_tp20         full S=+1.97 n= 1864 oos S=+1.81 n= 1491 (0.4s)
    h168_tr10_tpnone       full S=+2.13 n= 1864 oos S=+1.94 n= 1491 (0.4s)
    h168_tr15_tp10         full S=+1.94 n= 1864 oos S=+1.71 n= 1491 (0.5s)
    h168_tr15_tp20         full S=+2.02 n= 1864 oos S=+1.72 n= 1491 (0.6s)
    h168_tr15_tpnone       full S=+2.34 n= 1864 oos S=+2.06 n= 1491 (0.6s)
  trend_chase th=70: 882 entries
    h24_tr5_tp10           full S=+1.57 n=  882 oos S=+1.46 n=  677 (0.0s)
    h24_tr5_tp20           full S=+1.44 n=  882 oos S=+1.41 n=  677 (0.0s)
    h24_tr5_tpnone         full S=+1.31 n=  882 oos S=+1.29 n=  677 (0.0s)
    h24_tr10_tp10          full S=+1.90 n=  882 oos S=+1.69 n=  677 (0.0s)
    h24_tr10_tp20          full S=+1.81 n=  882 oos S=+1.70 n=  677 (0.0s)
    h24_tr10_tpnone        full S=+1.62 n=  882 oos S=+1.45 n=  677 (0.0s)
    h24_tr15_tp10          full S=+2.00 n=  882 oos S=+1.76 n=  677 (0.0s)
    h24_tr15_tp20          full S=+1.86 n=  882 oos S=+1.69 n=  677 (0.0s)
    h24_tr15_tpnone        full S=+1.69 n=  882 oos S=+1.47 n=  677 (0.0s)
    h72_tr5_tp10           full S=+1.32 n=  882 oos S=+1.24 n=  677 (0.1s)
    h72_tr5_tp20           full S=+1.34 n=  882 oos S=+1.33 n=  677 (0.1s)
    h72_tr5_tpnone         full S=+1.17 n=  882 oos S=+1.16 n=  677 (0.1s)
    h72_tr10_tp10          full S=+1.73 n=  882 oos S=+1.62 n=  677 (0.1s)
    h72_tr10_tp20          full S=+1.56 n=  882 oos S=+1.60 n=  677 (0.1s)
    h72_tr10_tpnone        full S=+1.55 n=  882 oos S=+1.53 n=  677 (0.1s)
    h72_tr15_tp10          full S=+1.78 n=  882 oos S=+1.53 n=  677 (0.1s)
    h72_tr15_tp20          full S=+1.60 n=  882 oos S=+1.44 n=  677 (0.1s)
    h72_tr15_tpnone        full S=+1.54 n=  882 oos S=+1.31 n=  677 (0.1s)
    h168_tr5_tp10          full S=+1.40 n=  882 oos S=+1.30 n=  677 (0.1s)
    h168_tr5_tp20          full S=+1.42 n=  882 oos S=+1.40 n=  677 (0.1s)
    h168_tr5_tpnone        full S=+1.27 n=  882 oos S=+1.25 n=  677 (0.1s)
    h168_tr10_tp10         full S=+1.58 n=  882 oos S=+1.33 n=  677 (0.1s)
    h168_tr10_tp20         full S=+1.33 n=  882 oos S=+1.19 n=  677 (0.3s)
    h168_tr10_tpnone       full S=+1.38 n=  882 oos S=+1.19 n=  677 (0.2s)
    h168_tr15_tp10         full S=+1.63 n=  882 oos S=+1.25 n=  677 (0.2s)
    h168_tr15_tp20         full S=+1.35 n=  882 oos S=+1.03 n=  677 (0.3s)
    h168_tr15_tpnone       full S=+1.62 n=  882 oos S=+1.30 n=  677 (0.3s)
  trend_chase th=80: 301 entries
    h24_tr5_tp10           full S=+1.20 n=  301 oos S=+1.15 n=  233 (0.0s)
    h24_tr5_tp20           full S=+1.06 n=  301 oos S=+0.98 n=  233 (0.0s)
    h24_tr5_tpnone         full S=+0.91 n=  301 oos S=+0.84 n=  233 (0.0s)
    h24_tr10_tp10          full S=+1.34 n=  301 oos S=+1.21 n=  233 (0.0s)
    h24_tr10_tp20          full S=+1.31 n=  301 oos S=+1.19 n=  233 (0.0s)
    h24_tr10_tpnone        full S=+1.10 n=  301 oos S=+0.94 n=  233 (0.0s)
    h24_tr15_tp10          full S=+1.48 n=  301 oos S=+1.35 n=  233 (0.0s)
    h24_tr15_tp20          full S=+1.36 n=  301 oos S=+1.23 n=  233 (0.0s)
    h24_tr15_tpnone        full S=+1.18 n=  301 oos S=+1.00 n=  233 (0.0s)
    h72_tr5_tp10           full S=+1.10 n=  301 oos S=+0.99 n=  233 (0.0s)
    h72_tr5_tp20           full S=+1.05 n=  301 oos S=+0.97 n=  233 (0.0s)
    h72_tr5_tpnone         full S=+0.88 n=  301 oos S=+0.82 n=  233 (0.0s)
    h72_tr10_tp10          full S=+1.22 n=  301 oos S=+1.15 n=  233 (0.0s)
    h72_tr10_tp20          full S=+1.22 n=  301 oos S=+1.21 n=  233 (0.0s)
    h72_tr10_tpnone        full S=+1.06 n=  301 oos S=+1.00 n=  233 (0.0s)
    h72_tr15_tp10          full S=+1.27 n=  301 oos S=+1.13 n=  233 (0.0s)
    h72_tr15_tp20          full S=+1.16 n=  301 oos S=+1.04 n=  233 (0.0s)
    h72_tr15_tpnone        full S=+0.95 n=  301 oos S=+0.73 n=  233 (0.0s)
    h168_tr5_tp10          full S=+1.19 n=  301 oos S=+1.10 n=  233 (0.0s)
    h168_tr5_tp20          full S=+1.17 n=  301 oos S=+1.07 n=  233 (0.0s)
    h168_tr5_tpnone        full S=+1.04 n=  301 oos S=+0.94 n=  233 (0.0s)
    h168_tr10_tp10         full S=+1.27 n=  301 oos S=+1.10 n=  233 (0.0s)
    h168_tr10_tp20         full S=+1.19 n=  301 oos S=+1.04 n=  233 (0.1s)
    h168_tr10_tpnone       full S=+1.05 n=  301 oos S=+0.84 n=  233 (0.1s)
    h168_tr15_tp10         full S=+1.34 n=  301 oos S=+1.07 n=  233 (0.1s)
    h168_tr15_tp20         full S=+1.19 n=  301 oos S=+0.97 n=  233 (0.1s)
    h168_tr15_tpnone       full S=+1.24 n=  301 oos S=+0.98 n=  233 (0.1s)
  trend_pullback th=60: 1558 entries
    h24_tr5_tp10           full S=+0.84 n= 1558 oos S=+0.82 n= 1287 (0.0s)
    h24_tr5_tp20           full S=+1.45 n= 1558 oos S=+1.40 n= 1287 (0.1s)
    h24_tr5_tpnone         full S=+1.39 n= 1558 oos S=+1.37 n= 1287 (0.1s)
    h24_tr10_tp10          full S=+1.37 n= 1558 oos S=+1.26 n= 1287 (0.1s)
    h24_tr10_tp20          full S=+1.92 n= 1558 oos S=+1.80 n= 1287 (0.1s)
    h24_tr10_tpnone        full S=+1.88 n= 1558 oos S=+1.69 n= 1287 (0.1s)
    h24_tr15_tp10          full S=+1.57 n= 1558 oos S=+1.41 n= 1287 (0.1s)
    h24_tr15_tp20          full S=+2.11 n= 1558 oos S=+1.95 n= 1287 (0.1s)
    h24_tr15_tpnone        full S=+1.95 n= 1558 oos S=+1.74 n= 1287 (0.1s)
    h72_tr5_tp10           full S=+1.08 n= 1558 oos S=+1.16 n= 1287 (0.1s)
    h72_tr5_tp20           full S=+1.76 n= 1558 oos S=+1.81 n= 1287 (0.1s)
    h72_tr5_tpnone         full S=+1.68 n= 1558 oos S=+1.75 n= 1287 (0.1s)
    h72_tr10_tp10          full S=+1.27 n= 1558 oos S=+1.31 n= 1287 (0.1s)
    h72_tr10_tp20          full S=+2.20 n= 1558 oos S=+2.22 n= 1287 (0.1s)
    h72_tr10_tpnone        full S=+2.18 n= 1558 oos S=+2.11 n= 1287 (0.1s)
    h72_tr15_tp10          full S=+1.69 n= 1558 oos S=+1.52 n= 1287 (0.1s)
    h72_tr15_tp20          full S=+2.85 n= 1558 oos S=+2.71 n= 1287 (0.2s)
    h72_tr15_tpnone        full S=+2.51 n= 1558 oos S=+2.27 n= 1287 (0.3s)
    h168_tr5_tp10          full S=+1.26 n= 1558 oos S=+1.27 n= 1287 (0.1s)
    h168_tr5_tp20          full S=+1.89 n= 1558 oos S=+1.88 n= 1287 (0.1s)
    h168_tr5_tpnone        full S=+1.74 n= 1558 oos S=+1.78 n= 1287 (0.1s)
    h168_tr10_tp10         full S=+1.41 n= 1558 oos S=+1.37 n= 1287 (0.2s)
    h168_tr10_tp20         full S=+2.48 n= 1558 oos S=+2.46 n= 1287 (0.2s)
    h168_tr10_tpnone       full S=+2.54 n= 1558 oos S=+2.42 n= 1287 (0.2s)
    h168_tr15_tp10         full S=+1.78 n= 1558 oos S=+1.48 n= 1287 (0.2s)
    h168_tr15_tp20         full S=+2.91 n= 1558 oos S=+2.80 n= 1287 (0.3s)
    h168_tr15_tpnone       full S=+2.89 n= 1558 oos S=+2.66 n= 1287 (0.3s)
  trend_pullback th=70: 1834 entries
    h24_tr5_tp10           full S=+1.36 n= 1834 oos S=+1.33 n= 1514 (0.1s)
    h24_tr5_tp20           full S=+1.75 n= 1834 oos S=+1.71 n= 1514 (0.1s)
    h24_tr5_tpnone         full S=+1.48 n= 1834 oos S=+1.48 n= 1514 (0.1s)
    h24_tr10_tp10          full S=+1.78 n= 1834 oos S=+1.63 n= 1514 (0.1s)
    h24_tr10_tp20          full S=+2.16 n= 1834 oos S=+2.07 n= 1514 (0.1s)
    h24_tr10_tpnone        full S=+1.87 n= 1834 oos S=+1.75 n= 1514 (0.1s)
    h24_tr15_tp10          full S=+2.05 n= 1834 oos S=+1.87 n= 1514 (0.1s)
    h24_tr15_tp20          full S=+2.37 n= 1834 oos S=+2.25 n= 1514 (0.1s)
    h24_tr15_tpnone        full S=+1.92 n= 1834 oos S=+1.77 n= 1514 (0.2s)
    h72_tr5_tp10           full S=+1.67 n= 1834 oos S=+1.68 n= 1514 (0.1s)
    h72_tr5_tp20           full S=+2.18 n= 1834 oos S=+2.19 n= 1514 (0.1s)
    h72_tr5_tpnone         full S=+1.94 n= 1834 oos S=+1.98 n= 1514 (0.1s)
    h72_tr10_tp10          full S=+1.73 n= 1834 oos S=+1.71 n= 1514 (0.2s)
    h72_tr10_tp20          full S=+2.50 n= 1834 oos S=+2.55 n= 1514 (0.3s)
    h72_tr10_tpnone        full S=+2.21 n= 1834 oos S=+2.21 n= 1514 (0.3s)
    h72_tr15_tp10          full S=+2.16 n= 1834 oos S=+2.04 n= 1514 (0.3s)
    h72_tr15_tp20          full S=+3.22 n= 1834 oos S=+3.18 n= 1514 (0.2s)
    h72_tr15_tpnone        full S=+2.68 n= 1834 oos S=+2.55 n= 1514 (0.2s)
    h168_tr5_tp10          full S=+1.77 n= 1834 oos S=+1.72 n= 1514 (0.1s)
    h168_tr5_tp20          full S=+2.26 n= 1834 oos S=+2.18 n= 1514 (0.1s)
    h168_tr5_tpnone        full S=+1.97 n= 1834 oos S=+1.95 n= 1514 (0.1s)
    h168_tr10_tp10         full S=+1.83 n= 1834 oos S=+1.72 n= 1514 (0.2s)
    h168_tr10_tp20         full S=+2.76 n= 1834 oos S=+2.68 n= 1514 (0.2s)
    h168_tr10_tpnone       full S=+2.53 n= 1834 oos S=+2.45 n= 1514 (0.2s)
    h168_tr15_tp10         full S=+2.45 n= 1834 oos S=+2.11 n= 1514 (0.2s)
    h168_tr15_tp20         full S=+3.45 n= 1834 oos S=+3.32 n= 1514 (0.3s)
    h168_tr15_tpnone       full S=+3.15 n= 1834 oos S=+2.98 n= 1514 (0.3s)
  trend_pullback th=80: 1490 entries
    h24_tr5_tp10           full S=+1.55 n= 1490 oos S=+1.61 n= 1227 (0.0s)
    h24_tr5_tp20           full S=+1.60 n= 1490 oos S=+1.78 n= 1227 (0.0s)
    h24_tr5_tpnone         full S=+1.37 n= 1490 oos S=+1.53 n= 1227 (0.1s)
    h24_tr10_tp10          full S=+1.97 n= 1490 oos S=+1.91 n= 1227 (0.1s)
    h24_tr10_tp20          full S=+1.94 n= 1490 oos S=+2.04 n= 1227 (0.1s)
    h24_tr10_tpnone        full S=+1.77 n= 1490 oos S=+1.78 n= 1227 (0.1s)
    h24_tr15_tp10          full S=+2.40 n= 1490 oos S=+2.28 n= 1227 (0.1s)
    h24_tr15_tp20          full S=+2.29 n= 1490 oos S=+2.32 n= 1227 (0.1s)
    h24_tr15_tpnone        full S=+1.91 n= 1490 oos S=+1.86 n= 1227 (0.1s)
    h72_tr5_tp10           full S=+1.43 n= 1490 oos S=+1.38 n= 1227 (0.1s)
    h72_tr5_tp20           full S=+1.68 n= 1490 oos S=+1.72 n= 1227 (0.1s)
    h72_tr5_tpnone         full S=+1.61 n= 1490 oos S=+1.68 n= 1227 (0.1s)
    h72_tr10_tp10          full S=+1.43 n= 1490 oos S=+1.33 n= 1227 (0.1s)
    h72_tr10_tp20          full S=+2.08 n= 1490 oos S=+2.12 n= 1227 (0.1s)
    h72_tr10_tpnone        full S=+1.89 n= 1490 oos S=+1.85 n= 1227 (0.1s)
    h72_tr15_tp10          full S=+1.96 n= 1490 oos S=+1.78 n= 1227 (0.1s)
    h72_tr15_tp20          full S=+2.81 n= 1490 oos S=+2.80 n= 1227 (0.1s)
    h72_tr15_tpnone        full S=+2.37 n= 1490 oos S=+2.28 n= 1227 (0.2s)
    h168_tr5_tp10          full S=+1.53 n= 1490 oos S=+1.39 n= 1227 (0.1s)
    h168_tr5_tp20          full S=+1.78 n= 1490 oos S=+1.71 n= 1227 (0.1s)
    h168_tr5_tpnone        full S=+1.67 n= 1490 oos S=+1.67 n= 1227 (0.1s)
    h168_tr10_tp10         full S=+1.49 n= 1490 oos S=+1.30 n= 1227 (0.1s)
    h168_tr10_tp20         full S=+2.29 n= 1490 oos S=+2.19 n= 1227 (0.2s)
    h168_tr10_tpnone       full S=+2.19 n= 1490 oos S=+2.11 n= 1227 (0.2s)
    h168_tr15_tp10         full S=+2.27 n= 1490 oos S=+1.97 n= 1227 (0.2s)
    h168_tr15_tp20         full S=+3.19 n= 1490 oos S=+3.13 n= 1227 (0.3s)
    h168_tr15_tpnone       full S=+3.11 n= 1490 oos S=+3.10 n= 1227 (0.3s)

saved: C:\Users\82109\Desktop\LYC\git\stock_total\scripts\out\optimize\cycle_4\crypto_1h_grid.csv  (162 rows)

=== best per strategy (n_oos>=30, by OOS Sharpe) ===
      strategy  score_th           rule  n_full  Sharpe_full  n_oos  Sharpe_oos  mean%_oos  win%_oos
   trend_chase        60  h168_tr5_tp20    1864         2.02   1491        2.06       1.16      45.3
trend_pullback        70 h168_tr15_tp20    1834         3.45   1514        3.32       3.83      47.4
