
--- build_cache asset=kr strategy=trend_pullback interval=1w universe_top=100 -> 100 symbols, 948 files ---
  loaded 50 (skipped 1) elapsed 2.4s
  build_cache done: 99 symbols, skipped 1. elapsed 4.4s
  top=100: n_symbols=99 n_trades=2220 sharpe=9.27 win=57.8%

--- build_cache asset=kr strategy=trend_pullback interval=1w universe_top=300 -> 300 symbols, 948 files ---
  loaded 50 (skipped 0) elapsed 2.3s
  loaded 100 (skipped 0) elapsed 4.7s
  loaded 150 (skipped 1) elapsed 7.3s
  loaded 200 (skipped 1) elapsed 9.4s
  loaded 250 (skipped 1) elapsed 11.5s
  build_cache done: 298 symbols, skipped 2. elapsed 13.1s
  top=300: n_symbols=298 n_trades=5550 sharpe=11.93 win=54.3%

--- build_cache asset=kr strategy=trend_pullback interval=1w universe_top=500 -> 500 symbols, 948 files ---
  loaded 50 (skipped 0) elapsed 2.3s
  loaded 100 (skipped 0) elapsed 5.0s
  loaded 150 (skipped 0) elapsed 7.0s
  loaded 200 (skipped 0) elapsed 9.1s
  loaded 250 (skipped 0) elapsed 11.1s
  loaded 300 (skipped 0) elapsed 13.2s
  loaded 350 (skipped 1) elapsed 15.6s
  loaded 400 (skipped 1) elapsed 18.0s
  loaded 450 (skipped 1) elapsed 20.5s
  build_cache done: 498 symbols, skipped 2. elapsed 22.7s
  top=500: n_symbols=498 n_trades=8492 sharpe=11.67 win=50.8%

--- build_cache asset=kr strategy=trend_pullback interval=1w universe_top=800 -> 800 symbols, 948 files ---
  loaded 50 (skipped 0) elapsed 2.7s
  loaded 100 (skipped 0) elapsed 5.3s
  loaded 150 (skipped 0) elapsed 7.6s
  loaded 200 (skipped 0) elapsed 10.4s
  loaded 250 (skipped 0) elapsed 13.3s
  loaded 300 (skipped 0) elapsed 15.7s
  loaded 350 (skipped 0) elapsed 18.4s
  loaded 400 (skipped 0) elapsed 21.2s
  loaded 450 (skipped 2) elapsed 23.6s
  loaded 500 (skipped 2) elapsed 26.2s
  loaded 550 (skipped 2) elapsed 28.5s
  loaded 600 (skipped 2) elapsed 30.9s
  loaded 650 (skipped 2) elapsed 33.1s
  loaded 700 (skipped 2) elapsed 35.2s
  loaded 750 (skipped 2) elapsed 37.5s
  build_cache done: 797 symbols, skipped 3. elapsed 39.1s
  top=800: n_symbols=797 n_trades=12439 sharpe=11.69 win=48.1%

--- build_cache asset=kr strategy=trend_pullback interval=1w universe_top=-1 -> 948 symbols, 948 files ---
  loaded 50 (skipped 0) elapsed 2.4s
  loaded 100 (skipped 0) elapsed 4.3s
  loaded 150 (skipped 0) elapsed 6.2s
  loaded 200 (skipped 0) elapsed 8.1s
  loaded 250 (skipped 0) elapsed 10.1s
  loaded 300 (skipped 0) elapsed 12.3s
  loaded 350 (skipped 0) elapsed 14.3s
  loaded 400 (skipped 0) elapsed 16.2s
  loaded 450 (skipped 2) elapsed 18.0s
  loaded 500 (skipped 2) elapsed 20.1s
  loaded 550 (skipped 2) elapsed 22.0s
  loaded 600 (skipped 2) elapsed 23.8s
  loaded 650 (skipped 2) elapsed 25.4s
  loaded 700 (skipped 2) elapsed 27.1s
  loaded 750 (skipped 2) elapsed 28.9s
  loaded 800 (skipped 2) elapsed 30.2s
  loaded 850 (skipped 4) elapsed 31.7s
  loaded 900 (skipped 4) elapsed 33.0s
  build_cache done: 944 symbols, skipped 4. elapsed 33.9s
  top=-1: n_symbols=944 n_trades=13902 sharpe=11.27 win=47.0%
  saved: C:\Users\82109\Desktop\LYC\git\stock_total\scripts\out\optimize\round2\kr\task3_trend_pullback_1w.csv
