
--- build_cache asset=kr strategy=trend_pullback interval=1w universe_top=300 -> 300 symbols, 948 files ---
  loaded 50 (skipped 0) elapsed 3.7s
  loaded 100 (skipped 0) elapsed 5.7s
  loaded 150 (skipped 1) elapsed 7.8s
  loaded 200 (skipped 1) elapsed 9.9s
  loaded 250 (skipped 1) elapsed 11.7s
  build_cache done: 298 symbols, skipped 2. elapsed 12.9s

=== Task1 KR trend_pullback/1w threshold=75 rules=288 ===
  [20/288] elapsed 7.9s last rule=h26_tr15_TP25_SLx_cutY n=5550 sharpe=8.54
  [40/288] elapsed 16.1s last rule=h26_tr15_TP30_SL15_cutY n=5550 sharpe=8.63
  [60/288] elapsed 22.0s last rule=h26_tr15_TP40_SL20_cutY n=5550 sharpe=8.74
  [80/288] elapsed 31.0s last rule=h39_tr20_TPx_SLx_cutY n=5550 sharpe=7.29
  [100/288] elapsed 37.7s last rule=h39_tr20_TP25_SL15_cutY n=5550 sharpe=9.35
  [120/288] elapsed 47.7s last rule=h39_tr20_TP30_SL20_cutY n=5550 sharpe=9.86
  [140/288] elapsed 62.0s last rule=h39_tr25_TP40_SLx_cutY n=5550 sharpe=10.38
  [160/288] elapsed 74.9s last rule=h52_tr25_TPx_SL15_cutY n=5550 sharpe=7.48
  [180/288] elapsed 85.4s last rule=h52_tr25_TP25_SL20_cutY n=5550 sharpe=9.42
  [200/288] elapsed 98.3s last rule=h52_tr15_TP40_SLx_cutY n=5550 sharpe=9.4
  [220/288] elapsed 113.9s last rule=h78_tr15_TPx_SL15_cutY n=5550 sharpe=6.35
C:\Users\82109\Desktop\LYC\git\stock_total\.venv\Lib\site-packages\numpy\core\fromnumeric.py:59: RuntimeWarning: overflow encountered in accumulate
  return bound(*args, **kwds)
C:\Users\82109\Desktop\LYC\git\stock_total\scripts\optimize\kr_round2.py:330: RuntimeWarning: invalid value encountered in divide
  dd = float((eq / peak - 1.0).min() * 100)
  [240/288] elapsed 129.7s last rule=h78_tr15_TP25_SL20_cutY n=5550 sharpe=8.78
  [260/288] elapsed 142.5s last rule=h78_tr20_TP30_SLx_cutY n=5550 sharpe=10.26
  [280/288] elapsed 156.3s last rule=h78_tr20_TP40_SL15_cutY n=5550 sharpe=10.5
  [288/288] elapsed 163.1s last rule=h78_tr25_TP40_SL20_cutY n=5550 sharpe=10.52
  saved: C:\Users\82109\Desktop\LYC\git\stock_total\scripts\out\optimize\round2\kr\task1_trend_pullback_1w.csv
                   rule    n  win%  mean%   MDD%  Sharpe_ann   PF
 h78_tr20_TP40_SLx_cutN 5550  53.4  13.16 -100.0       12.82 2.83
 h78_tr25_TP40_SLx_cutN 5550  53.9  13.65 -100.0       12.65 2.66
 h52_tr20_TP40_SLx_cutN 5550  53.7  12.34 -100.0       12.37 2.75
h78_tr20_TP40_SL20_cutN 5550  51.1  12.32 -100.0       12.30 2.69
 h78_tr20_TP30_SLx_cutN 5550  54.1  11.11 -100.0       12.30 2.55
