
--- build_cache asset=kr strategy=trend_chase interval=1d universe_top=100 -> 100 symbols, 948 files ---
  loaded 50 (skipped 0) elapsed 1.3s
  loaded 100 (skipped 0) elapsed 2.5s
  build_cache done: 100 symbols, skipped 0. elapsed 2.5s
  top=100: n_symbols=100 n_trades=1232 sharpe=4.98 win=51.0%

--- build_cache asset=kr strategy=trend_chase interval=1d universe_top=300 -> 300 symbols, 948 files ---
  loaded 50 (skipped 0) elapsed 1.0s
  loaded 100 (skipped 0) elapsed 2.2s
  loaded 150 (skipped 0) elapsed 3.4s
  loaded 200 (skipped 0) elapsed 4.5s
  loaded 250 (skipped 0) elapsed 5.8s
  build_cache done: 299 symbols, skipped 1. elapsed 7.1s
  top=300: n_symbols=299 n_trades=4011 sharpe=7.23 win=47.9%

--- build_cache asset=kr strategy=trend_chase interval=1d universe_top=500 -> 500 symbols, 948 files ---
  loaded 50 (skipped 0) elapsed 1.1s
  loaded 100 (skipped 0) elapsed 2.2s
  loaded 150 (skipped 0) elapsed 3.3s
  loaded 200 (skipped 0) elapsed 4.4s
  loaded 250 (skipped 0) elapsed 5.5s
  loaded 300 (skipped 0) elapsed 6.5s
  loaded 350 (skipped 0) elapsed 7.7s
  loaded 400 (skipped 0) elapsed 8.9s
  loaded 450 (skipped 0) elapsed 10.4s
  build_cache done: 499 symbols, skipped 1. elapsed 11.4s
  top=500: n_symbols=499 n_trades=7172 sharpe=6.05 win=45.0%

--- build_cache asset=kr strategy=trend_chase interval=1d universe_top=800 -> 800 symbols, 948 files ---
  loaded 50 (skipped 0) elapsed 1.1s
  loaded 100 (skipped 0) elapsed 2.1s
  loaded 150 (skipped 0) elapsed 3.2s
  loaded 200 (skipped 0) elapsed 4.3s
  loaded 250 (skipped 0) elapsed 5.4s
  loaded 300 (skipped 0) elapsed 6.7s
  loaded 350 (skipped 0) elapsed 8.1s
  loaded 400 (skipped 0) elapsed 9.3s
  loaded 450 (skipped 0) elapsed 10.5s
  loaded 500 (skipped 0) elapsed 11.8s
  loaded 550 (skipped 0) elapsed 13.4s
  loaded 600 (skipped 0) elapsed 15.0s
  loaded 650 (skipped 0) elapsed 16.4s
  loaded 700 (skipped 0) elapsed 17.8s
  loaded 750 (skipped 0) elapsed 19.2s
  build_cache done: 799 symbols, skipped 1. elapsed 20.4s
  top=800: n_symbols=799 n_trades=11821 sharpe=7.44 win=43.2%

--- build_cache asset=kr strategy=trend_chase interval=1d universe_top=-1 -> 948 symbols, 948 files ---
  loaded 50 (skipped 0) elapsed 1.6s
  loaded 100 (skipped 0) elapsed 3.2s
  loaded 150 (skipped 0) elapsed 4.6s
  loaded 200 (skipped 0) elapsed 5.9s
  loaded 250 (skipped 0) elapsed 7.4s
  loaded 300 (skipped 0) elapsed 8.9s
  loaded 350 (skipped 0) elapsed 10.5s
  loaded 400 (skipped 0) elapsed 11.9s
  loaded 450 (skipped 0) elapsed 13.3s
  loaded 500 (skipped 0) elapsed 14.7s
  loaded 550 (skipped 0) elapsed 16.2s
  loaded 600 (skipped 0) elapsed 17.5s
  loaded 650 (skipped 0) elapsed 18.8s
  loaded 700 (skipped 0) elapsed 20.1s
  loaded 750 (skipped 0) elapsed 21.4s
  loaded 800 (skipped 0) elapsed 22.6s
  loaded 850 (skipped 1) elapsed 23.8s
  loaded 900 (skipped 1) elapsed 24.8s
  build_cache done: 947 symbols, skipped 1. elapsed 25.8s
  top=-1: n_symbols=947 n_trades=13767 sharpe=7.14 win=42.0%
  saved: C:\Users\82109\Desktop\LYC\git\stock_total\scripts\out\optimize\round2\kr\task3_trend_chase_1d.csv
