
=== KR / trend_pullback / 1d  (score_th=70) ===
  loaded 100 symbols (skipped 0)
  loaded 200 symbols (skipped 0)
  total cache: 289 symbols (skipped 1, elapsed 5.1s)
  grid size: 90 cells
C:\Users\82109\Desktop\LYC\git\stock_total\.venv\Lib\site-packages\numpy\core\fromnumeric.py:59: RuntimeWarning: overflow encountered in accumulate
  return bound(*args, **kwds)
c:\Users\82109\Desktop\LYC\git\stock_total\scripts\cycle2_exit_grid.py:97: RuntimeWarning: invalid value encountered in divide
  mdd = float((eq / peak - 1.0).min() * 100)
  saved: C:\Users\82109\Desktop\LYC\git\stock_total\scripts\out\optimize\cycle_2\exit_grid_kr_trend_pullback_1d.csv  (90 rows, grid elapsed 73.6s)

=== US / trend_pullback / 1d  (score_th=70) ===
C:\Users\82109\Desktop\LYC\git\stock_total\backtest\strategies\trend_pullback.py:102: FutureWarning: The default fill_method='pad' in Series.pct_change is deprecated and will be removed in a future version. Either fill in any non-leading NA values prior to calling pct_change or specify 'fill_method=None' to not fill NA values.
  ret1 = close.pct_change()
C:\Users\82109\Desktop\LYC\git\stock_total\backtest\strategies\trend_pullback.py:117: FutureWarning: The default fill_method='pad' in Series.pct_change is deprecated and will be removed in a future version. Either fill in any non-leading NA values prior to calling pct_change or specify 'fill_method=None' to not fill NA values.
  is_up = (close > open_) & (close.pct_change() > 0)
  loaded 100 symbols (skipped 1)
  loaded 200 symbols (skipped 2)
C:\Users\82109\Desktop\LYC\git\stock_total\backtest\strategies\trend_pullback.py:102: FutureWarning: The default fill_method='pad' in Series.pct_change is deprecated and will be removed in a future version. Either fill in any non-leading NA values prior to calling pct_change or specify 'fill_method=None' to not fill NA values.
  ret1 = close.pct_change()
C:\Users\82109\Desktop\LYC\git\stock_total\backtest\strategies\trend_pullback.py:117: FutureWarning: The default fill_method='pad' in Series.pct_change is deprecated and will be removed in a future version. Either fill in any non-leading NA values prior to calling pct_change or specify 'fill_method=None' to not fill NA values.
  is_up = (close > open_) & (close.pct_change() > 0)
  total cache: 263 symbols (skipped 3, elapsed 5.3s)
  grid size: 90 cells
C:\Users\82109\Desktop\LYC\git\stock_total\.venv\Lib\site-packages\numpy\core\fromnumeric.py:59: RuntimeWarning: overflow encountered in accumulate
  return bound(*args, **kwds)
c:\Users\82109\Desktop\LYC\git\stock_total\scripts\cycle2_exit_grid.py:97: RuntimeWarning: invalid value encountered in divide
  mdd = float((eq / peak - 1.0).min() * 100)
  saved: C:\Users\82109\Desktop\LYC\git\stock_total\scripts\out\optimize\cycle_2\exit_grid_us_trend_pullback_1d.csv  (90 rows, grid elapsed 67.0s)

=== KR / trend_chase / 1d  (score_th=70) ===
  loaded 100 symbols (skipped 0)
  loaded 200 symbols (skipped 0)
  total cache: 246 symbols (skipped 1, elapsed 3.9s)
  grid size: 90 cells
  saved: C:\Users\82109\Desktop\LYC\git\stock_total\scripts\out\optimize\cycle_2\exit_grid_kr_trend_chase_1d.csv  (90 rows, grid elapsed 10.2s)

=== US / trend_chase / 1d  (score_th=70) ===
C:\Users\82109\Desktop\LYC\git\stock_total\backtest\strategies\trend_chase.py:85: FutureWarning: The default fill_method='pad' in Series.pct_change is deprecated and will be removed in a future version. Either fill in any non-leading NA values prior to calling pct_change or specify 'fill_method=None' to not fill NA values.
  ret = close.pct_change()
  loaded 100 symbols (skipped 1)
  loaded 200 symbols (skipped 2)
C:\Users\82109\Desktop\LYC\git\stock_total\backtest\strategies\trend_chase.py:85: FutureWarning: The default fill_method='pad' in Series.pct_change is deprecated and will be removed in a future version. Either fill in any non-leading NA values prior to calling pct_change or specify 'fill_method=None' to not fill NA values.
  ret = close.pct_change()
  total cache: 226 symbols (skipped 3, elapsed 4.9s)
  grid size: 90 cells
  saved: C:\Users\82109\Desktop\LYC\git\stock_total\scripts\out\optimize\cycle_2\exit_grid_us_trend_chase_1d.csv  (90 rows, grid elapsed 7.1s)

=== KR / quiet_bottom / 1w  (score_th=binary) ===
  total cache: 61 symbols (skipped 2, elapsed 9.5s)
  grid size: 60 cells
  saved: C:\Users\82109\Desktop\LYC\git\stock_total\scripts\out\optimize\cycle_2\exit_grid_kr_quiet_bottom_1w.csv  (60 rows, grid elapsed 0.5s)

=== US / quiet_bottom / 1w  (score_th=binary) ===
  total cache: 38 symbols (skipped 4, elapsed 17.8s)
  grid size: 60 cells
  saved: C:\Users\82109\Desktop\LYC\git\stock_total\scripts\out\optimize\cycle_2\exit_grid_us_quiet_bottom_1w.csv  (60 rows, grid elapsed 0.3s)
  saved: winners.csv  (6 rows)
  saved: heatmap.md

ALL DONE — total elapsed 205.6s, total rows 480
