
=== KR / trend_pullback / 1d / th=60 (universe=300, files=948) ===
  loaded 100 (skipped 0)
  loaded 200 (skipped 0)
  loaded 296 symbols (skipped 1), elapsed 5.7s
  grid = 5 trail × 6 TP × 3 hold = 90 cells
  cell 10/90 hold=60 trail=0.15 tp=0.4 | IS S=+10.13 n=10556 | OOS S=+17.62 n= 7448 (10s elapsed)
  cell 20/90 hold=60 trail=0.25 tp=0.25 | IS S=+11.38 n=10556 | OOS S=+22.81 n= 7448 (24s elapsed)
C:\Users\82109\Desktop\LYC\git\stock_total\.venv\Lib\site-packages\numpy\core\fromnumeric.py:59: RuntimeWarning: overflow encountered in accumulate
  return bound(*args, **kwds)
C:\Users\82109\Desktop\LYC\git\stock_total\scripts\optimize_exit_grid_cycle2.py:126: RuntimeWarning: invalid value encountered in divide
  mdd = float((eq / peak - 1.0).min() * 100)
  cell 30/90 hold=60 trail=0.30 tp=None | IS S=+11.38 n=10556 | OOS S=+14.26 n= 7448 (39s elapsed)
  cell 40/90 hold=120 trail=0.15 tp=0.4 | IS S=+12.17 n=10556 | OOS S=+19.48 n= 7448 (50s elapsed)
  cell 50/90 hold=120 trail=0.25 tp=0.25 | IS S=+14.98 n=10556 | OOS S=+26.95 n= 7448 (69s elapsed)
  cell 60/90 hold=120 trail=0.30 tp=None | IS S=+15.21 n=10556 | OOS S=+19.23 n= 7448 (92s elapsed)
  cell 70/90 hold=252 trail=0.15 tp=0.4 | IS S=+12.64 n=10556 | OOS S=+21.29 n= 7448 (105s elapsed)
  cell 80/90 hold=252 trail=0.25 tp=0.25 | IS S=+15.27 n=10556 | OOS S=+30.55 n= 7448 (126s elapsed)
  cell 90/90 hold=252 trail=0.30 tp=None | IS S=+15.06 n=10556 | OOS S=+19.54 n= 7448 (158s elapsed)
  saved: C:\Users\82109\Desktop\LYC\git\stock_total\scripts\out\optimize\cycle_2\exit_grid_kr_trend_pullback_1d.csv

=== US / trend_pullback / 1d / th=70 (universe=300, files=3849) ===
C:\Users\82109\Desktop\LYC\git\stock_total\backtest\strategies\trend_pullback.py:102: FutureWarning: The default fill_method='pad' in Series.pct_change is deprecated and will be removed in a future version. Either fill in any non-leading NA values prior to calling pct_change or specify 'fill_method=None' to not fill NA values.
  ret1 = close.pct_change()
C:\Users\82109\Desktop\LYC\git\stock_total\backtest\strategies\trend_pullback.py:117: FutureWarning: The default fill_method='pad' in Series.pct_change is deprecated and will be removed in a future version. Either fill in any non-leading NA values prior to calling pct_change or specify 'fill_method=None' to not fill NA values.
  is_up = (close > open_) & (close.pct_change() > 0)
  loaded 100 (skipped 1)
  loaded 200 (skipped 1)
C:\Users\82109\Desktop\LYC\git\stock_total\backtest\strategies\trend_pullback.py:102: FutureWarning: The default fill_method='pad' in Series.pct_change is deprecated and will be removed in a future version. Either fill in any non-leading NA values prior to calling pct_change or specify 'fill_method=None' to not fill NA values.
  ret1 = close.pct_change()
C:\Users\82109\Desktop\LYC\git\stock_total\backtest\strategies\trend_pullback.py:117: FutureWarning: The default fill_method='pad' in Series.pct_change is deprecated and will be removed in a future version. Either fill in any non-leading NA values prior to calling pct_change or specify 'fill_method=None' to not fill NA values.
  is_up = (close > open_) & (close.pct_change() > 0)
  loaded 295 symbols (skipped 3), elapsed 5.7s
  grid = 5 trail × 6 TP × 3 hold = 90 cells
  cell 10/90 hold=60 trail=0.15 tp=0.4 | IS S=+9.56 n=12258 | OOS S=+18.36 n= 6805 (11s elapsed)
  cell 20/90 hold=60 trail=0.25 tp=0.25 | IS S=+11.45 n=12258 | OOS S=+21.75 n= 6805 (26s elapsed)
  cell 30/90 hold=60 trail=0.30 tp=None | IS S=+10.90 n=12258 | OOS S=+20.28 n= 6805 (42s elapsed)
  cell 40/90 hold=120 trail=0.15 tp=0.4 | IS S=+12.30 n=12258 | OOS S=+19.33 n= 6805 (56s elapsed)
  cell 50/90 hold=120 trail=0.25 tp=0.25 | IS S=+17.60 n=12258 | OOS S=+23.30 n= 6805 (76s elapsed)
C:\Users\82109\Desktop\LYC\git\stock_total\.venv\Lib\site-packages\numpy\core\fromnumeric.py:59: RuntimeWarning: overflow encountered in accumulate
  return bound(*args, **kwds)
C:\Users\82109\Desktop\LYC\git\stock_total\scripts\optimize_exit_grid_cycle2.py:126: RuntimeWarning: invalid value encountered in divide
  mdd = float((eq / peak - 1.0).min() * 100)
  cell 60/90 hold=120 trail=0.30 tp=None | IS S=+16.97 n=12258 | OOS S=+22.81 n= 6805 (101s elapsed)
  cell 70/90 hold=252 trail=0.15 tp=0.4 | IS S=+13.84 n=12258 | OOS S=+20.23 n= 6805 (116s elapsed)
  cell 80/90 hold=252 trail=0.25 tp=0.25 | IS S=+20.08 n=12258 | OOS S=+23.46 n= 6805 (142s elapsed)
  cell 90/90 hold=252 trail=0.30 tp=None | IS S=+19.74 n=12258 | OOS S=+22.57 n= 6805 (177s elapsed)
  saved: C:\Users\82109\Desktop\LYC\git\stock_total\scripts\out\optimize\cycle_2\exit_grid_us_trend_pullback_1d.csv

=== KR / trend_chase / 1d / th=60 (universe=300, files=948) ===
  loaded 100 (skipped 0)
  loaded 200 (skipped 0)
  loaded 282 symbols (skipped 1), elapsed 4.0s
  grid = 5 trail × 6 TP × 3 hold = 90 cells
  cell 10/90 hold=60 trail=0.15 tp=0.4 | IS S=+3.52 n= 2772 | OOS S=+5.20 n= 1221 (2s elapsed)
  cell 20/90 hold=60 trail=0.25 tp=0.25 | IS S=+4.27 n= 2772 | OOS S=+7.73 n= 1221 (6s elapsed)
  cell 30/90 hold=60 trail=0.30 tp=None | IS S=+3.81 n= 2772 | OOS S=+5.60 n= 1221 (9s elapsed)
  cell 40/90 hold=120 trail=0.15 tp=0.4 | IS S=+4.33 n= 2772 | OOS S=+6.92 n= 1221 (13s elapsed)
  cell 50/90 hold=120 trail=0.25 tp=0.25 | IS S=+5.10 n= 2772 | OOS S=+10.99 n= 1221 (18s elapsed)
  cell 60/90 hold=120 trail=0.30 tp=None | IS S=+4.93 n= 2772 | OOS S=+7.95 n= 1221 (24s elapsed)
  cell 70/90 hold=252 trail=0.15 tp=0.4 | IS S=+4.24 n= 2772 | OOS S=+8.65 n= 1221 (27s elapsed)
  cell 80/90 hold=252 trail=0.25 tp=0.25 | IS S=+4.64 n= 2772 | OOS S=+15.47 n= 1221 (34s elapsed)
  cell 90/90 hold=252 trail=0.30 tp=None | IS S=+3.91 n= 2772 | OOS S=+8.09 n= 1221 (43s elapsed)
  saved: C:\Users\82109\Desktop\LYC\git\stock_total\scripts\out\optimize\cycle_2\exit_grid_kr_trend_chase_1d.csv

=== US / trend_chase / 1d / th=60 (universe=300, files=3849) ===
C:\Users\82109\Desktop\LYC\git\stock_total\backtest\strategies\trend_chase.py:85: FutureWarning: The default fill_method='pad' in Series.pct_change is deprecated and will be removed in a future version. Either fill in any non-leading NA values prior to calling pct_change or specify 'fill_method=None' to not fill NA values.
  ret = close.pct_change()
  loaded 100 (skipped 1)
  loaded 200 (skipped 2)
C:\Users\82109\Desktop\LYC\git\stock_total\backtest\strategies\trend_chase.py:85: FutureWarning: The default fill_method='pad' in Series.pct_change is deprecated and will be removed in a future version. Either fill in any non-leading NA values prior to calling pct_change or specify 'fill_method=None' to not fill NA values.
  ret = close.pct_change()
  loaded 278 symbols (skipped 3), elapsed 4.8s
  grid = 5 trail × 6 TP × 3 hold = 90 cells
  cell 10/90 hold=60 trail=0.15 tp=0.4 | IS S=+3.40 n= 1297 | OOS S=+6.41 n=  883 (1s elapsed)
  cell 20/90 hold=60 trail=0.25 tp=0.25 | IS S=+3.59 n= 1297 | OOS S=+6.07 n=  883 (3s elapsed)
  cell 30/90 hold=60 trail=0.30 tp=None | IS S=+3.39 n= 1297 | OOS S=+6.33 n=  883 (5s elapsed)
  cell 40/90 hold=120 trail=0.15 tp=0.4 | IS S=+3.99 n= 1297 | OOS S=+6.65 n=  883 (7s elapsed)
  cell 50/90 hold=120 trail=0.25 tp=0.25 | IS S=+4.28 n= 1297 | OOS S=+6.26 n=  883 (10s elapsed)
  cell 60/90 hold=120 trail=0.30 tp=None | IS S=+3.86 n= 1297 | OOS S=+6.62 n=  883 (13s elapsed)
  cell 70/90 hold=252 trail=0.15 tp=0.4 | IS S=+4.48 n= 1297 | OOS S=+7.00 n=  883 (16s elapsed)
  cell 80/90 hold=252 trail=0.25 tp=0.25 | IS S=+5.34 n= 1297 | OOS S=+6.78 n=  883 (19s elapsed)
  cell 90/90 hold=252 trail=0.30 tp=None | IS S=+4.93 n= 1297 | OOS S=+6.80 n=  883 (24s elapsed)
  saved: C:\Users\82109\Desktop\LYC\git\stock_total\scripts\out\optimize\cycle_2\exit_grid_us_trend_chase_1d.csv

=== KR / quiet_bottom / 1w / th=binary (universe=300, files=948) ===
  loaded 100 (skipped 2)
  loaded 109 symbols (skipped 2), elapsed 9.6s
  grid = 5 trail × 6 TP × 3 hold = 90 cells
  cell 10/90 hold=13 trail=0.15 tp=0.4 | IS S=+4.26 n=  370 | OOS S=+2.50 n=  242 (0s elapsed)
  cell 20/90 hold=13 trail=0.25 tp=0.25 | IS S=+4.48 n=  370 | OOS S=+3.09 n=  242 (0s elapsed)
  cell 30/90 hold=13 trail=0.30 tp=None | IS S=+3.81 n=  370 | OOS S=+2.89 n=  242 (0s elapsed)
  cell 40/90 hold=26 trail=0.15 tp=0.4 | IS S=+5.56 n=  370 | OOS S=+2.68 n=  242 (0s elapsed)
  cell 50/90 hold=26 trail=0.25 tp=0.25 | IS S=+6.22 n=  370 | OOS S=+3.52 n=  242 (1s elapsed)
  cell 60/90 hold=26 trail=0.30 tp=None | IS S=+5.10 n=  370 | OOS S=+3.75 n=  242 (1s elapsed)
  cell 70/90 hold=52 trail=0.15 tp=0.4 | IS S=+5.85 n=  370 | OOS S=+3.40 n=  242 (1s elapsed)
  cell 80/90 hold=52 trail=0.25 tp=0.25 | IS S=+6.89 n=  370 | OOS S=+4.51 n=  242 (1s elapsed)
  cell 90/90 hold=52 trail=0.30 tp=None | IS S=+3.93 n=  370 | OOS S=+3.72 n=  242 (2s elapsed)
  saved: C:\Users\82109\Desktop\LYC\git\stock_total\scripts\out\optimize\cycle_2\exit_grid_kr_quiet_bottom_1w.csv

=== US / quiet_bottom / 1w / th=binary (universe=300, files=3849) ===
  loaded 64 symbols (skipped 4), elapsed 16.7s
  grid = 5 trail × 6 TP × 3 hold = 90 cells
  cell 10/90 hold=13 trail=0.15 tp=0.4 | IS S=+2.07 n=  251 | OOS S=+3.77 n=  155 (0s elapsed)
  cell 20/90 hold=13 trail=0.25 tp=0.25 | IS S=+2.13 n=  251 | OOS S=+4.17 n=  155 (0s elapsed)
  cell 30/90 hold=13 trail=0.30 tp=None | IS S=+1.81 n=  251 | OOS S=+4.00 n=  155 (0s elapsed)
  cell 40/90 hold=26 trail=0.15 tp=0.4 | IS S=+3.07 n=  251 | OOS S=+3.76 n=  155 (0s elapsed)
  cell 50/90 hold=26 trail=0.25 tp=0.25 | IS S=+3.32 n=  251 | OOS S=+4.47 n=  155 (0s elapsed)
  cell 60/90 hold=26 trail=0.30 tp=None | IS S=+2.53 n=  251 | OOS S=+3.70 n=  155 (1s elapsed)
  cell 70/90 hold=52 trail=0.15 tp=0.4 | IS S=+3.23 n=  251 | OOS S=+4.10 n=  155 (1s elapsed)
  cell 80/90 hold=52 trail=0.25 tp=0.25 | IS S=+3.69 n=  251 | OOS S=+5.67 n=  155 (1s elapsed)
  cell 90/90 hold=52 trail=0.30 tp=None | IS S=+2.39 n=  251 | OOS S=+3.68 n=  155 (1s elapsed)
  saved: C:\Users\82109\Desktop\LYC\git\stock_total\scripts\out\optimize\cycle_2\exit_grid_us_quiet_bottom_1w.csv

Master: C:\Users\82109\Desktop\LYC\git\stock_total\scripts\out\optimize\cycle_2\exit_grid_all.csv (540 rows)
