
  You can now view your Streamlit app in your browser.

  Local URL: http://localhost:8503
  Network URL: http://192.168.1.56:8503
  External URL: http://211.169.220.203:8503

Task exception was never retrieved
future: <Task finished name='Task-4658' coro=<WebSocketProtocol13.write_message.<locals>.wrapper() done, defined at C:\Users\user\Desktop\python_text\git\stock_total\.venv\lib\site-packages\tornado\websocket.py:1111> exception=WebSocketClosedError()>
Traceback (most recent call last):
  File "C:\Users\user\Desktop\python_text\git\stock_total\.venv\lib\site-packages\tornado\websocket.py", line 1113, in wrapper
    await fut
tornado.iostream.StreamClosedError: Stream is closed

During handling of the above exception, another exception occurred:

Traceback (most recent call last):
  File "C:\Users\user\Desktop\python_text\git\stock_total\.venv\lib\site-packages\tornado\websocket.py", line 1115, in wrapper
    raise WebSocketClosedError()
tornado.websocket.WebSocketClosedError
Task exception was never retrieved
future: <Task finished name='Task-4659' coro=<WebSocketProtocol13.write_message.<locals>.wrapper() done, defined at C:\Users\user\Desktop\python_text\git\stock_total\.venv\lib\site-packages\tornado\websocket.py:1111> exception=WebSocketClosedError()>
Traceback (most recent call last):
  File "C:\Users\user\Desktop\python_text\git\stock_total\.venv\lib\site-packages\tornado\websocket.py", line 1113, in wrapper
    await fut
tornado.iostream.StreamClosedError: Stream is closed

During handling of the above exception, another exception occurred:

Traceback (most recent call last):
  File "C:\Users\user\Desktop\python_text\git\stock_total\.venv\lib\site-packages\tornado\websocket.py", line 1115, in wrapper
    raise WebSocketClosedError()
tornado.websocket.WebSocketClosedError
Task exception was never retrieved
future: <Task finished name='Task-4661' coro=<WebSocketProtocol13.write_message.<locals>.wrapper() done, defined at C:\Users\user\Desktop\python_text\git\stock_total\.venv\lib\site-packages\tornado\websocket.py:1111> exception=WebSocketClosedError()>
Traceback (most recent call last):
  File "C:\Users\user\Desktop\python_text\git\stock_total\.venv\lib\site-packages\tornado\websocket.py", line 1113, in wrapper
    await fut
tornado.iostream.StreamClosedError: Stream is closed

During handling of the above exception, another exception occurred:

Traceback (most recent call last):
  File "C:\Users\user\Desktop\python_text\git\stock_total\.venv\lib\site-packages\tornado\websocket.py", line 1115, in wrapper
    raise WebSocketClosedError()
tornado.websocket.WebSocketClosedError
Task exception was never retrieved
future: <Task finished name='Task-4662' coro=<WebSocketProtocol13.write_message.<locals>.wrapper() done, defined at C:\Users\user\Desktop\python_text\git\stock_total\.venv\lib\site-packages\tornado\websocket.py:1111> exception=WebSocketClosedError()>
Traceback (most recent call last):
  File "C:\Users\user\Desktop\python_text\git\stock_total\.venv\lib\site-packages\tornado\websocket.py", line 1113, in wrapper
    await fut
tornado.iostream.StreamClosedError: Stream is closed

During handling of the above exception, another exception occurred:

Traceback (most recent call last):
  File "C:\Users\user\Desktop\python_text\git\stock_total\.venv\lib\site-packages\tornado\websocket.py", line 1115, in wrapper
    raise WebSocketClosedError()
tornado.websocket.WebSocketClosedError
