[cls] precise classification from parquet: 553 rows
[cls] tier counts: {'junk': 302, 'trend': 126, 'follower': 93, 'whale': 30, 'benchmark': 1, 'stable': 1}
[groups] sizes: {'follower': 93, 'junk': 302, 'trend': 126, 'whale': 30}

=== interval=1d ===
  scored 100/553 (2.0s)
  scored 200/553 (3.6s)
  scored 300/553 (5.3s)
  scored 400/553 (7.3s)
  scored 500/553 (9.0s)
  total scored: 431 (9.9s)
   follower 1d trend_chase     th=60  IS n= 115 S=+4.31  OOS n=  22 S=-4.19
   follower 1d trend_chase     th=70  IS n=  82 S=+4.23  OOS n=  17 S=-3.67
   follower 1d trend_chase     th=80  IS n=  56 S=+3.09  OOS n=  12 S=-2.38
   follower 1d trend_chase     th=90  IS n=  25 S=+1.65  OOS n=   7 S=-1.22
   follower 1d trend_pullback  th=60  IS n=3410 S=+3.79  OOS n=1969 S=-21.14
   follower 1d trend_pullback  th=70  IS n=3200 S=+5.36  OOS n=1664 S=-19.88
   follower 1d trend_pullback  th=80  IS n=2392 S=+5.01  OOS n=1128 S=-14.99
   follower 1d trend_pullback  th=90  IS n=1230 S=+4.82  OOS n= 624 S=-11.84
       junk 1d trend_chase     th=60  IS n=   0 S=+0.00  OOS n=  70 S=+0.53
       junk 1d trend_chase     th=70  IS n=   0 S=+0.00  OOS n=  43 S=+0.67
       junk 1d trend_chase     th=80  IS n=   0 S=+0.00  OOS n=  25 S=+0.09
       junk 1d trend_chase     th=90  IS n=   0 S=+0.00  OOS n=  11 S=-0.26
       junk 1d trend_pullback  th=60  IS n= 148 S=+2.86  OOS n=2146 S=+2.31
       junk 1d trend_pullback  th=70  IS n= 122 S=+2.96  OOS n=1807 S=+1.24
       junk 1d trend_pullback  th=80  IS n=  70 S=+1.94  OOS n=1309 S=+2.01
       junk 1d trend_pullback  th=90  IS n=  32 S=+0.89  OOS n= 577 S=+2.65
      trend 1d trend_chase     th=60  IS n= 116 S=+3.48  OOS n=  48 S=-0.13
      trend 1d trend_chase     th=70  IS n=  75 S=+2.87  OOS n=  30 S=-0.84
      trend 1d trend_chase     th=80  IS n=  47 S=+1.65  OOS n=  13 S=-0.88
      trend 1d trend_chase     th=90  IS n=  27 S=+2.12  OOS n=   4 S=-2.06
      trend 1d trend_pullback  th=60  IS n=3517 S=+4.89  OOS n=2620 S=-11.57
      trend 1d trend_pullback  th=70  IS n=3216 S=+5.15  OOS n=2214 S=-9.18
      trend 1d trend_pullback  th=80  IS n=2324 S=+5.09  OOS n=1537 S=-6.76
      trend 1d trend_pullback  th=90  IS n=1211 S=+4.69  OOS n= 842 S=-5.72
      whale 1d trend_chase     th=60  IS n=   7 S=+0.10  OOS n=  10 S=+0.02
      whale 1d trend_chase     th=70  IS n=   6 S=-0.24  OOS n=   8 S=+0.22
      whale 1d trend_chase     th=80  IS n=   3 S=+0.09  OOS n=   6 S=-0.18
      whale 1d trend_chase     th=90  IS n=   2 S=-0.49  OOS n=   3 S=+0.53
      whale 1d trend_pullback  th=60  IS n= 424 S=+1.48  OOS n= 630 S=-4.18
      whale 1d trend_pullback  th=70  IS n= 369 S=+2.13  OOS n= 539 S=-3.74
      whale 1d trend_pullback  th=80  IS n= 250 S=+1.98  OOS n= 363 S=-2.95
      whale 1d trend_pullback  th=90  IS n= 114 S=+1.80  OOS n= 199 S=-1.78

=== interval=1w ===
  scored 100/553 (1.7s)
  scored 200/553 (3.4s)
  scored 300/553 (5.1s)
  scored 400/553 (7.0s)
  total scored: 302 (10.4s)
   follower 1w trend_chase     th=60  IS n=   0 S=+0.00  OOS n=   0 S=+0.00
   follower 1w trend_chase     th=70  IS n=   0 S=+0.00  OOS n=   0 S=+0.00
   follower 1w trend_chase     th=80  IS n=   0 S=+0.00  OOS n=   0 S=+0.00
   follower 1w trend_chase     th=90  IS n=   0 S=+0.00  OOS n=   0 S=+0.00
   follower 1w trend_pullback  th=60  IS n= 222 S=+2.49  OOS n=  38 S=-5.65
   follower 1w trend_pullback  th=70  IS n= 116 S=+1.65  OOS n=  27 S=-5.85
   follower 1w trend_pullback  th=80  IS n=  52 S=+1.35  OOS n=  10 S=-4.95
   follower 1w trend_pullback  th=90  IS n=  16 S=+0.52  OOS n=   8 S=-4.04
       junk 1w trend_chase     th=60  IS n=   0 S=+0.00  OOS n=   0 S=+0.00
       junk 1w trend_chase     th=70  IS n=   0 S=+0.00  OOS n=   0 S=+0.00
       junk 1w trend_chase     th=80  IS n=   0 S=+0.00  OOS n=   0 S=+0.00
       junk 1w trend_chase     th=90  IS n=   0 S=+0.00  OOS n=   0 S=+0.00
       junk 1w trend_pullback  th=60  IS n=   8 S=-0.08  OOS n=   1 S=+0.00
       junk 1w trend_pullback  th=70  IS n=   8 S=-0.14  OOS n=   0 S=+0.00
       junk 1w trend_pullback  th=80  IS n=   3 S=+0.10  OOS n=   0 S=+0.00
       junk 1w trend_pullback  th=90  IS n=   1 S=+0.00  OOS n=   0 S=+0.00
      trend 1w trend_chase     th=60  IS n=   0 S=+0.00  OOS n=   0 S=+0.00
      trend 1w trend_chase     th=70  IS n=   0 S=+0.00  OOS n=   0 S=+0.00
      trend 1w trend_chase     th=80  IS n=   0 S=+0.00  OOS n=   0 S=+0.00
      trend 1w trend_chase     th=90  IS n=   0 S=+0.00  OOS n=   0 S=+0.00
      trend 1w trend_pullback  th=60  IS n= 260 S=+2.80  OOS n= 102 S=-5.70
      trend 1w trend_pullback  th=70  IS n= 148 S=+2.28  OOS n=  65 S=-4.95
      trend 1w trend_pullback  th=80  IS n=  81 S=+1.46  OOS n=  37 S=-2.67
      trend 1w trend_pullback  th=90  IS n=  34 S=+0.91  OOS n=  15 S=+0.50
      whale 1w trend_chase     th=60  IS n=   0 S=+0.00  OOS n=   0 S=+0.00
      whale 1w trend_chase     th=70  IS n=   0 S=+0.00  OOS n=   0 S=+0.00
      whale 1w trend_chase     th=80  IS n=   0 S=+0.00  OOS n=   0 S=+0.00
      whale 1w trend_chase     th=90  IS n=   0 S=+0.00  OOS n=   0 S=+0.00
      whale 1w trend_pullback  th=60  IS n=  16 S=+0.29  OOS n=   5 S=-2.73
      whale 1w trend_pullback  th=70  IS n=   8 S=+0.57  OOS n=   2 S=-2.73
      whale 1w trend_pullback  th=80  IS n=   3 S=-1.18  OOS n=   1 S=+0.00
      whale 1w trend_pullback  th=90  IS n=   0 S=+0.00  OOS n=   0 S=+0.00

saved: C:\Users\82109\Desktop\LYC\git\stock_total\scripts\out\optimize\round3\crypto_regime\task1_group_grid.csv
saved: C:\Users\82109\Desktop\LYC\git\stock_total\scripts\out\optimize\round3\crypto_regime\task1_group_best.csv

=== Best per (tier, interval) by OOS Sharpe ===
    tier interval       strategy  score_th  IS_Sharpe  IS_n  OOS_Sharpe  OOS_n
follower       1d    trend_chase        90       1.65    25       -1.22      7
follower       1w trend_pullback        90       0.52    16       -4.04      8
    junk       1d trend_pullback        90       0.89    32        2.65    577
    junk       1w trend_pullback        80       0.10     3        0.00      0
   trend       1d    trend_chase        60       3.48   116       -0.13     48
   trend       1w trend_pullback        90       0.91    34        0.50     15
   whale       1d    trend_chase        60       0.10     7        0.02     10
   whale       1w trend_pullback        70       0.57     8       -2.73      2
