
========== TASK 3: group x regime ==========
[tier] {k: len(v) for k, v in sym_by_tier.items()} = {'follower': 93, 'junk': 302, 'trend': 126, 'whale': 30}
  scored 100/553 (1.9s)
  scored 200/553 (3.6s)
  scored 300/553 (5.2s)
  scored 400/553 (6.9s)
  scored 500/553 (8.6s)
  1d total: 431 (9.4s)
C:\Users\82109\Desktop\LYC\git\stock_total\scripts\optimize\crypto_regime_combo.py:96: FutureWarning: Series.fillna with 'method' is deprecated and will raise in a future version. Use obj.ffill() or obj.bfill() instead.
  reg = regime.reindex(idx).fillna(method="ffill").fillna(0).to_numpy().astype("int8")
   follower above trend_chase     th=60  IS n=  85 S=+3.08  OOS n=  13 S=-5.20
   follower above trend_chase     th=70  IS n=  60 S=+2.67  OOS n=  11 S=-4.31
   follower above trend_chase     th=80  IS n=  41 S=+1.96  OOS n=   7 S=-3.51
   follower above trend_chase     th=90  IS n=  16 S=+0.62  OOS n=   3 S=-162.73
   follower above trend_pullback  th=60  IS n=3093 S=+4.87  OOS n=1604 S=-28.70
   follower above trend_pullback  th=70  IS n=2946 S=+5.40  OOS n=1298 S=-27.77
   follower above trend_pullback  th=80  IS n=2200 S=+4.23  OOS n= 831 S=-22.51
   follower above trend_pullback  th=90  IS n=1140 S=+3.72  OOS n= 464 S=-16.42
   follower below trend_chase     th=60  IS n=  30 S=+3.83  OOS n=   9 S=-1.48
   follower below trend_chase     th=70  IS n=  22 S=+8.27  OOS n=   6 S=-1.27
   follower below trend_chase     th=80  IS n=  15 S=+5.53  OOS n=   5 S=-0.74
   follower below trend_chase     th=90  IS n=   9 S=+4.38  OOS n=   4 S=-0.19
   follower below trend_pullback  th=60  IS n= 317 S=-1.71  OOS n= 365 S=+1.41
   follower below trend_pullback  th=70  IS n= 254 S=-1.92  OOS n= 366 S=+0.57
   follower below trend_pullback  th=80  IS n= 192 S=-1.23  OOS n= 297 S=+1.69
   follower below trend_pullback  th=90  IS n=  90 S=+0.08  OOS n= 160 S=+0.46
       junk above trend_chase     th=60  IS n=   0 S=+0.00  OOS n=   9 S=+0.48
       junk above trend_chase     th=70  IS n=   0 S=+0.00  OOS n=   6 S=+0.98
       junk above trend_chase     th=80  IS n=   0 S=+0.00  OOS n=   5 S=+0.51
       junk above trend_chase     th=90  IS n=   0 S=+0.00  OOS n=   3 S=+0.08
       junk above trend_pullback  th=60  IS n= 127 S=+1.44  OOS n= 933 S=-2.57
       junk above trend_pullback  th=70  IS n= 105 S=+1.49  OOS n= 748 S=-2.22
       junk above trend_pullback  th=80  IS n=  61 S=+0.73  OOS n= 508 S=-1.30
       junk above trend_pullback  th=90  IS n=  28 S=+0.24  OOS n= 219 S=-0.68
       junk below trend_chase     th=60  IS n=   0 S=+0.00  OOS n=  61 S=+0.34
       junk below trend_chase     th=70  IS n=   0 S=+0.00  OOS n=  37 S=+0.23
       junk below trend_chase     th=80  IS n=   0 S=+0.00  OOS n=  20 S=-0.20
       junk below trend_chase     th=90  IS n=   0 S=+0.00  OOS n=   8 S=-0.31
       junk below trend_pullback  th=60  IS n=  21 S=-0.32  OOS n=1213 S=+4.38
       junk below trend_pullback  th=70  IS n=  17 S=+0.17  OOS n=1059 S=+3.35
       junk below trend_pullback  th=80  IS n=   9 S=-0.37  OOS n= 801 S=+3.23
       junk below trend_pullback  th=90  IS n=   4 S=-0.28  OOS n= 358 S=+2.42
      trend above trend_chase     th=60  IS n=  85 S=+3.25  OOS n=  17 S=-0.25
      trend above trend_chase     th=70  IS n=  56 S=+2.50  OOS n=  13 S=-0.80
      trend above trend_chase     th=80  IS n=  34 S=+1.46  OOS n=   6 S=+0.08
      trend above trend_chase     th=90  IS n=  18 S=+1.84  OOS n=   2 S=-51.60
      trend above trend_pullback  th=60  IS n=3076 S=+4.74  OOS n=2011 S=-15.70
      trend above trend_pullback  th=70  IS n=2857 S=+4.37  OOS n=1647 S=-12.44
      trend above trend_pullback  th=80  IS n=2084 S=+4.22  OOS n=1101 S=-11.21
      trend above trend_pullback  th=90  IS n=1085 S=+3.26  OOS n= 622 S=-9.52
      trend below trend_chase     th=60  IS n=  31 S=+1.34  OOS n=  31 S=+0.06
      trend below trend_chase     th=70  IS n=  19 S=+1.47  OOS n=  17 S=-0.34
      trend below trend_chase     th=80  IS n=  13 S=+0.77  OOS n=   7 S=-2.31
      trend below trend_chase     th=90  IS n=   9 S=+1.15  OOS n=   2 S=-0.58
      trend below trend_pullback  th=60  IS n= 441 S=-1.84  OOS n= 609 S=+2.08
      trend below trend_pullback  th=70  IS n= 359 S=-2.13  OOS n= 567 S=+2.31
      trend below trend_pullback  th=80  IS n= 240 S=-1.97  OOS n= 436 S=+2.34
      trend below trend_pullback  th=90  IS n= 126 S=-0.12  OOS n= 220 S=+1.09
      whale above trend_chase     th=60  IS n=   5 S=-0.23  OOS n=   3 S=-0.02
      whale above trend_chase     th=70  IS n=   5 S=-0.23  OOS n=   2 S=+0.16
      whale above trend_chase     th=80  IS n=   3 S=+0.09  OOS n=   2 S=+0.16
      whale above trend_chase     th=90  IS n=   2 S=-0.49  OOS n=   1 S=+0.00
      whale above trend_pullback  th=60  IS n= 389 S=+1.47  OOS n= 451 S=-4.45
      whale above trend_pullback  th=70  IS n= 339 S=+1.82  OOS n= 363 S=-4.93
      whale above trend_pullback  th=80  IS n= 233 S=+1.50  OOS n= 218 S=-4.13
      whale above trend_pullback  th=90  IS n= 102 S=+1.05  OOS n= 115 S=-2.86
      whale below trend_chase     th=60  IS n=   2 S=+0.75  OOS n=   7 S=+0.07
      whale below trend_chase     th=70  IS n=   1 S=+0.00  OOS n=   6 S=+0.16
      whale below trend_chase     th=80  IS n=   0 S=+0.00  OOS n=   4 S=-1.21
      whale below trend_chase     th=90  IS n=   0 S=+0.00  OOS n=   2 S=-1.11
      whale below trend_pullback  th=60  IS n=  35 S=+1.04  OOS n= 179 S=+1.64
      whale below trend_pullback  th=70  IS n=  30 S=+0.72  OOS n= 176 S=+1.90
      whale below trend_pullback  th=80  IS n=  17 S=+0.45  OOS n= 145 S=+1.35
      whale below trend_pullback  th=90  IS n=  12 S=+0.54  OOS n=  84 S=+2.10
saved: C:\Users\82109\Desktop\LYC\git\stock_total\scripts\out\optimize\round3\crypto_regime\task3_group_regime.csv
saved: C:\Users\82109\Desktop\LYC\git\stock_total\scripts\out\optimize\round3\crypto_regime\task3_policy_per_cell.csv

=== Aggregate combined policy OOS ===
C:\Users\82109\Desktop\LYC\git\stock_total\scripts\optimize\crypto_regime_combo.py:96: FutureWarning: Series.fillna with 'method' is deprecated and will raise in a future version. Use obj.ffill() or obj.bfill() instead.
  reg = regime.reindex(idx).fillna(method="ffill").fillna(0).to_numpy().astype("int8")
  COMBINED  IS n= 6554 S=+7.54  OOS n= 4636 S=-19.78 mean=-6.48% PF=0.36 MDD=-100.0%

========== TASK 4: pump_continuation / momentum_roc on whale+junk ==========
  [pump_continuation] scored 100/553 (0.7s)
  [pump_continuation] scored 200/553 (1.3s)
  [pump_continuation] scored 300/553 (1.9s)
  [pump_continuation] scored 400/553 (2.6s)
  [pump_continuation] scored 500/553 (3.2s)
  [pump_continuation] total: 431 (3.5s)
  pump_continuation  whale  IS n=   63 S=+0.72  OOS n=   91 S=-1.97 mean=-7.36%
  pump_continuation   junk  IS n=   21 S=-0.86  OOS n=  342 S=+0.59 mean=+1.60%
  pump_continuation  trend  IS n=  340 S=+1.83  OOS n=  249 S=-3.70 mean=-8.65%
  [pump_continuation] scored 100/553 (0.6s)
  [pump_continuation] scored 200/553 (1.2s)
  [pump_continuation] scored 300/553 (2.0s)
  [pump_continuation] scored 400/553 (2.8s)
  [pump_continuation] scored 500/553 (3.4s)
  [pump_continuation] total: 431 (3.8s)
  pump_continuation  whale  IS n=   28 S=-0.21  OOS n=   44 S=-1.21 mean=-6.30%
  pump_continuation   junk  IS n=   10 S=-0.55  OOS n=  194 S=+0.48 mean=+1.82%
  pump_continuation  trend  IS n=  174 S=+1.15  OOS n=  119 S=-3.71 mean=-12.70%
  [momentum_roc] scored 100/553 (0.6s)
  [momentum_roc] scored 200/553 (1.2s)
  [momentum_roc] scored 300/553 (1.8s)
  [momentum_roc] scored 400/553 (2.4s)
  [momentum_roc] scored 500/553 (3.0s)
  [momentum_roc] total: 431 (3.5s)
  momentum_roc       whale  IS n=  179 S=+1.74  OOS n=  263 S=-1.43 mean=-3.03%
  momentum_roc        junk  IS n=   57 S=+0.87  OOS n=  942 S=-0.38 mean=-0.52%
  momentum_roc       trend  IS n= 1592 S=+3.60  OOS n= 1042 S=-8.38 mean=-7.66%
  [momentum_roc] scored 100/553 (0.9s)
  [momentum_roc] scored 200/553 (1.5s)
  [momentum_roc] scored 300/553 (2.1s)
  [momentum_roc] scored 400/553 (2.7s)
  [momentum_roc] scored 500/553 (3.2s)
  [momentum_roc] total: 431 (3.6s)
  momentum_roc       whale  IS n=  156 S=+1.34  OOS n=  228 S=-1.51 mean=-3.18%
  momentum_roc        junk  IS n=   50 S=+0.50  OOS n=  755 S=-0.46 mean=-0.74%
  momentum_roc       trend  IS n= 1243 S=+2.53  OOS n=  778 S=-8.17 mean=-8.44%
saved: C:\Users\82109\Desktop\LYC\git\stock_total\scripts\out\optimize\round3\crypto_regime\task4_whale_alt.csv
