- [2026-05-17 18:34:04] === Agent W start: task3 ===
- [2026-05-17 18:34:04] task3 start — anchored walk-forward
- [2026-05-17 18:34:04]   anchored kr_trend_pullback_1d
- [2026-05-17 18:34:04] [cache] KR build trend_pullback/1d top=800

--- build_cache asset=kr strategy=trend_pullback interval=1d universe_top=800 -> 800 symbols, 948 files ---
  loaded 50 (skipped 0) elapsed 0.9s
  loaded 100 (skipped 0) elapsed 1.6s
  loaded 150 (skipped 0) elapsed 2.3s
  loaded 200 (skipped 0) elapsed 3.1s
  loaded 250 (skipped 0) elapsed 3.8s
  loaded 300 (skipped 0) elapsed 4.6s
  loaded 350 (skipped 0) elapsed 5.3s
  loaded 400 (skipped 0) elapsed 6.2s
  loaded 450 (skipped 0) elapsed 7.0s
  loaded 500 (skipped 0) elapsed 7.7s
  loaded 550 (skipped 0) elapsed 8.5s
  loaded 600 (skipped 0) elapsed 9.3s
  loaded 650 (skipped 0) elapsed 10.0s
  loaded 700 (skipped 0) elapsed 10.8s
  loaded 750 (skipped 0) elapsed 11.7s
  build_cache done: 799 symbols, skipped 1. elapsed 12.4s
- [2026-05-17 18:34:17] [cache] KR trend_pullback/1d -> 799 symbols (12.4s)
C:\Users\82109\Desktop\LYC\git\stock_total\.venv\Lib\site-packages\numpy\core\fromnumeric.py:59: RuntimeWarning: overflow encountered in accumulate
  return bound(*args, **kwds)
C:\Users\82109\Desktop\LYC\git\stock_total\scripts\optimize\walk_forward.py:177: RuntimeWarning: invalid value encountered in divide
  dd = float((eq / peak - 1.0).min() * 100)
    IS2yr (2020-05-01..2022-05-01)  IS_S= 37.53 | OOS(2022-05-01..2023-05-01) OOS_S= -0.32 n=5514
    IS3yr (2020-05-01..2023-05-01)  IS_S= 27.17 | OOS(2023-05-01..2024-05-01) OOS_S=  0.89 n=5674
    IS4yr (2020-05-01..2024-05-01)  IS_S= 21.50 | OOS(2024-05-01..2025-05-01) OOS_S= 11.50 n=5565
    IS5yr (2020-05-01..2025-05-01)  IS_S= 19.76 | OOS(2025-05-01..2026-05-01) OOS_S= 42.68 n=10079
- [2026-05-17 18:34:49]   anchored kr_trend_pullback_1w
- [2026-05-17 18:34:49] [cache] KR build trend_pullback/1w top=800

--- build_cache asset=kr strategy=trend_pullback interval=1w universe_top=800 -> 800 symbols, 948 files ---
  loaded 50 (skipped 0) elapsed 1.3s
  loaded 100 (skipped 0) elapsed 2.6s
  loaded 150 (skipped 0) elapsed 3.8s
  loaded 200 (skipped 0) elapsed 5.0s
  loaded 250 (skipped 0) elapsed 6.4s
  loaded 300 (skipped 0) elapsed 7.9s
  loaded 350 (skipped 0) elapsed 9.1s
  loaded 400 (skipped 0) elapsed 10.5s
  loaded 450 (skipped 2) elapsed 12.0s
  loaded 500 (skipped 2) elapsed 13.3s
  loaded 550 (skipped 2) elapsed 14.6s
  loaded 600 (skipped 2) elapsed 15.8s
  loaded 650 (skipped 2) elapsed 17.1s
  loaded 700 (skipped 2) elapsed 18.4s
  loaded 750 (skipped 2) elapsed 19.6s
  build_cache done: 797 symbols, skipped 3. elapsed 20.5s
- [2026-05-17 18:35:09] [cache] KR trend_pullback/1w -> 797 symbols (20.5s)
    IS2yr (2020-05-01..2022-05-01)  IS_S=  5.08 | OOS(2022-05-01..2023-05-01) OOS_S=  1.18 n=874
    IS3yr (2020-05-01..2023-05-01)  IS_S=  4.11 | OOS(2023-05-01..2024-05-01) OOS_S= 10.55 n=1473
    IS4yr (2020-05-01..2024-05-01)  IS_S=  5.46 | OOS(2024-05-01..2025-05-01) OOS_S= 27.75 n=1712
    IS5yr (2020-05-01..2025-05-01)  IS_S=  9.26 | OOS(2025-05-01..2026-05-01) OOS_S= 28.43 n=2874
- [2026-05-17 18:35:13]   anchored kr_trend_chase_1d
- [2026-05-17 18:35:13] [cache] KR build trend_chase/1d top=800

--- build_cache asset=kr strategy=trend_chase interval=1d universe_top=800 -> 800 symbols, 948 files ---
  loaded 50 (skipped 0) elapsed 0.7s
  loaded 100 (skipped 0) elapsed 1.3s
  loaded 150 (skipped 0) elapsed 2.0s
  loaded 200 (skipped 0) elapsed 2.7s
  loaded 250 (skipped 0) elapsed 3.4s
  loaded 300 (skipped 0) elapsed 4.1s
  loaded 350 (skipped 0) elapsed 4.8s
  loaded 400 (skipped 0) elapsed 5.6s
  loaded 450 (skipped 0) elapsed 6.2s
  loaded 500 (skipped 0) elapsed 6.9s
  loaded 550 (skipped 0) elapsed 7.6s
  loaded 600 (skipped 0) elapsed 8.3s
  loaded 650 (skipped 0) elapsed 9.0s
  loaded 700 (skipped 0) elapsed 9.7s
  loaded 750 (skipped 0) elapsed 10.4s
  build_cache done: 799 symbols, skipped 1. elapsed 11.0s
- [2026-05-17 18:35:24] [cache] KR trend_chase/1d -> 799 symbols (11.0s)
    IS2yr (2020-05-01..2022-05-01)  IS_S= 10.01 | OOS(2022-05-01..2023-05-01) OOS_S= -0.57 n=1910
    IS3yr (2020-05-01..2023-05-01)  IS_S=  6.58 | OOS(2023-05-01..2024-05-01) OOS_S=  6.32 n=2226
    IS4yr (2020-05-01..2024-05-01)  IS_S=  6.51 | OOS(2024-05-01..2025-05-01) OOS_S= 17.82 n=1895
    IS5yr (2020-05-01..2025-05-01)  IS_S=  8.66 | OOS(2025-05-01..2026-05-01) OOS_S= 11.55 n=1977
- [2026-05-17 18:35:36]   anchored us_trend_pullback_1d
- [2026-05-17 18:35:36] [cache] US build trend_pullback/1d top=300
C:\Users\82109\Desktop\LYC\git\stock_total\backtest\strategies\trend_pullback.py:102: FutureWarning: The default fill_method='pad' in Series.pct_change is deprecated and will be removed in a future version. Either fill in any non-leading NA values prior to calling pct_change or specify 'fill_method=None' to not fill NA values.
  ret1 = close.pct_change()
C:\Users\82109\Desktop\LYC\git\stock_total\backtest\strategies\trend_pullback.py:117: FutureWarning: The default fill_method='pad' in Series.pct_change is deprecated and will be removed in a future version. Either fill in any non-leading NA values prior to calling pct_change or specify 'fill_method=None' to not fill NA values.
  is_up = (close > open_) & (close.pct_change() > 0)
C:\Users\82109\Desktop\LYC\git\stock_total\backtest\strategies\trend_pullback.py:102: FutureWarning: The default fill_method='pad' in Series.pct_change is deprecated and will be removed in a future version. Either fill in any non-leading NA values prior to calling pct_change or specify 'fill_method=None' to not fill NA values.
  ret1 = close.pct_change()
C:\Users\82109\Desktop\LYC\git\stock_total\backtest\strategies\trend_pullback.py:117: FutureWarning: The default fill_method='pad' in Series.pct_change is deprecated and will be removed in a future version. Either fill in any non-leading NA values prior to calling pct_change or specify 'fill_method=None' to not fill NA values.
  is_up = (close > open_) & (close.pct_change() > 0)
- [2026-05-17 18:35:50] [cache] US trend_pullback/1d -> 295 symbols (13.7s)
    IS2yr (2020-05-01..2022-05-01)  IS_S= 22.30 | OOS(2022-05-01..2023-05-01) OOS_S= 11.77 n=2851
    IS3yr (2020-05-01..2023-05-01)  IS_S= 18.99 | OOS(2023-05-01..2024-05-01) OOS_S= 18.31 n=2807
    IS4yr (2020-05-01..2024-05-01)  IS_S= 18.82 | OOS(2024-05-01..2025-05-01) OOS_S= 10.39 n=2586
    IS5yr (2020-05-01..2025-05-01)  IS_S= 17.20 | OOS(2025-05-01..2026-05-01) OOS_S= 32.35 n=4205
- [2026-05-17 18:36:11]   anchored us_trend_pullback_1w
- [2026-05-17 18:36:11] [cache] US build trend_pullback/1w top=300
- [2026-05-17 18:36:23] [cache] US trend_pullback/1w -> 288 symbols (11.5s)
    IS2yr (2020-05-01..2022-05-01)  IS_S=  9.63 | OOS(2022-05-01..2023-05-01) OOS_S= 10.36 n=762
    IS3yr (2020-05-01..2023-05-01)  IS_S=  9.77 | OOS(2023-05-01..2024-05-01) OOS_S= 16.19 n=1035
    IS4yr (2020-05-01..2024-05-01)  IS_S= 11.42 | OOS(2024-05-01..2025-05-01) OOS_S=  7.10 n=971
    IS5yr (2020-05-01..2025-05-01)  IS_S= 10.51 | OOS(2025-05-01..2026-05-01) OOS_S= 13.30 n=1053
- [2026-05-17 18:36:27]   anchored us_trend_chase_1d
- [2026-05-17 18:36:27] [cache] US build trend_chase/1d top=300
C:\Users\82109\Desktop\LYC\git\stock_total\backtest\strategies\trend_chase.py:85: FutureWarning: The default fill_method='pad' in Series.pct_change is deprecated and will be removed in a future version. Either fill in any non-leading NA values prior to calling pct_change or specify 'fill_method=None' to not fill NA values.
  ret = close.pct_change()
C:\Users\82109\Desktop\LYC\git\stock_total\backtest\strategies\trend_chase.py:85: FutureWarning: The default fill_method='pad' in Series.pct_change is deprecated and will be removed in a future version. Either fill in any non-leading NA values prior to calling pct_change or specify 'fill_method=None' to not fill NA values.
  ret = close.pct_change()
- [2026-05-17 18:36:41] [cache] US trend_chase/1d -> 295 symbols (13.5s)
    IS2yr (2020-05-01..2022-05-01)  IS_S=  2.20 | OOS(2022-05-01..2023-05-01) OOS_S=  5.01 n=274
    IS3yr (2020-05-01..2023-05-01)  IS_S=  3.04 | OOS(2023-05-01..2024-05-01) OOS_S= 10.99 n=408
    IS4yr (2020-05-01..2024-05-01)  IS_S=  5.18 | OOS(2024-05-01..2025-05-01) OOS_S=  7.94 n=511
    IS5yr (2020-05-01..2025-05-01)  IS_S=  5.82 | OOS(2025-05-01..2026-05-01) OOS_S=  5.45 n=372

=== Task 3 OOS Sharpe per IS_size ===
IS_yr                              2      3      4      5
asset strategy       interval                            
kr    trend_chase    1d        -0.57   6.32  17.82  11.55
      trend_pullback 1d        -0.32   0.89  11.50  42.68
                     1w         1.18  10.55  27.75  28.43
us    trend_chase    1d         5.01  10.99   7.94   5.45
      trend_pullback 1d        11.77  18.31  10.39  32.35
                     1w        10.36  16.19   7.10  13.30
- [2026-05-17 18:36:53] task3 done
- [2026-05-17 18:36:53] === Agent W done (168.4s) ===
