- [2026-05-17 18:37:05] === Agent W start: task4 ===
- [2026-05-17 18:37:05] task4 start — macro gate (index EMA200 / 6m ROC)
- [2026-05-17 18:37:05]   macro-gate kr_trend_pullback_1d
- [2026-05-17 18:37:05] [cache] KR build trend_pullback/1d top=800

--- build_cache asset=kr strategy=trend_pullback interval=1d universe_top=800 -> 800 symbols, 948 files ---
  loaded 50 (skipped 0) elapsed 0.7s
  loaded 100 (skipped 0) elapsed 1.4s
  loaded 150 (skipped 0) elapsed 2.2s
  loaded 200 (skipped 0) elapsed 3.0s
  loaded 250 (skipped 0) elapsed 3.8s
  loaded 300 (skipped 0) elapsed 4.7s
  loaded 350 (skipped 0) elapsed 5.6s
  loaded 400 (skipped 0) elapsed 6.3s
  loaded 450 (skipped 0) elapsed 7.1s
  loaded 500 (skipped 0) elapsed 7.9s
  loaded 550 (skipped 0) elapsed 8.6s
  loaded 600 (skipped 0) elapsed 9.4s
  loaded 650 (skipped 0) elapsed 10.1s
  loaded 700 (skipped 0) elapsed 11.0s
  loaded 750 (skipped 0) elapsed 11.8s
  build_cache done: 799 symbols, skipped 1. elapsed 12.4s
- [2026-05-17 18:37:17] [cache] KR trend_pullback/1d -> 799 symbols (12.4s)
C:\Users\82109\Desktop\LYC\git\stock_total\.venv\Lib\site-packages\numpy\core\fromnumeric.py:59: RuntimeWarning: overflow encountered in accumulate
  return bound(*args, **kwds)
C:\Users\82109\Desktop\LYC\git\stock_total\scripts\optimize\walk_forward.py:177: RuntimeWarning: invalid value encountered in divide
  dd = float((eq / peak - 1.0).min() * 100)
    gate=   none  n=47324 sharpe= 23.69 mean=  8.54% MDD=   nan%
    gate= ema200  n=35163 sharpe= 26.57 mean= 11.08% MDD=   nan%
    gate=  roc6m  n=32582 sharpe= 22.47 mean=  9.68% MDD=   nan%
- [2026-05-17 18:37:43]   macro-gate kr_trend_pullback_1w
- [2026-05-17 18:37:43] [cache] KR build trend_pullback/1w top=800

--- build_cache asset=kr strategy=trend_pullback interval=1w universe_top=800 -> 800 symbols, 948 files ---
  loaded 50 (skipped 0) elapsed 1.3s
  loaded 100 (skipped 0) elapsed 2.5s
  loaded 150 (skipped 0) elapsed 3.7s
  loaded 200 (skipped 0) elapsed 5.0s
  loaded 250 (skipped 0) elapsed 6.3s
  loaded 300 (skipped 0) elapsed 7.5s
  loaded 350 (skipped 0) elapsed 8.8s
  loaded 400 (skipped 0) elapsed 10.1s
  loaded 450 (skipped 2) elapsed 11.4s
  loaded 500 (skipped 2) elapsed 12.6s
  loaded 550 (skipped 2) elapsed 13.9s
  loaded 600 (skipped 2) elapsed 15.3s
  loaded 650 (skipped 2) elapsed 16.6s
  loaded 700 (skipped 2) elapsed 17.8s
  loaded 750 (skipped 2) elapsed 19.0s
  build_cache done: 797 symbols, skipped 3. elapsed 19.9s
- [2026-05-17 18:38:02] [cache] KR trend_pullback/1w -> 797 symbols (20.0s)
    gate=   none  n=12487 sharpe= 12.44 mean=  8.78% MDD=-100.0%
    gate= ema200  n= 8622 sharpe= 11.11 mean=  9.42% MDD=-100.0%
    gate=  roc6m  n= 8285 sharpe= 10.48 mean=  9.05% MDD=-100.0%
- [2026-05-17 18:38:05]   macro-gate kr_trend_chase_1d
- [2026-05-17 18:38:05] [cache] KR build trend_chase/1d top=800

--- build_cache asset=kr strategy=trend_chase interval=1d universe_top=800 -> 800 symbols, 948 files ---
  loaded 50 (skipped 0) elapsed 0.7s
  loaded 100 (skipped 0) elapsed 1.4s
  loaded 150 (skipped 0) elapsed 2.0s
  loaded 200 (skipped 0) elapsed 2.7s
  loaded 250 (skipped 0) elapsed 3.4s
  loaded 300 (skipped 0) elapsed 4.1s
  loaded 350 (skipped 0) elapsed 4.8s
  loaded 400 (skipped 0) elapsed 5.5s
  loaded 450 (skipped 0) elapsed 6.2s
  loaded 500 (skipped 0) elapsed 7.0s
  loaded 550 (skipped 0) elapsed 7.6s
  loaded 600 (skipped 0) elapsed 8.4s
  loaded 650 (skipped 0) elapsed 9.5s
  loaded 700 (skipped 0) elapsed 10.3s
  loaded 750 (skipped 0) elapsed 11.0s
  build_cache done: 799 symbols, skipped 1. elapsed 11.5s
- [2026-05-17 18:38:16] [cache] KR trend_chase/1d -> 799 symbols (11.6s)
    gate=   none  n=11829 sharpe=  9.07 mean=  7.40% MDD=-100.0%
    gate= ema200  n= 7750 sharpe=  9.10 mean=  9.81% MDD=-100.0%
    gate=  roc6m  n= 7402 sharpe=  8.41 mean=  9.33% MDD=-100.0%
- [2026-05-17 18:38:25]   macro-gate us_trend_pullback_1d
- [2026-05-17 18:38:25] [cache] US build trend_pullback/1d top=300
C:\Users\82109\Desktop\LYC\git\stock_total\backtest\strategies\trend_pullback.py:102: FutureWarning: The default fill_method='pad' in Series.pct_change is deprecated and will be removed in a future version. Either fill in any non-leading NA values prior to calling pct_change or specify 'fill_method=None' to not fill NA values.
  ret1 = close.pct_change()
C:\Users\82109\Desktop\LYC\git\stock_total\backtest\strategies\trend_pullback.py:117: FutureWarning: The default fill_method='pad' in Series.pct_change is deprecated and will be removed in a future version. Either fill in any non-leading NA values prior to calling pct_change or specify 'fill_method=None' to not fill NA values.
  is_up = (close > open_) & (close.pct_change() > 0)
C:\Users\82109\Desktop\LYC\git\stock_total\backtest\strategies\trend_pullback.py:102: FutureWarning: The default fill_method='pad' in Series.pct_change is deprecated and will be removed in a future version. Either fill in any non-leading NA values prior to calling pct_change or specify 'fill_method=None' to not fill NA values.
  ret1 = close.pct_change()
C:\Users\82109\Desktop\LYC\git\stock_total\backtest\strategies\trend_pullback.py:117: FutureWarning: The default fill_method='pad' in Series.pct_change is deprecated and will be removed in a future version. Either fill in any non-leading NA values prior to calling pct_change or specify 'fill_method=None' to not fill NA values.
  is_up = (close > open_) & (close.pct_change() > 0)
- [2026-05-17 18:38:39] [cache] US trend_pullback/1d -> 295 symbols (13.6s)
C:\Users\82109\Desktop\LYC\git\stock_total\.venv\Lib\site-packages\numpy\core\fromnumeric.py:59: RuntimeWarning: overflow encountered in accumulate
  return bound(*args, **kwds)
C:\Users\82109\Desktop\LYC\git\stock_total\scripts\optimize\walk_forward.py:177: RuntimeWarning: invalid value encountered in divide
  dd = float((eq / peak - 1.0).min() * 100)
    gate=   none  n=19154 sharpe= 19.84 mean=  8.68% MDD=   nan%
C:\Users\82109\Desktop\LYC\git\stock_total\.venv\Lib\site-packages\numpy\core\fromnumeric.py:59: RuntimeWarning: overflow encountered in accumulate
  return bound(*args, **kwds)
C:\Users\82109\Desktop\LYC\git\stock_total\scripts\optimize\walk_forward.py:177: RuntimeWarning: invalid value encountered in divide
  dd = float((eq / peak - 1.0).min() * 100)
    gate= ema200  n=16287 sharpe= 19.76 mean=  9.41% MDD=   nan%
C:\Users\82109\Desktop\LYC\git\stock_total\.venv\Lib\site-packages\numpy\core\fromnumeric.py:59: RuntimeWarning: overflow encountered in accumulate
  return bound(*args, **kwds)
C:\Users\82109\Desktop\LYC\git\stock_total\scripts\optimize\walk_forward.py:177: RuntimeWarning: invalid value encountered in divide
  dd = float((eq / peak - 1.0).min() * 100)
    gate=  roc6m  n=15667 sharpe= 19.43 mean=  9.44% MDD=   nan%
- [2026-05-17 18:38:52]   macro-gate us_trend_pullback_1w
- [2026-05-17 18:38:52] [cache] US build trend_pullback/1w top=300
- [2026-05-17 18:39:04] [cache] US trend_pullback/1w -> 288 symbols (11.6s)
    gate=   none  n= 5912 sharpe= 10.93 mean=  9.03% MDD=-100.0%
    gate= ema200  n= 4823 sharpe= 10.48 mean=  9.57% MDD=-100.0%
    gate=  roc6m  n= 4729 sharpe= 10.45 mean=  9.72% MDD=-100.0%
- [2026-05-17 18:39:06]   macro-gate us_trend_chase_1d
- [2026-05-17 18:39:06] [cache] US build trend_chase/1d top=300
C:\Users\82109\Desktop\LYC\git\stock_total\backtest\strategies\trend_chase.py:85: FutureWarning: The default fill_method='pad' in Series.pct_change is deprecated and will be removed in a future version. Either fill in any non-leading NA values prior to calling pct_change or specify 'fill_method=None' to not fill NA values.
  ret = close.pct_change()
C:\Users\82109\Desktop\LYC\git\stock_total\backtest\strategies\trend_chase.py:85: FutureWarning: The default fill_method='pad' in Series.pct_change is deprecated and will be removed in a future version. Either fill in any non-leading NA values prior to calling pct_change or specify 'fill_method=None' to not fill NA values.
  ret = close.pct_change()
- [2026-05-17 18:39:19] [cache] US trend_chase/1d -> 295 symbols (13.3s)
    gate=   none  n= 2202 sharpe=  5.72 mean=  6.73% MDD= -97.4%
    gate= ema200  n= 1731 sharpe=  4.95 mean=  6.63% MDD= -98.3%
    gate=  roc6m  n= 1714 sharpe=  5.01 mean=  6.76% MDD= -98.2%
- [2026-05-17 18:39:25] task4 done
- [2026-05-17 18:39:25] === Agent W done (140.0s) ===
