550 USDT-M perpetual symbols on Bitget (granularity=1d)
[   3/550] 1000BONKUSDT         rows=   794  ( 6.2s)
[   5/550] 1000RATSUSDT         rows=   878  ( 6.3s)
[   1/550] 0GUSDT               rows=   236  ( 6.4s)
[   4/550] 1000CATUSDT          rows=   603  ( 7.2s)
[   2/550] 1000000MOGUSDT       rows=   636  ( 7.4s)
[   8/550] 1INCHUSDT            rows=  1404  ( 4.3s)
[   9/550] 1MBABYDOGEUSDT       rows=   603  ( 6.1s)
[   6/550] 1000SATSUSDT         rows=   881  ( 6.7s)
[  10/550] 1MCHEEMSUSDT         rows=   535  ( 7.1s)
[   7/550] 1000XECUSDT          rows=  1040  ( 9.1s)
[  12/550] 4USDT                rows=   215  ( 5.6s)
[  15/550] AAVEUSDT             rows=  1883  ( 6.3s)
[  14/550] AAPLUSDT             rows=   259  ( 6.3s)
[  11/550] 2ZUSDT               rows=   222  ( 6.5s)
[  13/550] AAOIUSDT             rows=    20  ( 8.4s)
[  19/550] ACUUSDT              rows=   111  ( 4.3s)
[  18/550] ACTUSDT              rows=   547  ( 4.9s)
[  20/550] ACXUSDT              rows=   522  ( 5.7s)
[  17/550] ACHUSDT              rows=  1169  ( 6.3s)
[  16/550] ACEUSDT              rows=   875  ( 6.5s)
[  25/550] AIGENSYNUSDT         rows=    13  ( 4.3s)
[  22/550] AEROUSDT             rows=   553  ( 4.9s)
[  21/550] ADAUSDT              rows=  2092  ( 5.3s)
[  23/550] AEVOUSDT             rows=   781  ( 7.4s)
[  24/550] AGLDUSDT             rows=  1029  ( 9.1s)
[  26/550] AINUSDT              rows=   306  ( 5.6s)
[  29/550] AKTUSDT              rows=   621  ( 6.1s)
[  28/550] AIXBTUSDT            rows=   507  ( 7.0s)
[  27/550] AIOUSDT              rows=   272  ( 7.6s)
[  30/550] ALCHUSDT             rows=   490  ( 9.1s)
[  31/550] ALGOUSDT             rows=  1531  ( 5.4s)
[  35/550] AMATUSDT             rows=    27  ( 6.5s)
[  32/550] ALICEUSDT            rows=   658  ( 7.3s)
[  34/550] ALTUSDT              rows=   833  ( 7.7s)
[  33/550] ALLOUSDT             rows=   182  ( 8.5s)
[  40/550] APEUSDT              rows=  1495  ( 5.3s)
[  37/550] AMZNUSDT             rows=   259  ( 5.4s)
[  38/550] ANIMEUSDT            rows=   474  ( 5.8s)
[  39/550] ANKRUSDT             rows=  1172  ( 6.4s)
[  36/550] AMDUSDT              rows=    27  ( 8.6s)
[  42/550] APLDUSDT             rows=    14  ( 5.5s)
[  41/550] API3USDT             rows=  1366  ( 6.5s)
[  43/550] APPUSDT              rows=   245  ( 6.5s)
[  45/550] APTUSDT              rows=  1301  ( 6.6s)
[  44/550] APRUSDT              rows=   201  ( 7.6s)
[  47/550] ARCUSDT              rows=   480  ( 4.7s)
[  50/550] ARKUSDT              rows=   596  ( 5.0s)
[  48/550] ARIAUSDT             rows=   251  ( 5.5s)
[  46/550] ARBUSDT              rows=  1146  ( 6.4s)
[  49/550] ARKMUSDT             rows=  1018  ( 7.0s)
[  53/550] ARUSDT               rows=  1595  ( 5.4s)
[  54/550] ASMLUSDT             rows=   246  ( 5.5s)
[  51/550] ARMUSDT              rows=   246  ( 6.4s)
[  55/550] ASRUSDT              rows=   371  ( 6.7s)
[  52/550] ARPAUSDT             rows=  1119  ( 7.3s)
[  57/550] ASTRUSDT             rows=  1174  ( 5.4s)
[  60/550] ATOMUSDT             rows=  2021  ( 5.4s)
[  59/550] ATHUSDT              rows=   696  ( 6.3s)
[  58/550] ATAUSDT              rows=   756  ( 6.3s)
[  56/550] ASTERUSDT            rows=   235  ( 6.5s)
[  64/550] AVAUSDT              rows=   515  ( 4.8s)
[  65/550] AVAXUSDT             rows=  1686  ( 5.3s)
[  63/550] AUSDT                rows=   349  ( 5.7s)
[  62/550] AUCTIONUSDT          rows=   449  ( 5.8s)
[  61/550] ATUSDT               rows=   190  ( 7.0s)
[  70/550] AXSUSDT              rows=  1692  ( 5.3s)
[  69/550] AXLUSDT              rows=   790  ( 6.2s)
[  66/550] AVGOUSDT             rows=    90  ( 6.3s)
[  67/550] AVNTUSDT             rows=   245  ( 6.5s)
[  68/550] AWEUSDT              rows=   356  ( 7.6s)
[  71/550] AXTIUSDT             rows=     1  ( 6.2s)
[  74/550] BABAUSDT             rows=   246  ( 6.4s)
[  75/550] BABYUSDT             rows=   397  ( 6.6s)
[  73/550] B2USDT               rows=   377  ( 6.7s)
[  72/550] AZTECUSDT            rows=    89  ( 7.3s)
[  78/550] BANDUSDT             rows=  1366  ( 5.3s)
[  80/550] BANUSDT              rows=   540  ( 5.7s)
[  76/550] BANANAS31USDT        rows=   418  ( 6.5s)
[  77/550] BANANAUSDT           rows=   661  ( 7.3s)
[  79/550] BANKUSDT             rows=   389  ( 7.6s)
[  85/550] BAUSDT               rows=    33  ( 5.2s)
[  84/550] BATUSDT              rows=  1266  ( 5.2s)
[  81/550] BARDUSDT             rows=   236  ( 5.6s)
[  83/550] BASUSDT              rows=   259  ( 6.4s)
[  82/550] BASEDUSDT            rows=    43  ( 7.4s)
[  89/550] BEATUSDT             rows=   181  ( 4.6s)
[  90/550] BELUSDT              rows=  1151  ( 5.6s)
[  87/550] BCHUSDT              rows=  2422  ( 6.6s)
[  88/550] BEAMUSDT             rows=   790  ( 7.5s)
[  86/550] BBUSDT               rows=   729  ( 7.6s)
[  94/550] BICOUSDT             rows=   719  ( 4.1s)
[  92/550] BEUSDT               rows=    20  ( 5.4s)
[  93/550] BGBUSDT              rows=   676  ( 5.4s)
[  95/550] BIGTIMEUSDT          rows=   943  ( 6.9s)
[  91/550] BERAUSDT             rows=   460  ( 7.0s)
[  99/550] BLESSUSDT            rows=   231  ( 4.7s)
[  98/550] BIRBUSDT             rows=   103  ( 5.4s)
[  96/550] BILLUSDT             rows=     6  ( 6.5s)
[ 100/550] BLURUSDT             rows=  1176  ( 7.5s)
[  97/550] BIOUSDT              rows=   494  ( 8.0s)
[ 104/550] BRETTUSDT            rows=   697  ( 5.4s)
[ 105/550] BREVUSDT             rows=   126  ( 5.4s)
[ 101/550] BNBUSDT              rows=  2499  ( 5.6s)
[ 103/550] BOMEUSDT             rows=   784  ( 6.4s)
[ 102/550] BNTUSDT              rows=  1005  ( 6.8s)
[ 107/550] BRUSDT               rows=   418  ( 4.6s)
[ 110/550] BTCUSDT              rows=  2498  ( 5.3s)
[ 106/550] BROCCOLIUSDT         rows=   452  ( 5.6s)
[ 109/550] BSVUSDT              rows=  1098  ( 5.9s)
[ 108/550] BSBUSDT              rows=    48  ( 6.4s)
[ 113/550] C98USDT              rows=  1443  ( 4.2s)
[ 112/550] BZUSDT               rows=    41  ( 5.4s)
[ 114/550] CAKEUSDT             rows=   776  ( 5.6s)
[ 115/550] CARVUSDT             rows=   577  ( 6.1s)
[ 111/550] BUSDT                rows=   355  ( 6.4s)
[ 118/550] CCUSDT               rows=    18  ( 4.2s)
[ 119/550] CELOUSDT             rows=  1181  ( 5.2s)
[ 116/550] CATIUSDT             rows=   599  ( 6.0s)
[ 117/550] CBRSUSDT             rows=     0  ( 7.3s)
[ 120/550] CELRUSDT             rows=  1104  ( 8.1s)
[ 125/550] CHILLGUYUSDT         rows=   536  ( 4.8s)
[ 121/550] CETUSUSDT            rows=   552  ( 5.0s)
[ 122/550] CFGUSDT              rows=    57  ( 5.4s)
[ 123/550] CFXUSDT              rows=  1175  ( 6.5s)
[ 124/550] CGPTUSDT             rows=   507  ( 6.9s)
[ 126/550] CHIPUSDT             rows=    21  ( 4.2s)
[ 127/550] CHRUSDT              rows=  1131  ( 6.3s)
[ 130/550] CLANKERUSDT          rows=   197  ( 7.1s)
[ 128/550] CHZUSDT              rows=  1481  ( 7.3s)
[ 129/550] CKBUSDT              rows=  1144  ( 8.4s)
[ 133/550] COAIUSDT             rows=   228  ( 4.4s)
[ 131/550] CLOUSDT              rows=   209  ( 5.5s)
[ 134/550] COHRUSDT             rows=    20  ( 6.3s)
[ 132/550] CLUSDT               rows=    57  ( 6.3s)
[ 135/550] COINUSDT             rows=   258  ( 6.4s)
[ 136/550] COMPUSDT             rows=  1404  ( 4.3s)
[ 140/550] COSTUSDT             rows=    71  ( 5.3s)
[ 137/550] COOKIEUSDT           rows=   490  ( 5.9s)
[ 139/550] COPUSDT              rows=    61  ( 6.4s)
[ 138/550] COPPERUSDT           rows=    64  ( 7.6s)
[ 141/550] COTIUSDT             rows=  1151  ( 4.2s)
[ 145/550] CROSSUSDT            rows=   312  ( 5.4s)
[ 143/550] CRCLUSDT             rows=   266  ( 6.4s)
[ 144/550] CRDOUSDT             rows=    14  ( 7.5s)
[ 142/550] COWUSDT              rows=   552  ( 8.1s)
[ 147/550] CRVUSDT              rows=  1608  ( 4.2s)
[ 148/550] CRWVUSDT             rows=    14  ( 5.3s)
[ 149/550] CTKUSDT              rows=   377  ( 5.6s)
[ 146/550] CROUSDT              rows=   546  ( 7.0s)
[ 150/550] CTSIUSDT             rows=   564  ( 7.7s)
[ 152/550] CVCUSDT              rows=   580  ( 4.3s)
[ 155/550] CYSUSDT              rows=   151  ( 4.9s)
[ 153/550] CVXUSDT              rows=   526  ( 5.9s)
[ 151/550] CUSDT                rows=   302  ( 6.7s)
[ 154/550] CYBERUSDT            rows=   995  ( 6.8s)
[ 158/550] DEXEUSDT             rows=   504  ( 5.0s)
[ 160/550] DOGEUSDT             rows=  1817  ( 5.4s)
[ 156/550] DASHUSDT             rows=   189  ( 6.6s)
[ 159/550] DIAUSDT              rows=   587  ( 6.9s)
[ 157/550] DEEPUSDT             rows=   573  ( 8.2s)
[ 163/550] DOODUSDT             rows=   368  ( 4.7s)
[ 164/550] DOTUSDT              rows=  2080  ( 5.4s)
[ 162/550] DOLOUSDT             rows=   383  ( 5.7s)
[ 161/550] DOGSUSDT             rows=   624  ( 6.0s)
[ 165/550] DRAMUSDT             rows=     1  ( 7.5s)
[ 170/550] EGLDUSDT             rows=  1601  ( 4.3s)
[ 169/550] EDGEUSDT             rows=    42  ( 5.4s)
[ 167/550] DYDXUSDT             rows=  1608  ( 5.6s)
[ 168/550] DYMUSDT              rows=   804  ( 6.4s)
[ 166/550] DRIFTUSDT            rows=   550  ( 7.2s)
[ 175/550] ENSOUSDT             rows=   210  ( 5.2s)
[ 172/550] ELSAUSDT             rows=   110  ( 5.4s)
[ 173/550] ENAUSDT              rows=   768  ( 5.7s)
[ 174/550] ENJUSDT              rows=  1523  ( 6.5s)
[ 171/550] EIGENUSDT            rows=   588  ( 8.1s)
[ 176/550] ENSUSDT              rows=  1453  ( 5.3s)
[ 179/550] ESPORTSUSDT          rows=   288  ( 5.4s)
[ 178/550] ERAUSDT              rows=   299  ( 5.5s)
[ 177/550] EPICUSDT             rows=   425  ( 6.8s)
[ 180/550] ESPUSDT              rows=    89  ( 7.5s)
[ 181/550] ETCUSDT              rows=  2390  ( 4.4s)
[ 185/550] EULUSDT              rows=   210  ( 5.6s)
[ 184/550] ETHWUSDT             rows=   579  ( 6.2s)
[ 182/550] ETHFIUSDT            rows=   781  ( 6.7s)
[ 183/550] ETHUSDT              rows=  2467  ( 7.6s)
[ 190/550] FARTCOINUSDT         rows=   507  ( 4.5s)
[ 186/550] EWHUSDT              rows=    33  ( 5.2s)
[ 187/550] EWJUSDT              rows=    56  ( 5.4s)
[ 188/550] EWTUSDT              rows=    48  ( 6.4s)
[ 189/550] EWYUSDT              rows=    56  ( 6.4s)
[ 192/550] FFUSDT               rows=   225  ( 4.3s)
[ 195/550] FILUSDT              rows=  2031  ( 5.4s)
[ 191/550] FETUSDT              rows=  1167  ( 5.4s)
[ 194/550] FIGHTUSDT            rows=   109  ( 5.5s)
[ 193/550] FIDAUSDT             rows=   600  ( 6.0s)
[ 196/550] FLOCKUSDT            rows=   259  ( 4.3s)
[ 198/550] FLUIDUSDT            rows=   230  ( 4.3s)
[ 199/550] FLUXUSDT             rows=   615  ( 5.1s)
[ 200/550] FLYUSDT              rows=    27  ( 5.3s)
[ 197/550] FLOKIUSDT            rows=  1104  ( 5.8s)
[ 205/550] FUSDT                rows=   328  ( 5.6s)
[ 204/550] FRAXUSDT             rows=   117  ( 6.6s)
[ 201/550] FOGOUSDT             rows=   117  ( 6.7s)
[ 202/550] FOLKSUSDT            rows=   187  ( 7.7s)
[ 203/550] FORMUSDT             rows=   419  ( 7.9s)
[ 209/550] GENIUSUSDT           rows=    26  ( 4.4s)
[ 208/550] GASUSDT              rows=   662  ( 4.7s)
[ 210/550] GEUSDT               rows=   245  ( 6.7s)
[ 206/550] FUTUUSDT             rows=   196  ( 7.0s)
[ 207/550] GALAUSDT             rows=  1616  ( 7.5s)
[ 214/550] GMTUSDT              rows=  1502  ( 4.3s)
[ 215/550] GMXUSDT              rows=  1174  ( 4.3s)
[ 212/550] GLMUSDT              rows=   742  ( 5.4s)
[ 211/550] GIGGLEUSDT           rows=   208  ( 6.2s)
[ 213/550] GMEUSDT              rows=   244  ( 6.4s)
[ 219/550] GRASSUSDT            rows=   561  ( 4.9s)
[ 216/550] GOATUSDT             rows=   566  ( 7.3s)
[ 217/550] GOOGLUSDT            rows=   259  ( 7.7s)
[ 218/550] GPSUSDT              rows=   448  ( 7.7s)
[ 220/550] GRIFFAINUSDT         rows=   495  ( 8.0s)
[ 224/550] GWEIUSDT             rows=   103  ( 4.3s)
[ 221/550] GRTUSDT              rows=  1366  ( 6.3s)
[ 225/550] HAEDALUSDT           rows=   378  ( 7.7s)
[ 223/550] GUSDT                rows=   635  ( 8.3s)
[ 222/550] GUNUSDT              rows=   407  ( 8.9s)
[ 226/550] HBARUSDT             rows=  1152  ( 5.3s)
[ 229/550] HOLOUSDT             rows=   243  ( 5.5s)
[ 227/550] HFTUSDT              rows=   315  ( 5.5s)
[ 230/550] HOMEUSDT             rows=   336  ( 6.9s)
[ 228/550] HIVEUSDT             rows=   505  ( 7.0s)
[ 234/550] HUSDT                rows=   321  ( 6.3s)
[ 235/550] HYPERUSDT            rows=   385  ( 6.9s)
[ 232/550] HOTUSDT              rows=  1131  ( 7.5s)
[ 231/550] HOODUSDT             rows=   258  ( 7.5s)
[ 233/550] HUMAUSDT             rows=   351  ( 8.8s)
[ 237/550] ICNTUSDT             rows=   313  ( 5.6s)
[ 238/550] ICPUSDT              rows=  1812  ( 6.4s)
[ 239/550] ICXUSDT              rows=  1131  ( 7.5s)
[ 236/550] HYPEUSDT             rows=   509  ( 8.5s)
[ 240/550] IDOLUSDT             rows=   335  ( 8.9s)
[ 244/550] INDAUSDT             rows=    33  ( 5.2s)
[ 241/550] IDUSDT               rows=  1144  ( 6.4s)
[ 242/550] ILVUSDT              rows=   279  ( 6.4s)
[ 245/550] INITUSDT             rows=   383  ( 6.6s)
[ 243/550] IMXUSDT              rows=  1404  ( 9.4s)
[ 247/550] INTCUSDT             rows=   246  ( 6.4s)
[ 250/550] IONQUSDT             rows=    20  ( 7.3s)
[ 249/550] INXUSDT              rows=   101  ( 7.4s)
[ 246/550] INJUSDT              rows=  1152  ( 7.5s)
[ 248/550] INUSDT               rows=   278  ( 9.4s)
[ 254/550] IOUSDT               rows=   700  ( 4.2s)
[ 255/550] IPUSDT               rows=   453  ( 5.4s)
[ 253/550] IOTXUSDT             rows=  1099  ( 5.9s)
[ 251/550] IOSTUSDT             rows=  1495  ( 6.5s)
[ 252/550] IOTAUSDT             rows=  1516  ( 7.3s)
[ 257/550] JASMYUSDT            rows=  1328  ( 6.2s)
[ 260/550] JOEUSDT              rows=  1139  ( 6.2s)
[ 256/550] IRYSUSDT             rows=   166  ( 6.4s)
[ 259/550] JDUSDT               rows=   196  ( 7.9s)
[ 258/550] JCTUSDT              rows=   182  ( 9.7s)
[ 263/550] JUPUSDT              rows=   831  ( 6.1s)
[ 261/550] JSTUSDT              rows=   379  ( 6.6s)
[ 265/550] KAITOUSDT            rows=   446  ( 7.5s)
[ 264/550] KAIAUSDT             rows=  1145  ( 8.3s)
[ 262/550] JTOUSDT              rows=   882  (10.5s)
[ 270/550] KGENUSDT             rows=   216  ( 4.2s)
[ 266/550] KASUSDT              rows=   774  ( 7.2s)
[ 268/550] KAVAUSDT             rows=  1463  ( 7.3s)
[ 269/550] KERNELUSDT           rows=   393  ( 7.7s)
[ 267/550] KATUSDT              rows=    55  ( 9.4s)
[ 272/550] KLACUSDT             rows=    14  ( 6.1s)
[ 271/550] KITEUSDT             rows=   195  ( 6.4s)
[ 273/550] KMNOUSDT             rows=   579  ( 7.0s)
[ 274/550] KNCUSDT              rows=  1488  ( 7.4s)
[ 275/550] KOPNUSDT             rows=     1  ( 8.4s)
[ 278/550] LABUSDT              rows=   207  ( 5.4s)
[ 277/550] KWEBUSDT             rows=    48  ( 6.2s)
[ 276/550] KSMUSDT              rows=  1595  ( 7.3s)
[ 279/550] LAUSDT               rows=   342  ( 7.5s)
[ 280/550] LAYERUSDT            rows=   455  ( 7.8s)
[ 282/550] LIGHTUSDT            rows=   227  ( 5.3s)
[ 284/550] LINKUSDT             rows=  2106  ( 6.1s)
[ 281/550] LDOUSDT              rows=  1181  ( 6.3s)
[ 283/550] LINEAUSDT            rows=   253  ( 6.6s)
[ 285/550] LISTAUSDT            rows=   691  ( 7.3s)
[ 290/550] LQTYUSDT             rows=  1154  ( 4.1s)
[ 286/550] LITEUSDT             rows=    27  ( 5.1s)
[ 289/550] LPTUSDT              rows=  1006  ( 6.8s)
[ 287/550] LITUSDT              rows=   139  ( 7.1s)
[ 288/550] LLYUSDT              rows=   182  ( 7.9s)
[ 293/550] LUMIAUSDT            rows=   568  ( 6.0s)
[ 292/550] LTCUSDT              rows=  2467  ( 6.1s)
[ 295/550] LUNCUSDT             rows=  1334  ( 6.3s)
[ 294/550] LUNAUSDT             rows=  1398  ( 7.1s)
[ 291/550] LSKUSDT              rows=   749  ( 7.5s)
[ 298/550] MAGICUSDT            rows=  1191  ( 5.3s)
[ 296/550] LWLGUSDT             rows=     1  ( 6.4s)
[ 299/550] MAGMAUSDT            rows=   134  ( 6.5s)
[ 297/550] LYNUSDT              rows=   215  ( 6.6s)
[ 300/550] MANAUSDT             rows=  1622  ( 7.4s)
[ 305/550] MCDUSDT              rows=   259  ( 5.3s)
[ 304/550] MAVUSDT              rows=  1048  ( 5.6s)
[ 302/550] MANTRAUSDT           rows=    69  ( 6.2s)
[ 303/550] MASKUSDT             rows=  1366  ( 6.3s)
[ 301/550] MANTAUSDT            rows=   839  ( 7.4s)
[ 309/550] MERLUSDT             rows=   544  ( 4.7s)
[ 308/550] MEMEUSDT             rows=   921  ( 5.4s)
[ 310/550] METAUSDT             rows=   259  ( 6.2s)
[ 306/550] MEGAUSDT             rows=   102  ( 6.4s)
[ 307/550] MELANIAUSDT          rows=   477  ( 6.7s)
[ 315/550] MINAUSDT             rows=  1175  ( 4.3s)
[ 313/550] MEUSDT               rows=   518  ( 4.8s)
[ 311/550] METISUSDT            rows=   784  ( 6.4s)
[ 314/550] MEWUSDT              rows=   694  ( 6.4s)
[ 312/550] METUSDT              rows=   211  ( 7.3s)
[ 317/550] MLNUSDT              rows=   407  ( 5.7s)
[ 320/550] MONUSDT              rows=   214  ( 6.4s)
[ 316/550] MIRAUSDT             rows=   228  ( 6.5s)
[ 318/550] MMTUSDT              rows=   189  ( 7.1s)
[ 319/550] MOCAUSDT             rows=   668  ( 7.2s)
[ 325/550] MPUSDT               rows=    14  ( 4.1s)
[ 322/550] MORPHOUSDT           rows=   537  ( 5.1s)
[ 324/550] MOVRUSDT             rows=   734  ( 5.4s)
[ 321/550] MOODENGUSDT          rows=   588  ( 6.0s)
[ 323/550] MOVEUSDT             rows=   519  ( 7.1s)
[ 326/550] MRVLUSDT             rows=   244  ( 5.3s)
[ 330/550] MUBARAKUSDT          rows=   421  ( 5.5s)
[ 328/550] MSTRUSDT             rows=   258  ( 6.3s)
[ 327/550] MSFTUSDT             rows=   232  ( 6.4s)
[ 329/550] MTLUSDT              rows=   565  ( 7.9s)
[ 331/550] MUSDT                rows=   313  ( 4.1s)
[ 332/550] MUUSDT               rows=    90  ( 6.1s)
[ 335/550] NATGASUSDT           rows=    41  ( 6.1s)
[ 333/550] MYXUSDT              rows=   244  ( 6.5s)
[ 334/550] NAORISUSDT           rows=   285  ( 7.4s)
[ 336/550] NBISUSDT             rows=    20  ( 5.2s)
[ 337/550] NEARUSDT             rows=  1601  ( 5.3s)
[ 340/550] NEWTUSDT             rows=   322  ( 5.6s)
[ 339/550] NEOUSDT              rows=  1538  ( 6.3s)
[ 338/550] NEIROCTOUSDT         rows=   580  ( 7.1s)
[ 341/550] NFLXUSDT             rows=    34  ( 4.2s)
[ 345/550] NMRUSDT              rows=   419  ( 4.5s)
[ 343/550] NILUSDT              rows=   414  ( 5.5s)
[ 342/550] NIGHTUSDT            rows=   153  ( 6.9s)
[ 344/550] NIOUSDT              rows=     1  ( 7.3s)
[ 347/550] NOTUSDT              rows=   726  ( 4.1s)
[ 348/550] NVDAUSDT             rows=   266  ( 5.5s)
[ 349/550] NXPCUSDT             rows=   362  ( 5.5s)
[ 346/550] NOMUSDT              rows=   223  ( 6.4s)
[ 350/550] OGNUSDT              rows=  1006  ( 8.0s)
[ 353/550] ONDOUSDT             rows=   776  ( 4.2s)
[ 354/550] ONEUSDT              rows=  1328  ( 5.2s)
[ 352/550] OKLOUSDT             rows=    14  ( 6.2s)
[ 355/550] ONGUSDT              rows=   756  ( 6.5s)
[ 351/550] OGUSDT               rows=   580  ( 6.8s)
[ 358/550] OPGUSDT              rows=    19  ( 4.2s)
[ 356/550] ONTUSDT              rows=  1128  ( 6.4s)
[ 359/550] OPNUSDT              rows=    79  ( 6.4s)
[ 357/550] OPENUSDT             rows=   246  ( 6.5s)
[ 360/550] OPUSDT               rows=  1429  ( 7.7s)
[ 362/550] ORCLUSDT             rows=   245  ( 4.1s)
[ 365/550] OXYUSDT              rows=    61  ( 5.2s)
[ 363/550] ORDERUSDT            rows=   622  ( 5.9s)
[ 361/550] ORCAUSDT             rows=   522  ( 6.7s)
[ 364/550] ORDIUSDT             rows=  1087  ( 7.6s)
[ 369/550] PENGUUSDT            rows=   510  ( 4.5s)
[ 367/550] PAXGUSDT             rows=   682  ( 5.2s)
[ 370/550] PEOPLEUSDT           rows=  1545  ( 5.2s)
[ 368/550] PENDLEUSDT           rows=  1018  ( 6.5s)
[ 366/550] PARTIUSDT            rows=   413  ( 7.7s)
[ 371/550] PEPEUSDT             rows=  1103  ( 4.2s)
[ 375/550] PIUSDT               rows=   446  ( 5.3s)
[ 374/550] PIPPINUSDT           rows=   479  ( 6.5s)
[ 372/550] PHAUSDT              rows=   498  ( 6.8s)
[ 373/550] PIEVERSEUSDT         rows=   176  ( 8.0s)
[ 380/550] POLUSDT              rows=   613  ( 4.4s)
[ 378/550] PLUMEUSDT            rows=   475  ( 4.5s)
[ 376/550] PIXELUSDT            rows=   811  ( 5.6s)
[ 379/550] PNUTUSDT             rows=   547  ( 6.8s)
[ 377/550] PLTRUSDT             rows=   245  ( 7.8s)
[ 382/550] POPCATUSDT           rows=   654  ( 4.3s)
[ 384/550] POWRUSDT             rows=   578  ( 4.9s)
[ 385/550] PRLUSDT              rows=    41  ( 5.2s)
[ 383/550] POWERUSDT            rows=   157  ( 5.9s)
[ 381/550] POLYXUSDT            rows=   930  ( 7.8s)
[ 389/550] PUMPUSDT             rows=   302  ( 5.2s)
[ 387/550] PROSUSDT             rows=    13  ( 5.3s)
[ 388/550] PROVEUSDT            rows=   280  ( 5.5s)
[ 390/550] PUNDIXUSDT           rows=   377  ( 5.6s)
[ 386/550] PROMUSDT             rows=   482  ( 7.1s)
[ 393/550] QQQUSDT              rows=   196  ( 4.3s)
[ 394/550] QTUMUSDT             rows=  1376  ( 5.3s)
[ 391/550] PYTHUSDT             rows=   901  ( 6.5s)
[ 395/550] QUSDT                rows=   252  ( 6.6s)
[ 392/550] QNTUSDT              rows=  1056  ( 7.6s)
[ 397/550] RAVEUSDT             rows=   148  ( 5.4s)
[ 400/550] RECALLUSDT           rows=   209  ( 6.3s)
[ 399/550] RDDTUSDT             rows=   196  ( 6.9s)
[ 398/550] RAYUSDT              rows=   571  ( 7.1s)
[ 396/550] RAREUSDT             rows=   637  ( 7.2s)
[ 401/550] REDUSDT              rows=   432  ( 4.7s)
[ 404/550] REZUSDT              rows=   742  ( 5.2s)
[ 405/550] RIVERUSDT            rows=   207  ( 5.6s)
[ 402/550] RENDERUSDT           rows=   655  ( 6.0s)
[ 403/550] RESOLVUSDT           rows=   336  ( 7.8s)
[ 407/550] ROBOUSDT             rows=    74  ( 5.4s)
[ 406/550] RKLBUSDT             rows=    33  ( 6.5s)
[ 408/550] ROSEUSDT             rows=  1463  ( 6.5s)
[ 409/550] RPLUSDT              rows=   609  ( 7.1s)
[ 410/550] RSRUSDT              rows=  1429  ( 7.4s)
[ 414/550] SAGAUSDT             rows=   763  ( 4.6s)
[ 413/550] SAFEUSDT             rows=   564  ( 4.6s)
[ 415/550] SAHARAUSDT           rows=   320  ( 6.4s)
[ 412/550] RVNUSDT              rows=  1119  ( 7.4s)
[ 411/550] RUNEUSDT             rows=  1488  ( 7.6s)
[ 418/550] SAPIENUSDT           rows=   265  ( 4.3s)
[ 417/550] SANTOSUSDT           rows=   561  ( 5.5s)
[ 420/550] SEIUSDT              rows=   999  ( 6.7s)
[ 419/550] SCRTUSDT             rows=   537  ( 7.0s)
[ 416/550] SANDUSDT             rows=  1616  ( 7.6s)
[ 422/550] SFPUSDT              rows=  1119  ( 5.2s)
[ 425/550] SIGNUSDT             rows=   379  ( 5.6s)
[ 424/550] SHIBUSDT             rows=  1628  ( 7.4s)
[ 421/550] SENTUSDT             rows=   110  ( 7.5s)
[ 423/550] SHELLUSDT            rows=   453  ( 7.6s)
[ 428/550] SKRUSDT              rows=   111  ( 5.4s)
[ 427/550] SKLUSDT              rows=  1119  ( 6.3s)
[ 429/550] SKYAIUSDT            rows=   364  ( 6.4s)
[ 426/550] SIRENUSDT            rows=   418  ( 6.5s)
[ 430/550] SKYUSDT              rows=   245  ( 7.4s)
[ 434/550] SOLUSDT              rows=  1754  ( 4.1s)
[ 433/550] SNXUSDT              rows=  1411  ( 5.4s)
[ 431/550] SLPUSDT              rows=   293  ( 5.6s)
[ 435/550] SOMIUSDT             rows=   260  ( 6.4s)
[ 432/550] SNDKUSDT             rows=    27  ( 6.5s)
[ 437/550] SOONUSDT             rows=   354  ( 4.4s)
[ 436/550] SONICUSDT            rows=   490  ( 4.9s)
[ 439/550] SOXLUSDT             rows=    33  ( 5.4s)
[ 440/550] SOXSUSDT             rows=    33  ( 6.3s)
[ 438/550] SOPHUSDT             rows=   349  ( 6.9s)
[ 445/550] SPYUSDT              rows=    90  ( 4.2s)
[ 441/550] SPACEUSDT            rows=   109  ( 5.4s)
[ 443/550] SPKUSDT              rows=   329  ( 6.6s)
[ 444/550] SPXUSDT              rows=   560  ( 7.8s)
[ 442/550] SPELLUSDT            rows=  1104  ( 8.0s)
[ 447/550] SQQQUSDT             rows=    42  ( 5.3s)
[ 449/550] STABLEUSDT           rows=   187  ( 5.5s)
[ 446/550] SQDUSDT              rows=   335  ( 5.6s)
[ 448/550] SSVUSDT              rows=  1163  ( 6.6s)
[ 450/550] STBLUSDT             rows=   226  ( 8.8s)
[ 452/550] STGUSDT              rows=  1334  ( 4.3s)
[ 454/550] STOUSDT              rows=   404  ( 6.6s)
[ 451/550] STEEMUSDT            rows=   544  ( 7.0s)
[ 455/550] STRKUSDT             rows=   811  ( 7.1s)
[ 453/550] STORJUSDT            rows=  1411  ( 7.5s)
[ 459/550] SUNUSDT              rows=   627  ( 6.0s)
[ 460/550] SUPERUSDT            rows=   756  ( 6.5s)
[ 457/550] STXUSDT              rows=  1153  ( 6.5s)
[ 458/550] SUIUSDT              rows=  1104  ( 7.4s)
[ 456/550] STXSTOCKUSDT         rows=    27  ( 7.4s)
[ 463/550] SXTUSDT              rows=   369  ( 4.4s)
[ 462/550] SUSHIUSDT            rows=  2055  ( 5.3s)
[ 465/550] SYRUPUSDT            rows=   371  ( 5.8s)
[ 464/550] SYNUSDT              rows=   629  ( 5.8s)
[ 461/550] SUSDT                rows=   482  ( 7.9s)
[ 468/550] TAIKOUSDT            rows=   699  ( 5.1s)
[ 470/550] THETAUSDT            rows=  1692  ( 5.2s)
[ 467/550] TAGUSDT              rows=   291  ( 5.4s)
[ 469/550] TAOUSDT              rows=   761  ( 6.3s)
[ 466/550] TACUSDT              rows=   301  ( 6.6s)
[ 474/550] TNSRUSDT             rows=   764  ( 4.4s)
[ 472/550] TIAUSDT              rows=   923  ( 6.2s)
[ 475/550] TONUSDT              rows=  1091  ( 6.3s)
[ 471/550] THEUSDT              rows=   531  ( 6.7s)
[ 473/550] TLMUSDT              rows=  1137  ( 7.3s)
[ 478/550] TQQQUSDT             rows=    42  ( 4.2s)
[ 480/550] TRBUSDT              rows=   684  ( 4.8s)
[ 479/550] TRADOORUSDT          rows=    25  ( 5.4s)
[ 477/550] TOWNSUSDT            rows=   280  ( 5.5s)
[ 476/550] TOSHIUSDT            rows=   470  ( 8.6s)
[ 483/550] TRUMPUSDT            rows=   479  ( 4.3s)
[ 481/550] TREEUSDT             rows=   287  ( 6.0s)
[ 485/550] TRXUSDT              rows=  2083  ( 6.3s)
[ 482/550] TRIAUSDT             rows=    95  ( 7.7s)
[ 484/550] TRUSTUSDT            rows=   188  ( 8.1s)
[ 489/550] TUSDT                rows=   636  ( 5.2s)
[ 487/550] TSMUSDT              rows=    71  ( 5.3s)
[ 486/550] TSLAUSDT             rows=   266  ( 5.4s)
[ 490/550] TUTUSDT              rows=   419  ( 6.5s)
[ 488/550] TURBOUSDT            rows=   692  ( 7.8s)
[ 493/550] UMAUSDT              rows=   564  ( 5.0s)
[ 494/550] UNHUSDT              rows=   182  ( 6.5s)
[ 491/550] UAIUSDT              rows=   187  ( 7.2s)
[ 495/550] UNIUSDT              rows=  2058  ( 7.6s)
[ 492/550] UBUSDT               rows=   242  ( 8.6s)
[ 497/550] USDCUSDT             rows=  1157  ( 5.2s)
[ 499/550] USTCUSDT             rows=   454  ( 5.3s)
[ 498/550] USELESSUSDT          rows=   302  ( 5.4s)
[ 496/550] USARUSDT             rows=     1  ( 6.4s)
[ 500/550] USUALUSDT            rows=   510  ( 7.0s)
[ 505/550] VELVETUSDT           rows=   301  ( 4.6s)
[ 504/550] VELODROMEUSDT        rows=   515  ( 4.8s)
[ 502/550] VANAUSDT             rows=   512  ( 5.4s)
[ 501/550] USUSDT               rows=   151  ( 5.8s)
[ 503/550] VANRYUSDT            rows=   782  ( 7.3s)
[ 509/550] VVVUSDT              rows=   469  ( 4.5s)
[ 506/550] VETUSDT              rows=  1151  ( 5.3s)
[ 507/550] VIRTUALUSDT          rows=   557  ( 5.5s)
[ 510/550] WALUSDT              rows=   411  ( 5.8s)
[ 508/550] VTHOUSDT             rows=   475  ( 5.9s)
[ 512/550] WCTUSDT              rows=   392  ( 4.3s)
[ 515/550] WLDUSDT              rows=  1022  ( 5.4s)
[ 514/550] WIFUSDT              rows=   794  ( 6.3s)
[ 513/550] WETUSDT              rows=   153  ( 6.5s)
[ 511/550] WAXPUSDT             rows=   936  ( 7.7s)
[ 516/550] WLFIUSDT             rows=   262  ( 5.2s)
[ 518/550] WOOUSDT              rows=  1351  ( 5.4s)
[ 520/550] XAGUSDT              rows=   125  ( 6.6s)
[ 517/550] WMTUSDT              rows=    71  ( 7.3s)
[ 519/550] WUSDT                rows=   768  ( 7.6s)
[ 524/550] XAUUSDT              rows=   150  ( 4.6s)
[ 522/550] XANUSDT              rows=   224  ( 4.7s)
[ 525/550] XLMUSDT              rows=  1880  ( 5.5s)
[ 523/550] XAUTUSDT             rows=   404  ( 7.6s)
[ 521/550] XAIUSDT              rows=   848  ( 7.8s)
[ 526/550] XMRUSDT              rows=   182  ( 4.2s)
[ 527/550] XOMUSDT              rows=    61  ( 5.2s)
[ 530/550] XPLUSDT              rows=   259  ( 6.4s)
[ 528/550] XPDUSDT              rows=   102  ( 7.4s)
[ 529/550] XPINUSDT             rows=   242  ( 7.6s)
[ 532/550] XRPUSDT              rows=  2449  ( 4.3s)
[ 533/550] XTZUSDT              rows=  2066  ( 5.2s)
[ 531/550] XPTUSDT              rows=   102  ( 6.3s)
[ 535/550] XVSUSDT              rows=   734  ( 6.4s)
[ 534/550] XVGUSDT              rows=  1041  ( 6.7s)
[ 540/550] ZECUSDT              rows=   208  ( 4.4s)
[ 536/550] YBUSDT               rows=   213  ( 4.6s)
[ 538/550] ZAMAUSDT             rows=    99  ( 5.6s)
[ 539/550] ZBTUSDT              rows=   207  ( 6.6s)
[ 537/550] YGGUSDT              rows=  1009  ( 7.3s)
[ 545/550] ZKPUSDT              rows=   142  ( 4.3s)
[ 544/550] ZKCUSDT              rows=   239  ( 4.4s)
[ 541/550] ZENUSDT              rows=   491  ( 6.0s)
[ 542/550] ZETAUSDT             rows=   827  ( 6.6s)
[ 543/550] ZILUSDT              rows=  1495  ( 7.5s)
[ 546/550] ZKUSDT               rows=   694  ( 5.3s)
[ 548/550] ZROUSDT              rows=   691  ( 6.4s)
[ 549/550] ZRXUSDT              rows=  1463  ( 6.5s)
[ 550/550] 龙虾USDT               rows=    60  ( 6.5s)
[ 547/550] ZORAUSDT             rows=   384  ( 7.9s)
Exception ignored in: <function _ProactorBasePipeTransport.__del__ at 0x0000022770876940>
Traceback (most recent call last):
  File "C:\Users\user\anaconda3\lib\asyncio\proactor_events.py", line 116, in __del__
    self.close()
  File "C:\Users\user\anaconda3\lib\asyncio\proactor_events.py", line 108, in close
    self._loop.call_soon(self._call_connection_lost, None)
  File "C:\Users\user\anaconda3\lib\asyncio\base_events.py", line 751, in call_soon
    self._check_closed()
  File "C:\Users\user\anaconda3\lib\asyncio\base_events.py", line 515, in _check_closed
    raise RuntimeError('Event loop is closed')
RuntimeError: Event loop is closed
Exception ignored in: <function _ProactorBasePipeTransport.__del__ at 0x0000022770876940>
Traceback (most recent call last):
  File "C:\Users\user\anaconda3\lib\asyncio\proactor_events.py", line 116, in __del__
    self.close()
  File "C:\Users\user\anaconda3\lib\asyncio\proactor_events.py", line 108, in close
    self._loop.call_soon(self._call_connection_lost, None)
  File "C:\Users\user\anaconda3\lib\asyncio\base_events.py", line 751, in call_soon
    self._check_closed()
  File "C:\Users\user\anaconda3\lib\asyncio\base_events.py", line 515, in _check_closed
    raise RuntimeError('Event loop is closed')
RuntimeError: Event loop is closed
Exception ignored in: <function _ProactorBasePipeTransport.__del__ at 0x0000022770876940>
Traceback (most recent call last):
  File "C:\Users\user\anaconda3\lib\asyncio\proactor_events.py", line 116, in __del__
    self.close()
  File "C:\Users\user\anaconda3\lib\asyncio\proactor_events.py", line 108, in close
    self._loop.call_soon(self._call_connection_lost, None)
  File "C:\Users\user\anaconda3\lib\asyncio\base_events.py", line 751, in call_soon
    self._check_closed()
  File "C:\Users\user\anaconda3\lib\asyncio\base_events.py", line 515, in _check_closed
    raise RuntimeError('Event loop is closed')
RuntimeError: Event loop is closed
Exception ignored in: <function _ProactorBasePipeTransport.__del__ at 0x0000022770876940>
Traceback (most recent call last):
  File "C:\Users\user\anaconda3\lib\asyncio\proactor_events.py", line 116, in __del__
    self.close()
  File "C:\Users\user\anaconda3\lib\asyncio\proactor_events.py", line 108, in close
    self._loop.call_soon(self._call_connection_lost, None)
  File "C:\Users\user\anaconda3\lib\asyncio\base_events.py", line 751, in call_soon
    self._check_closed()
  File "C:\Users\user\anaconda3\lib\asyncio\base_events.py", line 515, in _check_closed
    raise RuntimeError('Event loop is closed')
RuntimeError: Event loop is closed
Exception ignored in: <function _ProactorBasePipeTransport.__del__ at 0x0000022770876940>
Traceback (most recent call last):
  File "C:\Users\user\anaconda3\lib\asyncio\proactor_events.py", line 116, in __del__
    self.close()
  File "C:\Users\user\anaconda3\lib\asyncio\proactor_events.py", line 108, in close
    self._loop.call_soon(self._call_connection_lost, None)
  File "C:\Users\user\anaconda3\lib\asyncio\base_events.py", line 751, in call_soon
    self._check_closed()
  File "C:\Users\user\anaconda3\lib\asyncio\base_events.py", line 515, in _check_closed
    raise RuntimeError('Event loop is closed')
RuntimeError: Event loop is closed
