=== Cycle 1 OOS + Micro (cache-only) ===

=== build cache ('kr', 'trend_pullback', '1d') ===
    [kr/trend_pullback/1d] loaded 100 (skip 0)
    [kr/trend_pullback/1d] loaded 200 (skip 0)
    [kr/trend_pullback/1d] cache done: 299 symbols, skip 1, 17.8s
  kr/trend_pullback/1d th=60 [train]: n=10585 win=46.8% mean=7.21% Sharpe=14.75 PF=1.93
  kr/trend_pullback/1d th=60 [test]: n=7603 win=54.1% mean=10.63% Sharpe=24.77 PF=2.84

=== build cache ('us', 'trend_pullback', '1d') ===
    [us/trend_pullback/1d] loaded 100 (skip 1)
C:\Users\82109\Desktop\LYC\git\stock_total\backtest\strategies\trend_pullback.py:102: FutureWarning: The default fill_method='pad' in Series.pct_change is deprecated and will be removed in a future version. Either fill in any non-leading NA values prior to calling pct_change or specify 'fill_method=None' to not fill NA values.
  ret1 = close.pct_change()
C:\Users\82109\Desktop\LYC\git\stock_total\backtest\strategies\trend_pullback.py:117: FutureWarning: The default fill_method='pad' in Series.pct_change is deprecated and will be removed in a future version. Either fill in any non-leading NA values prior to calling pct_change or specify 'fill_method=None' to not fill NA values.
  is_up = (close > open_) & (close.pct_change() > 0)
    [us/trend_pullback/1d] loaded 200 (skip 1)
C:\Users\82109\Desktop\LYC\git\stock_total\backtest\strategies\trend_pullback.py:102: FutureWarning: The default fill_method='pad' in Series.pct_change is deprecated and will be removed in a future version. Either fill in any non-leading NA values prior to calling pct_change or specify 'fill_method=None' to not fill NA values.
  ret1 = close.pct_change()
C:\Users\82109\Desktop\LYC\git\stock_total\backtest\strategies\trend_pullback.py:117: FutureWarning: The default fill_method='pad' in Series.pct_change is deprecated and will be removed in a future version. Either fill in any non-leading NA values prior to calling pct_change or specify 'fill_method=None' to not fill NA values.
  is_up = (close > open_) & (close.pct_change() > 0)
    [us/trend_pullback/1d] cache done: 297 symbols, skip 3, 22.0s
  us/trend_pullback/1d th=70 [train]: n=12247 win=50.6% mean=8.19% Sharpe=18.27 PF=2.12
  us/trend_pullback/1d th=70 [test]: n=6856 win=51.6% mean=8.94% Sharpe=21.46 PF=2.33

=== build cache ('kr', 'trend_chase', '1d') ===
    [kr/trend_chase/1d] loaded 100 (skip 0)
    [kr/trend_chase/1d] loaded 200 (skip 0)
    [kr/trend_chase/1d] cache done: 299 symbols, skip 1, 14.6s
  kr/trend_chase/1d th=60 [train]: n=2810 win=44.0% mean=4.53% Sharpe=5.0 PF=1.55
  kr/trend_chase/1d th=60 [test]: n=1203 win=57.2% mean=11.71% Sharpe=12.44 PF=3.18

=== build cache ('us', 'trend_chase', '1d') ===
    [us/trend_chase/1d] loaded 100 (skip 1)
C:\Users\82109\Desktop\LYC\git\stock_total\backtest\strategies\trend_chase.py:85: FutureWarning: The default fill_method='pad' in Series.pct_change is deprecated and will be removed in a future version. Either fill in any non-leading NA values prior to calling pct_change or specify 'fill_method=None' to not fill NA values.
  ret = close.pct_change()
    [us/trend_chase/1d] loaded 200 (skip 1)
C:\Users\82109\Desktop\LYC\git\stock_total\backtest\strategies\trend_chase.py:85: FutureWarning: The default fill_method='pad' in Series.pct_change is deprecated and will be removed in a future version. Either fill in any non-leading NA values prior to calling pct_change or specify 'fill_method=None' to not fill NA values.
  ret = close.pct_change()
    [us/trend_chase/1d] cache done: 297 symbols, skip 3, 17.9s
  us/trend_chase/1d th=60 [train]: n=1329 win=48.5% mean=6.88% Sharpe=5.42 PF=2.01
  us/trend_chase/1d th=60 [test]: n=875 win=48.5% mean=6.52% Sharpe=6.15 PF=1.99

=== build cache ('kr', 'quiet_bottom', '1w') ===
    [kr/quiet_bottom/1w] loaded 100 (skip 0)
    [kr/quiet_bottom/1w] loaded 200 (skip 1)
    [kr/quiet_bottom/1w] cache done: 298 symbols, skip 2, 36.7s
  kr/quiet_bottom/1w th=binary [train]: n=374 win=65.8% mean=19.09% Sharpe=6.68 PF=4.66
  kr/quiet_bottom/1w th=binary [test]: n=230 win=51.7% mean=11.61% Sharpe=4.07 PF=2.5

=== build cache ('us', 'quiet_bottom', '1w') ===
    [us/quiet_bottom/1w] loaded 100 (skip 1)
    [us/quiet_bottom/1w] loaded 200 (skip 2)
    [us/quiet_bottom/1w] cache done: 296 symbols, skip 4, 65.0s
  us/quiet_bottom/1w th=binary [train]: n=254 win=57.1% mean=13.12% Sharpe=3.6 PF=2.77
  us/quiet_bottom/1w th=binary [test]: n=159 win=56.0% mean=18.25% Sharpe=5.12 PF=3.93

saved: C:\Users\82109\Desktop\LYC\git\stock_total\scripts\out\optimize\deep\grids\cycle1_oos_split.csv

=== build cache for micro grid: kr/trend_pullback/1d ===
    [kr/trend_pullback/1d] loaded 100 (skip 0)
    [kr/trend_pullback/1d] loaded 200 (skip 0)
    [kr/trend_pullback/1d] cache done: 299 symbols, skip 1, 12.7s
  [1/40] hold_180d_trail15_TP20: n=18188 mean=5.36% Sharpe=14.53 PF=1.92
  [2/40] hold_180d_trail15_TP25: n=18188 mean=5.96% Sharpe=15.06 PF=2.02
C:\Users\82109\Desktop\LYC\git\stock_total\.venv\Lib\site-packages\numpy\core\fromnumeric.py:59: RuntimeWarning: overflow encountered in accumulate
  return bound(*args, **kwds)
C:\Users\82109\Desktop\LYC\git\stock_total\scripts\optimize\cycle1_oos_micro.py:220: RuntimeWarning: invalid value encountered in divide
  dd = float((eq / peak - 1.0).min() * 100)
  [3/40] hold_180d_trail15_TP30: n=18188 mean=6.5% Sharpe=15.43 PF=2.11
  [4/40] hold_180d_trail15_TP35: n=18188 mean=6.87% Sharpe=15.56 PF=2.17
  [5/40] hold_180d_trail18_TP20: n=18188 mean=6.24% Sharpe=16.09 PF=1.98
  [6/40] hold_180d_trail18_TP25: n=18188 mean=6.94% Sharpe=16.59 PF=2.07
  [7/40] hold_180d_trail18_TP30: n=18188 mean=7.61% Sharpe=17.0 PF=2.17
  [8/40] hold_180d_trail18_TP35: n=18188 mean=8.2% Sharpe=17.31 PF=2.26
  [9/40] hold_180d_trail20_TP20: n=18188 mean=6.81% Sharpe=17.13 PF=2.04
  [10/40] hold_180d_trail20_TP25: n=18188 mean=7.59% Sharpe=17.62 PF=2.12
  [11/40] hold_180d_trail20_TP30: n=18188 mean=8.31% Sharpe=17.97 PF=2.21
  [12/40] hold_180d_trail20_TP35: n=18188 mean=8.97% Sharpe=18.29 PF=2.3
  [13/40] hold_180d_trail22_TP20: n=18188 mean=7.32% Sharpe=18.04 PF=2.09
  [14/40] hold_180d_trail22_TP25: n=18188 mean=8.27% Sharpe=18.76 PF=2.18
  [15/40] hold_180d_trail22_TP30: n=18188 mean=9.15% Sharpe=19.29 PF=2.29
  [16/40] hold_180d_trail22_TP35: n=18188 mean=9.94% Sharpe=19.7 PF=2.39
  [17/40] hold_180d_trail25_TP20: n=18188 mean=8.07% Sharpe=19.43 PF=2.2
  [18/40] hold_180d_trail25_TP25: n=18188 mean=9.21% Sharpe=20.35 PF=2.29
  [19/40] hold_180d_trail25_TP30: n=18188 mean=10.28% Sharpe=21.04 PF=2.4
  [20/40] hold_180d_trail25_TP35: n=18188 mean=11.17% Sharpe=21.45 PF=2.51
  [21/40] hold_252d_trail15_TP20: n=18188 mean=5.5% Sharpe=14.82 PF=1.95
  [22/40] hold_252d_trail15_TP25: n=18188 mean=6.12% Sharpe=15.36 PF=2.05
  [23/40] hold_252d_trail15_TP30: n=18188 mean=6.68% Sharpe=15.77 PF=2.14
  [24/40] hold_252d_trail15_TP35: n=18188 mean=7.09% Sharpe=15.92 PF=2.21
  [25/40] hold_252d_trail18_TP20: n=18188 mean=6.43% Sharpe=16.48 PF=2.01
  [26/40] hold_252d_trail18_TP25: n=18188 mean=7.17% Sharpe=17.0 PF=2.11
  [27/40] hold_252d_trail18_TP30: n=18188 mean=7.89% Sharpe=17.46 PF=2.21
  [28/40] hold_252d_trail18_TP35: n=18188 mean=8.52% Sharpe=17.79 PF=2.31
  [29/40] hold_252d_trail20_TP20: n=18188 mean=7.04% Sharpe=17.54 PF=2.07
  [30/40] hold_252d_trail20_TP25: n=18188 mean=7.85% Sharpe=18.04 PF=2.15
  [31/40] hold_252d_trail20_TP30: n=18188 mean=8.64% Sharpe=18.46 PF=2.25
  [32/40] hold_252d_trail20_TP35: n=18188 mean=9.36% Sharpe=18.82 PF=2.35
  [33/40] hold_252d_trail22_TP20: n=18188 mean=7.58% Sharpe=18.5 PF=2.12
  [34/40] hold_252d_trail22_TP25: n=18188 mean=8.58% Sharpe=19.24 PF=2.21
  [35/40] hold_252d_trail22_TP30: n=18188 mean=9.58% Sharpe=19.9 PF=2.33
  [36/40] hold_252d_trail22_TP35: n=18188 mean=10.44% Sharpe=20.35 PF=2.44
  [37/40] hold_252d_trail25_TP20: n=18188 mean=8.34% Sharpe=19.81 PF=2.21
  [38/40] hold_252d_trail25_TP25: n=18188 mean=9.54% Sharpe=20.72 PF=2.3
  [39/40] hold_252d_trail25_TP30: n=18188 mean=10.76% Sharpe=21.57 PF=2.42
  [40/40] hold_252d_trail25_TP35: n=18188 mean=11.75% Sharpe=22.04 PF=2.53
saved: C:\Users\82109\Desktop\LYC\git\stock_total\scripts\out\optimize\deep\grids\cycle1_exit_micro_kr.csv

Total elapsed: 468.5s
