
=== CRYPTO / trend_chase / 1w (universe=300, files=553, rules=3, thresholds=[60, 70, 75, 80, 85, 90]) ===
  loaded 50/300 (skipped 1)
  loaded 100/300 (skipped 3)
  loaded 150/300 (skipped 3)
  loaded 200/300 (skipped 4)
  loaded 250/300 (skipped 6)
  loaded total: 292 symbols, skipped 8. elapsed 5.6s
  th=    60 rule=hold_13w_trail15_cut1w           n=   1 win=100.0% mean=+25.0% total=  +25.0% MDD=  +0.0% Sharpe=+0.00 PF=99.99
  th=    60 rule=hold_8w_trail15                  n=   1 win=100.0% mean=+25.0% total=  +25.0% MDD=  +0.0% Sharpe=+0.00 PF=99.99
  th=    60 rule=hold_13w_trail20_TP30            n=   1 win=100.0% mean=+34.9% total=  +34.9% MDD=  +0.0% Sharpe=+0.00 PF=99.99
  th=    70 rule=hold_13w_trail15_cut1w           n=   1 win=100.0% mean=+25.0% total=  +25.0% MDD=  +0.0% Sharpe=+0.00 PF=99.99
  th=    70 rule=hold_8w_trail15                  n=   1 win=100.0% mean=+25.0% total=  +25.0% MDD=  +0.0% Sharpe=+0.00 PF=99.99
  th=    70 rule=hold_13w_trail20_TP30            n=   1 win=100.0% mean=+34.9% total=  +34.9% MDD=  +0.0% Sharpe=+0.00 PF=99.99
  th=    75 rule=hold_13w_trail15_cut1w           n=   1 win=100.0% mean=+25.0% total=  +25.0% MDD=  +0.0% Sharpe=+0.00 PF=99.99
  th=    75 rule=hold_8w_trail15                  n=   1 win=100.0% mean=+25.0% total=  +25.0% MDD=  +0.0% Sharpe=+0.00 PF=99.99
  th=    75 rule=hold_13w_trail20_TP30            n=   1 win=100.0% mean=+34.9% total=  +34.9% MDD=  +0.0% Sharpe=+0.00 PF=99.99
  th=    80 rule=hold_13w_trail15_cut1w           n=   1 win=100.0% mean=+25.0% total=  +25.0% MDD=  +0.0% Sharpe=+0.00 PF=99.99
  th=    80 rule=hold_8w_trail15                  n=   1 win=100.0% mean=+25.0% total=  +25.0% MDD=  +0.0% Sharpe=+0.00 PF=99.99
  th=    80 rule=hold_13w_trail20_TP30            n=   1 win=100.0% mean=+34.9% total=  +34.9% MDD=  +0.0% Sharpe=+0.00 PF=99.99
  th=    85 rule=hold_13w_trail15_cut1w           n=   1 win=100.0% mean=+25.0% total=  +25.0% MDD=  +0.0% Sharpe=+0.00 PF=99.99
  th=    85 rule=hold_8w_trail15                  n=   1 win=100.0% mean=+25.0% total=  +25.0% MDD=  +0.0% Sharpe=+0.00 PF=99.99
  th=    85 rule=hold_13w_trail20_TP30            n=   1 win=100.0% mean=+34.9% total=  +34.9% MDD=  +0.0% Sharpe=+0.00 PF=99.99
  th=    90 rule=hold_13w_trail15_cut1w           n=   1 win=100.0% mean=+25.0% total=  +25.0% MDD=  +0.0% Sharpe=+0.00 PF=99.99
  th=    90 rule=hold_8w_trail15                  n=   1 win=100.0% mean=+25.0% total=  +25.0% MDD=  +0.0% Sharpe=+0.00 PF=99.99
  th=    90 rule=hold_13w_trail20_TP30            n=   1 win=100.0% mean=+34.9% total=  +34.9% MDD=  +0.0% Sharpe=+0.00 PF=99.99
  saved: C:\Users\82109\Desktop\LYC\git\stock_total\scripts\out\optimize\crypto_trend_chase_1w_grid.csv
