
=== CRYPTO / trend_chase / 1d (universe=300, files=553, rules=3, thresholds=[60, 70, 75, 80, 85, 90]) ===
  loaded 50/300 (skipped 0)
  loaded 100/300 (skipped 1)
  loaded 150/300 (skipped 1)
  loaded 200/300 (skipped 1)
  loaded 250/300 (skipped 1)
  loaded total: 299 symbols, skipped 1. elapsed 5.4s
  th=    60 rule=hold_60d_trail15_cut3d           n= 305 win=45.2% mean=+13.5% total=+676201486951.0% MDD= -87.6% Sharpe=+2.04 PF= 3.36
  th=    60 rule=hold_30d_trail10                 n= 305 win=46.2% mean= +5.8% total=+1343962.1% MDD= -77.8% Sharpe=+1.38 PF= 2.23
  th=    60 rule=hold_60d_trail20_TP30            n= 305 win=57.4% mean=+10.7% total=+308870155699.9% MDD= -85.6% Sharpe=+2.85 PF= 2.72
  th=    70 rule=hold_60d_trail15_cut3d           n= 209 win=43.5% mean=+10.2% total=+19891712.2% MDD= -84.6% Sharpe=+1.65 PF= 2.74
  th=    70 rule=hold_30d_trail10                 n= 209 win=45.5% mean= +4.4% total=+9562.4% MDD= -74.8% Sharpe=+1.07 PF= 1.87
  th=    70 rule=hold_60d_trail20_TP30            n= 209 win=56.9% mean=+10.8% total=+170533735.5% MDD= -85.3% Sharpe=+2.23 PF= 2.58
  th=    75 rule=hold_60d_trail15_cut3d           n= 138 win=36.2% mean= +7.0% total=+10177.6% MDD= -74.4% Sharpe=+0.98 PF= 2.09
  th=    75 rule=hold_30d_trail10                 n= 138 win=41.3% mean= +2.6% total= +149.1% MDD= -71.9% Sharpe=+0.58 PF= 1.45
  th=    75 rule=hold_60d_trail20_TP30            n= 138 win=53.6% mean= +9.6% total=+309433.9% MDD= -76.9% Sharpe=+1.62 PF= 2.34
  th=    80 rule=hold_60d_trail15_cut3d           n= 127 win=37.0% mean= +7.2% total=+7652.5% MDD= -78.9% Sharpe=+0.94 PF= 2.12
  th=    80 rule=hold_30d_trail10                 n= 127 win=41.7% mean= +2.6% total= +104.1% MDD= -71.9% Sharpe=+0.54 PF= 1.43
  th=    80 rule=hold_60d_trail20_TP30            n= 127 win=54.3% mean= +9.7% total=+152548.8% MDD= -76.9% Sharpe=+1.54 PF= 2.31
  th=    85 rule=hold_60d_trail15_cut3d           n=  88 win=36.4% mean= +4.9% total= +495.2% MDD= -83.4% Sharpe=+0.68 PF= 1.70
  th=    85 rule=hold_30d_trail10                 n=  88 win=38.6% mean= +1.4% total=  -37.8% MDD= -75.4% Sharpe=+0.26 PF= 1.21
  th=    85 rule=hold_60d_trail20_TP30            n=  88 win=55.7% mean=+10.7% total=+35163.5% MDD= -68.5% Sharpe=+1.37 PF= 2.51
  th=    90 rule=hold_60d_trail15_cut3d           n=  59 win=35.6% mean= +5.9% total= +315.7% MDD= -73.0% Sharpe=+0.60 PF= 1.79
  th=    90 rule=hold_30d_trail10                 n=  59 win=45.8% mean= +1.9% total=   -6.4% MDD= -86.3% Sharpe=+0.28 PF= 1.28
  th=    90 rule=hold_60d_trail20_TP30            n=  59 win=57.6% mean=+12.3% total=+10951.2% MDD= -53.4% Sharpe=+1.25 PF= 2.82
  saved: C:\Users\82109\Desktop\LYC\git\stock_total\scripts\out\optimize\crypto_trend_chase_1d_grid.csv
