
=== KR / trend_chase / 1w (universe=300, files=948, rules=4, thresholds=[60, 70, 75, 80, 85, 90]) ===
  loaded 50/300 (skipped 0)
  loaded 100/300 (skipped 0)
  loaded 150/300 (skipped 1)
  loaded 200/300 (skipped 1)
  loaded 250/300 (skipped 1)
  loaded total: 298 symbols, skipped 2. elapsed 6.8s
  th=    60 rule=hold_52w_trail20_TP30            n=  81 win=67.9% mean=+15.5% total=+1746248.0% MDD= -59.7% Sharpe=+2.42 PF= 4.80
  th=    60 rule=hold_26w_trail15                 n=  81 win=60.5% mean=+12.8% total=+125635.8% MDD= -70.1% Sharpe=+1.54 PF= 3.75
  th=    60 rule=hold_52w_trail15                 n=  81 win=59.3% mean=+16.0% total=+880720.2% MDD= -67.2% Sharpe=+1.83 PF= 4.40
  th=    60 rule=hold_26w_trail20_TP25            n=  81 win=66.7% mean= +9.4% total=+36958.5% MDD= -54.8% Sharpe=+1.79 PF= 3.17
  th=    70 rule=hold_52w_trail20_TP30            n=  60 win=70.0% mean=+16.0% total=+174590.4% MDD= -56.7% Sharpe=+2.14 PF= 5.15
  th=    70 rule=hold_26w_trail15                 n=  60 win=60.0% mean=+11.2% total=+7803.2% MDD= -65.4% Sharpe=+1.15 PF= 3.28
  th=    70 rule=hold_52w_trail15                 n=  60 win=58.3% mean=+15.5% total=+55146.9% MDD= -64.7% Sharpe=+1.48 PF= 4.23
  th=    70 rule=hold_26w_trail20_TP25            n=  60 win=66.7% mean= +8.5% total=+4694.6% MDD= -58.4% Sharpe=+1.39 PF= 2.88
  th=    75 rule=hold_52w_trail20_TP30            n=  43 win=72.1% mean=+16.1% total=+17618.9% MDD= -56.7% Sharpe=+1.68 PF= 4.43
  th=    75 rule=hold_26w_trail15                 n=  43 win=58.1% mean=+15.1% total=+7509.0% MDD= -65.4% Sharpe=+1.18 PF= 4.07
  th=    75 rule=hold_52w_trail15                 n=  43 win=58.1% mean=+18.5% total=+18583.8% MDD= -64.7% Sharpe=+1.33 PF= 4.25
  th=    75 rule=hold_26w_trail20_TP25            n=  43 win=65.1% mean= +8.8% total=+1600.7% MDD= -52.5% Sharpe=+1.18 PF= 2.90
  th=    80 rule=hold_52w_trail20_TP30            n=  37 win=73.0% mean=+16.9% total=+10452.2% MDD= -56.7% Sharpe=+1.60 PF= 4.61
  th=    80 rule=hold_26w_trail15                 n=  37 win=64.9% mean=+16.8% total=+7185.1% MDD= -55.1% Sharpe=+1.22 PF= 4.86
  th=    80 rule=hold_52w_trail15                 n=  37 win=62.2% mean=+19.4% total=+12000.4% MDD= -67.3% Sharpe=+1.31 PF= 4.73
  th=    80 rule=hold_26w_trail20_TP25            n=  37 win=73.0% mean=+10.9% total=+2284.3% MDD= -46.5% Sharpe=+1.37 PF= 3.80
  th=    85 rule=hold_52w_trail20_TP30            n=  29 win=75.9% mean=+18.2% total=+4937.7% MDD= -56.7% Sharpe=+1.49 PF= 4.93
  th=    85 rule=hold_26w_trail15                 n=  29 win=65.5% mean=+18.0% total=+3389.7% MDD= -55.1% Sharpe=+1.09 PF= 5.03
  th=    85 rule=hold_52w_trail15                 n=  29 win=62.1% mean=+22.1% total=+6729.6% MDD= -67.3% Sharpe=+1.23 PF= 4.99
  th=    85 rule=hold_26w_trail20_TP25            n=  29 win=75.9% mean=+11.9% total=+1377.3% MDD= -46.5% Sharpe=+1.27 PF= 4.04
  th=    90 rule=hold_52w_trail20_TP30            n=  21 win=81.0% mean=+22.2% total=+4328.1% MDD= -25.1% Sharpe=+1.75 PF=11.38
  th=    90 rule=hold_26w_trail15                 n=  21 win=61.9% mean=+22.4% total=+2708.5% MDD= -17.8% Sharpe=+1.09 PF= 7.30
  th=    90 rule=hold_52w_trail15                 n=  21 win=61.9% mean=+26.7% total=+5177.3% MDD= -25.1% Sharpe=+1.24 PF= 8.47
  th=    90 rule=hold_26w_trail20_TP25            n=  21 win=76.2% mean=+14.4% total=+1166.6% MDD= -17.8% Sharpe=+1.44 PF= 6.20
  saved: C:\Users\82109\Desktop\LYC\git\stock_total\scripts\out\optimize\kr_trend_chase_1w_grid.csv
