
=== CRYPTO / trend_pullback / 1w (universe=300, files=553, rules=3, thresholds=[60, 70, 75, 80, 85, 90]) ===
  loaded 50/300 (skipped 1)
  loaded 100/300 (skipped 3)
  loaded 150/300 (skipped 3)
  loaded 200/300 (skipped 4)
  loaded 250/300 (skipped 6)
  loaded total: 292 symbols, skipped 8. elapsed 6.1s
  th=    60 rule=hold_13w_trail15_cut1w           n= 658 win=26.3% mean= +5.0% total=+2927.9% MDD=-100.0% Sharpe=+1.29 PF= 1.64
  th=    60 rule=hold_8w_trail15                  n= 658 win=44.4% mean=+10.5% total=+76286.3% MDD=-100.0% Sharpe=+2.01 PF= 1.86
  th=    60 rule=hold_13w_trail20_TP30            n= 658 win=47.1% mean= +6.5% total= -100.0% MDD=-100.0% Sharpe=+1.65 PF= 1.46
  th=    70 rule=hold_13w_trail15_cut1w           n= 388 win=28.4% mean= +7.6% total=+3086855.5% MDD= -98.6% Sharpe=+1.45 PF= 2.08
  th=    70 rule=hold_8w_trail15                  n= 388 win=44.8% mean= +9.8% total=+3232.1% MDD=-100.0% Sharpe=+1.48 PF= 1.81
  th=    70 rule=hold_13w_trail20_TP30            n= 388 win=48.2% mean= +7.6% total=  -93.6% MDD=-100.0% Sharpe=+1.45 PF= 1.55
  th=    75 rule=hold_13w_trail15_cut1w           n= 333 win=28.8% mean= +7.5% total=+827001.6% MDD= -96.0% Sharpe=+1.34 PF= 2.10
  th=    75 rule=hold_8w_trail15                  n= 333 win=46.2% mean= +9.9% total=+4932.8% MDD=-100.0% Sharpe=+1.41 PF= 1.83
  th=    75 rule=hold_13w_trail20_TP30            n= 333 win=50.5% mean= +9.1% total=+1899.8% MDD=-100.0% Sharpe=+1.60 PF= 1.69
  th=    80 rule=hold_13w_trail15_cut1w           n= 207 win=31.9% mean=+10.6% total=+3206153.9% MDD= -84.5% Sharpe=+1.39 PF= 2.70
  th=    80 rule=hold_8w_trail15                  n= 207 win=45.9% mean= +8.4% total= +917.9% MDD= -98.0% Sharpe=+1.08 PF= 1.75
  th=    80 rule=hold_13w_trail20_TP30            n= 207 win=50.7% mean= +8.9% total=+1136.1% MDD= -99.3% Sharpe=+1.29 PF= 1.71
  th=    85 rule=hold_13w_trail15_cut1w           n= 142 win=28.2% mean= +9.0% total=+16904.4% MDD= -86.0% Sharpe=+0.95 PF= 2.47
  th=    85 rule=hold_8w_trail15                  n= 142 win=42.3% mean= +5.0% total=  -87.3% MDD= -99.1% Sharpe=+0.56 PF= 1.43
  th=    85 rule=hold_13w_trail20_TP30            n= 142 win=50.0% mean= +7.5% total=  +92.9% MDD= -99.1% Sharpe=+0.91 PF= 1.59
  th=    90 rule=hold_13w_trail15_cut1w           n=  86 win=30.2% mean= +9.2% total=+4770.1% MDD= -54.2% Sharpe=+0.81 PF= 2.86
  th=    90 rule=hold_8w_trail15                  n=  86 win=48.8% mean= +9.7% total=+1326.6% MDD= -94.8% Sharpe=+0.83 PF= 1.96
  th=    90 rule=hold_13w_trail20_TP30            n=  86 win=57.0% mean=+10.1% total=+1986.9% MDD= -95.9% Sharpe=+1.04 PF= 1.93
  saved: C:\Users\82109\Desktop\LYC\git\stock_total\scripts\out\optimize\crypto_trend_pullback_1w_grid.csv
