
=== KR / trend_pullback / 1d (universe=300, files=948, rules=4, thresholds=[60, 70, 75, 80, 85, 90]) ===
  loaded 50/300 (skipped 0)
  loaded 100/300 (skipped 0)
  loaded 150/300 (skipped 0)
  loaded 200/300 (skipped 0)
  loaded 250/300 (skipped 0)
  loaded total: 299 symbols, skipped 1. elapsed 5.6s
C:\Users\82109\Desktop\LYC\git\stock_total\.venv\Lib\site-packages\numpy\core\fromnumeric.py:59: RuntimeWarning: overflow encountered in accumulate
  return bound(*args, **kwds)
C:\Users\82109\Desktop\LYC\git\stock_total\scripts\optimize_grid.py:131: RuntimeWarning: invalid value encountered in divide
  dd = float((eq / peak - 1.0).min() * 100)
  th=    60 rule=hold_252d_trail20_TP30           n=18143 win=49.8% mean= +8.6% total=   +inf% MDD=  +nan% Sharpe=+18.40 PF= 2.25
  th=    60 rule=hold_60d_trail15                 n=18143 win=47.8% mean= +6.4% total=+40547905176152328629860007135660510326146667401546665890869810558414583150094761954185531131797816905064428599969421402265373891681274572672642050585452881541945718132344047954350458333028155650962710890482211146149379478177551726354221372595656678017589247349975195765926212403200.0% MDD=-100.0% Sharpe=+10.73 PF= 2.15
  th=    60 rule=hold_120d_trail20_TP25           n=18143 win=53.1% mean= +7.1% total=   +inf% MDD=  +nan% Sharpe=+16.95 PF= 2.09
  th=    60 rule=hold_252d_trail15                n=18143 win=47.6% mean= +9.1% total=   +inf% MDD=  +nan% Sharpe=+12.90 PF= 2.55
  th=    70 rule=hold_252d_trail20_TP30           n=19540 win=49.2% mean= +8.2% total=   +inf% MDD=  +nan% Sharpe=+18.27 PF= 2.16
  th=    70 rule=hold_60d_trail15                 n=19540 win=46.9% mean= +5.9% total=+50296699186895399881812613003414858224116024352218972260744658636114903319291144250988763415889144582977575650282611056048510656193893189711270248260260132293704897447661794209692363260494352811177695926398883054183988863546979858934889790406199621402813220354260992.0% MDD=-100.0% Sharpe=+9.94 PF= 2.04
  th=    70 rule=hold_120d_trail20_TP25           n=19540 win=52.3% mean= +6.8% total=   +inf% MDD=  +nan% Sharpe=+16.81 PF= 2.01
  th=    70 rule=hold_252d_trail15                n=19540 win=46.7% mean= +8.6% total=   +inf% MDD=  +nan% Sharpe=+12.33 PF= 2.43
  th=    75 rule=hold_252d_trail20_TP30           n=17823 win=48.9% mean= +7.9% total=   +inf% MDD=  +nan% Sharpe=+17.57 PF= 2.10
  th=    75 rule=hold_60d_trail15                 n=17823 win=46.4% mean= +5.5% total=+11415522610974130938764664136869969590925349044783393491311914456112397031284431897363290127027688338817881943702081574362917141861803748064915741806578182681474714019058429573281598070485796610799038047817490373804032.0% MDD=-100.0% Sharpe=+8.95 PF= 1.96
  th=    75 rule=hold_120d_trail20_TP25           n=17823 win=51.8% mean= +6.6% total=   +inf% MDD=  +nan% Sharpe=+16.42 PF= 1.97
  th=    75 rule=hold_252d_trail15                n=17823 win=46.2% mean= +8.1% total=   +inf% MDD=  +nan% Sharpe=+11.18 PF= 2.32
  th=    80 rule=hold_252d_trail20_TP30           n=14512 win=48.7% mean= +7.8% total=+104328039764777530233040676096360189937133380724195166358304982958143202210366242997008247778999398693099767471416235640786400309411606008383282109715555860760468656486813534771985848377523704768135443353640887937622211336695170159228441011819163385553542822792430216346363939474632262647723490747088896.0% MDD=-100.0% Sharpe=+15.58 PF= 2.08
  th=    80 rule=hold_60d_trail15                 n=14512 win=46.0% mean= +5.2% total=+10616513592518623882087463110186182582895830491937972291510316566438936010091476194407898130014304061403928674457284271734467543040545258065979205619210892458590208.0% MDD=-100.0% Sharpe=+8.55 PF= 1.89
  th=    80 rule=hold_120d_trail20_TP25           n=14512 win=51.2% mean= +6.4% total=+23468991861028322669976679675827792416076360233609778815106799823591591833617868345670145039879472737026884689032485148109770867254758672827270720841300023958629201052270800860455273890160967259870533805890271854233246086531399901346379772857934125876641792.0% MDD=-100.0% Sharpe=+14.50 PF= 1.94
  th=    80 rule=hold_252d_trail15                n=14512 win=45.9% mean= +7.6% total=+317673442750056561512896191574958268517948416306158875367230767544396031806622929898058907780774124562078798448322893645171627305263477581339688516727585331547486510313836311264044130302173326252057174423573744511599773561967244373907210240.0% MDD=-100.0% Sharpe=+10.52 PF= 2.23
  th=    85 rule=hold_252d_trail20_TP30           n=12132 win=48.4% mean= +7.7% total=+8494705956373079134178748423964644507242173076399042169456835077998459387078356689189590559764636225143796271072745598567461175652169486933388372807094166109295168932843510015268938794516354365212392064394145740234585576641272195062934323470054457344.0% MDD=-100.0% Sharpe=+14.13 PF= 2.07
  th=    85 rule=hold_60d_trail15                 n=12132 win=45.5% mean= +4.9% total=+466486348738435604923312139937098051700190097413482596470868067113344988568834860107003780726264020065112319803321303132668952576.0% MDD=-100.0% Sharpe=+8.43 PF= 1.83
  th=    85 rule=hold_120d_trail20_TP25           n=12132 win=50.7% mean= +6.3% total=+56742691764107029048643498994060321940085676856562707695105668297048415920053520313326476565304792943883933143744617870478875161383667730851078766927782903289196313507667557783724792809561187820347160201789440.0% MDD=-100.0% Sharpe=+13.00 PF= 1.91
  th=    85 rule=hold_252d_trail15                n=12132 win=45.6% mean= +7.4% total=+21380122853042885275803905305256857937565231469956979757109299794726565461324372260658863803184669871911740693052267418504926915135964348134350820602718886421693445075153900620936351959484800696320.0% MDD=-100.0% Sharpe=+10.24 PF= 2.19
  th=    90 rule=hold_252d_trail20_TP30           n=7405 win=48.5% mean= +7.7% total=+78289186175036193345098289631908243930109222746472273623920291686373969241820486566969758974936776321410096311247325233051876562075553728749654422023307264.0% MDD=-100.0% Sharpe=+11.11 PF= 2.07
  th=    90 rule=hold_60d_trail15                 n=7405 win=45.5% mean= +4.8% total=+5681881317891125919876360819265392758597173473407343355520252918007427235840.0% MDD=-100.0% Sharpe=+6.44 PF= 1.81
  th=    90 rule=hold_120d_trail20_TP25           n=7405 win=50.7% mean= +6.3% total=+11668992861031529585200905895384344578662298653352337357935081512924785032687797248215356710072647312891341950615072565954084864.0% MDD= -99.9% Sharpe=+10.11 PF= 1.91
  th=    90 rule=hold_252d_trail15                n=7405 win=45.7% mean= +7.3% total=+889158916950383497039666938349579075918834325953212842535050518698919272867786990750034975218945284161640076391082885120.0% MDD=-100.0% Sharpe=+7.91 PF= 2.19
  saved: C:\Users\82109\Desktop\LYC\git\stock_total\scripts\out\optimize\kr_trend_pullback_1d_grid.csv
