
=== CRYPTO / trend_chase / 4h (universe=300, files=553, rules=3, thresholds=[60, 70, 75, 80, 85, 90]) ===
C:\Users\82109\Desktop\LYC\git\stock_total\scripts\optimize_grid.py:249: FutureWarning: 'H' is deprecated and will be removed in a future version, please use 'h' instead.
  return df.resample("4H", label="left", closed="left").agg(agg).dropna()
C:\Users\82109\Desktop\LYC\git\stock_total\scripts\optimize_grid.py:249: FutureWarning: 'H' is deprecated and will be removed in a future version, please use 'h' instead.
  return df.resample("4H", label="left", closed="left").agg(agg).dropna()
C:\Users\82109\Desktop\LYC\git\stock_total\scripts\optimize_grid.py:249: FutureWarning: 'H' is deprecated and will be removed in a future version, please use 'h' instead.
  return df.resample("4H", label="left", closed="left").agg(agg).dropna()
C:\Users\82109\Desktop\LYC\git\stock_total\scripts\optimize_grid.py:249: FutureWarning: 'H' is deprecated and will be removed in a future version, please use 'h' instead.
  return df.resample("4H", label="left", closed="left").agg(agg).dropna()
C:\Users\82109\Desktop\LYC\git\stock_total\scripts\optimize_grid.py:249: FutureWarning: 'H' is deprecated and will be removed in a future version, please use 'h' instead.
  return df.resample("4H", label="left", closed="left").agg(agg).dropna()
C:\Users\82109\Desktop\LYC\git\stock_total\scripts\optimize_grid.py:249: FutureWarning: 'H' is deprecated and will be removed in a future version, please use 'h' instead.
  return df.resample("4H", label="left", closed="left").agg(agg).dropna()
C:\Users\82109\Desktop\LYC\git\stock_total\scripts\optimize_grid.py:249: FutureWarning: 'H' is deprecated and will be removed in a future version, please use 'h' instead.
  return df.resample("4H", label="left", closed="left").agg(agg).dropna()
C:\Users\82109\Desktop\LYC\git\stock_total\scripts\optimize_grid.py:249: FutureWarning: 'H' is deprecated and will be removed in a future version, please use 'h' instead.
  return df.resample("4H", label="left", closed="left").agg(agg).dropna()
C:\Users\82109\Desktop\LYC\git\stock_total\scripts\optimize_grid.py:249: FutureWarning: 'H' is deprecated and will be removed in a future version, please use 'h' instead.
  return df.resample("4H", label="left", closed="left").agg(agg).dropna()
C:\Users\82109\Desktop\LYC\git\stock_total\scripts\optimize_grid.py:249: FutureWarning: 'H' is deprecated and will be removed in a future version, please use 'h' instead.
  return df.resample("4H", label="left", closed="left").agg(agg).dropna()
C:\Users\82109\Desktop\LYC\git\stock_total\scripts\optimize_grid.py:249: FutureWarning: 'H' is deprecated and will be removed in a future version, please use 'h' instead.
  return df.resample("4H", label="left", closed="left").agg(agg).dropna()
C:\Users\82109\Desktop\LYC\git\stock_total\scripts\optimize_grid.py:249: FutureWarning: 'H' is deprecated and will be removed in a future version, please use 'h' instead.
  return df.resample("4H", label="left", closed="left").agg(agg).dropna()
C:\Users\82109\Desktop\LYC\git\stock_total\scripts\optimize_grid.py:249: FutureWarning: 'H' is deprecated and will be removed in a future version, please use 'h' instead.
  return df.resample("4H", label="left", closed="left").agg(agg).dropna()
C:\Users\82109\Desktop\LYC\git\stock_total\scripts\optimize_grid.py:249: FutureWarning: 'H' is deprecated and will be removed in a future version, please use 'h' instead.
  return df.resample("4H", label="left", closed="left").agg(agg).dropna()
C:\Users\82109\Desktop\LYC\git\stock_total\scripts\optimize_grid.py:249: FutureWarning: 'H' is deprecated and will be removed in a future version, please use 'h' instead.
  return df.resample("4H", label="left", closed="left").agg(agg).dropna()
C:\Users\82109\Desktop\LYC\git\stock_total\scripts\optimize_grid.py:249: FutureWarning: 'H' is deprecated and will be removed in a future version, please use 'h' instead.
  return df.resample("4H", label="left", closed="left").agg(agg).dropna()
C:\Users\82109\Desktop\LYC\git\stock_total\scripts\optimize_grid.py:249: FutureWarning: 'H' is deprecated and will be removed in a future version, please use 'h' instead.
  return df.resample("4H", label="left", closed="left").agg(agg).dropna()
C:\Users\82109\Desktop\LYC\git\stock_total\scripts\optimize_grid.py:249: FutureWarning: 'H' is deprecated and will be removed in a future version, please use 'h' instead.
  return df.resample("4H", label="left", closed="left").agg(agg).dropna()
C:\Users\82109\Desktop\LYC\git\stock_total\scripts\optimize_grid.py:249: FutureWarning: 'H' is deprecated and will be removed in a future version, please use 'h' instead.
  return df.resample("4H", label="left", closed="left").agg(agg).dropna()
C:\Users\82109\Desktop\LYC\git\stock_total\scripts\optimize_grid.py:249: FutureWarning: 'H' is deprecated and will be removed in a future version, please use 'h' instead.
  return df.resample("4H", label="left", closed="left").agg(agg).dropna()
C:\Users\82109\Desktop\LYC\git\stock_total\scripts\optimize_grid.py:249: FutureWarning: 'H' is deprecated and will be removed in a future version, please use 'h' instead.
  return df.resample("4H", label="left", closed="left").agg(agg).dropna()
C:\Users\82109\Desktop\LYC\git\stock_total\scripts\optimize_grid.py:249: FutureWarning: 'H' is deprecated and will be removed in a future version, please use 'h' instead.
  return df.resample("4H", label="left", closed="left").agg(agg).dropna()
C:\Users\82109\Desktop\LYC\git\stock_total\scripts\optimize_grid.py:249: FutureWarning: 'H' is deprecated and will be removed in a future version, please use 'h' instead.
  return df.resample("4H", label="left", closed="left").agg(agg).dropna()
C:\Users\82109\Desktop\LYC\git\stock_total\scripts\optimize_grid.py:249: FutureWarning: 'H' is deprecated and will be removed in a future version, please use 'h' instead.
  return df.resample("4H", label="left", closed="left").agg(agg).dropna()
C:\Users\82109\Desktop\LYC\git\stock_total\scripts\optimize_grid.py:249: FutureWarning: 'H' is deprecated and will be removed in a future version, please use 'h' instead.
  return df.resample("4H", label="left", closed="left").agg(agg).dropna()
C:\Users\82109\Desktop\LYC\git\stock_total\scripts\optimize_grid.py:249: FutureWarning: 'H' is deprecated and will be removed in a future version, please use 'h' instead.
  return df.resample("4H", label="left", closed="left").agg(agg).dropna()
C:\Users\82109\Desktop\LYC\git\stock_total\scripts\optimize_grid.py:249: FutureWarning: 'H' is deprecated and will be removed in a future version, please use 'h' instead.
  return df.resample("4H", label="left", closed="left").agg(agg).dropna()
C:\Users\82109\Desktop\LYC\git\stock_total\scripts\optimize_grid.py:249: FutureWarning: 'H' is deprecated and will be removed in a future version, please use 'h' instead.
  return df.resample("4H", label="left", closed="left").agg(agg).dropna()
C:\Users\82109\Desktop\LYC\git\stock_total\scripts\optimize_grid.py:249: FutureWarning: 'H' is deprecated and will be removed in a future version, please use 'h' instead.
  return df.resample("4H", label="left", closed="left").agg(agg).dropna()
C:\Users\82109\Desktop\LYC\git\stock_total\scripts\optimize_grid.py:249: FutureWarning: 'H' is deprecated and will be removed in a future version, please use 'h' instead.
  return df.resample("4H", label="left", closed="left").agg(agg).dropna()
C:\Users\82109\Desktop\LYC\git\stock_total\scripts\optimize_grid.py:249: FutureWarning: 'H' is deprecated and will be removed in a future version, please use 'h' instead.
  return df.resample("4H", label="left", closed="left").agg(agg).dropna()
C:\Users\82109\Desktop\LYC\git\stock_total\scripts\optimize_grid.py:249: FutureWarning: 'H' is deprecated and will be removed in a future version, please use 'h' instead.
  return df.resample("4H", label="left", closed="left").agg(agg).dropna()
C:\Users\82109\Desktop\LYC\git\stock_total\scripts\optimize_grid.py:249: FutureWarning: 'H' is deprecated and will be removed in a future version, please use 'h' instead.
  return df.resample("4H", label="left", closed="left").agg(agg).dropna()
C:\Users\82109\Desktop\LYC\git\stock_total\scripts\optimize_grid.py:249: FutureWarning: 'H' is deprecated and will be removed in a future version, please use 'h' instead.
  return df.resample("4H", label="left", closed="left").agg(agg).dropna()
C:\Users\82109\Desktop\LYC\git\stock_total\scripts\optimize_grid.py:249: FutureWarning: 'H' is deprecated and will be removed in a future version, please use 'h' instead.
  return df.resample("4H", label="left", closed="left").agg(agg).dropna()
C:\Users\82109\Desktop\LYC\git\stock_total\scripts\optimize_grid.py:249: FutureWarning: 'H' is deprecated and will be removed in a future version, please use 'h' instead.
  return df.resample("4H", label="left", closed="left").agg(agg).dropna()
C:\Users\82109\Desktop\LYC\git\stock_total\scripts\optimize_grid.py:249: FutureWarning: 'H' is deprecated and will be removed in a future version, please use 'h' instead.
  return df.resample("4H", label="left", closed="left").agg(agg).dropna()
C:\Users\82109\Desktop\LYC\git\stock_total\scripts\optimize_grid.py:249: FutureWarning: 'H' is deprecated and will be removed in a future version, please use 'h' instead.
  return df.resample("4H", label="left", closed="left").agg(agg).dropna()
C:\Users\82109\Desktop\LYC\git\stock_total\scripts\optimize_grid.py:249: FutureWarning: 'H' is deprecated and will be removed in a future version, please use 'h' instead.
  return df.resample("4H", label="left", closed="left").agg(agg).dropna()
C:\Users\82109\Desktop\LYC\git\stock_total\scripts\optimize_grid.py:249: FutureWarning: 'H' is deprecated and will be removed in a future version, please use 'h' instead.
  return df.resample("4H", label="left", closed="left").agg(agg).dropna()
C:\Users\82109\Desktop\LYC\git\stock_total\scripts\optimize_grid.py:249: FutureWarning: 'H' is deprecated and will be removed in a future version, please use 'h' instead.
  return df.resample("4H", label="left", closed="left").agg(agg).dropna()
C:\Users\82109\Desktop\LYC\git\stock_total\scripts\optimize_grid.py:249: FutureWarning: 'H' is deprecated and will be removed in a future version, please use 'h' instead.
  return df.resample("4H", label="left", closed="left").agg(agg).dropna()
C:\Users\82109\Desktop\LYC\git\stock_total\scripts\optimize_grid.py:249: FutureWarning: 'H' is deprecated and will be removed in a future version, please use 'h' instead.
  return df.resample("4H", label="left", closed="left").agg(agg).dropna()
C:\Users\82109\Desktop\LYC\git\stock_total\scripts\optimize_grid.py:249: FutureWarning: 'H' is deprecated and will be removed in a future version, please use 'h' instead.
  return df.resample("4H", label="left", closed="left").agg(agg).dropna()
C:\Users\82109\Desktop\LYC\git\stock_total\scripts\optimize_grid.py:249: FutureWarning: 'H' is deprecated and will be removed in a future version, please use 'h' instead.
  return df.resample("4H", label="left", closed="left").agg(agg).dropna()
C:\Users\82109\Desktop\LYC\git\stock_total\scripts\optimize_grid.py:249: FutureWarning: 'H' is deprecated and will be removed in a future version, please use 'h' instead.
  return df.resample("4H", label="left", closed="left").agg(agg).dropna()
C:\Users\82109\Desktop\LYC\git\stock_total\scripts\optimize_grid.py:249: FutureWarning: 'H' is deprecated and will be removed in a future version, please use 'h' instead.
  return df.resample("4H", label="left", closed="left").agg(agg).dropna()
C:\Users\82109\Desktop\LYC\git\stock_total\scripts\optimize_grid.py:249: FutureWarning: 'H' is deprecated and will be removed in a future version, please use 'h' instead.
  return df.resample("4H", label="left", closed="left").agg(agg).dropna()
C:\Users\82109\Desktop\LYC\git\stock_total\scripts\optimize_grid.py:249: FutureWarning: 'H' is deprecated and will be removed in a future version, please use 'h' instead.
  return df.resample("4H", label="left", closed="left").agg(agg).dropna()
C:\Users\82109\Desktop\LYC\git\stock_total\scripts\optimize_grid.py:249: FutureWarning: 'H' is deprecated and will be removed in a future version, please use 'h' instead.
  return df.resample("4H", label="left", closed="left").agg(agg).dropna()
  loaded 50/300 (skipped 0)
C:\Users\82109\Desktop\LYC\git\stock_total\scripts\optimize_grid.py:249: FutureWarning: 'H' is deprecated and will be removed in a future version, please use 'h' instead.
  return df.resample("4H", label="left", closed="left").agg(agg).dropna()
C:\Users\82109\Desktop\LYC\git\stock_total\scripts\optimize_grid.py:249: FutureWarning: 'H' is deprecated and will be removed in a future version, please use 'h' instead.
  return df.resample("4H", label="left", closed="left").agg(agg).dropna()
C:\Users\82109\Desktop\LYC\git\stock_total\scripts\optimize_grid.py:249: FutureWarning: 'H' is deprecated and will be removed in a future version, please use 'h' instead.
  return df.resample("4H", label="left", closed="left").agg(agg).dropna()
C:\Users\82109\Desktop\LYC\git\stock_total\scripts\optimize_grid.py:249: FutureWarning: 'H' is deprecated and will be removed in a future version, please use 'h' instead.
  return df.resample("4H", label="left", closed="left").agg(agg).dropna()
C:\Users\82109\Desktop\LYC\git\stock_total\scripts\optimize_grid.py:249: FutureWarning: 'H' is deprecated and will be removed in a future version, please use 'h' instead.
  return df.resample("4H", label="left", closed="left").agg(agg).dropna()
C:\Users\82109\Desktop\LYC\git\stock_total\scripts\optimize_grid.py:249: FutureWarning: 'H' is deprecated and will be removed in a future version, please use 'h' instead.
  return df.resample("4H", label="left", closed="left").agg(agg).dropna()
C:\Users\82109\Desktop\LYC\git\stock_total\scripts\optimize_grid.py:249: FutureWarning: 'H' is deprecated and will be removed in a future version, please use 'h' instead.
  return df.resample("4H", label="left", closed="left").agg(agg).dropna()
C:\Users\82109\Desktop\LYC\git\stock_total\scripts\optimize_grid.py:249: FutureWarning: 'H' is deprecated and will be removed in a future version, please use 'h' instead.
  return df.resample("4H", label="left", closed="left").agg(agg).dropna()
C:\Users\82109\Desktop\LYC\git\stock_total\scripts\optimize_grid.py:249: FutureWarning: 'H' is deprecated and will be removed in a future version, please use 'h' instead.
  return df.resample("4H", label="left", closed="left").agg(agg).dropna()
C:\Users\82109\Desktop\LYC\git\stock_total\scripts\optimize_grid.py:249: FutureWarning: 'H' is deprecated and will be removed in a future version, please use 'h' instead.
  return df.resample("4H", label="left", closed="left").agg(agg).dropna()
C:\Users\82109\Desktop\LYC\git\stock_total\scripts\optimize_grid.py:249: FutureWarning: 'H' is deprecated and will be removed in a future version, please use 'h' instead.
  return df.resample("4H", label="left", closed="left").agg(agg).dropna()
C:\Users\82109\Desktop\LYC\git\stock_total\scripts\optimize_grid.py:249: FutureWarning: 'H' is deprecated and will be removed in a future version, please use 'h' instead.
  return df.resample("4H", label="left", closed="left").agg(agg).dropna()
C:\Users\82109\Desktop\LYC\git\stock_total\scripts\optimize_grid.py:249: FutureWarning: 'H' is deprecated and will be removed in a future version, please use 'h' instead.
  return df.resample("4H", label="left", closed="left").agg(agg).dropna()
C:\Users\82109\Desktop\LYC\git\stock_total\scripts\optimize_grid.py:249: FutureWarning: 'H' is deprecated and will be removed in a future version, please use 'h' instead.
  return df.resample("4H", label="left", closed="left").agg(agg).dropna()
C:\Users\82109\Desktop\LYC\git\stock_total\scripts\optimize_grid.py:249: FutureWarning: 'H' is deprecated and will be removed in a future version, please use 'h' instead.
  return df.resample("4H", label="left", closed="left").agg(agg).dropna()
C:\Users\82109\Desktop\LYC\git\stock_total\scripts\optimize_grid.py:249: FutureWarning: 'H' is deprecated and will be removed in a future version, please use 'h' instead.
  return df.resample("4H", label="left", closed="left").agg(agg).dropna()
C:\Users\82109\Desktop\LYC\git\stock_total\scripts\optimize_grid.py:249: FutureWarning: 'H' is deprecated and will be removed in a future version, please use 'h' instead.
  return df.resample("4H", label="left", closed="left").agg(agg).dropna()
C:\Users\82109\Desktop\LYC\git\stock_total\scripts\optimize_grid.py:249: FutureWarning: 'H' is deprecated and will be removed in a future version, please use 'h' instead.
  return df.resample("4H", label="left", closed="left").agg(agg).dropna()
C:\Users\82109\Desktop\LYC\git\stock_total\scripts\optimize_grid.py:249: FutureWarning: 'H' is deprecated and will be removed in a future version, please use 'h' instead.
  return df.resample("4H", label="left", closed="left").agg(agg).dropna()
C:\Users\82109\Desktop\LYC\git\stock_total\scripts\optimize_grid.py:249: FutureWarning: 'H' is deprecated and will be removed in a future version, please use 'h' instead.
  return df.resample("4H", label="left", closed="left").agg(agg).dropna()
C:\Users\82109\Desktop\LYC\git\stock_total\scripts\optimize_grid.py:249: FutureWarning: 'H' is deprecated and will be removed in a future version, please use 'h' instead.
  return df.resample("4H", label="left", closed="left").agg(agg).dropna()
C:\Users\82109\Desktop\LYC\git\stock_total\scripts\optimize_grid.py:249: FutureWarning: 'H' is deprecated and will be removed in a future version, please use 'h' instead.
  return df.resample("4H", label="left", closed="left").agg(agg).dropna()
C:\Users\82109\Desktop\LYC\git\stock_total\scripts\optimize_grid.py:249: FutureWarning: 'H' is deprecated and will be removed in a future version, please use 'h' instead.
  return df.resample("4H", label="left", closed="left").agg(agg).dropna()
C:\Users\82109\Desktop\LYC\git\stock_total\scripts\optimize_grid.py:249: FutureWarning: 'H' is deprecated and will be removed in a future version, please use 'h' instead.
  return df.resample("4H", label="left", closed="left").agg(agg).dropna()
C:\Users\82109\Desktop\LYC\git\stock_total\scripts\optimize_grid.py:249: FutureWarning: 'H' is deprecated and will be removed in a future version, please use 'h' instead.
  return df.resample("4H", label="left", closed="left").agg(agg).dropna()
C:\Users\82109\Desktop\LYC\git\stock_total\scripts\optimize_grid.py:249: FutureWarning: 'H' is deprecated and will be removed in a future version, please use 'h' instead.
  return df.resample("4H", label="left", closed="left").agg(agg).dropna()
C:\Users\82109\Desktop\LYC\git\stock_total\scripts\optimize_grid.py:249: FutureWarning: 'H' is deprecated and will be removed in a future version, please use 'h' instead.
  return df.resample("4H", label="left", closed="left").agg(agg).dropna()
C:\Users\82109\Desktop\LYC\git\stock_total\scripts\optimize_grid.py:249: FutureWarning: 'H' is deprecated and will be removed in a future version, please use 'h' instead.
  return df.resample("4H", label="left", closed="left").agg(agg).dropna()
C:\Users\82109\Desktop\LYC\git\stock_total\scripts\optimize_grid.py:249: FutureWarning: 'H' is deprecated and will be removed in a future version, please use 'h' instead.
  return df.resample("4H", label="left", closed="left").agg(agg).dropna()
C:\Users\82109\Desktop\LYC\git\stock_total\scripts\optimize_grid.py:249: FutureWarning: 'H' is deprecated and will be removed in a future version, please use 'h' instead.
  return df.resample("4H", label="left", closed="left").agg(agg).dropna()
C:\Users\82109\Desktop\LYC\git\stock_total\scripts\optimize_grid.py:249: FutureWarning: 'H' is deprecated and will be removed in a future version, please use 'h' instead.
  return df.resample("4H", label="left", closed="left").agg(agg).dropna()
C:\Users\82109\Desktop\LYC\git\stock_total\scripts\optimize_grid.py:249: FutureWarning: 'H' is deprecated and will be removed in a future version, please use 'h' instead.
  return df.resample("4H", label="left", closed="left").agg(agg).dropna()
C:\Users\82109\Desktop\LYC\git\stock_total\scripts\optimize_grid.py:249: FutureWarning: 'H' is deprecated and will be removed in a future version, please use 'h' instead.
  return df.resample("4H", label="left", closed="left").agg(agg).dropna()
C:\Users\82109\Desktop\LYC\git\stock_total\scripts\optimize_grid.py:249: FutureWarning: 'H' is deprecated and will be removed in a future version, please use 'h' instead.
  return df.resample("4H", label="left", closed="left").agg(agg).dropna()
C:\Users\82109\Desktop\LYC\git\stock_total\scripts\optimize_grid.py:249: FutureWarning: 'H' is deprecated and will be removed in a future version, please use 'h' instead.
  return df.resample("4H", label="left", closed="left").agg(agg).dropna()
C:\Users\82109\Desktop\LYC\git\stock_total\scripts\optimize_grid.py:249: FutureWarning: 'H' is deprecated and will be removed in a future version, please use 'h' instead.
  return df.resample("4H", label="left", closed="left").agg(agg).dropna()
C:\Users\82109\Desktop\LYC\git\stock_total\scripts\optimize_grid.py:249: FutureWarning: 'H' is deprecated and will be removed in a future version, please use 'h' instead.
  return df.resample("4H", label="left", closed="left").agg(agg).dropna()
C:\Users\82109\Desktop\LYC\git\stock_total\scripts\optimize_grid.py:249: FutureWarning: 'H' is deprecated and will be removed in a future version, please use 'h' instead.
  return df.resample("4H", label="left", closed="left").agg(agg).dropna()
C:\Users\82109\Desktop\LYC\git\stock_total\scripts\optimize_grid.py:249: FutureWarning: 'H' is deprecated and will be removed in a future version, please use 'h' instead.
  return df.resample("4H", label="left", closed="left").agg(agg).dropna()
C:\Users\82109\Desktop\LYC\git\stock_total\scripts\optimize_grid.py:249: FutureWarning: 'H' is deprecated and will be removed in a future version, please use 'h' instead.
  return df.resample("4H", label="left", closed="left").agg(agg).dropna()
C:\Users\82109\Desktop\LYC\git\stock_total\scripts\optimize_grid.py:249: FutureWarning: 'H' is deprecated and will be removed in a future version, please use 'h' instead.
  return df.resample("4H", label="left", closed="left").agg(agg).dropna()
C:\Users\82109\Desktop\LYC\git\stock_total\scripts\optimize_grid.py:249: FutureWarning: 'H' is deprecated and will be removed in a future version, please use 'h' instead.
  return df.resample("4H", label="left", closed="left").agg(agg).dropna()
C:\Users\82109\Desktop\LYC\git\stock_total\scripts\optimize_grid.py:249: FutureWarning: 'H' is deprecated and will be removed in a future version, please use 'h' instead.
  return df.resample("4H", label="left", closed="left").agg(agg).dropna()
C:\Users\82109\Desktop\LYC\git\stock_total\scripts\optimize_grid.py:249: FutureWarning: 'H' is deprecated and will be removed in a future version, please use 'h' instead.
  return df.resample("4H", label="left", closed="left").agg(agg).dropna()
C:\Users\82109\Desktop\LYC\git\stock_total\scripts\optimize_grid.py:249: FutureWarning: 'H' is deprecated and will be removed in a future version, please use 'h' instead.
  return df.resample("4H", label="left", closed="left").agg(agg).dropna()
C:\Users\82109\Desktop\LYC\git\stock_total\scripts\optimize_grid.py:249: FutureWarning: 'H' is deprecated and will be removed in a future version, please use 'h' instead.
  return df.resample("4H", label="left", closed="left").agg(agg).dropna()
C:\Users\82109\Desktop\LYC\git\stock_total\scripts\optimize_grid.py:249: FutureWarning: 'H' is deprecated and will be removed in a future version, please use 'h' instead.
  return df.resample("4H", label="left", closed="left").agg(agg).dropna()
C:\Users\82109\Desktop\LYC\git\stock_total\scripts\optimize_grid.py:249: FutureWarning: 'H' is deprecated and will be removed in a future version, please use 'h' instead.
  return df.resample("4H", label="left", closed="left").agg(agg).dropna()
C:\Users\82109\Desktop\LYC\git\stock_total\scripts\optimize_grid.py:249: FutureWarning: 'H' is deprecated and will be removed in a future version, please use 'h' instead.
  return df.resample("4H", label="left", closed="left").agg(agg).dropna()
C:\Users\82109\Desktop\LYC\git\stock_total\scripts\optimize_grid.py:249: FutureWarning: 'H' is deprecated and will be removed in a future version, please use 'h' instead.
  return df.resample("4H", label="left", closed="left").agg(agg).dropna()
  loaded 100/300 (skipped 0)
C:\Users\82109\Desktop\LYC\git\stock_total\scripts\optimize_grid.py:249: FutureWarning: 'H' is deprecated and will be removed in a future version, please use 'h' instead.
  return df.resample("4H", label="left", closed="left").agg(agg).dropna()
C:\Users\82109\Desktop\LYC\git\stock_total\scripts\optimize_grid.py:249: FutureWarning: 'H' is deprecated and will be removed in a future version, please use 'h' instead.
  return df.resample("4H", label="left", closed="left").agg(agg).dropna()
C:\Users\82109\Desktop\LYC\git\stock_total\scripts\optimize_grid.py:249: FutureWarning: 'H' is deprecated and will be removed in a future version, please use 'h' instead.
  return df.resample("4H", label="left", closed="left").agg(agg).dropna()
C:\Users\82109\Desktop\LYC\git\stock_total\scripts\optimize_grid.py:249: FutureWarning: 'H' is deprecated and will be removed in a future version, please use 'h' instead.
  return df.resample("4H", label="left", closed="left").agg(agg).dropna()
C:\Users\82109\Desktop\LYC\git\stock_total\scripts\optimize_grid.py:249: FutureWarning: 'H' is deprecated and will be removed in a future version, please use 'h' instead.
  return df.resample("4H", label="left", closed="left").agg(agg).dropna()
C:\Users\82109\Desktop\LYC\git\stock_total\scripts\optimize_grid.py:249: FutureWarning: 'H' is deprecated and will be removed in a future version, please use 'h' instead.
  return df.resample("4H", label="left", closed="left").agg(agg).dropna()
C:\Users\82109\Desktop\LYC\git\stock_total\scripts\optimize_grid.py:249: FutureWarning: 'H' is deprecated and will be removed in a future version, please use 'h' instead.
  return df.resample("4H", label="left", closed="left").agg(agg).dropna()
C:\Users\82109\Desktop\LYC\git\stock_total\scripts\optimize_grid.py:249: FutureWarning: 'H' is deprecated and will be removed in a future version, please use 'h' instead.
  return df.resample("4H", label="left", closed="left").agg(agg).dropna()
C:\Users\82109\Desktop\LYC\git\stock_total\scripts\optimize_grid.py:249: FutureWarning: 'H' is deprecated and will be removed in a future version, please use 'h' instead.
  return df.resample("4H", label="left", closed="left").agg(agg).dropna()
C:\Users\82109\Desktop\LYC\git\stock_total\scripts\optimize_grid.py:249: FutureWarning: 'H' is deprecated and will be removed in a future version, please use 'h' instead.
  return df.resample("4H", label="left", closed="left").agg(agg).dropna()
C:\Users\82109\Desktop\LYC\git\stock_total\scripts\optimize_grid.py:249: FutureWarning: 'H' is deprecated and will be removed in a future version, please use 'h' instead.
  return df.resample("4H", label="left", closed="left").agg(agg).dropna()
C:\Users\82109\Desktop\LYC\git\stock_total\scripts\optimize_grid.py:249: FutureWarning: 'H' is deprecated and will be removed in a future version, please use 'h' instead.
  return df.resample("4H", label="left", closed="left").agg(agg).dropna()
C:\Users\82109\Desktop\LYC\git\stock_total\scripts\optimize_grid.py:249: FutureWarning: 'H' is deprecated and will be removed in a future version, please use 'h' instead.
  return df.resample("4H", label="left", closed="left").agg(agg).dropna()
C:\Users\82109\Desktop\LYC\git\stock_total\scripts\optimize_grid.py:249: FutureWarning: 'H' is deprecated and will be removed in a future version, please use 'h' instead.
  return df.resample("4H", label="left", closed="left").agg(agg).dropna()
C:\Users\82109\Desktop\LYC\git\stock_total\scripts\optimize_grid.py:249: FutureWarning: 'H' is deprecated and will be removed in a future version, please use 'h' instead.
  return df.resample("4H", label="left", closed="left").agg(agg).dropna()
C:\Users\82109\Desktop\LYC\git\stock_total\scripts\optimize_grid.py:249: FutureWarning: 'H' is deprecated and will be removed in a future version, please use 'h' instead.
  return df.resample("4H", label="left", closed="left").agg(agg).dropna()
C:\Users\82109\Desktop\LYC\git\stock_total\scripts\optimize_grid.py:249: FutureWarning: 'H' is deprecated and will be removed in a future version, please use 'h' instead.
  return df.resample("4H", label="left", closed="left").agg(agg).dropna()
C:\Users\82109\Desktop\LYC\git\stock_total\scripts\optimize_grid.py:249: FutureWarning: 'H' is deprecated and will be removed in a future version, please use 'h' instead.
  return df.resample("4H", label="left", closed="left").agg(agg).dropna()
C:\Users\82109\Desktop\LYC\git\stock_total\scripts\optimize_grid.py:249: FutureWarning: 'H' is deprecated and will be removed in a future version, please use 'h' instead.
  return df.resample("4H", label="left", closed="left").agg(agg).dropna()
C:\Users\82109\Desktop\LYC\git\stock_total\scripts\optimize_grid.py:249: FutureWarning: 'H' is deprecated and will be removed in a future version, please use 'h' instead.
  return df.resample("4H", label="left", closed="left").agg(agg).dropna()
C:\Users\82109\Desktop\LYC\git\stock_total\scripts\optimize_grid.py:249: FutureWarning: 'H' is deprecated and will be removed in a future version, please use 'h' instead.
  return df.resample("4H", label="left", closed="left").agg(agg).dropna()
C:\Users\82109\Desktop\LYC\git\stock_total\scripts\optimize_grid.py:249: FutureWarning: 'H' is deprecated and will be removed in a future version, please use 'h' instead.
  return df.resample("4H", label="left", closed="left").agg(agg).dropna()
C:\Users\82109\Desktop\LYC\git\stock_total\scripts\optimize_grid.py:249: FutureWarning: 'H' is deprecated and will be removed in a future version, please use 'h' instead.
  return df.resample("4H", label="left", closed="left").agg(agg).dropna()
C:\Users\82109\Desktop\LYC\git\stock_total\scripts\optimize_grid.py:249: FutureWarning: 'H' is deprecated and will be removed in a future version, please use 'h' instead.
  return df.resample("4H", label="left", closed="left").agg(agg).dropna()
C:\Users\82109\Desktop\LYC\git\stock_total\scripts\optimize_grid.py:249: FutureWarning: 'H' is deprecated and will be removed in a future version, please use 'h' instead.
  return df.resample("4H", label="left", closed="left").agg(agg).dropna()
C:\Users\82109\Desktop\LYC\git\stock_total\scripts\optimize_grid.py:249: FutureWarning: 'H' is deprecated and will be removed in a future version, please use 'h' instead.
  return df.resample("4H", label="left", closed="left").agg(agg).dropna()
C:\Users\82109\Desktop\LYC\git\stock_total\scripts\optimize_grid.py:249: FutureWarning: 'H' is deprecated and will be removed in a future version, please use 'h' instead.
  return df.resample("4H", label="left", closed="left").agg(agg).dropna()
C:\Users\82109\Desktop\LYC\git\stock_total\scripts\optimize_grid.py:249: FutureWarning: 'H' is deprecated and will be removed in a future version, please use 'h' instead.
  return df.resample("4H", label="left", closed="left").agg(agg).dropna()
C:\Users\82109\Desktop\LYC\git\stock_total\scripts\optimize_grid.py:249: FutureWarning: 'H' is deprecated and will be removed in a future version, please use 'h' instead.
  return df.resample("4H", label="left", closed="left").agg(agg).dropna()
C:\Users\82109\Desktop\LYC\git\stock_total\scripts\optimize_grid.py:249: FutureWarning: 'H' is deprecated and will be removed in a future version, please use 'h' instead.
  return df.resample("4H", label="left", closed="left").agg(agg).dropna()
C:\Users\82109\Desktop\LYC\git\stock_total\scripts\optimize_grid.py:249: FutureWarning: 'H' is deprecated and will be removed in a future version, please use 'h' instead.
  return df.resample("4H", label="left", closed="left").agg(agg).dropna()
C:\Users\82109\Desktop\LYC\git\stock_total\scripts\optimize_grid.py:249: FutureWarning: 'H' is deprecated and will be removed in a future version, please use 'h' instead.
  return df.resample("4H", label="left", closed="left").agg(agg).dropna()
C:\Users\82109\Desktop\LYC\git\stock_total\scripts\optimize_grid.py:249: FutureWarning: 'H' is deprecated and will be removed in a future version, please use 'h' instead.
  return df.resample("4H", label="left", closed="left").agg(agg).dropna()
C:\Users\82109\Desktop\LYC\git\stock_total\scripts\optimize_grid.py:249: FutureWarning: 'H' is deprecated and will be removed in a future version, please use 'h' instead.
  return df.resample("4H", label="left", closed="left").agg(agg).dropna()
C:\Users\82109\Desktop\LYC\git\stock_total\scripts\optimize_grid.py:249: FutureWarning: 'H' is deprecated and will be removed in a future version, please use 'h' instead.
  return df.resample("4H", label="left", closed="left").agg(agg).dropna()
C:\Users\82109\Desktop\LYC\git\stock_total\scripts\optimize_grid.py:249: FutureWarning: 'H' is deprecated and will be removed in a future version, please use 'h' instead.
  return df.resample("4H", label="left", closed="left").agg(agg).dropna()
C:\Users\82109\Desktop\LYC\git\stock_total\scripts\optimize_grid.py:249: FutureWarning: 'H' is deprecated and will be removed in a future version, please use 'h' instead.
  return df.resample("4H", label="left", closed="left").agg(agg).dropna()
C:\Users\82109\Desktop\LYC\git\stock_total\scripts\optimize_grid.py:249: FutureWarning: 'H' is deprecated and will be removed in a future version, please use 'h' instead.
  return df.resample("4H", label="left", closed="left").agg(agg).dropna()
C:\Users\82109\Desktop\LYC\git\stock_total\scripts\optimize_grid.py:249: FutureWarning: 'H' is deprecated and will be removed in a future version, please use 'h' instead.
  return df.resample("4H", label="left", closed="left").agg(agg).dropna()
C:\Users\82109\Desktop\LYC\git\stock_total\scripts\optimize_grid.py:249: FutureWarning: 'H' is deprecated and will be removed in a future version, please use 'h' instead.
  return df.resample("4H", label="left", closed="left").agg(agg).dropna()
C:\Users\82109\Desktop\LYC\git\stock_total\scripts\optimize_grid.py:249: FutureWarning: 'H' is deprecated and will be removed in a future version, please use 'h' instead.
  return df.resample("4H", label="left", closed="left").agg(agg).dropna()
C:\Users\82109\Desktop\LYC\git\stock_total\scripts\optimize_grid.py:249: FutureWarning: 'H' is deprecated and will be removed in a future version, please use 'h' instead.
  return df.resample("4H", label="left", closed="left").agg(agg).dropna()
C:\Users\82109\Desktop\LYC\git\stock_total\scripts\optimize_grid.py:249: FutureWarning: 'H' is deprecated and will be removed in a future version, please use 'h' instead.
  return df.resample("4H", label="left", closed="left").agg(agg).dropna()
C:\Users\82109\Desktop\LYC\git\stock_total\scripts\optimize_grid.py:249: FutureWarning: 'H' is deprecated and will be removed in a future version, please use 'h' instead.
  return df.resample("4H", label="left", closed="left").agg(agg).dropna()
C:\Users\82109\Desktop\LYC\git\stock_total\scripts\optimize_grid.py:249: FutureWarning: 'H' is deprecated and will be removed in a future version, please use 'h' instead.
  return df.resample("4H", label="left", closed="left").agg(agg).dropna()
C:\Users\82109\Desktop\LYC\git\stock_total\scripts\optimize_grid.py:249: FutureWarning: 'H' is deprecated and will be removed in a future version, please use 'h' instead.
  return df.resample("4H", label="left", closed="left").agg(agg).dropna()
C:\Users\82109\Desktop\LYC\git\stock_total\scripts\optimize_grid.py:249: FutureWarning: 'H' is deprecated and will be removed in a future version, please use 'h' instead.
  return df.resample("4H", label="left", closed="left").agg(agg).dropna()
C:\Users\82109\Desktop\LYC\git\stock_total\scripts\optimize_grid.py:249: FutureWarning: 'H' is deprecated and will be removed in a future version, please use 'h' instead.
  return df.resample("4H", label="left", closed="left").agg(agg).dropna()
C:\Users\82109\Desktop\LYC\git\stock_total\scripts\optimize_grid.py:249: FutureWarning: 'H' is deprecated and will be removed in a future version, please use 'h' instead.
  return df.resample("4H", label="left", closed="left").agg(agg).dropna()
C:\Users\82109\Desktop\LYC\git\stock_total\scripts\optimize_grid.py:249: FutureWarning: 'H' is deprecated and will be removed in a future version, please use 'h' instead.
  return df.resample("4H", label="left", closed="left").agg(agg).dropna()
  loaded 150/300 (skipped 0)
C:\Users\82109\Desktop\LYC\git\stock_total\scripts\optimize_grid.py:249: FutureWarning: 'H' is deprecated and will be removed in a future version, please use 'h' instead.
  return df.resample("4H", label="left", closed="left").agg(agg).dropna()
C:\Users\82109\Desktop\LYC\git\stock_total\scripts\optimize_grid.py:249: FutureWarning: 'H' is deprecated and will be removed in a future version, please use 'h' instead.
  return df.resample("4H", label="left", closed="left").agg(agg).dropna()
C:\Users\82109\Desktop\LYC\git\stock_total\scripts\optimize_grid.py:249: FutureWarning: 'H' is deprecated and will be removed in a future version, please use 'h' instead.
  return df.resample("4H", label="left", closed="left").agg(agg).dropna()
C:\Users\82109\Desktop\LYC\git\stock_total\scripts\optimize_grid.py:249: FutureWarning: 'H' is deprecated and will be removed in a future version, please use 'h' instead.
  return df.resample("4H", label="left", closed="left").agg(agg).dropna()
C:\Users\82109\Desktop\LYC\git\stock_total\scripts\optimize_grid.py:249: FutureWarning: 'H' is deprecated and will be removed in a future version, please use 'h' instead.
  return df.resample("4H", label="left", closed="left").agg(agg).dropna()
C:\Users\82109\Desktop\LYC\git\stock_total\scripts\optimize_grid.py:249: FutureWarning: 'H' is deprecated and will be removed in a future version, please use 'h' instead.
  return df.resample("4H", label="left", closed="left").agg(agg).dropna()
C:\Users\82109\Desktop\LYC\git\stock_total\scripts\optimize_grid.py:249: FutureWarning: 'H' is deprecated and will be removed in a future version, please use 'h' instead.
  return df.resample("4H", label="left", closed="left").agg(agg).dropna()
C:\Users\82109\Desktop\LYC\git\stock_total\scripts\optimize_grid.py:249: FutureWarning: 'H' is deprecated and will be removed in a future version, please use 'h' instead.
  return df.resample("4H", label="left", closed="left").agg(agg).dropna()
C:\Users\82109\Desktop\LYC\git\stock_total\scripts\optimize_grid.py:249: FutureWarning: 'H' is deprecated and will be removed in a future version, please use 'h' instead.
  return df.resample("4H", label="left", closed="left").agg(agg).dropna()
C:\Users\82109\Desktop\LYC\git\stock_total\scripts\optimize_grid.py:249: FutureWarning: 'H' is deprecated and will be removed in a future version, please use 'h' instead.
  return df.resample("4H", label="left", closed="left").agg(agg).dropna()
C:\Users\82109\Desktop\LYC\git\stock_total\scripts\optimize_grid.py:249: FutureWarning: 'H' is deprecated and will be removed in a future version, please use 'h' instead.
  return df.resample("4H", label="left", closed="left").agg(agg).dropna()
C:\Users\82109\Desktop\LYC\git\stock_total\scripts\optimize_grid.py:249: FutureWarning: 'H' is deprecated and will be removed in a future version, please use 'h' instead.
  return df.resample("4H", label="left", closed="left").agg(agg).dropna()
C:\Users\82109\Desktop\LYC\git\stock_total\scripts\optimize_grid.py:249: FutureWarning: 'H' is deprecated and will be removed in a future version, please use 'h' instead.
  return df.resample("4H", label="left", closed="left").agg(agg).dropna()
C:\Users\82109\Desktop\LYC\git\stock_total\scripts\optimize_grid.py:249: FutureWarning: 'H' is deprecated and will be removed in a future version, please use 'h' instead.
  return df.resample("4H", label="left", closed="left").agg(agg).dropna()
C:\Users\82109\Desktop\LYC\git\stock_total\scripts\optimize_grid.py:249: FutureWarning: 'H' is deprecated and will be removed in a future version, please use 'h' instead.
  return df.resample("4H", label="left", closed="left").agg(agg).dropna()
C:\Users\82109\Desktop\LYC\git\stock_total\scripts\optimize_grid.py:249: FutureWarning: 'H' is deprecated and will be removed in a future version, please use 'h' instead.
  return df.resample("4H", label="left", closed="left").agg(agg).dropna()
C:\Users\82109\Desktop\LYC\git\stock_total\scripts\optimize_grid.py:249: FutureWarning: 'H' is deprecated and will be removed in a future version, please use 'h' instead.
  return df.resample("4H", label="left", closed="left").agg(agg).dropna()
C:\Users\82109\Desktop\LYC\git\stock_total\scripts\optimize_grid.py:249: FutureWarning: 'H' is deprecated and will be removed in a future version, please use 'h' instead.
  return df.resample("4H", label="left", closed="left").agg(agg).dropna()
C:\Users\82109\Desktop\LYC\git\stock_total\scripts\optimize_grid.py:249: FutureWarning: 'H' is deprecated and will be removed in a future version, please use 'h' instead.
  return df.resample("4H", label="left", closed="left").agg(agg).dropna()
C:\Users\82109\Desktop\LYC\git\stock_total\scripts\optimize_grid.py:249: FutureWarning: 'H' is deprecated and will be removed in a future version, please use 'h' instead.
  return df.resample("4H", label="left", closed="left").agg(agg).dropna()
C:\Users\82109\Desktop\LYC\git\stock_total\scripts\optimize_grid.py:249: FutureWarning: 'H' is deprecated and will be removed in a future version, please use 'h' instead.
  return df.resample("4H", label="left", closed="left").agg(agg).dropna()
C:\Users\82109\Desktop\LYC\git\stock_total\scripts\optimize_grid.py:249: FutureWarning: 'H' is deprecated and will be removed in a future version, please use 'h' instead.
  return df.resample("4H", label="left", closed="left").agg(agg).dropna()
C:\Users\82109\Desktop\LYC\git\stock_total\scripts\optimize_grid.py:249: FutureWarning: 'H' is deprecated and will be removed in a future version, please use 'h' instead.
  return df.resample("4H", label="left", closed="left").agg(agg).dropna()
C:\Users\82109\Desktop\LYC\git\stock_total\scripts\optimize_grid.py:249: FutureWarning: 'H' is deprecated and will be removed in a future version, please use 'h' instead.
  return df.resample("4H", label="left", closed="left").agg(agg).dropna()
C:\Users\82109\Desktop\LYC\git\stock_total\scripts\optimize_grid.py:249: FutureWarning: 'H' is deprecated and will be removed in a future version, please use 'h' instead.
  return df.resample("4H", label="left", closed="left").agg(agg).dropna()
C:\Users\82109\Desktop\LYC\git\stock_total\scripts\optimize_grid.py:249: FutureWarning: 'H' is deprecated and will be removed in a future version, please use 'h' instead.
  return df.resample("4H", label="left", closed="left").agg(agg).dropna()
C:\Users\82109\Desktop\LYC\git\stock_total\scripts\optimize_grid.py:249: FutureWarning: 'H' is deprecated and will be removed in a future version, please use 'h' instead.
  return df.resample("4H", label="left", closed="left").agg(agg).dropna()
C:\Users\82109\Desktop\LYC\git\stock_total\scripts\optimize_grid.py:249: FutureWarning: 'H' is deprecated and will be removed in a future version, please use 'h' instead.
  return df.resample("4H", label="left", closed="left").agg(agg).dropna()
C:\Users\82109\Desktop\LYC\git\stock_total\scripts\optimize_grid.py:249: FutureWarning: 'H' is deprecated and will be removed in a future version, please use 'h' instead.
  return df.resample("4H", label="left", closed="left").agg(agg).dropna()
C:\Users\82109\Desktop\LYC\git\stock_total\scripts\optimize_grid.py:249: FutureWarning: 'H' is deprecated and will be removed in a future version, please use 'h' instead.
  return df.resample("4H", label="left", closed="left").agg(agg).dropna()
C:\Users\82109\Desktop\LYC\git\stock_total\scripts\optimize_grid.py:249: FutureWarning: 'H' is deprecated and will be removed in a future version, please use 'h' instead.
  return df.resample("4H", label="left", closed="left").agg(agg).dropna()
C:\Users\82109\Desktop\LYC\git\stock_total\scripts\optimize_grid.py:249: FutureWarning: 'H' is deprecated and will be removed in a future version, please use 'h' instead.
  return df.resample("4H", label="left", closed="left").agg(agg).dropna()
C:\Users\82109\Desktop\LYC\git\stock_total\scripts\optimize_grid.py:249: FutureWarning: 'H' is deprecated and will be removed in a future version, please use 'h' instead.
  return df.resample("4H", label="left", closed="left").agg(agg).dropna()
C:\Users\82109\Desktop\LYC\git\stock_total\scripts\optimize_grid.py:249: FutureWarning: 'H' is deprecated and will be removed in a future version, please use 'h' instead.
  return df.resample("4H", label="left", closed="left").agg(agg).dropna()
C:\Users\82109\Desktop\LYC\git\stock_total\scripts\optimize_grid.py:249: FutureWarning: 'H' is deprecated and will be removed in a future version, please use 'h' instead.
  return df.resample("4H", label="left", closed="left").agg(agg).dropna()
C:\Users\82109\Desktop\LYC\git\stock_total\scripts\optimize_grid.py:249: FutureWarning: 'H' is deprecated and will be removed in a future version, please use 'h' instead.
  return df.resample("4H", label="left", closed="left").agg(agg).dropna()
C:\Users\82109\Desktop\LYC\git\stock_total\scripts\optimize_grid.py:249: FutureWarning: 'H' is deprecated and will be removed in a future version, please use 'h' instead.
  return df.resample("4H", label="left", closed="left").agg(agg).dropna()
C:\Users\82109\Desktop\LYC\git\stock_total\scripts\optimize_grid.py:249: FutureWarning: 'H' is deprecated and will be removed in a future version, please use 'h' instead.
  return df.resample("4H", label="left", closed="left").agg(agg).dropna()
C:\Users\82109\Desktop\LYC\git\stock_total\scripts\optimize_grid.py:249: FutureWarning: 'H' is deprecated and will be removed in a future version, please use 'h' instead.
  return df.resample("4H", label="left", closed="left").agg(agg).dropna()
C:\Users\82109\Desktop\LYC\git\stock_total\scripts\optimize_grid.py:249: FutureWarning: 'H' is deprecated and will be removed in a future version, please use 'h' instead.
  return df.resample("4H", label="left", closed="left").agg(agg).dropna()
C:\Users\82109\Desktop\LYC\git\stock_total\scripts\optimize_grid.py:249: FutureWarning: 'H' is deprecated and will be removed in a future version, please use 'h' instead.
  return df.resample("4H", label="left", closed="left").agg(agg).dropna()
C:\Users\82109\Desktop\LYC\git\stock_total\scripts\optimize_grid.py:249: FutureWarning: 'H' is deprecated and will be removed in a future version, please use 'h' instead.
  return df.resample("4H", label="left", closed="left").agg(agg).dropna()
C:\Users\82109\Desktop\LYC\git\stock_total\scripts\optimize_grid.py:249: FutureWarning: 'H' is deprecated and will be removed in a future version, please use 'h' instead.
  return df.resample("4H", label="left", closed="left").agg(agg).dropna()
C:\Users\82109\Desktop\LYC\git\stock_total\scripts\optimize_grid.py:249: FutureWarning: 'H' is deprecated and will be removed in a future version, please use 'h' instead.
  return df.resample("4H", label="left", closed="left").agg(agg).dropna()
C:\Users\82109\Desktop\LYC\git\stock_total\scripts\optimize_grid.py:249: FutureWarning: 'H' is deprecated and will be removed in a future version, please use 'h' instead.
  return df.resample("4H", label="left", closed="left").agg(agg).dropna()
C:\Users\82109\Desktop\LYC\git\stock_total\scripts\optimize_grid.py:249: FutureWarning: 'H' is deprecated and will be removed in a future version, please use 'h' instead.
  return df.resample("4H", label="left", closed="left").agg(agg).dropna()
C:\Users\82109\Desktop\LYC\git\stock_total\scripts\optimize_grid.py:249: FutureWarning: 'H' is deprecated and will be removed in a future version, please use 'h' instead.
  return df.resample("4H", label="left", closed="left").agg(agg).dropna()
C:\Users\82109\Desktop\LYC\git\stock_total\scripts\optimize_grid.py:249: FutureWarning: 'H' is deprecated and will be removed in a future version, please use 'h' instead.
  return df.resample("4H", label="left", closed="left").agg(agg).dropna()
C:\Users\82109\Desktop\LYC\git\stock_total\scripts\optimize_grid.py:249: FutureWarning: 'H' is deprecated and will be removed in a future version, please use 'h' instead.
  return df.resample("4H", label="left", closed="left").agg(agg).dropna()
C:\Users\82109\Desktop\LYC\git\stock_total\scripts\optimize_grid.py:249: FutureWarning: 'H' is deprecated and will be removed in a future version, please use 'h' instead.
  return df.resample("4H", label="left", closed="left").agg(agg).dropna()
  loaded 200/300 (skipped 0)
C:\Users\82109\Desktop\LYC\git\stock_total\scripts\optimize_grid.py:249: FutureWarning: 'H' is deprecated and will be removed in a future version, please use 'h' instead.
  return df.resample("4H", label="left", closed="left").agg(agg).dropna()
C:\Users\82109\Desktop\LYC\git\stock_total\scripts\optimize_grid.py:249: FutureWarning: 'H' is deprecated and will be removed in a future version, please use 'h' instead.
  return df.resample("4H", label="left", closed="left").agg(agg).dropna()
C:\Users\82109\Desktop\LYC\git\stock_total\scripts\optimize_grid.py:249: FutureWarning: 'H' is deprecated and will be removed in a future version, please use 'h' instead.
  return df.resample("4H", label="left", closed="left").agg(agg).dropna()
C:\Users\82109\Desktop\LYC\git\stock_total\scripts\optimize_grid.py:249: FutureWarning: 'H' is deprecated and will be removed in a future version, please use 'h' instead.
  return df.resample("4H", label="left", closed="left").agg(agg).dropna()
C:\Users\82109\Desktop\LYC\git\stock_total\scripts\optimize_grid.py:249: FutureWarning: 'H' is deprecated and will be removed in a future version, please use 'h' instead.
  return df.resample("4H", label="left", closed="left").agg(agg).dropna()
C:\Users\82109\Desktop\LYC\git\stock_total\scripts\optimize_grid.py:249: FutureWarning: 'H' is deprecated and will be removed in a future version, please use 'h' instead.
  return df.resample("4H", label="left", closed="left").agg(agg).dropna()
C:\Users\82109\Desktop\LYC\git\stock_total\scripts\optimize_grid.py:249: FutureWarning: 'H' is deprecated and will be removed in a future version, please use 'h' instead.
  return df.resample("4H", label="left", closed="left").agg(agg).dropna()
C:\Users\82109\Desktop\LYC\git\stock_total\scripts\optimize_grid.py:249: FutureWarning: 'H' is deprecated and will be removed in a future version, please use 'h' instead.
  return df.resample("4H", label="left", closed="left").agg(agg).dropna()
C:\Users\82109\Desktop\LYC\git\stock_total\scripts\optimize_grid.py:249: FutureWarning: 'H' is deprecated and will be removed in a future version, please use 'h' instead.
  return df.resample("4H", label="left", closed="left").agg(agg).dropna()
C:\Users\82109\Desktop\LYC\git\stock_total\scripts\optimize_grid.py:249: FutureWarning: 'H' is deprecated and will be removed in a future version, please use 'h' instead.
  return df.resample("4H", label="left", closed="left").agg(agg).dropna()
C:\Users\82109\Desktop\LYC\git\stock_total\scripts\optimize_grid.py:249: FutureWarning: 'H' is deprecated and will be removed in a future version, please use 'h' instead.
  return df.resample("4H", label="left", closed="left").agg(agg).dropna()
C:\Users\82109\Desktop\LYC\git\stock_total\scripts\optimize_grid.py:249: FutureWarning: 'H' is deprecated and will be removed in a future version, please use 'h' instead.
  return df.resample("4H", label="left", closed="left").agg(agg).dropna()
C:\Users\82109\Desktop\LYC\git\stock_total\scripts\optimize_grid.py:249: FutureWarning: 'H' is deprecated and will be removed in a future version, please use 'h' instead.
  return df.resample("4H", label="left", closed="left").agg(agg).dropna()
C:\Users\82109\Desktop\LYC\git\stock_total\scripts\optimize_grid.py:249: FutureWarning: 'H' is deprecated and will be removed in a future version, please use 'h' instead.
  return df.resample("4H", label="left", closed="left").agg(agg).dropna()
C:\Users\82109\Desktop\LYC\git\stock_total\scripts\optimize_grid.py:249: FutureWarning: 'H' is deprecated and will be removed in a future version, please use 'h' instead.
  return df.resample("4H", label="left", closed="left").agg(agg).dropna()
C:\Users\82109\Desktop\LYC\git\stock_total\scripts\optimize_grid.py:249: FutureWarning: 'H' is deprecated and will be removed in a future version, please use 'h' instead.
  return df.resample("4H", label="left", closed="left").agg(agg).dropna()
C:\Users\82109\Desktop\LYC\git\stock_total\scripts\optimize_grid.py:249: FutureWarning: 'H' is deprecated and will be removed in a future version, please use 'h' instead.
  return df.resample("4H", label="left", closed="left").agg(agg).dropna()
C:\Users\82109\Desktop\LYC\git\stock_total\scripts\optimize_grid.py:249: FutureWarning: 'H' is deprecated and will be removed in a future version, please use 'h' instead.
  return df.resample("4H", label="left", closed="left").agg(agg).dropna()
C:\Users\82109\Desktop\LYC\git\stock_total\scripts\optimize_grid.py:249: FutureWarning: 'H' is deprecated and will be removed in a future version, please use 'h' instead.
  return df.resample("4H", label="left", closed="left").agg(agg).dropna()
C:\Users\82109\Desktop\LYC\git\stock_total\scripts\optimize_grid.py:249: FutureWarning: 'H' is deprecated and will be removed in a future version, please use 'h' instead.
  return df.resample("4H", label="left", closed="left").agg(agg).dropna()
C:\Users\82109\Desktop\LYC\git\stock_total\scripts\optimize_grid.py:249: FutureWarning: 'H' is deprecated and will be removed in a future version, please use 'h' instead.
  return df.resample("4H", label="left", closed="left").agg(agg).dropna()
C:\Users\82109\Desktop\LYC\git\stock_total\scripts\optimize_grid.py:249: FutureWarning: 'H' is deprecated and will be removed in a future version, please use 'h' instead.
  return df.resample("4H", label="left", closed="left").agg(agg).dropna()
C:\Users\82109\Desktop\LYC\git\stock_total\scripts\optimize_grid.py:249: FutureWarning: 'H' is deprecated and will be removed in a future version, please use 'h' instead.
  return df.resample("4H", label="left", closed="left").agg(agg).dropna()
C:\Users\82109\Desktop\LYC\git\stock_total\scripts\optimize_grid.py:249: FutureWarning: 'H' is deprecated and will be removed in a future version, please use 'h' instead.
  return df.resample("4H", label="left", closed="left").agg(agg).dropna()
C:\Users\82109\Desktop\LYC\git\stock_total\scripts\optimize_grid.py:249: FutureWarning: 'H' is deprecated and will be removed in a future version, please use 'h' instead.
  return df.resample("4H", label="left", closed="left").agg(agg).dropna()
C:\Users\82109\Desktop\LYC\git\stock_total\scripts\optimize_grid.py:249: FutureWarning: 'H' is deprecated and will be removed in a future version, please use 'h' instead.
  return df.resample("4H", label="left", closed="left").agg(agg).dropna()
C:\Users\82109\Desktop\LYC\git\stock_total\scripts\optimize_grid.py:249: FutureWarning: 'H' is deprecated and will be removed in a future version, please use 'h' instead.
  return df.resample("4H", label="left", closed="left").agg(agg).dropna()
C:\Users\82109\Desktop\LYC\git\stock_total\scripts\optimize_grid.py:249: FutureWarning: 'H' is deprecated and will be removed in a future version, please use 'h' instead.
  return df.resample("4H", label="left", closed="left").agg(agg).dropna()
C:\Users\82109\Desktop\LYC\git\stock_total\scripts\optimize_grid.py:249: FutureWarning: 'H' is deprecated and will be removed in a future version, please use 'h' instead.
  return df.resample("4H", label="left", closed="left").agg(agg).dropna()
C:\Users\82109\Desktop\LYC\git\stock_total\scripts\optimize_grid.py:249: FutureWarning: 'H' is deprecated and will be removed in a future version, please use 'h' instead.
  return df.resample("4H", label="left", closed="left").agg(agg).dropna()
C:\Users\82109\Desktop\LYC\git\stock_total\scripts\optimize_grid.py:249: FutureWarning: 'H' is deprecated and will be removed in a future version, please use 'h' instead.
  return df.resample("4H", label="left", closed="left").agg(agg).dropna()
C:\Users\82109\Desktop\LYC\git\stock_total\scripts\optimize_grid.py:249: FutureWarning: 'H' is deprecated and will be removed in a future version, please use 'h' instead.
  return df.resample("4H", label="left", closed="left").agg(agg).dropna()
C:\Users\82109\Desktop\LYC\git\stock_total\scripts\optimize_grid.py:249: FutureWarning: 'H' is deprecated and will be removed in a future version, please use 'h' instead.
  return df.resample("4H", label="left", closed="left").agg(agg).dropna()
C:\Users\82109\Desktop\LYC\git\stock_total\scripts\optimize_grid.py:249: FutureWarning: 'H' is deprecated and will be removed in a future version, please use 'h' instead.
  return df.resample("4H", label="left", closed="left").agg(agg).dropna()
C:\Users\82109\Desktop\LYC\git\stock_total\scripts\optimize_grid.py:249: FutureWarning: 'H' is deprecated and will be removed in a future version, please use 'h' instead.
  return df.resample("4H", label="left", closed="left").agg(agg).dropna()
C:\Users\82109\Desktop\LYC\git\stock_total\scripts\optimize_grid.py:249: FutureWarning: 'H' is deprecated and will be removed in a future version, please use 'h' instead.
  return df.resample("4H", label="left", closed="left").agg(agg).dropna()
C:\Users\82109\Desktop\LYC\git\stock_total\scripts\optimize_grid.py:249: FutureWarning: 'H' is deprecated and will be removed in a future version, please use 'h' instead.
  return df.resample("4H", label="left", closed="left").agg(agg).dropna()
C:\Users\82109\Desktop\LYC\git\stock_total\scripts\optimize_grid.py:249: FutureWarning: 'H' is deprecated and will be removed in a future version, please use 'h' instead.
  return df.resample("4H", label="left", closed="left").agg(agg).dropna()
C:\Users\82109\Desktop\LYC\git\stock_total\scripts\optimize_grid.py:249: FutureWarning: 'H' is deprecated and will be removed in a future version, please use 'h' instead.
  return df.resample("4H", label="left", closed="left").agg(agg).dropna()
C:\Users\82109\Desktop\LYC\git\stock_total\scripts\optimize_grid.py:249: FutureWarning: 'H' is deprecated and will be removed in a future version, please use 'h' instead.
  return df.resample("4H", label="left", closed="left").agg(agg).dropna()
C:\Users\82109\Desktop\LYC\git\stock_total\scripts\optimize_grid.py:249: FutureWarning: 'H' is deprecated and will be removed in a future version, please use 'h' instead.
  return df.resample("4H", label="left", closed="left").agg(agg).dropna()
C:\Users\82109\Desktop\LYC\git\stock_total\scripts\optimize_grid.py:249: FutureWarning: 'H' is deprecated and will be removed in a future version, please use 'h' instead.
  return df.resample("4H", label="left", closed="left").agg(agg).dropna()
C:\Users\82109\Desktop\LYC\git\stock_total\scripts\optimize_grid.py:249: FutureWarning: 'H' is deprecated and will be removed in a future version, please use 'h' instead.
  return df.resample("4H", label="left", closed="left").agg(agg).dropna()
C:\Users\82109\Desktop\LYC\git\stock_total\scripts\optimize_grid.py:249: FutureWarning: 'H' is deprecated and will be removed in a future version, please use 'h' instead.
  return df.resample("4H", label="left", closed="left").agg(agg).dropna()
C:\Users\82109\Desktop\LYC\git\stock_total\scripts\optimize_grid.py:249: FutureWarning: 'H' is deprecated and will be removed in a future version, please use 'h' instead.
  return df.resample("4H", label="left", closed="left").agg(agg).dropna()
C:\Users\82109\Desktop\LYC\git\stock_total\scripts\optimize_grid.py:249: FutureWarning: 'H' is deprecated and will be removed in a future version, please use 'h' instead.
  return df.resample("4H", label="left", closed="left").agg(agg).dropna()
C:\Users\82109\Desktop\LYC\git\stock_total\scripts\optimize_grid.py:249: FutureWarning: 'H' is deprecated and will be removed in a future version, please use 'h' instead.
  return df.resample("4H", label="left", closed="left").agg(agg).dropna()
C:\Users\82109\Desktop\LYC\git\stock_total\scripts\optimize_grid.py:249: FutureWarning: 'H' is deprecated and will be removed in a future version, please use 'h' instead.
  return df.resample("4H", label="left", closed="left").agg(agg).dropna()
C:\Users\82109\Desktop\LYC\git\stock_total\scripts\optimize_grid.py:249: FutureWarning: 'H' is deprecated and will be removed in a future version, please use 'h' instead.
  return df.resample("4H", label="left", closed="left").agg(agg).dropna()
C:\Users\82109\Desktop\LYC\git\stock_total\scripts\optimize_grid.py:249: FutureWarning: 'H' is deprecated and will be removed in a future version, please use 'h' instead.
  return df.resample("4H", label="left", closed="left").agg(agg).dropna()
  loaded 250/300 (skipped 0)
C:\Users\82109\Desktop\LYC\git\stock_total\scripts\optimize_grid.py:249: FutureWarning: 'H' is deprecated and will be removed in a future version, please use 'h' instead.
  return df.resample("4H", label="left", closed="left").agg(agg).dropna()
C:\Users\82109\Desktop\LYC\git\stock_total\scripts\optimize_grid.py:249: FutureWarning: 'H' is deprecated and will be removed in a future version, please use 'h' instead.
  return df.resample("4H", label="left", closed="left").agg(agg).dropna()
C:\Users\82109\Desktop\LYC\git\stock_total\scripts\optimize_grid.py:249: FutureWarning: 'H' is deprecated and will be removed in a future version, please use 'h' instead.
  return df.resample("4H", label="left", closed="left").agg(agg).dropna()
C:\Users\82109\Desktop\LYC\git\stock_total\scripts\optimize_grid.py:249: FutureWarning: 'H' is deprecated and will be removed in a future version, please use 'h' instead.
  return df.resample("4H", label="left", closed="left").agg(agg).dropna()
C:\Users\82109\Desktop\LYC\git\stock_total\scripts\optimize_grid.py:249: FutureWarning: 'H' is deprecated and will be removed in a future version, please use 'h' instead.
  return df.resample("4H", label="left", closed="left").agg(agg).dropna()
C:\Users\82109\Desktop\LYC\git\stock_total\scripts\optimize_grid.py:249: FutureWarning: 'H' is deprecated and will be removed in a future version, please use 'h' instead.
  return df.resample("4H", label="left", closed="left").agg(agg).dropna()
C:\Users\82109\Desktop\LYC\git\stock_total\scripts\optimize_grid.py:249: FutureWarning: 'H' is deprecated and will be removed in a future version, please use 'h' instead.
  return df.resample("4H", label="left", closed="left").agg(agg).dropna()
C:\Users\82109\Desktop\LYC\git\stock_total\scripts\optimize_grid.py:249: FutureWarning: 'H' is deprecated and will be removed in a future version, please use 'h' instead.
  return df.resample("4H", label="left", closed="left").agg(agg).dropna()
C:\Users\82109\Desktop\LYC\git\stock_total\scripts\optimize_grid.py:249: FutureWarning: 'H' is deprecated and will be removed in a future version, please use 'h' instead.
  return df.resample("4H", label="left", closed="left").agg(agg).dropna()
C:\Users\82109\Desktop\LYC\git\stock_total\scripts\optimize_grid.py:249: FutureWarning: 'H' is deprecated and will be removed in a future version, please use 'h' instead.
  return df.resample("4H", label="left", closed="left").agg(agg).dropna()
C:\Users\82109\Desktop\LYC\git\stock_total\scripts\optimize_grid.py:249: FutureWarning: 'H' is deprecated and will be removed in a future version, please use 'h' instead.
  return df.resample("4H", label="left", closed="left").agg(agg).dropna()
C:\Users\82109\Desktop\LYC\git\stock_total\scripts\optimize_grid.py:249: FutureWarning: 'H' is deprecated and will be removed in a future version, please use 'h' instead.
  return df.resample("4H", label="left", closed="left").agg(agg).dropna()
C:\Users\82109\Desktop\LYC\git\stock_total\scripts\optimize_grid.py:249: FutureWarning: 'H' is deprecated and will be removed in a future version, please use 'h' instead.
  return df.resample("4H", label="left", closed="left").agg(agg).dropna()
C:\Users\82109\Desktop\LYC\git\stock_total\scripts\optimize_grid.py:249: FutureWarning: 'H' is deprecated and will be removed in a future version, please use 'h' instead.
  return df.resample("4H", label="left", closed="left").agg(agg).dropna()
C:\Users\82109\Desktop\LYC\git\stock_total\scripts\optimize_grid.py:249: FutureWarning: 'H' is deprecated and will be removed in a future version, please use 'h' instead.
  return df.resample("4H", label="left", closed="left").agg(agg).dropna()
C:\Users\82109\Desktop\LYC\git\stock_total\scripts\optimize_grid.py:249: FutureWarning: 'H' is deprecated and will be removed in a future version, please use 'h' instead.
  return df.resample("4H", label="left", closed="left").agg(agg).dropna()
C:\Users\82109\Desktop\LYC\git\stock_total\scripts\optimize_grid.py:249: FutureWarning: 'H' is deprecated and will be removed in a future version, please use 'h' instead.
  return df.resample("4H", label="left", closed="left").agg(agg).dropna()
C:\Users\82109\Desktop\LYC\git\stock_total\scripts\optimize_grid.py:249: FutureWarning: 'H' is deprecated and will be removed in a future version, please use 'h' instead.
  return df.resample("4H", label="left", closed="left").agg(agg).dropna()
C:\Users\82109\Desktop\LYC\git\stock_total\scripts\optimize_grid.py:249: FutureWarning: 'H' is deprecated and will be removed in a future version, please use 'h' instead.
  return df.resample("4H", label="left", closed="left").agg(agg).dropna()
C:\Users\82109\Desktop\LYC\git\stock_total\scripts\optimize_grid.py:249: FutureWarning: 'H' is deprecated and will be removed in a future version, please use 'h' instead.
  return df.resample("4H", label="left", closed="left").agg(agg).dropna()
C:\Users\82109\Desktop\LYC\git\stock_total\scripts\optimize_grid.py:249: FutureWarning: 'H' is deprecated and will be removed in a future version, please use 'h' instead.
  return df.resample("4H", label="left", closed="left").agg(agg).dropna()
C:\Users\82109\Desktop\LYC\git\stock_total\scripts\optimize_grid.py:249: FutureWarning: 'H' is deprecated and will be removed in a future version, please use 'h' instead.
  return df.resample("4H", label="left", closed="left").agg(agg).dropna()
C:\Users\82109\Desktop\LYC\git\stock_total\scripts\optimize_grid.py:249: FutureWarning: 'H' is deprecated and will be removed in a future version, please use 'h' instead.
  return df.resample("4H", label="left", closed="left").agg(agg).dropna()
C:\Users\82109\Desktop\LYC\git\stock_total\scripts\optimize_grid.py:249: FutureWarning: 'H' is deprecated and will be removed in a future version, please use 'h' instead.
  return df.resample("4H", label="left", closed="left").agg(agg).dropna()
C:\Users\82109\Desktop\LYC\git\stock_total\scripts\optimize_grid.py:249: FutureWarning: 'H' is deprecated and will be removed in a future version, please use 'h' instead.
  return df.resample("4H", label="left", closed="left").agg(agg).dropna()
C:\Users\82109\Desktop\LYC\git\stock_total\scripts\optimize_grid.py:249: FutureWarning: 'H' is deprecated and will be removed in a future version, please use 'h' instead.
  return df.resample("4H", label="left", closed="left").agg(agg).dropna()
C:\Users\82109\Desktop\LYC\git\stock_total\scripts\optimize_grid.py:249: FutureWarning: 'H' is deprecated and will be removed in a future version, please use 'h' instead.
  return df.resample("4H", label="left", closed="left").agg(agg).dropna()
C:\Users\82109\Desktop\LYC\git\stock_total\scripts\optimize_grid.py:249: FutureWarning: 'H' is deprecated and will be removed in a future version, please use 'h' instead.
  return df.resample("4H", label="left", closed="left").agg(agg).dropna()
C:\Users\82109\Desktop\LYC\git\stock_total\scripts\optimize_grid.py:249: FutureWarning: 'H' is deprecated and will be removed in a future version, please use 'h' instead.
  return df.resample("4H", label="left", closed="left").agg(agg).dropna()
C:\Users\82109\Desktop\LYC\git\stock_total\scripts\optimize_grid.py:249: FutureWarning: 'H' is deprecated and will be removed in a future version, please use 'h' instead.
  return df.resample("4H", label="left", closed="left").agg(agg).dropna()
C:\Users\82109\Desktop\LYC\git\stock_total\scripts\optimize_grid.py:249: FutureWarning: 'H' is deprecated and will be removed in a future version, please use 'h' instead.
  return df.resample("4H", label="left", closed="left").agg(agg).dropna()
C:\Users\82109\Desktop\LYC\git\stock_total\scripts\optimize_grid.py:249: FutureWarning: 'H' is deprecated and will be removed in a future version, please use 'h' instead.
  return df.resample("4H", label="left", closed="left").agg(agg).dropna()
C:\Users\82109\Desktop\LYC\git\stock_total\scripts\optimize_grid.py:249: FutureWarning: 'H' is deprecated and will be removed in a future version, please use 'h' instead.
  return df.resample("4H", label="left", closed="left").agg(agg).dropna()
C:\Users\82109\Desktop\LYC\git\stock_total\scripts\optimize_grid.py:249: FutureWarning: 'H' is deprecated and will be removed in a future version, please use 'h' instead.
  return df.resample("4H", label="left", closed="left").agg(agg).dropna()
C:\Users\82109\Desktop\LYC\git\stock_total\scripts\optimize_grid.py:249: FutureWarning: 'H' is deprecated and will be removed in a future version, please use 'h' instead.
  return df.resample("4H", label="left", closed="left").agg(agg).dropna()
C:\Users\82109\Desktop\LYC\git\stock_total\scripts\optimize_grid.py:249: FutureWarning: 'H' is deprecated and will be removed in a future version, please use 'h' instead.
  return df.resample("4H", label="left", closed="left").agg(agg).dropna()
C:\Users\82109\Desktop\LYC\git\stock_total\scripts\optimize_grid.py:249: FutureWarning: 'H' is deprecated and will be removed in a future version, please use 'h' instead.
  return df.resample("4H", label="left", closed="left").agg(agg).dropna()
C:\Users\82109\Desktop\LYC\git\stock_total\scripts\optimize_grid.py:249: FutureWarning: 'H' is deprecated and will be removed in a future version, please use 'h' instead.
  return df.resample("4H", label="left", closed="left").agg(agg).dropna()
C:\Users\82109\Desktop\LYC\git\stock_total\scripts\optimize_grid.py:249: FutureWarning: 'H' is deprecated and will be removed in a future version, please use 'h' instead.
  return df.resample("4H", label="left", closed="left").agg(agg).dropna()
C:\Users\82109\Desktop\LYC\git\stock_total\scripts\optimize_grid.py:249: FutureWarning: 'H' is deprecated and will be removed in a future version, please use 'h' instead.
  return df.resample("4H", label="left", closed="left").agg(agg).dropna()
C:\Users\82109\Desktop\LYC\git\stock_total\scripts\optimize_grid.py:249: FutureWarning: 'H' is deprecated and will be removed in a future version, please use 'h' instead.
  return df.resample("4H", label="left", closed="left").agg(agg).dropna()
C:\Users\82109\Desktop\LYC\git\stock_total\scripts\optimize_grid.py:249: FutureWarning: 'H' is deprecated and will be removed in a future version, please use 'h' instead.
  return df.resample("4H", label="left", closed="left").agg(agg).dropna()
C:\Users\82109\Desktop\LYC\git\stock_total\scripts\optimize_grid.py:249: FutureWarning: 'H' is deprecated and will be removed in a future version, please use 'h' instead.
  return df.resample("4H", label="left", closed="left").agg(agg).dropna()
C:\Users\82109\Desktop\LYC\git\stock_total\scripts\optimize_grid.py:249: FutureWarning: 'H' is deprecated and will be removed in a future version, please use 'h' instead.
  return df.resample("4H", label="left", closed="left").agg(agg).dropna()
C:\Users\82109\Desktop\LYC\git\stock_total\scripts\optimize_grid.py:249: FutureWarning: 'H' is deprecated and will be removed in a future version, please use 'h' instead.
  return df.resample("4H", label="left", closed="left").agg(agg).dropna()
C:\Users\82109\Desktop\LYC\git\stock_total\scripts\optimize_grid.py:249: FutureWarning: 'H' is deprecated and will be removed in a future version, please use 'h' instead.
  return df.resample("4H", label="left", closed="left").agg(agg).dropna()
C:\Users\82109\Desktop\LYC\git\stock_total\scripts\optimize_grid.py:249: FutureWarning: 'H' is deprecated and will be removed in a future version, please use 'h' instead.
  return df.resample("4H", label="left", closed="left").agg(agg).dropna()
C:\Users\82109\Desktop\LYC\git\stock_total\scripts\optimize_grid.py:249: FutureWarning: 'H' is deprecated and will be removed in a future version, please use 'h' instead.
  return df.resample("4H", label="left", closed="left").agg(agg).dropna()
C:\Users\82109\Desktop\LYC\git\stock_total\scripts\optimize_grid.py:249: FutureWarning: 'H' is deprecated and will be removed in a future version, please use 'h' instead.
  return df.resample("4H", label="left", closed="left").agg(agg).dropna()
C:\Users\82109\Desktop\LYC\git\stock_total\scripts\optimize_grid.py:249: FutureWarning: 'H' is deprecated and will be removed in a future version, please use 'h' instead.
  return df.resample("4H", label="left", closed="left").agg(agg).dropna()
  loaded 300/300 (skipped 0)
  loaded total: 300 symbols, skipped 0. elapsed 9.3s
  th=    60 rule=hold_120bars_trail15_cut24h      n=11682 win=31.8% mean= +0.3% total= -100.0% MDD=-100.0% Sharpe=+0.62 PF= 1.05
  th=    60 rule=hold_60bars_trail10              n=11682 win=38.1% mean= -0.1% total= -100.0% MDD=-100.0% Sharpe=-0.21 PF= 0.98
  th=    60 rule=hold_120bars_trail20_TP30        n=11682 win=38.7% mean= +0.1% total= -100.0% MDD=-100.0% Sharpe=+0.20 PF= 1.01
  th=    70 rule=hold_120bars_trail15_cut24h      n=7032 win=30.6% mean= +0.1% total= -100.0% MDD=-100.0% Sharpe=+0.19 PF= 1.02
  th=    70 rule=hold_60bars_trail10              n=7032 win=37.2% mean= -0.3% total= -100.0% MDD=-100.0% Sharpe=-0.50 PF= 0.95
  th=    70 rule=hold_120bars_trail20_TP30        n=7032 win=37.8% mean= +0.0% total= -100.0% MDD=-100.0% Sharpe=+0.06 PF= 1.00
  th=    75 rule=hold_120bars_trail15_cut24h      n=4459 win=29.5% mean= -0.0% total= -100.0% MDD=-100.0% Sharpe=-0.03 PF= 1.00
  th=    75 rule=hold_60bars_trail10              n=4459 win=36.3% mean= -0.4% total= -100.0% MDD=-100.0% Sharpe=-0.53 PF= 0.94
  th=    75 rule=hold_120bars_trail20_TP30        n=4459 win=36.5% mean= -0.3% total= -100.0% MDD=-100.0% Sharpe=-0.38 PF= 0.97
  th=    80 rule=hold_120bars_trail15_cut24h      n=3769 win=28.9% mean= -0.2% total= -100.0% MDD=-100.0% Sharpe=-0.24 PF= 0.97
  th=    80 rule=hold_60bars_trail10              n=3769 win=35.7% mean= -0.6% total= -100.0% MDD=-100.0% Sharpe=-0.77 PF= 0.90
  th=    80 rule=hold_120bars_trail20_TP30        n=3769 win=35.7% mean= -0.7% total= -100.0% MDD=-100.0% Sharpe=-0.72 PF= 0.93
  th=    85 rule=hold_120bars_trail15_cut24h      n=2479 win=27.6% mean= -0.5% total= -100.0% MDD=-100.0% Sharpe=-0.42 PF= 0.93
  th=    85 rule=hold_60bars_trail10              n=2479 win=34.9% mean= -1.2% total= -100.0% MDD=-100.0% Sharpe=-1.17 PF= 0.83
  th=    85 rule=hold_120bars_trail20_TP30        n=2479 win=34.0% mean= -1.3% total= -100.0% MDD=-100.0% Sharpe=-1.15 PF= 0.87
  th=    90 rule=hold_120bars_trail15_cut24h      n=1782 win=26.3% mean= -0.6% total= -100.0% MDD=-100.0% Sharpe=-0.40 PF= 0.92
  th=    90 rule=hold_60bars_trail10              n=1782 win=33.6% mean= -1.5% total= -100.0% MDD=-100.0% Sharpe=-1.16 PF= 0.80
  th=    90 rule=hold_120bars_trail20_TP30        n=1782 win=32.8% mean= -1.7% total= -100.0% MDD=-100.0% Sharpe=-1.27 PF= 0.83
  saved: C:\Users\82109\Desktop\LYC\git\stock_total\scripts\out\optimize\crypto_trend_chase_4h_grid.csv
