
=== KR / trend_pullback / 1w (universe=300, files=948, rules=4, thresholds=[60, 70, 75, 80, 85, 90]) ===
  loaded 50/300 (skipped 0)
  loaded 100/300 (skipped 0)
  loaded 150/300 (skipped 1)
  loaded 200/300 (skipped 1)
  loaded 250/300 (skipped 1)
  loaded total: 298 symbols, skipped 2. elapsed 9.2s
  th=    60 rule=hold_52w_trail20_TP30            n=6550 win=51.1% mean= +9.0% total=+39143567160335272220345465070472746527513988102145774382383257113508239313871551367480297012767684823339078595043624764621999828568769453464790338635825152.0% MDD=-100.0% Sharpe=+10.93 PF= 2.18
  th=    60 rule=hold_26w_trail15                 n=6550 win=49.3% mean=+10.9% total=+17470860821031172900987194092762353330177158632528441511536714782410235487052589030488407746575200093850970665979462954938083785835929979525497528549263039004672.0% MDD=-100.0% Sharpe=+5.70 PF= 2.76
  th=    60 rule=hold_52w_trail15                 n=6550 win=47.8% mean=+13.7% total=+9205705388929164879296226030311876611022296142753257565685490579700753089765216478015047031339783887681647082394625717699720879731123815212236968047441993023527193609253982781216653312.0% MDD=-100.0% Sharpe=+6.05 PF= 3.03
  th=    60 rule=hold_26w_trail20_TP25            n=6550 win=54.6% mean= +7.4% total=+74184326053844075739548610598504227471173925421305840017086843053734408371672663656564198184075181535415801585583391463145818800489758720.0% MDD=-100.0% Sharpe=+10.49 PF= 2.13
  th=    70 rule=hold_52w_trail20_TP30            n=6238 win=52.9% mean= +9.8% total=+8493166586815019939510205412633182021907945661765720015435353255006202620497019016383844020000101098045137508687465254806567365528139413682161916782574940042095446982656.0% MDD=-100.0% Sharpe=+11.70 PF= 2.34
  th=    70 rule=hold_26w_trail15                 n=6238 win=51.1% mean=+11.2% total=+110569634948472585478522756715705766060412551639179045565182247528523615744639938973200432497217823172347854568027937837229658514645200514468573067748959311369615704064.0% MDD=-100.0% Sharpe=+6.77 PF= 2.87
  th=    70 rule=hold_52w_trail15                 n=6238 win=49.8% mean=+14.0% total=+208499382146387964551002771606793335279922989104713362390580900587767668957254661245961848744383777596244473129289701455284155236905446693479441918294962013099023509927246467242983289926958710784.0% MDD=-100.0% Sharpe=+6.85 PF= 3.16
  th=    70 rule=hold_26w_trail20_TP25            n=6238 win=56.0% mean= +7.9% total=+516432513569049771767875585931299148974112898650720032250589594025309715738573939209795366611131401783948176772456723718089319448672698772750336.0% MDD= -99.9% Sharpe=+10.99 PF= 2.24
  th=    75 rule=hold_52w_trail20_TP30            n=5550 win=54.3% mean=+10.5% total=+662187097178803965107361047954816812226839628335566936026539997802780902585164313662516755820989023122934918308205632580273284053854824896177829133162389560219477737472.0% MDD=-100.0% Sharpe=+11.93 PF= 2.50
  th=    75 rule=hold_26w_trail15                 n=5550 win=51.7% mean=+11.2% total=+334954650738402879302486707924134480870294573160371565710747701787439299360392776969393196955278526917161180952650487358314618222555298684709928303591424.0% MDD= -99.9% Sharpe=+6.48 PF= 2.94
  th=    75 rule=hold_52w_trail15                 n=5550 win=50.6% mean=+13.8% total=+17088536000504087451532629828434035419216957680886301540415819487031230326383229253891157542800745416904389014235154720662778829989628445312127269306744073172812296840765291525832704.0% MDD=-100.0% Sharpe=+7.34 PF= 3.22
  th=    75 rule=hold_26w_trail20_TP25            n=5550 win=56.8% mean= +8.2% total=+58653927966036378809082231178243393763188910933977753788753802330657587428058133601281304525417058556022696877501586077577775605801287680.0% MDD= -99.8% Sharpe=+10.92 PF= 2.35
  th=    80 rule=hold_52w_trail20_TP30            n=4696 win=55.6% mean=+11.3% total=+265928807592598794408974249473784984808169994828044116078528213089286656359664921888976557891362919535780631211518627353897737133955367631114165974970430128128.0% MDD= -99.9% Sharpe=+11.88 PF= 2.69
  th=    80 rule=hold_26w_trail15                 n=4696 win=53.1% mean=+12.3% total=+307576297316825943417520940455567705159011842330473717440176167994201329110848148141675411323442552390644124949556133431886190491800592768806420480.0% MDD= -99.7% Sharpe=+6.20 PF= 3.23
  th=    80 rule=hold_52w_trail15                 n=4696 win=52.1% mean=+14.9% total=+20060689668932804922185345777379696939017091478118969429586177505618458307773721706335034028259193748341735068493988680007026487372494096397673903234967377085566893126844416.0% MDD= -99.8% Sharpe=+6.99 PF= 3.53
  th=    80 rule=hold_26w_trail20_TP25            n=4696 win=58.3% mean= +8.9% total=+13961731174354293486220004556661873548044702735270256687923669359024424362671052938792620027019728794696764079408714115415294345216.0% MDD= -99.7% Sharpe=+10.97 PF= 2.53
  th=    85 rule=hold_52w_trail20_TP30            n=3991 win=55.6% mean=+11.3% total=+7854339806487734581740887328076423567386983360307509107712124965745085775462450716760495158159755267233515332802153396829330692800249856.0% MDD= -99.7% Sharpe=+11.00 PF= 2.70
  th=    85 rule=hold_26w_trail15                 n=3991 win=53.2% mean=+12.7% total=+2204125891614826299726431927985524242538658325523292561355780186636869928697855113495650575280000646908509697398682471648261570560.0% MDD= -99.1% Sharpe=+5.64 PF= 3.32
  th=    85 rule=hold_52w_trail15                 n=3991 win=52.1% mean=+15.2% total=+116231346944221183300691294916739497634902619929472723034094245228628328002146640146080343604092272027186438456632867576387124628718879167434660511744.0% MDD= -99.4% Sharpe=+6.32 PF= 3.58
  th=    85 rule=hold_26w_trail20_TP25            n=3991 win=58.4% mean= +9.1% total=+67413596619336181732253136786383164941991595958249996612847469688494196523911082955163755192301467828191401869312.0% MDD= -99.4% Sharpe=+10.24 PF= 2.56
  th=    90 rule=hold_52w_trail20_TP30            n=2605 win=55.9% mean=+11.4% total=+920813662778470254973590293107571699378152416693660701882902942854268461980621299022561280.0% MDD= -99.6% Sharpe=+8.94 PF= 2.70
  th=    90 rule=hold_26w_trail15                 n=2605 win=53.7% mean=+12.8% total=+66870786369424631998132345775605188466754313245017273489309071519460319723614472503296.0% MDD= -98.3% Sharpe=+4.18 PF= 3.35
  th=    90 rule=hold_52w_trail15                 n=2605 win=52.6% mean=+15.2% total=+63846864839970608665371971273282914030553044042979614492414682750729314320145188163862708598341632.0% MDD= -98.7% Sharpe=+4.69 PF= 3.60
  th=    90 rule=hold_26w_trail20_TP25            n=2605 win=59.0% mean= +9.2% total=+26473872650681796504109293966515311105560508715270679318612662351979983405056.0% MDD= -98.8% Sharpe=+8.45 PF= 2.61
  saved: C:\Users\82109\Desktop\LYC\git\stock_total\scripts\out\optimize\kr_trend_pullback_1w_grid.csv
