
=== CRYPTO / trend_pullback / 4h (universe=300, files=553, rules=3, thresholds=[60, 70, 75, 80, 85, 90]) ===
C:\Users\82109\Desktop\LYC\git\stock_total\scripts\optimize_grid.py:249: FutureWarning: 'H' is deprecated and will be removed in a future version, please use 'h' instead.
  return df.resample("4H", label="left", closed="left").agg(agg).dropna()
C:\Users\82109\Desktop\LYC\git\stock_total\scripts\optimize_grid.py:249: FutureWarning: 'H' is deprecated and will be removed in a future version, please use 'h' instead.
  return df.resample("4H", label="left", closed="left").agg(agg).dropna()
C:\Users\82109\Desktop\LYC\git\stock_total\scripts\optimize_grid.py:249: FutureWarning: 'H' is deprecated and will be removed in a future version, please use 'h' instead.
  return df.resample("4H", label="left", closed="left").agg(agg).dropna()
C:\Users\82109\Desktop\LYC\git\stock_total\scripts\optimize_grid.py:249: FutureWarning: 'H' is deprecated and will be removed in a future version, please use 'h' instead.
  return df.resample("4H", label="left", closed="left").agg(agg).dropna()
C:\Users\82109\Desktop\LYC\git\stock_total\scripts\optimize_grid.py:249: FutureWarning: 'H' is deprecated and will be removed in a future version, please use 'h' instead.
  return df.resample("4H", label="left", closed="left").agg(agg).dropna()
C:\Users\82109\Desktop\LYC\git\stock_total\scripts\optimize_grid.py:249: FutureWarning: 'H' is deprecated and will be removed in a future version, please use 'h' instead.
  return df.resample("4H", label="left", closed="left").agg(agg).dropna()
C:\Users\82109\Desktop\LYC\git\stock_total\scripts\optimize_grid.py:249: FutureWarning: 'H' is deprecated and will be removed in a future version, please use 'h' instead.
  return df.resample("4H", label="left", closed="left").agg(agg).dropna()
C:\Users\82109\Desktop\LYC\git\stock_total\scripts\optimize_grid.py:249: FutureWarning: 'H' is deprecated and will be removed in a future version, please use 'h' instead.
  return df.resample("4H", label="left", closed="left").agg(agg).dropna()
C:\Users\82109\Desktop\LYC\git\stock_total\scripts\optimize_grid.py:249: FutureWarning: 'H' is deprecated and will be removed in a future version, please use 'h' instead.
  return df.resample("4H", label="left", closed="left").agg(agg).dropna()
C:\Users\82109\Desktop\LYC\git\stock_total\scripts\optimize_grid.py:249: FutureWarning: 'H' is deprecated and will be removed in a future version, please use 'h' instead.
  return df.resample("4H", label="left", closed="left").agg(agg).dropna()
C:\Users\82109\Desktop\LYC\git\stock_total\scripts\optimize_grid.py:249: FutureWarning: 'H' is deprecated and will be removed in a future version, please use 'h' instead.
  return df.resample("4H", label="left", closed="left").agg(agg).dropna()
C:\Users\82109\Desktop\LYC\git\stock_total\scripts\optimize_grid.py:249: FutureWarning: 'H' is deprecated and will be removed in a future version, please use 'h' instead.
  return df.resample("4H", label="left", closed="left").agg(agg).dropna()
C:\Users\82109\Desktop\LYC\git\stock_total\scripts\optimize_grid.py:249: FutureWarning: 'H' is deprecated and will be removed in a future version, please use 'h' instead.
  return df.resample("4H", label="left", closed="left").agg(agg).dropna()
C:\Users\82109\Desktop\LYC\git\stock_total\scripts\optimize_grid.py:249: FutureWarning: 'H' is deprecated and will be removed in a future version, please use 'h' instead.
  return df.resample("4H", label="left", closed="left").agg(agg).dropna()
C:\Users\82109\Desktop\LYC\git\stock_total\scripts\optimize_grid.py:249: FutureWarning: 'H' is deprecated and will be removed in a future version, please use 'h' instead.
  return df.resample("4H", label="left", closed="left").agg(agg).dropna()
C:\Users\82109\Desktop\LYC\git\stock_total\scripts\optimize_grid.py:249: FutureWarning: 'H' is deprecated and will be removed in a future version, please use 'h' instead.
  return df.resample("4H", label="left", closed="left").agg(agg).dropna()
C:\Users\82109\Desktop\LYC\git\stock_total\scripts\optimize_grid.py:249: FutureWarning: 'H' is deprecated and will be removed in a future version, please use 'h' instead.
  return df.resample("4H", label="left", closed="left").agg(agg).dropna()
C:\Users\82109\Desktop\LYC\git\stock_total\scripts\optimize_grid.py:249: FutureWarning: 'H' is deprecated and will be removed in a future version, please use 'h' instead.
  return df.resample("4H", label="left", closed="left").agg(agg).dropna()
C:\Users\82109\Desktop\LYC\git\stock_total\scripts\optimize_grid.py:249: FutureWarning: 'H' is deprecated and will be removed in a future version, please use 'h' instead.
  return df.resample("4H", label="left", closed="left").agg(agg).dropna()
C:\Users\82109\Desktop\LYC\git\stock_total\scripts\optimize_grid.py:249: FutureWarning: 'H' is deprecated and will be removed in a future version, please use 'h' instead.
  return df.resample("4H", label="left", closed="left").agg(agg).dropna()
C:\Users\82109\Desktop\LYC\git\stock_total\scripts\optimize_grid.py:249: FutureWarning: 'H' is deprecated and will be removed in a future version, please use 'h' instead.
  return df.resample("4H", label="left", closed="left").agg(agg).dropna()
C:\Users\82109\Desktop\LYC\git\stock_total\scripts\optimize_grid.py:249: FutureWarning: 'H' is deprecated and will be removed in a future version, please use 'h' instead.
  return df.resample("4H", label="left", closed="left").agg(agg).dropna()
C:\Users\82109\Desktop\LYC\git\stock_total\scripts\optimize_grid.py:249: FutureWarning: 'H' is deprecated and will be removed in a future version, please use 'h' instead.
  return df.resample("4H", label="left", closed="left").agg(agg).dropna()
C:\Users\82109\Desktop\LYC\git\stock_total\scripts\optimize_grid.py:249: FutureWarning: 'H' is deprecated and will be removed in a future version, please use 'h' instead.
  return df.resample("4H", label="left", closed="left").agg(agg).dropna()
C:\Users\82109\Desktop\LYC\git\stock_total\scripts\optimize_grid.py:249: FutureWarning: 'H' is deprecated and will be removed in a future version, please use 'h' instead.
  return df.resample("4H", label="left", closed="left").agg(agg).dropna()
C:\Users\82109\Desktop\LYC\git\stock_total\scripts\optimize_grid.py:249: FutureWarning: 'H' is deprecated and will be removed in a future version, please use 'h' instead.
  return df.resample("4H", label="left", closed="left").agg(agg).dropna()
C:\Users\82109\Desktop\LYC\git\stock_total\scripts\optimize_grid.py:249: FutureWarning: 'H' is deprecated and will be removed in a future version, please use 'h' instead.
  return df.resample("4H", label="left", closed="left").agg(agg).dropna()
C:\Users\82109\Desktop\LYC\git\stock_total\scripts\optimize_grid.py:249: FutureWarning: 'H' is deprecated and will be removed in a future version, please use 'h' instead.
  return df.resample("4H", label="left", closed="left").agg(agg).dropna()
C:\Users\82109\Desktop\LYC\git\stock_total\scripts\optimize_grid.py:249: FutureWarning: 'H' is deprecated and will be removed in a future version, please use 'h' instead.
  return df.resample("4H", label="left", closed="left").agg(agg).dropna()
C:\Users\82109\Desktop\LYC\git\stock_total\scripts\optimize_grid.py:249: FutureWarning: 'H' is deprecated and will be removed in a future version, please use 'h' instead.
  return df.resample("4H", label="left", closed="left").agg(agg).dropna()
C:\Users\82109\Desktop\LYC\git\stock_total\scripts\optimize_grid.py:249: FutureWarning: 'H' is deprecated and will be removed in a future version, please use 'h' instead.
  return df.resample("4H", label="left", closed="left").agg(agg).dropna()
C:\Users\82109\Desktop\LYC\git\stock_total\scripts\optimize_grid.py:249: FutureWarning: 'H' is deprecated and will be removed in a future version, please use 'h' instead.
  return df.resample("4H", label="left", closed="left").agg(agg).dropna()
C:\Users\82109\Desktop\LYC\git\stock_total\scripts\optimize_grid.py:249: FutureWarning: 'H' is deprecated and will be removed in a future version, please use 'h' instead.
  return df.resample("4H", label="left", closed="left").agg(agg).dropna()
C:\Users\82109\Desktop\LYC\git\stock_total\scripts\optimize_grid.py:249: FutureWarning: 'H' is deprecated and will be removed in a future version, please use 'h' instead.
  return df.resample("4H", label="left", closed="left").agg(agg).dropna()
C:\Users\82109\Desktop\LYC\git\stock_total\scripts\optimize_grid.py:249: FutureWarning: 'H' is deprecated and will be removed in a future version, please use 'h' instead.
  return df.resample("4H", label="left", closed="left").agg(agg).dropna()
C:\Users\82109\Desktop\LYC\git\stock_total\scripts\optimize_grid.py:249: FutureWarning: 'H' is deprecated and will be removed in a future version, please use 'h' instead.
  return df.resample("4H", label="left", closed="left").agg(agg).dropna()
C:\Users\82109\Desktop\LYC\git\stock_total\scripts\optimize_grid.py:249: FutureWarning: 'H' is deprecated and will be removed in a future version, please use 'h' instead.
  return df.resample("4H", label="left", closed="left").agg(agg).dropna()
C:\Users\82109\Desktop\LYC\git\stock_total\scripts\optimize_grid.py:249: FutureWarning: 'H' is deprecated and will be removed in a future version, please use 'h' instead.
  return df.resample("4H", label="left", closed="left").agg(agg).dropna()
C:\Users\82109\Desktop\LYC\git\stock_total\scripts\optimize_grid.py:249: FutureWarning: 'H' is deprecated and will be removed in a future version, please use 'h' instead.
  return df.resample("4H", label="left", closed="left").agg(agg).dropna()
C:\Users\82109\Desktop\LYC\git\stock_total\scripts\optimize_grid.py:249: FutureWarning: 'H' is deprecated and will be removed in a future version, please use 'h' instead.
  return df.resample("4H", label="left", closed="left").agg(agg).dropna()
C:\Users\82109\Desktop\LYC\git\stock_total\scripts\optimize_grid.py:249: FutureWarning: 'H' is deprecated and will be removed in a future version, please use 'h' instead.
  return df.resample("4H", label="left", closed="left").agg(agg).dropna()
C:\Users\82109\Desktop\LYC\git\stock_total\scripts\optimize_grid.py:249: FutureWarning: 'H' is deprecated and will be removed in a future version, please use 'h' instead.
  return df.resample("4H", label="left", closed="left").agg(agg).dropna()
C:\Users\82109\Desktop\LYC\git\stock_total\scripts\optimize_grid.py:249: FutureWarning: 'H' is deprecated and will be removed in a future version, please use 'h' instead.
  return df.resample("4H", label="left", closed="left").agg(agg).dropna()
C:\Users\82109\Desktop\LYC\git\stock_total\scripts\optimize_grid.py:249: FutureWarning: 'H' is deprecated and will be removed in a future version, please use 'h' instead.
  return df.resample("4H", label="left", closed="left").agg(agg).dropna()
C:\Users\82109\Desktop\LYC\git\stock_total\scripts\optimize_grid.py:249: FutureWarning: 'H' is deprecated and will be removed in a future version, please use 'h' instead.
  return df.resample("4H", label="left", closed="left").agg(agg).dropna()
C:\Users\82109\Desktop\LYC\git\stock_total\scripts\optimize_grid.py:249: FutureWarning: 'H' is deprecated and will be removed in a future version, please use 'h' instead.
  return df.resample("4H", label="left", closed="left").agg(agg).dropna()
C:\Users\82109\Desktop\LYC\git\stock_total\scripts\optimize_grid.py:249: FutureWarning: 'H' is deprecated and will be removed in a future version, please use 'h' instead.
  return df.resample("4H", label="left", closed="left").agg(agg).dropna()
C:\Users\82109\Desktop\LYC\git\stock_total\scripts\optimize_grid.py:249: FutureWarning: 'H' is deprecated and will be removed in a future version, please use 'h' instead.
  return df.resample("4H", label="left", closed="left").agg(agg).dropna()
C:\Users\82109\Desktop\LYC\git\stock_total\scripts\optimize_grid.py:249: FutureWarning: 'H' is deprecated and will be removed in a future version, please use 'h' instead.
  return df.resample("4H", label="left", closed="left").agg(agg).dropna()
C:\Users\82109\Desktop\LYC\git\stock_total\scripts\optimize_grid.py:249: FutureWarning: 'H' is deprecated and will be removed in a future version, please use 'h' instead.
  return df.resample("4H", label="left", closed="left").agg(agg).dropna()
  loaded 50/300 (skipped 0)
C:\Users\82109\Desktop\LYC\git\stock_total\scripts\optimize_grid.py:249: FutureWarning: 'H' is deprecated and will be removed in a future version, please use 'h' instead.
  return df.resample("4H", label="left", closed="left").agg(agg).dropna()
C:\Users\82109\Desktop\LYC\git\stock_total\scripts\optimize_grid.py:249: FutureWarning: 'H' is deprecated and will be removed in a future version, please use 'h' instead.
  return df.resample("4H", label="left", closed="left").agg(agg).dropna()
C:\Users\82109\Desktop\LYC\git\stock_total\scripts\optimize_grid.py:249: FutureWarning: 'H' is deprecated and will be removed in a future version, please use 'h' instead.
  return df.resample("4H", label="left", closed="left").agg(agg).dropna()
C:\Users\82109\Desktop\LYC\git\stock_total\scripts\optimize_grid.py:249: FutureWarning: 'H' is deprecated and will be removed in a future version, please use 'h' instead.
  return df.resample("4H", label="left", closed="left").agg(agg).dropna()
C:\Users\82109\Desktop\LYC\git\stock_total\scripts\optimize_grid.py:249: FutureWarning: 'H' is deprecated and will be removed in a future version, please use 'h' instead.
  return df.resample("4H", label="left", closed="left").agg(agg).dropna()
C:\Users\82109\Desktop\LYC\git\stock_total\scripts\optimize_grid.py:249: FutureWarning: 'H' is deprecated and will be removed in a future version, please use 'h' instead.
  return df.resample("4H", label="left", closed="left").agg(agg).dropna()
C:\Users\82109\Desktop\LYC\git\stock_total\scripts\optimize_grid.py:249: FutureWarning: 'H' is deprecated and will be removed in a future version, please use 'h' instead.
  return df.resample("4H", label="left", closed="left").agg(agg).dropna()
C:\Users\82109\Desktop\LYC\git\stock_total\scripts\optimize_grid.py:249: FutureWarning: 'H' is deprecated and will be removed in a future version, please use 'h' instead.
  return df.resample("4H", label="left", closed="left").agg(agg).dropna()
C:\Users\82109\Desktop\LYC\git\stock_total\scripts\optimize_grid.py:249: FutureWarning: 'H' is deprecated and will be removed in a future version, please use 'h' instead.
  return df.resample("4H", label="left", closed="left").agg(agg).dropna()
C:\Users\82109\Desktop\LYC\git\stock_total\scripts\optimize_grid.py:249: FutureWarning: 'H' is deprecated and will be removed in a future version, please use 'h' instead.
  return df.resample("4H", label="left", closed="left").agg(agg).dropna()
C:\Users\82109\Desktop\LYC\git\stock_total\scripts\optimize_grid.py:249: FutureWarning: 'H' is deprecated and will be removed in a future version, please use 'h' instead.
  return df.resample("4H", label="left", closed="left").agg(agg).dropna()
C:\Users\82109\Desktop\LYC\git\stock_total\scripts\optimize_grid.py:249: FutureWarning: 'H' is deprecated and will be removed in a future version, please use 'h' instead.
  return df.resample("4H", label="left", closed="left").agg(agg).dropna()
C:\Users\82109\Desktop\LYC\git\stock_total\scripts\optimize_grid.py:249: FutureWarning: 'H' is deprecated and will be removed in a future version, please use 'h' instead.
  return df.resample("4H", label="left", closed="left").agg(agg).dropna()
C:\Users\82109\Desktop\LYC\git\stock_total\scripts\optimize_grid.py:249: FutureWarning: 'H' is deprecated and will be removed in a future version, please use 'h' instead.
  return df.resample("4H", label="left", closed="left").agg(agg).dropna()
C:\Users\82109\Desktop\LYC\git\stock_total\scripts\optimize_grid.py:249: FutureWarning: 'H' is deprecated and will be removed in a future version, please use 'h' instead.
  return df.resample("4H", label="left", closed="left").agg(agg).dropna()
C:\Users\82109\Desktop\LYC\git\stock_total\scripts\optimize_grid.py:249: FutureWarning: 'H' is deprecated and will be removed in a future version, please use 'h' instead.
  return df.resample("4H", label="left", closed="left").agg(agg).dropna()
C:\Users\82109\Desktop\LYC\git\stock_total\scripts\optimize_grid.py:249: FutureWarning: 'H' is deprecated and will be removed in a future version, please use 'h' instead.
  return df.resample("4H", label="left", closed="left").agg(agg).dropna()
C:\Users\82109\Desktop\LYC\git\stock_total\scripts\optimize_grid.py:249: FutureWarning: 'H' is deprecated and will be removed in a future version, please use 'h' instead.
  return df.resample("4H", label="left", closed="left").agg(agg).dropna()
C:\Users\82109\Desktop\LYC\git\stock_total\scripts\optimize_grid.py:249: FutureWarning: 'H' is deprecated and will be removed in a future version, please use 'h' instead.
  return df.resample("4H", label="left", closed="left").agg(agg).dropna()
C:\Users\82109\Desktop\LYC\git\stock_total\scripts\optimize_grid.py:249: FutureWarning: 'H' is deprecated and will be removed in a future version, please use 'h' instead.
  return df.resample("4H", label="left", closed="left").agg(agg).dropna()
C:\Users\82109\Desktop\LYC\git\stock_total\scripts\optimize_grid.py:249: FutureWarning: 'H' is deprecated and will be removed in a future version, please use 'h' instead.
  return df.resample("4H", label="left", closed="left").agg(agg).dropna()
C:\Users\82109\Desktop\LYC\git\stock_total\scripts\optimize_grid.py:249: FutureWarning: 'H' is deprecated and will be removed in a future version, please use 'h' instead.
  return df.resample("4H", label="left", closed="left").agg(agg).dropna()
C:\Users\82109\Desktop\LYC\git\stock_total\scripts\optimize_grid.py:249: FutureWarning: 'H' is deprecated and will be removed in a future version, please use 'h' instead.
  return df.resample("4H", label="left", closed="left").agg(agg).dropna()
C:\Users\82109\Desktop\LYC\git\stock_total\scripts\optimize_grid.py:249: FutureWarning: 'H' is deprecated and will be removed in a future version, please use 'h' instead.
  return df.resample("4H", label="left", closed="left").agg(agg).dropna()
C:\Users\82109\Desktop\LYC\git\stock_total\scripts\optimize_grid.py:249: FutureWarning: 'H' is deprecated and will be removed in a future version, please use 'h' instead.
  return df.resample("4H", label="left", closed="left").agg(agg).dropna()
C:\Users\82109\Desktop\LYC\git\stock_total\scripts\optimize_grid.py:249: FutureWarning: 'H' is deprecated and will be removed in a future version, please use 'h' instead.
  return df.resample("4H", label="left", closed="left").agg(agg).dropna()
C:\Users\82109\Desktop\LYC\git\stock_total\scripts\optimize_grid.py:249: FutureWarning: 'H' is deprecated and will be removed in a future version, please use 'h' instead.
  return df.resample("4H", label="left", closed="left").agg(agg).dropna()
C:\Users\82109\Desktop\LYC\git\stock_total\scripts\optimize_grid.py:249: FutureWarning: 'H' is deprecated and will be removed in a future version, please use 'h' instead.
  return df.resample("4H", label="left", closed="left").agg(agg).dropna()
C:\Users\82109\Desktop\LYC\git\stock_total\scripts\optimize_grid.py:249: FutureWarning: 'H' is deprecated and will be removed in a future version, please use 'h' instead.
  return df.resample("4H", label="left", closed="left").agg(agg).dropna()
C:\Users\82109\Desktop\LYC\git\stock_total\scripts\optimize_grid.py:249: FutureWarning: 'H' is deprecated and will be removed in a future version, please use 'h' instead.
  return df.resample("4H", label="left", closed="left").agg(agg).dropna()
C:\Users\82109\Desktop\LYC\git\stock_total\scripts\optimize_grid.py:249: FutureWarning: 'H' is deprecated and will be removed in a future version, please use 'h' instead.
  return df.resample("4H", label="left", closed="left").agg(agg).dropna()
C:\Users\82109\Desktop\LYC\git\stock_total\scripts\optimize_grid.py:249: FutureWarning: 'H' is deprecated and will be removed in a future version, please use 'h' instead.
  return df.resample("4H", label="left", closed="left").agg(agg).dropna()
C:\Users\82109\Desktop\LYC\git\stock_total\scripts\optimize_grid.py:249: FutureWarning: 'H' is deprecated and will be removed in a future version, please use 'h' instead.
  return df.resample("4H", label="left", closed="left").agg(agg).dropna()
C:\Users\82109\Desktop\LYC\git\stock_total\scripts\optimize_grid.py:249: FutureWarning: 'H' is deprecated and will be removed in a future version, please use 'h' instead.
  return df.resample("4H", label="left", closed="left").agg(agg).dropna()
C:\Users\82109\Desktop\LYC\git\stock_total\scripts\optimize_grid.py:249: FutureWarning: 'H' is deprecated and will be removed in a future version, please use 'h' instead.
  return df.resample("4H", label="left", closed="left").agg(agg).dropna()
C:\Users\82109\Desktop\LYC\git\stock_total\scripts\optimize_grid.py:249: FutureWarning: 'H' is deprecated and will be removed in a future version, please use 'h' instead.
  return df.resample("4H", label="left", closed="left").agg(agg).dropna()
C:\Users\82109\Desktop\LYC\git\stock_total\scripts\optimize_grid.py:249: FutureWarning: 'H' is deprecated and will be removed in a future version, please use 'h' instead.
  return df.resample("4H", label="left", closed="left").agg(agg).dropna()
C:\Users\82109\Desktop\LYC\git\stock_total\scripts\optimize_grid.py:249: FutureWarning: 'H' is deprecated and will be removed in a future version, please use 'h' instead.
  return df.resample("4H", label="left", closed="left").agg(agg).dropna()
C:\Users\82109\Desktop\LYC\git\stock_total\scripts\optimize_grid.py:249: FutureWarning: 'H' is deprecated and will be removed in a future version, please use 'h' instead.
  return df.resample("4H", label="left", closed="left").agg(agg).dropna()
C:\Users\82109\Desktop\LYC\git\stock_total\scripts\optimize_grid.py:249: FutureWarning: 'H' is deprecated and will be removed in a future version, please use 'h' instead.
  return df.resample("4H", label="left", closed="left").agg(agg).dropna()
C:\Users\82109\Desktop\LYC\git\stock_total\scripts\optimize_grid.py:249: FutureWarning: 'H' is deprecated and will be removed in a future version, please use 'h' instead.
  return df.resample("4H", label="left", closed="left").agg(agg).dropna()
C:\Users\82109\Desktop\LYC\git\stock_total\scripts\optimize_grid.py:249: FutureWarning: 'H' is deprecated and will be removed in a future version, please use 'h' instead.
  return df.resample("4H", label="left", closed="left").agg(agg).dropna()
C:\Users\82109\Desktop\LYC\git\stock_total\scripts\optimize_grid.py:249: FutureWarning: 'H' is deprecated and will be removed in a future version, please use 'h' instead.
  return df.resample("4H", label="left", closed="left").agg(agg).dropna()
C:\Users\82109\Desktop\LYC\git\stock_total\scripts\optimize_grid.py:249: FutureWarning: 'H' is deprecated and will be removed in a future version, please use 'h' instead.
  return df.resample("4H", label="left", closed="left").agg(agg).dropna()
C:\Users\82109\Desktop\LYC\git\stock_total\scripts\optimize_grid.py:249: FutureWarning: 'H' is deprecated and will be removed in a future version, please use 'h' instead.
  return df.resample("4H", label="left", closed="left").agg(agg).dropna()
C:\Users\82109\Desktop\LYC\git\stock_total\scripts\optimize_grid.py:249: FutureWarning: 'H' is deprecated and will be removed in a future version, please use 'h' instead.
  return df.resample("4H", label="left", closed="left").agg(agg).dropna()
C:\Users\82109\Desktop\LYC\git\stock_total\scripts\optimize_grid.py:249: FutureWarning: 'H' is deprecated and will be removed in a future version, please use 'h' instead.
  return df.resample("4H", label="left", closed="left").agg(agg).dropna()
C:\Users\82109\Desktop\LYC\git\stock_total\scripts\optimize_grid.py:249: FutureWarning: 'H' is deprecated and will be removed in a future version, please use 'h' instead.
  return df.resample("4H", label="left", closed="left").agg(agg).dropna()
C:\Users\82109\Desktop\LYC\git\stock_total\scripts\optimize_grid.py:249: FutureWarning: 'H' is deprecated and will be removed in a future version, please use 'h' instead.
  return df.resample("4H", label="left", closed="left").agg(agg).dropna()
C:\Users\82109\Desktop\LYC\git\stock_total\scripts\optimize_grid.py:249: FutureWarning: 'H' is deprecated and will be removed in a future version, please use 'h' instead.
  return df.resample("4H", label="left", closed="left").agg(agg).dropna()
  loaded 100/300 (skipped 0)
C:\Users\82109\Desktop\LYC\git\stock_total\scripts\optimize_grid.py:249: FutureWarning: 'H' is deprecated and will be removed in a future version, please use 'h' instead.
  return df.resample("4H", label="left", closed="left").agg(agg).dropna()
C:\Users\82109\Desktop\LYC\git\stock_total\scripts\optimize_grid.py:249: FutureWarning: 'H' is deprecated and will be removed in a future version, please use 'h' instead.
  return df.resample("4H", label="left", closed="left").agg(agg).dropna()
C:\Users\82109\Desktop\LYC\git\stock_total\scripts\optimize_grid.py:249: FutureWarning: 'H' is deprecated and will be removed in a future version, please use 'h' instead.
  return df.resample("4H", label="left", closed="left").agg(agg).dropna()
C:\Users\82109\Desktop\LYC\git\stock_total\scripts\optimize_grid.py:249: FutureWarning: 'H' is deprecated and will be removed in a future version, please use 'h' instead.
  return df.resample("4H", label="left", closed="left").agg(agg).dropna()
C:\Users\82109\Desktop\LYC\git\stock_total\scripts\optimize_grid.py:249: FutureWarning: 'H' is deprecated and will be removed in a future version, please use 'h' instead.
  return df.resample("4H", label="left", closed="left").agg(agg).dropna()
C:\Users\82109\Desktop\LYC\git\stock_total\scripts\optimize_grid.py:249: FutureWarning: 'H' is deprecated and will be removed in a future version, please use 'h' instead.
  return df.resample("4H", label="left", closed="left").agg(agg).dropna()
C:\Users\82109\Desktop\LYC\git\stock_total\scripts\optimize_grid.py:249: FutureWarning: 'H' is deprecated and will be removed in a future version, please use 'h' instead.
  return df.resample("4H", label="left", closed="left").agg(agg).dropna()
C:\Users\82109\Desktop\LYC\git\stock_total\scripts\optimize_grid.py:249: FutureWarning: 'H' is deprecated and will be removed in a future version, please use 'h' instead.
  return df.resample("4H", label="left", closed="left").agg(agg).dropna()
C:\Users\82109\Desktop\LYC\git\stock_total\scripts\optimize_grid.py:249: FutureWarning: 'H' is deprecated and will be removed in a future version, please use 'h' instead.
  return df.resample("4H", label="left", closed="left").agg(agg).dropna()
C:\Users\82109\Desktop\LYC\git\stock_total\scripts\optimize_grid.py:249: FutureWarning: 'H' is deprecated and will be removed in a future version, please use 'h' instead.
  return df.resample("4H", label="left", closed="left").agg(agg).dropna()
C:\Users\82109\Desktop\LYC\git\stock_total\scripts\optimize_grid.py:249: FutureWarning: 'H' is deprecated and will be removed in a future version, please use 'h' instead.
  return df.resample("4H", label="left", closed="left").agg(agg).dropna()
C:\Users\82109\Desktop\LYC\git\stock_total\scripts\optimize_grid.py:249: FutureWarning: 'H' is deprecated and will be removed in a future version, please use 'h' instead.
  return df.resample("4H", label="left", closed="left").agg(agg).dropna()
C:\Users\82109\Desktop\LYC\git\stock_total\scripts\optimize_grid.py:249: FutureWarning: 'H' is deprecated and will be removed in a future version, please use 'h' instead.
  return df.resample("4H", label="left", closed="left").agg(agg).dropna()
C:\Users\82109\Desktop\LYC\git\stock_total\scripts\optimize_grid.py:249: FutureWarning: 'H' is deprecated and will be removed in a future version, please use 'h' instead.
  return df.resample("4H", label="left", closed="left").agg(agg).dropna()
C:\Users\82109\Desktop\LYC\git\stock_total\scripts\optimize_grid.py:249: FutureWarning: 'H' is deprecated and will be removed in a future version, please use 'h' instead.
  return df.resample("4H", label="left", closed="left").agg(agg).dropna()
C:\Users\82109\Desktop\LYC\git\stock_total\scripts\optimize_grid.py:249: FutureWarning: 'H' is deprecated and will be removed in a future version, please use 'h' instead.
  return df.resample("4H", label="left", closed="left").agg(agg).dropna()
C:\Users\82109\Desktop\LYC\git\stock_total\scripts\optimize_grid.py:249: FutureWarning: 'H' is deprecated and will be removed in a future version, please use 'h' instead.
  return df.resample("4H", label="left", closed="left").agg(agg).dropna()
C:\Users\82109\Desktop\LYC\git\stock_total\scripts\optimize_grid.py:249: FutureWarning: 'H' is deprecated and will be removed in a future version, please use 'h' instead.
  return df.resample("4H", label="left", closed="left").agg(agg).dropna()
C:\Users\82109\Desktop\LYC\git\stock_total\scripts\optimize_grid.py:249: FutureWarning: 'H' is deprecated and will be removed in a future version, please use 'h' instead.
  return df.resample("4H", label="left", closed="left").agg(agg).dropna()
C:\Users\82109\Desktop\LYC\git\stock_total\scripts\optimize_grid.py:249: FutureWarning: 'H' is deprecated and will be removed in a future version, please use 'h' instead.
  return df.resample("4H", label="left", closed="left").agg(agg).dropna()
C:\Users\82109\Desktop\LYC\git\stock_total\scripts\optimize_grid.py:249: FutureWarning: 'H' is deprecated and will be removed in a future version, please use 'h' instead.
  return df.resample("4H", label="left", closed="left").agg(agg).dropna()
C:\Users\82109\Desktop\LYC\git\stock_total\scripts\optimize_grid.py:249: FutureWarning: 'H' is deprecated and will be removed in a future version, please use 'h' instead.
  return df.resample("4H", label="left", closed="left").agg(agg).dropna()
C:\Users\82109\Desktop\LYC\git\stock_total\scripts\optimize_grid.py:249: FutureWarning: 'H' is deprecated and will be removed in a future version, please use 'h' instead.
  return df.resample("4H", label="left", closed="left").agg(agg).dropna()
C:\Users\82109\Desktop\LYC\git\stock_total\scripts\optimize_grid.py:249: FutureWarning: 'H' is deprecated and will be removed in a future version, please use 'h' instead.
  return df.resample("4H", label="left", closed="left").agg(agg).dropna()
C:\Users\82109\Desktop\LYC\git\stock_total\scripts\optimize_grid.py:249: FutureWarning: 'H' is deprecated and will be removed in a future version, please use 'h' instead.
  return df.resample("4H", label="left", closed="left").agg(agg).dropna()
C:\Users\82109\Desktop\LYC\git\stock_total\scripts\optimize_grid.py:249: FutureWarning: 'H' is deprecated and will be removed in a future version, please use 'h' instead.
  return df.resample("4H", label="left", closed="left").agg(agg).dropna()
C:\Users\82109\Desktop\LYC\git\stock_total\scripts\optimize_grid.py:249: FutureWarning: 'H' is deprecated and will be removed in a future version, please use 'h' instead.
  return df.resample("4H", label="left", closed="left").agg(agg).dropna()
C:\Users\82109\Desktop\LYC\git\stock_total\scripts\optimize_grid.py:249: FutureWarning: 'H' is deprecated and will be removed in a future version, please use 'h' instead.
  return df.resample("4H", label="left", closed="left").agg(agg).dropna()
C:\Users\82109\Desktop\LYC\git\stock_total\scripts\optimize_grid.py:249: FutureWarning: 'H' is deprecated and will be removed in a future version, please use 'h' instead.
  return df.resample("4H", label="left", closed="left").agg(agg).dropna()
C:\Users\82109\Desktop\LYC\git\stock_total\scripts\optimize_grid.py:249: FutureWarning: 'H' is deprecated and will be removed in a future version, please use 'h' instead.
  return df.resample("4H", label="left", closed="left").agg(agg).dropna()
C:\Users\82109\Desktop\LYC\git\stock_total\scripts\optimize_grid.py:249: FutureWarning: 'H' is deprecated and will be removed in a future version, please use 'h' instead.
  return df.resample("4H", label="left", closed="left").agg(agg).dropna()
C:\Users\82109\Desktop\LYC\git\stock_total\scripts\optimize_grid.py:249: FutureWarning: 'H' is deprecated and will be removed in a future version, please use 'h' instead.
  return df.resample("4H", label="left", closed="left").agg(agg).dropna()
C:\Users\82109\Desktop\LYC\git\stock_total\scripts\optimize_grid.py:249: FutureWarning: 'H' is deprecated and will be removed in a future version, please use 'h' instead.
  return df.resample("4H", label="left", closed="left").agg(agg).dropna()
C:\Users\82109\Desktop\LYC\git\stock_total\scripts\optimize_grid.py:249: FutureWarning: 'H' is deprecated and will be removed in a future version, please use 'h' instead.
  return df.resample("4H", label="left", closed="left").agg(agg).dropna()
C:\Users\82109\Desktop\LYC\git\stock_total\scripts\optimize_grid.py:249: FutureWarning: 'H' is deprecated and will be removed in a future version, please use 'h' instead.
  return df.resample("4H", label="left", closed="left").agg(agg).dropna()
C:\Users\82109\Desktop\LYC\git\stock_total\scripts\optimize_grid.py:249: FutureWarning: 'H' is deprecated and will be removed in a future version, please use 'h' instead.
  return df.resample("4H", label="left", closed="left").agg(agg).dropna()
C:\Users\82109\Desktop\LYC\git\stock_total\scripts\optimize_grid.py:249: FutureWarning: 'H' is deprecated and will be removed in a future version, please use 'h' instead.
  return df.resample("4H", label="left", closed="left").agg(agg).dropna()
C:\Users\82109\Desktop\LYC\git\stock_total\scripts\optimize_grid.py:249: FutureWarning: 'H' is deprecated and will be removed in a future version, please use 'h' instead.
  return df.resample("4H", label="left", closed="left").agg(agg).dropna()
C:\Users\82109\Desktop\LYC\git\stock_total\scripts\optimize_grid.py:249: FutureWarning: 'H' is deprecated and will be removed in a future version, please use 'h' instead.
  return df.resample("4H", label="left", closed="left").agg(agg).dropna()
C:\Users\82109\Desktop\LYC\git\stock_total\scripts\optimize_grid.py:249: FutureWarning: 'H' is deprecated and will be removed in a future version, please use 'h' instead.
  return df.resample("4H", label="left", closed="left").agg(agg).dropna()
C:\Users\82109\Desktop\LYC\git\stock_total\scripts\optimize_grid.py:249: FutureWarning: 'H' is deprecated and will be removed in a future version, please use 'h' instead.
  return df.resample("4H", label="left", closed="left").agg(agg).dropna()
C:\Users\82109\Desktop\LYC\git\stock_total\scripts\optimize_grid.py:249: FutureWarning: 'H' is deprecated and will be removed in a future version, please use 'h' instead.
  return df.resample("4H", label="left", closed="left").agg(agg).dropna()
C:\Users\82109\Desktop\LYC\git\stock_total\scripts\optimize_grid.py:249: FutureWarning: 'H' is deprecated and will be removed in a future version, please use 'h' instead.
  return df.resample("4H", label="left", closed="left").agg(agg).dropna()
C:\Users\82109\Desktop\LYC\git\stock_total\scripts\optimize_grid.py:249: FutureWarning: 'H' is deprecated and will be removed in a future version, please use 'h' instead.
  return df.resample("4H", label="left", closed="left").agg(agg).dropna()
C:\Users\82109\Desktop\LYC\git\stock_total\scripts\optimize_grid.py:249: FutureWarning: 'H' is deprecated and will be removed in a future version, please use 'h' instead.
  return df.resample("4H", label="left", closed="left").agg(agg).dropna()
C:\Users\82109\Desktop\LYC\git\stock_total\scripts\optimize_grid.py:249: FutureWarning: 'H' is deprecated and will be removed in a future version, please use 'h' instead.
  return df.resample("4H", label="left", closed="left").agg(agg).dropna()
C:\Users\82109\Desktop\LYC\git\stock_total\scripts\optimize_grid.py:249: FutureWarning: 'H' is deprecated and will be removed in a future version, please use 'h' instead.
  return df.resample("4H", label="left", closed="left").agg(agg).dropna()
C:\Users\82109\Desktop\LYC\git\stock_total\scripts\optimize_grid.py:249: FutureWarning: 'H' is deprecated and will be removed in a future version, please use 'h' instead.
  return df.resample("4H", label="left", closed="left").agg(agg).dropna()
C:\Users\82109\Desktop\LYC\git\stock_total\scripts\optimize_grid.py:249: FutureWarning: 'H' is deprecated and will be removed in a future version, please use 'h' instead.
  return df.resample("4H", label="left", closed="left").agg(agg).dropna()
C:\Users\82109\Desktop\LYC\git\stock_total\scripts\optimize_grid.py:249: FutureWarning: 'H' is deprecated and will be removed in a future version, please use 'h' instead.
  return df.resample("4H", label="left", closed="left").agg(agg).dropna()
  loaded 150/300 (skipped 0)
C:\Users\82109\Desktop\LYC\git\stock_total\scripts\optimize_grid.py:249: FutureWarning: 'H' is deprecated and will be removed in a future version, please use 'h' instead.
  return df.resample("4H", label="left", closed="left").agg(agg).dropna()
C:\Users\82109\Desktop\LYC\git\stock_total\scripts\optimize_grid.py:249: FutureWarning: 'H' is deprecated and will be removed in a future version, please use 'h' instead.
  return df.resample("4H", label="left", closed="left").agg(agg).dropna()
C:\Users\82109\Desktop\LYC\git\stock_total\scripts\optimize_grid.py:249: FutureWarning: 'H' is deprecated and will be removed in a future version, please use 'h' instead.
  return df.resample("4H", label="left", closed="left").agg(agg).dropna()
C:\Users\82109\Desktop\LYC\git\stock_total\scripts\optimize_grid.py:249: FutureWarning: 'H' is deprecated and will be removed in a future version, please use 'h' instead.
  return df.resample("4H", label="left", closed="left").agg(agg).dropna()
C:\Users\82109\Desktop\LYC\git\stock_total\scripts\optimize_grid.py:249: FutureWarning: 'H' is deprecated and will be removed in a future version, please use 'h' instead.
  return df.resample("4H", label="left", closed="left").agg(agg).dropna()
C:\Users\82109\Desktop\LYC\git\stock_total\scripts\optimize_grid.py:249: FutureWarning: 'H' is deprecated and will be removed in a future version, please use 'h' instead.
  return df.resample("4H", label="left", closed="left").agg(agg).dropna()
C:\Users\82109\Desktop\LYC\git\stock_total\scripts\optimize_grid.py:249: FutureWarning: 'H' is deprecated and will be removed in a future version, please use 'h' instead.
  return df.resample("4H", label="left", closed="left").agg(agg).dropna()
C:\Users\82109\Desktop\LYC\git\stock_total\scripts\optimize_grid.py:249: FutureWarning: 'H' is deprecated and will be removed in a future version, please use 'h' instead.
  return df.resample("4H", label="left", closed="left").agg(agg).dropna()
C:\Users\82109\Desktop\LYC\git\stock_total\scripts\optimize_grid.py:249: FutureWarning: 'H' is deprecated and will be removed in a future version, please use 'h' instead.
  return df.resample("4H", label="left", closed="left").agg(agg).dropna()
C:\Users\82109\Desktop\LYC\git\stock_total\scripts\optimize_grid.py:249: FutureWarning: 'H' is deprecated and will be removed in a future version, please use 'h' instead.
  return df.resample("4H", label="left", closed="left").agg(agg).dropna()
C:\Users\82109\Desktop\LYC\git\stock_total\scripts\optimize_grid.py:249: FutureWarning: 'H' is deprecated and will be removed in a future version, please use 'h' instead.
  return df.resample("4H", label="left", closed="left").agg(agg).dropna()
C:\Users\82109\Desktop\LYC\git\stock_total\scripts\optimize_grid.py:249: FutureWarning: 'H' is deprecated and will be removed in a future version, please use 'h' instead.
  return df.resample("4H", label="left", closed="left").agg(agg).dropna()
C:\Users\82109\Desktop\LYC\git\stock_total\scripts\optimize_grid.py:249: FutureWarning: 'H' is deprecated and will be removed in a future version, please use 'h' instead.
  return df.resample("4H", label="left", closed="left").agg(agg).dropna()
C:\Users\82109\Desktop\LYC\git\stock_total\scripts\optimize_grid.py:249: FutureWarning: 'H' is deprecated and will be removed in a future version, please use 'h' instead.
  return df.resample("4H", label="left", closed="left").agg(agg).dropna()
C:\Users\82109\Desktop\LYC\git\stock_total\scripts\optimize_grid.py:249: FutureWarning: 'H' is deprecated and will be removed in a future version, please use 'h' instead.
  return df.resample("4H", label="left", closed="left").agg(agg).dropna()
C:\Users\82109\Desktop\LYC\git\stock_total\scripts\optimize_grid.py:249: FutureWarning: 'H' is deprecated and will be removed in a future version, please use 'h' instead.
  return df.resample("4H", label="left", closed="left").agg(agg).dropna()
C:\Users\82109\Desktop\LYC\git\stock_total\scripts\optimize_grid.py:249: FutureWarning: 'H' is deprecated and will be removed in a future version, please use 'h' instead.
  return df.resample("4H", label="left", closed="left").agg(agg).dropna()
C:\Users\82109\Desktop\LYC\git\stock_total\scripts\optimize_grid.py:249: FutureWarning: 'H' is deprecated and will be removed in a future version, please use 'h' instead.
  return df.resample("4H", label="left", closed="left").agg(agg).dropna()
C:\Users\82109\Desktop\LYC\git\stock_total\scripts\optimize_grid.py:249: FutureWarning: 'H' is deprecated and will be removed in a future version, please use 'h' instead.
  return df.resample("4H", label="left", closed="left").agg(agg).dropna()
C:\Users\82109\Desktop\LYC\git\stock_total\scripts\optimize_grid.py:249: FutureWarning: 'H' is deprecated and will be removed in a future version, please use 'h' instead.
  return df.resample("4H", label="left", closed="left").agg(agg).dropna()
C:\Users\82109\Desktop\LYC\git\stock_total\scripts\optimize_grid.py:249: FutureWarning: 'H' is deprecated and will be removed in a future version, please use 'h' instead.
  return df.resample("4H", label="left", closed="left").agg(agg).dropna()
C:\Users\82109\Desktop\LYC\git\stock_total\scripts\optimize_grid.py:249: FutureWarning: 'H' is deprecated and will be removed in a future version, please use 'h' instead.
  return df.resample("4H", label="left", closed="left").agg(agg).dropna()
C:\Users\82109\Desktop\LYC\git\stock_total\scripts\optimize_grid.py:249: FutureWarning: 'H' is deprecated and will be removed in a future version, please use 'h' instead.
  return df.resample("4H", label="left", closed="left").agg(agg).dropna()
C:\Users\82109\Desktop\LYC\git\stock_total\scripts\optimize_grid.py:249: FutureWarning: 'H' is deprecated and will be removed in a future version, please use 'h' instead.
  return df.resample("4H", label="left", closed="left").agg(agg).dropna()
C:\Users\82109\Desktop\LYC\git\stock_total\scripts\optimize_grid.py:249: FutureWarning: 'H' is deprecated and will be removed in a future version, please use 'h' instead.
  return df.resample("4H", label="left", closed="left").agg(agg).dropna()
C:\Users\82109\Desktop\LYC\git\stock_total\scripts\optimize_grid.py:249: FutureWarning: 'H' is deprecated and will be removed in a future version, please use 'h' instead.
  return df.resample("4H", label="left", closed="left").agg(agg).dropna()
C:\Users\82109\Desktop\LYC\git\stock_total\scripts\optimize_grid.py:249: FutureWarning: 'H' is deprecated and will be removed in a future version, please use 'h' instead.
  return df.resample("4H", label="left", closed="left").agg(agg).dropna()
C:\Users\82109\Desktop\LYC\git\stock_total\scripts\optimize_grid.py:249: FutureWarning: 'H' is deprecated and will be removed in a future version, please use 'h' instead.
  return df.resample("4H", label="left", closed="left").agg(agg).dropna()
C:\Users\82109\Desktop\LYC\git\stock_total\scripts\optimize_grid.py:249: FutureWarning: 'H' is deprecated and will be removed in a future version, please use 'h' instead.
  return df.resample("4H", label="left", closed="left").agg(agg).dropna()
C:\Users\82109\Desktop\LYC\git\stock_total\scripts\optimize_grid.py:249: FutureWarning: 'H' is deprecated and will be removed in a future version, please use 'h' instead.
  return df.resample("4H", label="left", closed="left").agg(agg).dropna()
C:\Users\82109\Desktop\LYC\git\stock_total\scripts\optimize_grid.py:249: FutureWarning: 'H' is deprecated and will be removed in a future version, please use 'h' instead.
  return df.resample("4H", label="left", closed="left").agg(agg).dropna()
C:\Users\82109\Desktop\LYC\git\stock_total\scripts\optimize_grid.py:249: FutureWarning: 'H' is deprecated and will be removed in a future version, please use 'h' instead.
  return df.resample("4H", label="left", closed="left").agg(agg).dropna()
C:\Users\82109\Desktop\LYC\git\stock_total\scripts\optimize_grid.py:249: FutureWarning: 'H' is deprecated and will be removed in a future version, please use 'h' instead.
  return df.resample("4H", label="left", closed="left").agg(agg).dropna()
C:\Users\82109\Desktop\LYC\git\stock_total\scripts\optimize_grid.py:249: FutureWarning: 'H' is deprecated and will be removed in a future version, please use 'h' instead.
  return df.resample("4H", label="left", closed="left").agg(agg).dropna()
C:\Users\82109\Desktop\LYC\git\stock_total\scripts\optimize_grid.py:249: FutureWarning: 'H' is deprecated and will be removed in a future version, please use 'h' instead.
  return df.resample("4H", label="left", closed="left").agg(agg).dropna()
C:\Users\82109\Desktop\LYC\git\stock_total\scripts\optimize_grid.py:249: FutureWarning: 'H' is deprecated and will be removed in a future version, please use 'h' instead.
  return df.resample("4H", label="left", closed="left").agg(agg).dropna()
C:\Users\82109\Desktop\LYC\git\stock_total\scripts\optimize_grid.py:249: FutureWarning: 'H' is deprecated and will be removed in a future version, please use 'h' instead.
  return df.resample("4H", label="left", closed="left").agg(agg).dropna()
C:\Users\82109\Desktop\LYC\git\stock_total\scripts\optimize_grid.py:249: FutureWarning: 'H' is deprecated and will be removed in a future version, please use 'h' instead.
  return df.resample("4H", label="left", closed="left").agg(agg).dropna()
C:\Users\82109\Desktop\LYC\git\stock_total\scripts\optimize_grid.py:249: FutureWarning: 'H' is deprecated and will be removed in a future version, please use 'h' instead.
  return df.resample("4H", label="left", closed="left").agg(agg).dropna()
C:\Users\82109\Desktop\LYC\git\stock_total\scripts\optimize_grid.py:249: FutureWarning: 'H' is deprecated and will be removed in a future version, please use 'h' instead.
  return df.resample("4H", label="left", closed="left").agg(agg).dropna()
C:\Users\82109\Desktop\LYC\git\stock_total\scripts\optimize_grid.py:249: FutureWarning: 'H' is deprecated and will be removed in a future version, please use 'h' instead.
  return df.resample("4H", label="left", closed="left").agg(agg).dropna()
C:\Users\82109\Desktop\LYC\git\stock_total\scripts\optimize_grid.py:249: FutureWarning: 'H' is deprecated and will be removed in a future version, please use 'h' instead.
  return df.resample("4H", label="left", closed="left").agg(agg).dropna()
C:\Users\82109\Desktop\LYC\git\stock_total\scripts\optimize_grid.py:249: FutureWarning: 'H' is deprecated and will be removed in a future version, please use 'h' instead.
  return df.resample("4H", label="left", closed="left").agg(agg).dropna()
C:\Users\82109\Desktop\LYC\git\stock_total\scripts\optimize_grid.py:249: FutureWarning: 'H' is deprecated and will be removed in a future version, please use 'h' instead.
  return df.resample("4H", label="left", closed="left").agg(agg).dropna()
C:\Users\82109\Desktop\LYC\git\stock_total\scripts\optimize_grid.py:249: FutureWarning: 'H' is deprecated and will be removed in a future version, please use 'h' instead.
  return df.resample("4H", label="left", closed="left").agg(agg).dropna()
C:\Users\82109\Desktop\LYC\git\stock_total\scripts\optimize_grid.py:249: FutureWarning: 'H' is deprecated and will be removed in a future version, please use 'h' instead.
  return df.resample("4H", label="left", closed="left").agg(agg).dropna()
C:\Users\82109\Desktop\LYC\git\stock_total\scripts\optimize_grid.py:249: FutureWarning: 'H' is deprecated and will be removed in a future version, please use 'h' instead.
  return df.resample("4H", label="left", closed="left").agg(agg).dropna()
C:\Users\82109\Desktop\LYC\git\stock_total\scripts\optimize_grid.py:249: FutureWarning: 'H' is deprecated and will be removed in a future version, please use 'h' instead.
  return df.resample("4H", label="left", closed="left").agg(agg).dropna()
C:\Users\82109\Desktop\LYC\git\stock_total\scripts\optimize_grid.py:249: FutureWarning: 'H' is deprecated and will be removed in a future version, please use 'h' instead.
  return df.resample("4H", label="left", closed="left").agg(agg).dropna()
C:\Users\82109\Desktop\LYC\git\stock_total\scripts\optimize_grid.py:249: FutureWarning: 'H' is deprecated and will be removed in a future version, please use 'h' instead.
  return df.resample("4H", label="left", closed="left").agg(agg).dropna()
  loaded 200/300 (skipped 0)
C:\Users\82109\Desktop\LYC\git\stock_total\scripts\optimize_grid.py:249: FutureWarning: 'H' is deprecated and will be removed in a future version, please use 'h' instead.
  return df.resample("4H", label="left", closed="left").agg(agg).dropna()
C:\Users\82109\Desktop\LYC\git\stock_total\scripts\optimize_grid.py:249: FutureWarning: 'H' is deprecated and will be removed in a future version, please use 'h' instead.
  return df.resample("4H", label="left", closed="left").agg(agg).dropna()
C:\Users\82109\Desktop\LYC\git\stock_total\scripts\optimize_grid.py:249: FutureWarning: 'H' is deprecated and will be removed in a future version, please use 'h' instead.
  return df.resample("4H", label="left", closed="left").agg(agg).dropna()
C:\Users\82109\Desktop\LYC\git\stock_total\scripts\optimize_grid.py:249: FutureWarning: 'H' is deprecated and will be removed in a future version, please use 'h' instead.
  return df.resample("4H", label="left", closed="left").agg(agg).dropna()
C:\Users\82109\Desktop\LYC\git\stock_total\scripts\optimize_grid.py:249: FutureWarning: 'H' is deprecated and will be removed in a future version, please use 'h' instead.
  return df.resample("4H", label="left", closed="left").agg(agg).dropna()
C:\Users\82109\Desktop\LYC\git\stock_total\scripts\optimize_grid.py:249: FutureWarning: 'H' is deprecated and will be removed in a future version, please use 'h' instead.
  return df.resample("4H", label="left", closed="left").agg(agg).dropna()
C:\Users\82109\Desktop\LYC\git\stock_total\scripts\optimize_grid.py:249: FutureWarning: 'H' is deprecated and will be removed in a future version, please use 'h' instead.
  return df.resample("4H", label="left", closed="left").agg(agg).dropna()
C:\Users\82109\Desktop\LYC\git\stock_total\scripts\optimize_grid.py:249: FutureWarning: 'H' is deprecated and will be removed in a future version, please use 'h' instead.
  return df.resample("4H", label="left", closed="left").agg(agg).dropna()
C:\Users\82109\Desktop\LYC\git\stock_total\scripts\optimize_grid.py:249: FutureWarning: 'H' is deprecated and will be removed in a future version, please use 'h' instead.
  return df.resample("4H", label="left", closed="left").agg(agg).dropna()
C:\Users\82109\Desktop\LYC\git\stock_total\scripts\optimize_grid.py:249: FutureWarning: 'H' is deprecated and will be removed in a future version, please use 'h' instead.
  return df.resample("4H", label="left", closed="left").agg(agg).dropna()
C:\Users\82109\Desktop\LYC\git\stock_total\scripts\optimize_grid.py:249: FutureWarning: 'H' is deprecated and will be removed in a future version, please use 'h' instead.
  return df.resample("4H", label="left", closed="left").agg(agg).dropna()
C:\Users\82109\Desktop\LYC\git\stock_total\scripts\optimize_grid.py:249: FutureWarning: 'H' is deprecated and will be removed in a future version, please use 'h' instead.
  return df.resample("4H", label="left", closed="left").agg(agg).dropna()
C:\Users\82109\Desktop\LYC\git\stock_total\scripts\optimize_grid.py:249: FutureWarning: 'H' is deprecated and will be removed in a future version, please use 'h' instead.
  return df.resample("4H", label="left", closed="left").agg(agg).dropna()
C:\Users\82109\Desktop\LYC\git\stock_total\scripts\optimize_grid.py:249: FutureWarning: 'H' is deprecated and will be removed in a future version, please use 'h' instead.
  return df.resample("4H", label="left", closed="left").agg(agg).dropna()
C:\Users\82109\Desktop\LYC\git\stock_total\scripts\optimize_grid.py:249: FutureWarning: 'H' is deprecated and will be removed in a future version, please use 'h' instead.
  return df.resample("4H", label="left", closed="left").agg(agg).dropna()
C:\Users\82109\Desktop\LYC\git\stock_total\scripts\optimize_grid.py:249: FutureWarning: 'H' is deprecated and will be removed in a future version, please use 'h' instead.
  return df.resample("4H", label="left", closed="left").agg(agg).dropna()
C:\Users\82109\Desktop\LYC\git\stock_total\scripts\optimize_grid.py:249: FutureWarning: 'H' is deprecated and will be removed in a future version, please use 'h' instead.
  return df.resample("4H", label="left", closed="left").agg(agg).dropna()
C:\Users\82109\Desktop\LYC\git\stock_total\scripts\optimize_grid.py:249: FutureWarning: 'H' is deprecated and will be removed in a future version, please use 'h' instead.
  return df.resample("4H", label="left", closed="left").agg(agg).dropna()
C:\Users\82109\Desktop\LYC\git\stock_total\scripts\optimize_grid.py:249: FutureWarning: 'H' is deprecated and will be removed in a future version, please use 'h' instead.
  return df.resample("4H", label="left", closed="left").agg(agg).dropna()
C:\Users\82109\Desktop\LYC\git\stock_total\scripts\optimize_grid.py:249: FutureWarning: 'H' is deprecated and will be removed in a future version, please use 'h' instead.
  return df.resample("4H", label="left", closed="left").agg(agg).dropna()
C:\Users\82109\Desktop\LYC\git\stock_total\scripts\optimize_grid.py:249: FutureWarning: 'H' is deprecated and will be removed in a future version, please use 'h' instead.
  return df.resample("4H", label="left", closed="left").agg(agg).dropna()
C:\Users\82109\Desktop\LYC\git\stock_total\scripts\optimize_grid.py:249: FutureWarning: 'H' is deprecated and will be removed in a future version, please use 'h' instead.
  return df.resample("4H", label="left", closed="left").agg(agg).dropna()
C:\Users\82109\Desktop\LYC\git\stock_total\scripts\optimize_grid.py:249: FutureWarning: 'H' is deprecated and will be removed in a future version, please use 'h' instead.
  return df.resample("4H", label="left", closed="left").agg(agg).dropna()
C:\Users\82109\Desktop\LYC\git\stock_total\scripts\optimize_grid.py:249: FutureWarning: 'H' is deprecated and will be removed in a future version, please use 'h' instead.
  return df.resample("4H", label="left", closed="left").agg(agg).dropna()
C:\Users\82109\Desktop\LYC\git\stock_total\scripts\optimize_grid.py:249: FutureWarning: 'H' is deprecated and will be removed in a future version, please use 'h' instead.
  return df.resample("4H", label="left", closed="left").agg(agg).dropna()
C:\Users\82109\Desktop\LYC\git\stock_total\scripts\optimize_grid.py:249: FutureWarning: 'H' is deprecated and will be removed in a future version, please use 'h' instead.
  return df.resample("4H", label="left", closed="left").agg(agg).dropna()
C:\Users\82109\Desktop\LYC\git\stock_total\scripts\optimize_grid.py:249: FutureWarning: 'H' is deprecated and will be removed in a future version, please use 'h' instead.
  return df.resample("4H", label="left", closed="left").agg(agg).dropna()
C:\Users\82109\Desktop\LYC\git\stock_total\scripts\optimize_grid.py:249: FutureWarning: 'H' is deprecated and will be removed in a future version, please use 'h' instead.
  return df.resample("4H", label="left", closed="left").agg(agg).dropna()
C:\Users\82109\Desktop\LYC\git\stock_total\scripts\optimize_grid.py:249: FutureWarning: 'H' is deprecated and will be removed in a future version, please use 'h' instead.
  return df.resample("4H", label="left", closed="left").agg(agg).dropna()
C:\Users\82109\Desktop\LYC\git\stock_total\scripts\optimize_grid.py:249: FutureWarning: 'H' is deprecated and will be removed in a future version, please use 'h' instead.
  return df.resample("4H", label="left", closed="left").agg(agg).dropna()
C:\Users\82109\Desktop\LYC\git\stock_total\scripts\optimize_grid.py:249: FutureWarning: 'H' is deprecated and will be removed in a future version, please use 'h' instead.
  return df.resample("4H", label="left", closed="left").agg(agg).dropna()
C:\Users\82109\Desktop\LYC\git\stock_total\scripts\optimize_grid.py:249: FutureWarning: 'H' is deprecated and will be removed in a future version, please use 'h' instead.
  return df.resample("4H", label="left", closed="left").agg(agg).dropna()
C:\Users\82109\Desktop\LYC\git\stock_total\scripts\optimize_grid.py:249: FutureWarning: 'H' is deprecated and will be removed in a future version, please use 'h' instead.
  return df.resample("4H", label="left", closed="left").agg(agg).dropna()
C:\Users\82109\Desktop\LYC\git\stock_total\scripts\optimize_grid.py:249: FutureWarning: 'H' is deprecated and will be removed in a future version, please use 'h' instead.
  return df.resample("4H", label="left", closed="left").agg(agg).dropna()
C:\Users\82109\Desktop\LYC\git\stock_total\scripts\optimize_grid.py:249: FutureWarning: 'H' is deprecated and will be removed in a future version, please use 'h' instead.
  return df.resample("4H", label="left", closed="left").agg(agg).dropna()
C:\Users\82109\Desktop\LYC\git\stock_total\scripts\optimize_grid.py:249: FutureWarning: 'H' is deprecated and will be removed in a future version, please use 'h' instead.
  return df.resample("4H", label="left", closed="left").agg(agg).dropna()
C:\Users\82109\Desktop\LYC\git\stock_total\scripts\optimize_grid.py:249: FutureWarning: 'H' is deprecated and will be removed in a future version, please use 'h' instead.
  return df.resample("4H", label="left", closed="left").agg(agg).dropna()
C:\Users\82109\Desktop\LYC\git\stock_total\scripts\optimize_grid.py:249: FutureWarning: 'H' is deprecated and will be removed in a future version, please use 'h' instead.
  return df.resample("4H", label="left", closed="left").agg(agg).dropna()
C:\Users\82109\Desktop\LYC\git\stock_total\scripts\optimize_grid.py:249: FutureWarning: 'H' is deprecated and will be removed in a future version, please use 'h' instead.
  return df.resample("4H", label="left", closed="left").agg(agg).dropna()
C:\Users\82109\Desktop\LYC\git\stock_total\scripts\optimize_grid.py:249: FutureWarning: 'H' is deprecated and will be removed in a future version, please use 'h' instead.
  return df.resample("4H", label="left", closed="left").agg(agg).dropna()
C:\Users\82109\Desktop\LYC\git\stock_total\scripts\optimize_grid.py:249: FutureWarning: 'H' is deprecated and will be removed in a future version, please use 'h' instead.
  return df.resample("4H", label="left", closed="left").agg(agg).dropna()
C:\Users\82109\Desktop\LYC\git\stock_total\scripts\optimize_grid.py:249: FutureWarning: 'H' is deprecated and will be removed in a future version, please use 'h' instead.
  return df.resample("4H", label="left", closed="left").agg(agg).dropna()
C:\Users\82109\Desktop\LYC\git\stock_total\scripts\optimize_grid.py:249: FutureWarning: 'H' is deprecated and will be removed in a future version, please use 'h' instead.
  return df.resample("4H", label="left", closed="left").agg(agg).dropna()
C:\Users\82109\Desktop\LYC\git\stock_total\scripts\optimize_grid.py:249: FutureWarning: 'H' is deprecated and will be removed in a future version, please use 'h' instead.
  return df.resample("4H", label="left", closed="left").agg(agg).dropna()
C:\Users\82109\Desktop\LYC\git\stock_total\scripts\optimize_grid.py:249: FutureWarning: 'H' is deprecated and will be removed in a future version, please use 'h' instead.
  return df.resample("4H", label="left", closed="left").agg(agg).dropna()
C:\Users\82109\Desktop\LYC\git\stock_total\scripts\optimize_grid.py:249: FutureWarning: 'H' is deprecated and will be removed in a future version, please use 'h' instead.
  return df.resample("4H", label="left", closed="left").agg(agg).dropna()
C:\Users\82109\Desktop\LYC\git\stock_total\scripts\optimize_grid.py:249: FutureWarning: 'H' is deprecated and will be removed in a future version, please use 'h' instead.
  return df.resample("4H", label="left", closed="left").agg(agg).dropna()
C:\Users\82109\Desktop\LYC\git\stock_total\scripts\optimize_grid.py:249: FutureWarning: 'H' is deprecated and will be removed in a future version, please use 'h' instead.
  return df.resample("4H", label="left", closed="left").agg(agg).dropna()
C:\Users\82109\Desktop\LYC\git\stock_total\scripts\optimize_grid.py:249: FutureWarning: 'H' is deprecated and will be removed in a future version, please use 'h' instead.
  return df.resample("4H", label="left", closed="left").agg(agg).dropna()
C:\Users\82109\Desktop\LYC\git\stock_total\scripts\optimize_grid.py:249: FutureWarning: 'H' is deprecated and will be removed in a future version, please use 'h' instead.
  return df.resample("4H", label="left", closed="left").agg(agg).dropna()
  loaded 250/300 (skipped 0)
C:\Users\82109\Desktop\LYC\git\stock_total\scripts\optimize_grid.py:249: FutureWarning: 'H' is deprecated and will be removed in a future version, please use 'h' instead.
  return df.resample("4H", label="left", closed="left").agg(agg).dropna()
C:\Users\82109\Desktop\LYC\git\stock_total\scripts\optimize_grid.py:249: FutureWarning: 'H' is deprecated and will be removed in a future version, please use 'h' instead.
  return df.resample("4H", label="left", closed="left").agg(agg).dropna()
C:\Users\82109\Desktop\LYC\git\stock_total\scripts\optimize_grid.py:249: FutureWarning: 'H' is deprecated and will be removed in a future version, please use 'h' instead.
  return df.resample("4H", label="left", closed="left").agg(agg).dropna()
C:\Users\82109\Desktop\LYC\git\stock_total\scripts\optimize_grid.py:249: FutureWarning: 'H' is deprecated and will be removed in a future version, please use 'h' instead.
  return df.resample("4H", label="left", closed="left").agg(agg).dropna()
C:\Users\82109\Desktop\LYC\git\stock_total\scripts\optimize_grid.py:249: FutureWarning: 'H' is deprecated and will be removed in a future version, please use 'h' instead.
  return df.resample("4H", label="left", closed="left").agg(agg).dropna()
C:\Users\82109\Desktop\LYC\git\stock_total\scripts\optimize_grid.py:249: FutureWarning: 'H' is deprecated and will be removed in a future version, please use 'h' instead.
  return df.resample("4H", label="left", closed="left").agg(agg).dropna()
C:\Users\82109\Desktop\LYC\git\stock_total\scripts\optimize_grid.py:249: FutureWarning: 'H' is deprecated and will be removed in a future version, please use 'h' instead.
  return df.resample("4H", label="left", closed="left").agg(agg).dropna()
C:\Users\82109\Desktop\LYC\git\stock_total\scripts\optimize_grid.py:249: FutureWarning: 'H' is deprecated and will be removed in a future version, please use 'h' instead.
  return df.resample("4H", label="left", closed="left").agg(agg).dropna()
C:\Users\82109\Desktop\LYC\git\stock_total\scripts\optimize_grid.py:249: FutureWarning: 'H' is deprecated and will be removed in a future version, please use 'h' instead.
  return df.resample("4H", label="left", closed="left").agg(agg).dropna()
C:\Users\82109\Desktop\LYC\git\stock_total\scripts\optimize_grid.py:249: FutureWarning: 'H' is deprecated and will be removed in a future version, please use 'h' instead.
  return df.resample("4H", label="left", closed="left").agg(agg).dropna()
C:\Users\82109\Desktop\LYC\git\stock_total\scripts\optimize_grid.py:249: FutureWarning: 'H' is deprecated and will be removed in a future version, please use 'h' instead.
  return df.resample("4H", label="left", closed="left").agg(agg).dropna()
C:\Users\82109\Desktop\LYC\git\stock_total\scripts\optimize_grid.py:249: FutureWarning: 'H' is deprecated and will be removed in a future version, please use 'h' instead.
  return df.resample("4H", label="left", closed="left").agg(agg).dropna()
C:\Users\82109\Desktop\LYC\git\stock_total\scripts\optimize_grid.py:249: FutureWarning: 'H' is deprecated and will be removed in a future version, please use 'h' instead.
  return df.resample("4H", label="left", closed="left").agg(agg).dropna()
C:\Users\82109\Desktop\LYC\git\stock_total\scripts\optimize_grid.py:249: FutureWarning: 'H' is deprecated and will be removed in a future version, please use 'h' instead.
  return df.resample("4H", label="left", closed="left").agg(agg).dropna()
C:\Users\82109\Desktop\LYC\git\stock_total\scripts\optimize_grid.py:249: FutureWarning: 'H' is deprecated and will be removed in a future version, please use 'h' instead.
  return df.resample("4H", label="left", closed="left").agg(agg).dropna()
C:\Users\82109\Desktop\LYC\git\stock_total\scripts\optimize_grid.py:249: FutureWarning: 'H' is deprecated and will be removed in a future version, please use 'h' instead.
  return df.resample("4H", label="left", closed="left").agg(agg).dropna()
C:\Users\82109\Desktop\LYC\git\stock_total\scripts\optimize_grid.py:249: FutureWarning: 'H' is deprecated and will be removed in a future version, please use 'h' instead.
  return df.resample("4H", label="left", closed="left").agg(agg).dropna()
C:\Users\82109\Desktop\LYC\git\stock_total\scripts\optimize_grid.py:249: FutureWarning: 'H' is deprecated and will be removed in a future version, please use 'h' instead.
  return df.resample("4H", label="left", closed="left").agg(agg).dropna()
C:\Users\82109\Desktop\LYC\git\stock_total\scripts\optimize_grid.py:249: FutureWarning: 'H' is deprecated and will be removed in a future version, please use 'h' instead.
  return df.resample("4H", label="left", closed="left").agg(agg).dropna()
C:\Users\82109\Desktop\LYC\git\stock_total\scripts\optimize_grid.py:249: FutureWarning: 'H' is deprecated and will be removed in a future version, please use 'h' instead.
  return df.resample("4H", label="left", closed="left").agg(agg).dropna()
C:\Users\82109\Desktop\LYC\git\stock_total\scripts\optimize_grid.py:249: FutureWarning: 'H' is deprecated and will be removed in a future version, please use 'h' instead.
  return df.resample("4H", label="left", closed="left").agg(agg).dropna()
C:\Users\82109\Desktop\LYC\git\stock_total\scripts\optimize_grid.py:249: FutureWarning: 'H' is deprecated and will be removed in a future version, please use 'h' instead.
  return df.resample("4H", label="left", closed="left").agg(agg).dropna()
C:\Users\82109\Desktop\LYC\git\stock_total\scripts\optimize_grid.py:249: FutureWarning: 'H' is deprecated and will be removed in a future version, please use 'h' instead.
  return df.resample("4H", label="left", closed="left").agg(agg).dropna()
C:\Users\82109\Desktop\LYC\git\stock_total\scripts\optimize_grid.py:249: FutureWarning: 'H' is deprecated and will be removed in a future version, please use 'h' instead.
  return df.resample("4H", label="left", closed="left").agg(agg).dropna()
C:\Users\82109\Desktop\LYC\git\stock_total\scripts\optimize_grid.py:249: FutureWarning: 'H' is deprecated and will be removed in a future version, please use 'h' instead.
  return df.resample("4H", label="left", closed="left").agg(agg).dropna()
C:\Users\82109\Desktop\LYC\git\stock_total\scripts\optimize_grid.py:249: FutureWarning: 'H' is deprecated and will be removed in a future version, please use 'h' instead.
  return df.resample("4H", label="left", closed="left").agg(agg).dropna()
C:\Users\82109\Desktop\LYC\git\stock_total\scripts\optimize_grid.py:249: FutureWarning: 'H' is deprecated and will be removed in a future version, please use 'h' instead.
  return df.resample("4H", label="left", closed="left").agg(agg).dropna()
C:\Users\82109\Desktop\LYC\git\stock_total\scripts\optimize_grid.py:249: FutureWarning: 'H' is deprecated and will be removed in a future version, please use 'h' instead.
  return df.resample("4H", label="left", closed="left").agg(agg).dropna()
C:\Users\82109\Desktop\LYC\git\stock_total\scripts\optimize_grid.py:249: FutureWarning: 'H' is deprecated and will be removed in a future version, please use 'h' instead.
  return df.resample("4H", label="left", closed="left").agg(agg).dropna()
C:\Users\82109\Desktop\LYC\git\stock_total\scripts\optimize_grid.py:249: FutureWarning: 'H' is deprecated and will be removed in a future version, please use 'h' instead.
  return df.resample("4H", label="left", closed="left").agg(agg).dropna()
C:\Users\82109\Desktop\LYC\git\stock_total\scripts\optimize_grid.py:249: FutureWarning: 'H' is deprecated and will be removed in a future version, please use 'h' instead.
  return df.resample("4H", label="left", closed="left").agg(agg).dropna()
C:\Users\82109\Desktop\LYC\git\stock_total\scripts\optimize_grid.py:249: FutureWarning: 'H' is deprecated and will be removed in a future version, please use 'h' instead.
  return df.resample("4H", label="left", closed="left").agg(agg).dropna()
C:\Users\82109\Desktop\LYC\git\stock_total\scripts\optimize_grid.py:249: FutureWarning: 'H' is deprecated and will be removed in a future version, please use 'h' instead.
  return df.resample("4H", label="left", closed="left").agg(agg).dropna()
C:\Users\82109\Desktop\LYC\git\stock_total\scripts\optimize_grid.py:249: FutureWarning: 'H' is deprecated and will be removed in a future version, please use 'h' instead.
  return df.resample("4H", label="left", closed="left").agg(agg).dropna()
C:\Users\82109\Desktop\LYC\git\stock_total\scripts\optimize_grid.py:249: FutureWarning: 'H' is deprecated and will be removed in a future version, please use 'h' instead.
  return df.resample("4H", label="left", closed="left").agg(agg).dropna()
C:\Users\82109\Desktop\LYC\git\stock_total\scripts\optimize_grid.py:249: FutureWarning: 'H' is deprecated and will be removed in a future version, please use 'h' instead.
  return df.resample("4H", label="left", closed="left").agg(agg).dropna()
C:\Users\82109\Desktop\LYC\git\stock_total\scripts\optimize_grid.py:249: FutureWarning: 'H' is deprecated and will be removed in a future version, please use 'h' instead.
  return df.resample("4H", label="left", closed="left").agg(agg).dropna()
C:\Users\82109\Desktop\LYC\git\stock_total\scripts\optimize_grid.py:249: FutureWarning: 'H' is deprecated and will be removed in a future version, please use 'h' instead.
  return df.resample("4H", label="left", closed="left").agg(agg).dropna()
C:\Users\82109\Desktop\LYC\git\stock_total\scripts\optimize_grid.py:249: FutureWarning: 'H' is deprecated and will be removed in a future version, please use 'h' instead.
  return df.resample("4H", label="left", closed="left").agg(agg).dropna()
C:\Users\82109\Desktop\LYC\git\stock_total\scripts\optimize_grid.py:249: FutureWarning: 'H' is deprecated and will be removed in a future version, please use 'h' instead.
  return df.resample("4H", label="left", closed="left").agg(agg).dropna()
C:\Users\82109\Desktop\LYC\git\stock_total\scripts\optimize_grid.py:249: FutureWarning: 'H' is deprecated and will be removed in a future version, please use 'h' instead.
  return df.resample("4H", label="left", closed="left").agg(agg).dropna()
C:\Users\82109\Desktop\LYC\git\stock_total\scripts\optimize_grid.py:249: FutureWarning: 'H' is deprecated and will be removed in a future version, please use 'h' instead.
  return df.resample("4H", label="left", closed="left").agg(agg).dropna()
C:\Users\82109\Desktop\LYC\git\stock_total\scripts\optimize_grid.py:249: FutureWarning: 'H' is deprecated and will be removed in a future version, please use 'h' instead.
  return df.resample("4H", label="left", closed="left").agg(agg).dropna()
C:\Users\82109\Desktop\LYC\git\stock_total\scripts\optimize_grid.py:249: FutureWarning: 'H' is deprecated and will be removed in a future version, please use 'h' instead.
  return df.resample("4H", label="left", closed="left").agg(agg).dropna()
C:\Users\82109\Desktop\LYC\git\stock_total\scripts\optimize_grid.py:249: FutureWarning: 'H' is deprecated and will be removed in a future version, please use 'h' instead.
  return df.resample("4H", label="left", closed="left").agg(agg).dropna()
C:\Users\82109\Desktop\LYC\git\stock_total\scripts\optimize_grid.py:249: FutureWarning: 'H' is deprecated and will be removed in a future version, please use 'h' instead.
  return df.resample("4H", label="left", closed="left").agg(agg).dropna()
C:\Users\82109\Desktop\LYC\git\stock_total\scripts\optimize_grid.py:249: FutureWarning: 'H' is deprecated and will be removed in a future version, please use 'h' instead.
  return df.resample("4H", label="left", closed="left").agg(agg).dropna()
C:\Users\82109\Desktop\LYC\git\stock_total\scripts\optimize_grid.py:249: FutureWarning: 'H' is deprecated and will be removed in a future version, please use 'h' instead.
  return df.resample("4H", label="left", closed="left").agg(agg).dropna()
C:\Users\82109\Desktop\LYC\git\stock_total\scripts\optimize_grid.py:249: FutureWarning: 'H' is deprecated and will be removed in a future version, please use 'h' instead.
  return df.resample("4H", label="left", closed="left").agg(agg).dropna()
C:\Users\82109\Desktop\LYC\git\stock_total\scripts\optimize_grid.py:249: FutureWarning: 'H' is deprecated and will be removed in a future version, please use 'h' instead.
  return df.resample("4H", label="left", closed="left").agg(agg).dropna()
  loaded 300/300 (skipped 0)
  loaded total: 300 symbols, skipped 0. elapsed 7.7s
  th=    60 rule=hold_120bars_trail15_cut24h      n=34979 win=27.9% mean= -0.1% total= -100.0% MDD=-100.0% Sharpe=-0.38 PF= 0.98
  th=    60 rule=hold_60bars_trail10              n=34979 win=34.2% mean= -0.4% total= -100.0% MDD=-100.0% Sharpe=-1.46 PF= 0.94
  th=    60 rule=hold_120bars_trail20_TP30        n=34979 win=35.1% mean= -0.5% total= -100.0% MDD=-100.0% Sharpe=-1.60 PF= 0.95
  th=    70 rule=hold_120bars_trail15_cut24h      n=36440 win=27.5% mean= -0.2% total= -100.0% MDD=-100.0% Sharpe=-0.56 PF= 0.98
  th=    70 rule=hold_60bars_trail10              n=36440 win=34.4% mean= -0.3% total= -100.0% MDD=-100.0% Sharpe=-1.17 PF= 0.95
  th=    70 rule=hold_120bars_trail20_TP30        n=36440 win=34.9% mean= -0.5% total= -100.0% MDD=-100.0% Sharpe=-1.51 PF= 0.95
  th=    75 rule=hold_120bars_trail15_cut24h      n=37176 win=26.9% mean= -0.3% total= -100.0% MDD=-100.0% Sharpe=-1.15 PF= 0.95
  th=    75 rule=hold_60bars_trail10              n=37176 win=34.0% mean= -0.3% total= -100.0% MDD=-100.0% Sharpe=-1.41 PF= 0.94
  th=    75 rule=hold_120bars_trail20_TP30        n=37176 win=34.8% mean= -0.5% total= -100.0% MDD=-100.0% Sharpe=-1.57 PF= 0.95
  th=    80 rule=hold_120bars_trail15_cut24h      n=30461 win=26.8% mean= -0.3% total= -100.0% MDD=-100.0% Sharpe=-1.05 PF= 0.95
  th=    80 rule=hold_60bars_trail10              n=30461 win=34.0% mean= -0.3% total= -100.0% MDD=-100.0% Sharpe=-1.28 PF= 0.94
  th=    80 rule=hold_120bars_trail20_TP30        n=30461 win=34.8% mean= -0.4% total= -100.0% MDD=-100.0% Sharpe=-1.25 PF= 0.96
  th=    85 rule=hold_120bars_trail15_cut24h      n=24429 win=26.8% mean= -0.3% total= -100.0% MDD=-100.0% Sharpe=-0.85 PF= 0.96
  th=    85 rule=hold_60bars_trail10              n=24429 win=34.0% mean= -0.3% total= -100.0% MDD=-100.0% Sharpe=-1.05 PF= 0.95
  th=    85 rule=hold_120bars_trail20_TP30        n=24429 win=34.6% mean= -0.5% total= -100.0% MDD=-100.0% Sharpe=-1.40 PF= 0.95
  th=    90 rule=hold_120bars_trail15_cut24h      n=14576 win=27.3% mean= -0.2% total= -100.0% MDD=-100.0% Sharpe=-0.35 PF= 0.98
  th=    90 rule=hold_60bars_trail10              n=14576 win=34.6% mean= -0.1% total= -100.0% MDD=-100.0% Sharpe=-0.31 PF= 0.98
  th=    90 rule=hold_120bars_trail20_TP30        n=14576 win=35.4% mean= -0.2% total= -100.0% MDD=-100.0% Sharpe=-0.36 PF= 0.98
  saved: C:\Users\82109\Desktop\LYC\git\stock_total\scripts\out\optimize\crypto_trend_pullback_4h_grid.csv
