
=== CRYPTO / quiet_bottom / 4h (universe=300, files=553, rules=3, thresholds=[1]) ===
C:\Users\82109\Desktop\LYC\git\stock_total\scripts\optimize_grid.py:249: FutureWarning: 'H' is deprecated and will be removed in a future version, please use 'h' instead.
  return df.resample("4H", label="left", closed="left").agg(agg).dropna()
C:\Users\82109\Desktop\LYC\git\stock_total\scripts\optimize_grid.py:249: FutureWarning: 'H' is deprecated and will be removed in a future version, please use 'h' instead.
  return df.resample("4H", label="left", closed="left").agg(agg).dropna()
C:\Users\82109\Desktop\LYC\git\stock_total\scripts\optimize_grid.py:249: FutureWarning: 'H' is deprecated and will be removed in a future version, please use 'h' instead.
  return df.resample("4H", label="left", closed="left").agg(agg).dropna()
C:\Users\82109\Desktop\LYC\git\stock_total\scripts\optimize_grid.py:249: FutureWarning: 'H' is deprecated and will be removed in a future version, please use 'h' instead.
  return df.resample("4H", label="left", closed="left").agg(agg).dropna()
C:\Users\82109\Desktop\LYC\git\stock_total\scripts\optimize_grid.py:249: FutureWarning: 'H' is deprecated and will be removed in a future version, please use 'h' instead.
  return df.resample("4H", label="left", closed="left").agg(agg).dropna()
C:\Users\82109\Desktop\LYC\git\stock_total\scripts\optimize_grid.py:249: FutureWarning: 'H' is deprecated and will be removed in a future version, please use 'h' instead.
  return df.resample("4H", label="left", closed="left").agg(agg).dropna()
C:\Users\82109\Desktop\LYC\git\stock_total\scripts\optimize_grid.py:249: FutureWarning: 'H' is deprecated and will be removed in a future version, please use 'h' instead.
  return df.resample("4H", label="left", closed="left").agg(agg).dropna()
C:\Users\82109\Desktop\LYC\git\stock_total\scripts\optimize_grid.py:249: FutureWarning: 'H' is deprecated and will be removed in a future version, please use 'h' instead.
  return df.resample("4H", label="left", closed="left").agg(agg).dropna()
C:\Users\82109\Desktop\LYC\git\stock_total\scripts\optimize_grid.py:249: FutureWarning: 'H' is deprecated and will be removed in a future version, please use 'h' instead.
  return df.resample("4H", label="left", closed="left").agg(agg).dropna()
C:\Users\82109\Desktop\LYC\git\stock_total\scripts\optimize_grid.py:249: FutureWarning: 'H' is deprecated and will be removed in a future version, please use 'h' instead.
  return df.resample("4H", label="left", closed="left").agg(agg).dropna()
C:\Users\82109\Desktop\LYC\git\stock_total\scripts\optimize_grid.py:249: FutureWarning: 'H' is deprecated and will be removed in a future version, please use 'h' instead.
  return df.resample("4H", label="left", closed="left").agg(agg).dropna()
C:\Users\82109\Desktop\LYC\git\stock_total\scripts\optimize_grid.py:249: FutureWarning: 'H' is deprecated and will be removed in a future version, please use 'h' instead.
  return df.resample("4H", label="left", closed="left").agg(agg).dropna()
C:\Users\82109\Desktop\LYC\git\stock_total\scripts\optimize_grid.py:249: FutureWarning: 'H' is deprecated and will be removed in a future version, please use 'h' instead.
  return df.resample("4H", label="left", closed="left").agg(agg).dropna()
C:\Users\82109\Desktop\LYC\git\stock_total\scripts\optimize_grid.py:249: FutureWarning: 'H' is deprecated and will be removed in a future version, please use 'h' instead.
  return df.resample("4H", label="left", closed="left").agg(agg).dropna()
C:\Users\82109\Desktop\LYC\git\stock_total\scripts\optimize_grid.py:249: FutureWarning: 'H' is deprecated and will be removed in a future version, please use 'h' instead.
  return df.resample("4H", label="left", closed="left").agg(agg).dropna()
C:\Users\82109\Desktop\LYC\git\stock_total\scripts\optimize_grid.py:249: FutureWarning: 'H' is deprecated and will be removed in a future version, please use 'h' instead.
  return df.resample("4H", label="left", closed="left").agg(agg).dropna()
C:\Users\82109\Desktop\LYC\git\stock_total\scripts\optimize_grid.py:249: FutureWarning: 'H' is deprecated and will be removed in a future version, please use 'h' instead.
  return df.resample("4H", label="left", closed="left").agg(agg).dropna()
C:\Users\82109\Desktop\LYC\git\stock_total\scripts\optimize_grid.py:249: FutureWarning: 'H' is deprecated and will be removed in a future version, please use 'h' instead.
  return df.resample("4H", label="left", closed="left").agg(agg).dropna()
C:\Users\82109\Desktop\LYC\git\stock_total\scripts\optimize_grid.py:249: FutureWarning: 'H' is deprecated and will be removed in a future version, please use 'h' instead.
  return df.resample("4H", label="left", closed="left").agg(agg).dropna()
C:\Users\82109\Desktop\LYC\git\stock_total\scripts\optimize_grid.py:249: FutureWarning: 'H' is deprecated and will be removed in a future version, please use 'h' instead.
  return df.resample("4H", label="left", closed="left").agg(agg).dropna()
C:\Users\82109\Desktop\LYC\git\stock_total\scripts\optimize_grid.py:249: FutureWarning: 'H' is deprecated and will be removed in a future version, please use 'h' instead.
  return df.resample("4H", label="left", closed="left").agg(agg).dropna()
C:\Users\82109\Desktop\LYC\git\stock_total\scripts\optimize_grid.py:249: FutureWarning: 'H' is deprecated and will be removed in a future version, please use 'h' instead.
  return df.resample("4H", label="left", closed="left").agg(agg).dropna()
C:\Users\82109\Desktop\LYC\git\stock_total\scripts\optimize_grid.py:249: FutureWarning: 'H' is deprecated and will be removed in a future version, please use 'h' instead.
  return df.resample("4H", label="left", closed="left").agg(agg).dropna()
C:\Users\82109\Desktop\LYC\git\stock_total\scripts\optimize_grid.py:249: FutureWarning: 'H' is deprecated and will be removed in a future version, please use 'h' instead.
  return df.resample("4H", label="left", closed="left").agg(agg).dropna()
C:\Users\82109\Desktop\LYC\git\stock_total\scripts\optimize_grid.py:249: FutureWarning: 'H' is deprecated and will be removed in a future version, please use 'h' instead.
  return df.resample("4H", label="left", closed="left").agg(agg).dropna()
C:\Users\82109\Desktop\LYC\git\stock_total\scripts\optimize_grid.py:249: FutureWarning: 'H' is deprecated and will be removed in a future version, please use 'h' instead.
  return df.resample("4H", label="left", closed="left").agg(agg).dropna()
C:\Users\82109\Desktop\LYC\git\stock_total\scripts\optimize_grid.py:249: FutureWarning: 'H' is deprecated and will be removed in a future version, please use 'h' instead.
  return df.resample("4H", label="left", closed="left").agg(agg).dropna()
C:\Users\82109\Desktop\LYC\git\stock_total\scripts\optimize_grid.py:249: FutureWarning: 'H' is deprecated and will be removed in a future version, please use 'h' instead.
  return df.resample("4H", label="left", closed="left").agg(agg).dropna()
C:\Users\82109\Desktop\LYC\git\stock_total\scripts\optimize_grid.py:249: FutureWarning: 'H' is deprecated and will be removed in a future version, please use 'h' instead.
  return df.resample("4H", label="left", closed="left").agg(agg).dropna()
C:\Users\82109\Desktop\LYC\git\stock_total\scripts\optimize_grid.py:249: FutureWarning: 'H' is deprecated and will be removed in a future version, please use 'h' instead.
  return df.resample("4H", label="left", closed="left").agg(agg).dropna()
C:\Users\82109\Desktop\LYC\git\stock_total\scripts\optimize_grid.py:249: FutureWarning: 'H' is deprecated and will be removed in a future version, please use 'h' instead.
  return df.resample("4H", label="left", closed="left").agg(agg).dropna()
C:\Users\82109\Desktop\LYC\git\stock_total\scripts\optimize_grid.py:249: FutureWarning: 'H' is deprecated and will be removed in a future version, please use 'h' instead.
  return df.resample("4H", label="left", closed="left").agg(agg).dropna()
C:\Users\82109\Desktop\LYC\git\stock_total\scripts\optimize_grid.py:249: FutureWarning: 'H' is deprecated and will be removed in a future version, please use 'h' instead.
  return df.resample("4H", label="left", closed="left").agg(agg).dropna()
C:\Users\82109\Desktop\LYC\git\stock_total\scripts\optimize_grid.py:249: FutureWarning: 'H' is deprecated and will be removed in a future version, please use 'h' instead.
  return df.resample("4H", label="left", closed="left").agg(agg).dropna()
C:\Users\82109\Desktop\LYC\git\stock_total\scripts\optimize_grid.py:249: FutureWarning: 'H' is deprecated and will be removed in a future version, please use 'h' instead.
  return df.resample("4H", label="left", closed="left").agg(agg).dropna()
C:\Users\82109\Desktop\LYC\git\stock_total\scripts\optimize_grid.py:249: FutureWarning: 'H' is deprecated and will be removed in a future version, please use 'h' instead.
  return df.resample("4H", label="left", closed="left").agg(agg).dropna()
C:\Users\82109\Desktop\LYC\git\stock_total\scripts\optimize_grid.py:249: FutureWarning: 'H' is deprecated and will be removed in a future version, please use 'h' instead.
  return df.resample("4H", label="left", closed="left").agg(agg).dropna()
C:\Users\82109\Desktop\LYC\git\stock_total\scripts\optimize_grid.py:249: FutureWarning: 'H' is deprecated and will be removed in a future version, please use 'h' instead.
  return df.resample("4H", label="left", closed="left").agg(agg).dropna()
C:\Users\82109\Desktop\LYC\git\stock_total\scripts\optimize_grid.py:249: FutureWarning: 'H' is deprecated and will be removed in a future version, please use 'h' instead.
  return df.resample("4H", label="left", closed="left").agg(agg).dropna()
C:\Users\82109\Desktop\LYC\git\stock_total\scripts\optimize_grid.py:249: FutureWarning: 'H' is deprecated and will be removed in a future version, please use 'h' instead.
  return df.resample("4H", label="left", closed="left").agg(agg).dropna()
C:\Users\82109\Desktop\LYC\git\stock_total\scripts\optimize_grid.py:249: FutureWarning: 'H' is deprecated and will be removed in a future version, please use 'h' instead.
  return df.resample("4H", label="left", closed="left").agg(agg).dropna()
C:\Users\82109\Desktop\LYC\git\stock_total\scripts\optimize_grid.py:249: FutureWarning: 'H' is deprecated and will be removed in a future version, please use 'h' instead.
  return df.resample("4H", label="left", closed="left").agg(agg).dropna()
C:\Users\82109\Desktop\LYC\git\stock_total\scripts\optimize_grid.py:249: FutureWarning: 'H' is deprecated and will be removed in a future version, please use 'h' instead.
  return df.resample("4H", label="left", closed="left").agg(agg).dropna()
C:\Users\82109\Desktop\LYC\git\stock_total\scripts\optimize_grid.py:249: FutureWarning: 'H' is deprecated and will be removed in a future version, please use 'h' instead.
  return df.resample("4H", label="left", closed="left").agg(agg).dropna()
C:\Users\82109\Desktop\LYC\git\stock_total\scripts\optimize_grid.py:249: FutureWarning: 'H' is deprecated and will be removed in a future version, please use 'h' instead.
  return df.resample("4H", label="left", closed="left").agg(agg).dropna()
C:\Users\82109\Desktop\LYC\git\stock_total\scripts\optimize_grid.py:249: FutureWarning: 'H' is deprecated and will be removed in a future version, please use 'h' instead.
  return df.resample("4H", label="left", closed="left").agg(agg).dropna()
C:\Users\82109\Desktop\LYC\git\stock_total\scripts\optimize_grid.py:249: FutureWarning: 'H' is deprecated and will be removed in a future version, please use 'h' instead.
  return df.resample("4H", label="left", closed="left").agg(agg).dropna()
C:\Users\82109\Desktop\LYC\git\stock_total\scripts\optimize_grid.py:249: FutureWarning: 'H' is deprecated and will be removed in a future version, please use 'h' instead.
  return df.resample("4H", label="left", closed="left").agg(agg).dropna()
C:\Users\82109\Desktop\LYC\git\stock_total\scripts\optimize_grid.py:249: FutureWarning: 'H' is deprecated and will be removed in a future version, please use 'h' instead.
  return df.resample("4H", label="left", closed="left").agg(agg).dropna()
C:\Users\82109\Desktop\LYC\git\stock_total\scripts\optimize_grid.py:249: FutureWarning: 'H' is deprecated and will be removed in a future version, please use 'h' instead.
  return df.resample("4H", label="left", closed="left").agg(agg).dropna()
  loaded 50/300 (skipped 0)
C:\Users\82109\Desktop\LYC\git\stock_total\scripts\optimize_grid.py:249: FutureWarning: 'H' is deprecated and will be removed in a future version, please use 'h' instead.
  return df.resample("4H", label="left", closed="left").agg(agg).dropna()
C:\Users\82109\Desktop\LYC\git\stock_total\scripts\optimize_grid.py:249: FutureWarning: 'H' is deprecated and will be removed in a future version, please use 'h' instead.
  return df.resample("4H", label="left", closed="left").agg(agg).dropna()
C:\Users\82109\Desktop\LYC\git\stock_total\scripts\optimize_grid.py:249: FutureWarning: 'H' is deprecated and will be removed in a future version, please use 'h' instead.
  return df.resample("4H", label="left", closed="left").agg(agg).dropna()
C:\Users\82109\Desktop\LYC\git\stock_total\scripts\optimize_grid.py:249: FutureWarning: 'H' is deprecated and will be removed in a future version, please use 'h' instead.
  return df.resample("4H", label="left", closed="left").agg(agg).dropna()
C:\Users\82109\Desktop\LYC\git\stock_total\scripts\optimize_grid.py:249: FutureWarning: 'H' is deprecated and will be removed in a future version, please use 'h' instead.
  return df.resample("4H", label="left", closed="left").agg(agg).dropna()
C:\Users\82109\Desktop\LYC\git\stock_total\scripts\optimize_grid.py:249: FutureWarning: 'H' is deprecated and will be removed in a future version, please use 'h' instead.
  return df.resample("4H", label="left", closed="left").agg(agg).dropna()
C:\Users\82109\Desktop\LYC\git\stock_total\scripts\optimize_grid.py:249: FutureWarning: 'H' is deprecated and will be removed in a future version, please use 'h' instead.
  return df.resample("4H", label="left", closed="left").agg(agg).dropna()
C:\Users\82109\Desktop\LYC\git\stock_total\scripts\optimize_grid.py:249: FutureWarning: 'H' is deprecated and will be removed in a future version, please use 'h' instead.
  return df.resample("4H", label="left", closed="left").agg(agg).dropna()
C:\Users\82109\Desktop\LYC\git\stock_total\scripts\optimize_grid.py:249: FutureWarning: 'H' is deprecated and will be removed in a future version, please use 'h' instead.
  return df.resample("4H", label="left", closed="left").agg(agg).dropna()
C:\Users\82109\Desktop\LYC\git\stock_total\scripts\optimize_grid.py:249: FutureWarning: 'H' is deprecated and will be removed in a future version, please use 'h' instead.
  return df.resample("4H", label="left", closed="left").agg(agg).dropna()
C:\Users\82109\Desktop\LYC\git\stock_total\scripts\optimize_grid.py:249: FutureWarning: 'H' is deprecated and will be removed in a future version, please use 'h' instead.
  return df.resample("4H", label="left", closed="left").agg(agg).dropna()
C:\Users\82109\Desktop\LYC\git\stock_total\scripts\optimize_grid.py:249: FutureWarning: 'H' is deprecated and will be removed in a future version, please use 'h' instead.
  return df.resample("4H", label="left", closed="left").agg(agg).dropna()
C:\Users\82109\Desktop\LYC\git\stock_total\scripts\optimize_grid.py:249: FutureWarning: 'H' is deprecated and will be removed in a future version, please use 'h' instead.
  return df.resample("4H", label="left", closed="left").agg(agg).dropna()
C:\Users\82109\Desktop\LYC\git\stock_total\scripts\optimize_grid.py:249: FutureWarning: 'H' is deprecated and will be removed in a future version, please use 'h' instead.
  return df.resample("4H", label="left", closed="left").agg(agg).dropna()
C:\Users\82109\Desktop\LYC\git\stock_total\scripts\optimize_grid.py:249: FutureWarning: 'H' is deprecated and will be removed in a future version, please use 'h' instead.
  return df.resample("4H", label="left", closed="left").agg(agg).dropna()
C:\Users\82109\Desktop\LYC\git\stock_total\scripts\optimize_grid.py:249: FutureWarning: 'H' is deprecated and will be removed in a future version, please use 'h' instead.
  return df.resample("4H", label="left", closed="left").agg(agg).dropna()
C:\Users\82109\Desktop\LYC\git\stock_total\scripts\optimize_grid.py:249: FutureWarning: 'H' is deprecated and will be removed in a future version, please use 'h' instead.
  return df.resample("4H", label="left", closed="left").agg(agg).dropna()
C:\Users\82109\Desktop\LYC\git\stock_total\scripts\optimize_grid.py:249: FutureWarning: 'H' is deprecated and will be removed in a future version, please use 'h' instead.
  return df.resample("4H", label="left", closed="left").agg(agg).dropna()
C:\Users\82109\Desktop\LYC\git\stock_total\scripts\optimize_grid.py:249: FutureWarning: 'H' is deprecated and will be removed in a future version, please use 'h' instead.
  return df.resample("4H", label="left", closed="left").agg(agg).dropna()
C:\Users\82109\Desktop\LYC\git\stock_total\scripts\optimize_grid.py:249: FutureWarning: 'H' is deprecated and will be removed in a future version, please use 'h' instead.
  return df.resample("4H", label="left", closed="left").agg(agg).dropna()
C:\Users\82109\Desktop\LYC\git\stock_total\scripts\optimize_grid.py:249: FutureWarning: 'H' is deprecated and will be removed in a future version, please use 'h' instead.
  return df.resample("4H", label="left", closed="left").agg(agg).dropna()
C:\Users\82109\Desktop\LYC\git\stock_total\scripts\optimize_grid.py:249: FutureWarning: 'H' is deprecated and will be removed in a future version, please use 'h' instead.
  return df.resample("4H", label="left", closed="left").agg(agg).dropna()
C:\Users\82109\Desktop\LYC\git\stock_total\scripts\optimize_grid.py:249: FutureWarning: 'H' is deprecated and will be removed in a future version, please use 'h' instead.
  return df.resample("4H", label="left", closed="left").agg(agg).dropna()
C:\Users\82109\Desktop\LYC\git\stock_total\scripts\optimize_grid.py:249: FutureWarning: 'H' is deprecated and will be removed in a future version, please use 'h' instead.
  return df.resample("4H", label="left", closed="left").agg(agg).dropna()
C:\Users\82109\Desktop\LYC\git\stock_total\scripts\optimize_grid.py:249: FutureWarning: 'H' is deprecated and will be removed in a future version, please use 'h' instead.
  return df.resample("4H", label="left", closed="left").agg(agg).dropna()
C:\Users\82109\Desktop\LYC\git\stock_total\scripts\optimize_grid.py:249: FutureWarning: 'H' is deprecated and will be removed in a future version, please use 'h' instead.
  return df.resample("4H", label="left", closed="left").agg(agg).dropna()
C:\Users\82109\Desktop\LYC\git\stock_total\scripts\optimize_grid.py:249: FutureWarning: 'H' is deprecated and will be removed in a future version, please use 'h' instead.
  return df.resample("4H", label="left", closed="left").agg(agg).dropna()
C:\Users\82109\Desktop\LYC\git\stock_total\scripts\optimize_grid.py:249: FutureWarning: 'H' is deprecated and will be removed in a future version, please use 'h' instead.
  return df.resample("4H", label="left", closed="left").agg(agg).dropna()
C:\Users\82109\Desktop\LYC\git\stock_total\scripts\optimize_grid.py:249: FutureWarning: 'H' is deprecated and will be removed in a future version, please use 'h' instead.
  return df.resample("4H", label="left", closed="left").agg(agg).dropna()
C:\Users\82109\Desktop\LYC\git\stock_total\scripts\optimize_grid.py:249: FutureWarning: 'H' is deprecated and will be removed in a future version, please use 'h' instead.
  return df.resample("4H", label="left", closed="left").agg(agg).dropna()
C:\Users\82109\Desktop\LYC\git\stock_total\scripts\optimize_grid.py:249: FutureWarning: 'H' is deprecated and will be removed in a future version, please use 'h' instead.
  return df.resample("4H", label="left", closed="left").agg(agg).dropna()
C:\Users\82109\Desktop\LYC\git\stock_total\scripts\optimize_grid.py:249: FutureWarning: 'H' is deprecated and will be removed in a future version, please use 'h' instead.
  return df.resample("4H", label="left", closed="left").agg(agg).dropna()
C:\Users\82109\Desktop\LYC\git\stock_total\scripts\optimize_grid.py:249: FutureWarning: 'H' is deprecated and will be removed in a future version, please use 'h' instead.
  return df.resample("4H", label="left", closed="left").agg(agg).dropna()
C:\Users\82109\Desktop\LYC\git\stock_total\scripts\optimize_grid.py:249: FutureWarning: 'H' is deprecated and will be removed in a future version, please use 'h' instead.
  return df.resample("4H", label="left", closed="left").agg(agg).dropna()
C:\Users\82109\Desktop\LYC\git\stock_total\scripts\optimize_grid.py:249: FutureWarning: 'H' is deprecated and will be removed in a future version, please use 'h' instead.
  return df.resample("4H", label="left", closed="left").agg(agg).dropna()
C:\Users\82109\Desktop\LYC\git\stock_total\scripts\optimize_grid.py:249: FutureWarning: 'H' is deprecated and will be removed in a future version, please use 'h' instead.
  return df.resample("4H", label="left", closed="left").agg(agg).dropna()
C:\Users\82109\Desktop\LYC\git\stock_total\scripts\optimize_grid.py:249: FutureWarning: 'H' is deprecated and will be removed in a future version, please use 'h' instead.
  return df.resample("4H", label="left", closed="left").agg(agg).dropna()
C:\Users\82109\Desktop\LYC\git\stock_total\scripts\optimize_grid.py:249: FutureWarning: 'H' is deprecated and will be removed in a future version, please use 'h' instead.
  return df.resample("4H", label="left", closed="left").agg(agg).dropna()
C:\Users\82109\Desktop\LYC\git\stock_total\scripts\optimize_grid.py:249: FutureWarning: 'H' is deprecated and will be removed in a future version, please use 'h' instead.
  return df.resample("4H", label="left", closed="left").agg(agg).dropna()
C:\Users\82109\Desktop\LYC\git\stock_total\scripts\optimize_grid.py:249: FutureWarning: 'H' is deprecated and will be removed in a future version, please use 'h' instead.
  return df.resample("4H", label="left", closed="left").agg(agg).dropna()
C:\Users\82109\Desktop\LYC\git\stock_total\scripts\optimize_grid.py:249: FutureWarning: 'H' is deprecated and will be removed in a future version, please use 'h' instead.
  return df.resample("4H", label="left", closed="left").agg(agg).dropna()
C:\Users\82109\Desktop\LYC\git\stock_total\scripts\optimize_grid.py:249: FutureWarning: 'H' is deprecated and will be removed in a future version, please use 'h' instead.
  return df.resample("4H", label="left", closed="left").agg(agg).dropna()
C:\Users\82109\Desktop\LYC\git\stock_total\scripts\optimize_grid.py:249: FutureWarning: 'H' is deprecated and will be removed in a future version, please use 'h' instead.
  return df.resample("4H", label="left", closed="left").agg(agg).dropna()
C:\Users\82109\Desktop\LYC\git\stock_total\scripts\optimize_grid.py:249: FutureWarning: 'H' is deprecated and will be removed in a future version, please use 'h' instead.
  return df.resample("4H", label="left", closed="left").agg(agg).dropna()
C:\Users\82109\Desktop\LYC\git\stock_total\scripts\optimize_grid.py:249: FutureWarning: 'H' is deprecated and will be removed in a future version, please use 'h' instead.
  return df.resample("4H", label="left", closed="left").agg(agg).dropna()
C:\Users\82109\Desktop\LYC\git\stock_total\scripts\optimize_grid.py:249: FutureWarning: 'H' is deprecated and will be removed in a future version, please use 'h' instead.
  return df.resample("4H", label="left", closed="left").agg(agg).dropna()
C:\Users\82109\Desktop\LYC\git\stock_total\scripts\optimize_grid.py:249: FutureWarning: 'H' is deprecated and will be removed in a future version, please use 'h' instead.
  return df.resample("4H", label="left", closed="left").agg(agg).dropna()
C:\Users\82109\Desktop\LYC\git\stock_total\scripts\optimize_grid.py:249: FutureWarning: 'H' is deprecated and will be removed in a future version, please use 'h' instead.
  return df.resample("4H", label="left", closed="left").agg(agg).dropna()
C:\Users\82109\Desktop\LYC\git\stock_total\scripts\optimize_grid.py:249: FutureWarning: 'H' is deprecated and will be removed in a future version, please use 'h' instead.
  return df.resample("4H", label="left", closed="left").agg(agg).dropna()
C:\Users\82109\Desktop\LYC\git\stock_total\scripts\optimize_grid.py:249: FutureWarning: 'H' is deprecated and will be removed in a future version, please use 'h' instead.
  return df.resample("4H", label="left", closed="left").agg(agg).dropna()
  loaded 100/300 (skipped 0)
C:\Users\82109\Desktop\LYC\git\stock_total\scripts\optimize_grid.py:249: FutureWarning: 'H' is deprecated and will be removed in a future version, please use 'h' instead.
  return df.resample("4H", label="left", closed="left").agg(agg).dropna()
C:\Users\82109\Desktop\LYC\git\stock_total\scripts\optimize_grid.py:249: FutureWarning: 'H' is deprecated and will be removed in a future version, please use 'h' instead.
  return df.resample("4H", label="left", closed="left").agg(agg).dropna()
C:\Users\82109\Desktop\LYC\git\stock_total\scripts\optimize_grid.py:249: FutureWarning: 'H' is deprecated and will be removed in a future version, please use 'h' instead.
  return df.resample("4H", label="left", closed="left").agg(agg).dropna()
C:\Users\82109\Desktop\LYC\git\stock_total\scripts\optimize_grid.py:249: FutureWarning: 'H' is deprecated and will be removed in a future version, please use 'h' instead.
  return df.resample("4H", label="left", closed="left").agg(agg).dropna()
C:\Users\82109\Desktop\LYC\git\stock_total\scripts\optimize_grid.py:249: FutureWarning: 'H' is deprecated and will be removed in a future version, please use 'h' instead.
  return df.resample("4H", label="left", closed="left").agg(agg).dropna()
C:\Users\82109\Desktop\LYC\git\stock_total\scripts\optimize_grid.py:249: FutureWarning: 'H' is deprecated and will be removed in a future version, please use 'h' instead.
  return df.resample("4H", label="left", closed="left").agg(agg).dropna()
C:\Users\82109\Desktop\LYC\git\stock_total\scripts\optimize_grid.py:249: FutureWarning: 'H' is deprecated and will be removed in a future version, please use 'h' instead.
  return df.resample("4H", label="left", closed="left").agg(agg).dropna()
C:\Users\82109\Desktop\LYC\git\stock_total\scripts\optimize_grid.py:249: FutureWarning: 'H' is deprecated and will be removed in a future version, please use 'h' instead.
  return df.resample("4H", label="left", closed="left").agg(agg).dropna()
C:\Users\82109\Desktop\LYC\git\stock_total\scripts\optimize_grid.py:249: FutureWarning: 'H' is deprecated and will be removed in a future version, please use 'h' instead.
  return df.resample("4H", label="left", closed="left").agg(agg).dropna()
C:\Users\82109\Desktop\LYC\git\stock_total\scripts\optimize_grid.py:249: FutureWarning: 'H' is deprecated and will be removed in a future version, please use 'h' instead.
  return df.resample("4H", label="left", closed="left").agg(agg).dropna()
C:\Users\82109\Desktop\LYC\git\stock_total\scripts\optimize_grid.py:249: FutureWarning: 'H' is deprecated and will be removed in a future version, please use 'h' instead.
  return df.resample("4H", label="left", closed="left").agg(agg).dropna()
C:\Users\82109\Desktop\LYC\git\stock_total\scripts\optimize_grid.py:249: FutureWarning: 'H' is deprecated and will be removed in a future version, please use 'h' instead.
  return df.resample("4H", label="left", closed="left").agg(agg).dropna()
C:\Users\82109\Desktop\LYC\git\stock_total\scripts\optimize_grid.py:249: FutureWarning: 'H' is deprecated and will be removed in a future version, please use 'h' instead.
  return df.resample("4H", label="left", closed="left").agg(agg).dropna()
C:\Users\82109\Desktop\LYC\git\stock_total\scripts\optimize_grid.py:249: FutureWarning: 'H' is deprecated and will be removed in a future version, please use 'h' instead.
  return df.resample("4H", label="left", closed="left").agg(agg).dropna()
C:\Users\82109\Desktop\LYC\git\stock_total\scripts\optimize_grid.py:249: FutureWarning: 'H' is deprecated and will be removed in a future version, please use 'h' instead.
  return df.resample("4H", label="left", closed="left").agg(agg).dropna()
C:\Users\82109\Desktop\LYC\git\stock_total\scripts\optimize_grid.py:249: FutureWarning: 'H' is deprecated and will be removed in a future version, please use 'h' instead.
  return df.resample("4H", label="left", closed="left").agg(agg).dropna()
C:\Users\82109\Desktop\LYC\git\stock_total\scripts\optimize_grid.py:249: FutureWarning: 'H' is deprecated and will be removed in a future version, please use 'h' instead.
  return df.resample("4H", label="left", closed="left").agg(agg).dropna()
C:\Users\82109\Desktop\LYC\git\stock_total\scripts\optimize_grid.py:249: FutureWarning: 'H' is deprecated and will be removed in a future version, please use 'h' instead.
  return df.resample("4H", label="left", closed="left").agg(agg).dropna()
C:\Users\82109\Desktop\LYC\git\stock_total\scripts\optimize_grid.py:249: FutureWarning: 'H' is deprecated and will be removed in a future version, please use 'h' instead.
  return df.resample("4H", label="left", closed="left").agg(agg).dropna()
C:\Users\82109\Desktop\LYC\git\stock_total\scripts\optimize_grid.py:249: FutureWarning: 'H' is deprecated and will be removed in a future version, please use 'h' instead.
  return df.resample("4H", label="left", closed="left").agg(agg).dropna()
C:\Users\82109\Desktop\LYC\git\stock_total\scripts\optimize_grid.py:249: FutureWarning: 'H' is deprecated and will be removed in a future version, please use 'h' instead.
  return df.resample("4H", label="left", closed="left").agg(agg).dropna()
C:\Users\82109\Desktop\LYC\git\stock_total\scripts\optimize_grid.py:249: FutureWarning: 'H' is deprecated and will be removed in a future version, please use 'h' instead.
  return df.resample("4H", label="left", closed="left").agg(agg).dropna()
C:\Users\82109\Desktop\LYC\git\stock_total\scripts\optimize_grid.py:249: FutureWarning: 'H' is deprecated and will be removed in a future version, please use 'h' instead.
  return df.resample("4H", label="left", closed="left").agg(agg).dropna()
C:\Users\82109\Desktop\LYC\git\stock_total\scripts\optimize_grid.py:249: FutureWarning: 'H' is deprecated and will be removed in a future version, please use 'h' instead.
  return df.resample("4H", label="left", closed="left").agg(agg).dropna()
C:\Users\82109\Desktop\LYC\git\stock_total\scripts\optimize_grid.py:249: FutureWarning: 'H' is deprecated and will be removed in a future version, please use 'h' instead.
  return df.resample("4H", label="left", closed="left").agg(agg).dropna()
C:\Users\82109\Desktop\LYC\git\stock_total\scripts\optimize_grid.py:249: FutureWarning: 'H' is deprecated and will be removed in a future version, please use 'h' instead.
  return df.resample("4H", label="left", closed="left").agg(agg).dropna()
C:\Users\82109\Desktop\LYC\git\stock_total\scripts\optimize_grid.py:249: FutureWarning: 'H' is deprecated and will be removed in a future version, please use 'h' instead.
  return df.resample("4H", label="left", closed="left").agg(agg).dropna()
C:\Users\82109\Desktop\LYC\git\stock_total\scripts\optimize_grid.py:249: FutureWarning: 'H' is deprecated and will be removed in a future version, please use 'h' instead.
  return df.resample("4H", label="left", closed="left").agg(agg).dropna()
C:\Users\82109\Desktop\LYC\git\stock_total\scripts\optimize_grid.py:249: FutureWarning: 'H' is deprecated and will be removed in a future version, please use 'h' instead.
  return df.resample("4H", label="left", closed="left").agg(agg).dropna()
C:\Users\82109\Desktop\LYC\git\stock_total\scripts\optimize_grid.py:249: FutureWarning: 'H' is deprecated and will be removed in a future version, please use 'h' instead.
  return df.resample("4H", label="left", closed="left").agg(agg).dropna()
C:\Users\82109\Desktop\LYC\git\stock_total\scripts\optimize_grid.py:249: FutureWarning: 'H' is deprecated and will be removed in a future version, please use 'h' instead.
  return df.resample("4H", label="left", closed="left").agg(agg).dropna()
C:\Users\82109\Desktop\LYC\git\stock_total\scripts\optimize_grid.py:249: FutureWarning: 'H' is deprecated and will be removed in a future version, please use 'h' instead.
  return df.resample("4H", label="left", closed="left").agg(agg).dropna()
C:\Users\82109\Desktop\LYC\git\stock_total\scripts\optimize_grid.py:249: FutureWarning: 'H' is deprecated and will be removed in a future version, please use 'h' instead.
  return df.resample("4H", label="left", closed="left").agg(agg).dropna()
C:\Users\82109\Desktop\LYC\git\stock_total\scripts\optimize_grid.py:249: FutureWarning: 'H' is deprecated and will be removed in a future version, please use 'h' instead.
  return df.resample("4H", label="left", closed="left").agg(agg).dropna()
C:\Users\82109\Desktop\LYC\git\stock_total\scripts\optimize_grid.py:249: FutureWarning: 'H' is deprecated and will be removed in a future version, please use 'h' instead.
  return df.resample("4H", label="left", closed="left").agg(agg).dropna()
C:\Users\82109\Desktop\LYC\git\stock_total\scripts\optimize_grid.py:249: FutureWarning: 'H' is deprecated and will be removed in a future version, please use 'h' instead.
  return df.resample("4H", label="left", closed="left").agg(agg).dropna()
C:\Users\82109\Desktop\LYC\git\stock_total\scripts\optimize_grid.py:249: FutureWarning: 'H' is deprecated and will be removed in a future version, please use 'h' instead.
  return df.resample("4H", label="left", closed="left").agg(agg).dropna()
C:\Users\82109\Desktop\LYC\git\stock_total\scripts\optimize_grid.py:249: FutureWarning: 'H' is deprecated and will be removed in a future version, please use 'h' instead.
  return df.resample("4H", label="left", closed="left").agg(agg).dropna()
C:\Users\82109\Desktop\LYC\git\stock_total\scripts\optimize_grid.py:249: FutureWarning: 'H' is deprecated and will be removed in a future version, please use 'h' instead.
  return df.resample("4H", label="left", closed="left").agg(agg).dropna()
C:\Users\82109\Desktop\LYC\git\stock_total\scripts\optimize_grid.py:249: FutureWarning: 'H' is deprecated and will be removed in a future version, please use 'h' instead.
  return df.resample("4H", label="left", closed="left").agg(agg).dropna()
C:\Users\82109\Desktop\LYC\git\stock_total\scripts\optimize_grid.py:249: FutureWarning: 'H' is deprecated and will be removed in a future version, please use 'h' instead.
  return df.resample("4H", label="left", closed="left").agg(agg).dropna()
C:\Users\82109\Desktop\LYC\git\stock_total\scripts\optimize_grid.py:249: FutureWarning: 'H' is deprecated and will be removed in a future version, please use 'h' instead.
  return df.resample("4H", label="left", closed="left").agg(agg).dropna()
C:\Users\82109\Desktop\LYC\git\stock_total\scripts\optimize_grid.py:249: FutureWarning: 'H' is deprecated and will be removed in a future version, please use 'h' instead.
  return df.resample("4H", label="left", closed="left").agg(agg).dropna()
C:\Users\82109\Desktop\LYC\git\stock_total\scripts\optimize_grid.py:249: FutureWarning: 'H' is deprecated and will be removed in a future version, please use 'h' instead.
  return df.resample("4H", label="left", closed="left").agg(agg).dropna()
C:\Users\82109\Desktop\LYC\git\stock_total\scripts\optimize_grid.py:249: FutureWarning: 'H' is deprecated and will be removed in a future version, please use 'h' instead.
  return df.resample("4H", label="left", closed="left").agg(agg).dropna()
C:\Users\82109\Desktop\LYC\git\stock_total\scripts\optimize_grid.py:249: FutureWarning: 'H' is deprecated and will be removed in a future version, please use 'h' instead.
  return df.resample("4H", label="left", closed="left").agg(agg).dropna()
C:\Users\82109\Desktop\LYC\git\stock_total\scripts\optimize_grid.py:249: FutureWarning: 'H' is deprecated and will be removed in a future version, please use 'h' instead.
  return df.resample("4H", label="left", closed="left").agg(agg).dropna()
C:\Users\82109\Desktop\LYC\git\stock_total\scripts\optimize_grid.py:249: FutureWarning: 'H' is deprecated and will be removed in a future version, please use 'h' instead.
  return df.resample("4H", label="left", closed="left").agg(agg).dropna()
C:\Users\82109\Desktop\LYC\git\stock_total\scripts\optimize_grid.py:249: FutureWarning: 'H' is deprecated and will be removed in a future version, please use 'h' instead.
  return df.resample("4H", label="left", closed="left").agg(agg).dropna()
C:\Users\82109\Desktop\LYC\git\stock_total\scripts\optimize_grid.py:249: FutureWarning: 'H' is deprecated and will be removed in a future version, please use 'h' instead.
  return df.resample("4H", label="left", closed="left").agg(agg).dropna()
  loaded 150/300 (skipped 0)
C:\Users\82109\Desktop\LYC\git\stock_total\scripts\optimize_grid.py:249: FutureWarning: 'H' is deprecated and will be removed in a future version, please use 'h' instead.
  return df.resample("4H", label="left", closed="left").agg(agg).dropna()
C:\Users\82109\Desktop\LYC\git\stock_total\scripts\optimize_grid.py:249: FutureWarning: 'H' is deprecated and will be removed in a future version, please use 'h' instead.
  return df.resample("4H", label="left", closed="left").agg(agg).dropna()
C:\Users\82109\Desktop\LYC\git\stock_total\scripts\optimize_grid.py:249: FutureWarning: 'H' is deprecated and will be removed in a future version, please use 'h' instead.
  return df.resample("4H", label="left", closed="left").agg(agg).dropna()
C:\Users\82109\Desktop\LYC\git\stock_total\scripts\optimize_grid.py:249: FutureWarning: 'H' is deprecated and will be removed in a future version, please use 'h' instead.
  return df.resample("4H", label="left", closed="left").agg(agg).dropna()
C:\Users\82109\Desktop\LYC\git\stock_total\scripts\optimize_grid.py:249: FutureWarning: 'H' is deprecated and will be removed in a future version, please use 'h' instead.
  return df.resample("4H", label="left", closed="left").agg(agg).dropna()
C:\Users\82109\Desktop\LYC\git\stock_total\scripts\optimize_grid.py:249: FutureWarning: 'H' is deprecated and will be removed in a future version, please use 'h' instead.
  return df.resample("4H", label="left", closed="left").agg(agg).dropna()
C:\Users\82109\Desktop\LYC\git\stock_total\scripts\optimize_grid.py:249: FutureWarning: 'H' is deprecated and will be removed in a future version, please use 'h' instead.
  return df.resample("4H", label="left", closed="left").agg(agg).dropna()
C:\Users\82109\Desktop\LYC\git\stock_total\scripts\optimize_grid.py:249: FutureWarning: 'H' is deprecated and will be removed in a future version, please use 'h' instead.
  return df.resample("4H", label="left", closed="left").agg(agg).dropna()
C:\Users\82109\Desktop\LYC\git\stock_total\scripts\optimize_grid.py:249: FutureWarning: 'H' is deprecated and will be removed in a future version, please use 'h' instead.
  return df.resample("4H", label="left", closed="left").agg(agg).dropna()
C:\Users\82109\Desktop\LYC\git\stock_total\scripts\optimize_grid.py:249: FutureWarning: 'H' is deprecated and will be removed in a future version, please use 'h' instead.
  return df.resample("4H", label="left", closed="left").agg(agg).dropna()
C:\Users\82109\Desktop\LYC\git\stock_total\scripts\optimize_grid.py:249: FutureWarning: 'H' is deprecated and will be removed in a future version, please use 'h' instead.
  return df.resample("4H", label="left", closed="left").agg(agg).dropna()
C:\Users\82109\Desktop\LYC\git\stock_total\scripts\optimize_grid.py:249: FutureWarning: 'H' is deprecated and will be removed in a future version, please use 'h' instead.
  return df.resample("4H", label="left", closed="left").agg(agg).dropna()
C:\Users\82109\Desktop\LYC\git\stock_total\scripts\optimize_grid.py:249: FutureWarning: 'H' is deprecated and will be removed in a future version, please use 'h' instead.
  return df.resample("4H", label="left", closed="left").agg(agg).dropna()
C:\Users\82109\Desktop\LYC\git\stock_total\scripts\optimize_grid.py:249: FutureWarning: 'H' is deprecated and will be removed in a future version, please use 'h' instead.
  return df.resample("4H", label="left", closed="left").agg(agg).dropna()
C:\Users\82109\Desktop\LYC\git\stock_total\scripts\optimize_grid.py:249: FutureWarning: 'H' is deprecated and will be removed in a future version, please use 'h' instead.
  return df.resample("4H", label="left", closed="left").agg(agg).dropna()
C:\Users\82109\Desktop\LYC\git\stock_total\scripts\optimize_grid.py:249: FutureWarning: 'H' is deprecated and will be removed in a future version, please use 'h' instead.
  return df.resample("4H", label="left", closed="left").agg(agg).dropna()
C:\Users\82109\Desktop\LYC\git\stock_total\scripts\optimize_grid.py:249: FutureWarning: 'H' is deprecated and will be removed in a future version, please use 'h' instead.
  return df.resample("4H", label="left", closed="left").agg(agg).dropna()
C:\Users\82109\Desktop\LYC\git\stock_total\scripts\optimize_grid.py:249: FutureWarning: 'H' is deprecated and will be removed in a future version, please use 'h' instead.
  return df.resample("4H", label="left", closed="left").agg(agg).dropna()
C:\Users\82109\Desktop\LYC\git\stock_total\scripts\optimize_grid.py:249: FutureWarning: 'H' is deprecated and will be removed in a future version, please use 'h' instead.
  return df.resample("4H", label="left", closed="left").agg(agg).dropna()
C:\Users\82109\Desktop\LYC\git\stock_total\scripts\optimize_grid.py:249: FutureWarning: 'H' is deprecated and will be removed in a future version, please use 'h' instead.
  return df.resample("4H", label="left", closed="left").agg(agg).dropna()
C:\Users\82109\Desktop\LYC\git\stock_total\scripts\optimize_grid.py:249: FutureWarning: 'H' is deprecated and will be removed in a future version, please use 'h' instead.
  return df.resample("4H", label="left", closed="left").agg(agg).dropna()
C:\Users\82109\Desktop\LYC\git\stock_total\scripts\optimize_grid.py:249: FutureWarning: 'H' is deprecated and will be removed in a future version, please use 'h' instead.
  return df.resample("4H", label="left", closed="left").agg(agg).dropna()
C:\Users\82109\Desktop\LYC\git\stock_total\scripts\optimize_grid.py:249: FutureWarning: 'H' is deprecated and will be removed in a future version, please use 'h' instead.
  return df.resample("4H", label="left", closed="left").agg(agg).dropna()
C:\Users\82109\Desktop\LYC\git\stock_total\scripts\optimize_grid.py:249: FutureWarning: 'H' is deprecated and will be removed in a future version, please use 'h' instead.
  return df.resample("4H", label="left", closed="left").agg(agg).dropna()
C:\Users\82109\Desktop\LYC\git\stock_total\scripts\optimize_grid.py:249: FutureWarning: 'H' is deprecated and will be removed in a future version, please use 'h' instead.
  return df.resample("4H", label="left", closed="left").agg(agg).dropna()
C:\Users\82109\Desktop\LYC\git\stock_total\scripts\optimize_grid.py:249: FutureWarning: 'H' is deprecated and will be removed in a future version, please use 'h' instead.
  return df.resample("4H", label="left", closed="left").agg(agg).dropna()
C:\Users\82109\Desktop\LYC\git\stock_total\scripts\optimize_grid.py:249: FutureWarning: 'H' is deprecated and will be removed in a future version, please use 'h' instead.
  return df.resample("4H", label="left", closed="left").agg(agg).dropna()
C:\Users\82109\Desktop\LYC\git\stock_total\scripts\optimize_grid.py:249: FutureWarning: 'H' is deprecated and will be removed in a future version, please use 'h' instead.
  return df.resample("4H", label="left", closed="left").agg(agg).dropna()
C:\Users\82109\Desktop\LYC\git\stock_total\scripts\optimize_grid.py:249: FutureWarning: 'H' is deprecated and will be removed in a future version, please use 'h' instead.
  return df.resample("4H", label="left", closed="left").agg(agg).dropna()
C:\Users\82109\Desktop\LYC\git\stock_total\scripts\optimize_grid.py:249: FutureWarning: 'H' is deprecated and will be removed in a future version, please use 'h' instead.
  return df.resample("4H", label="left", closed="left").agg(agg).dropna()
C:\Users\82109\Desktop\LYC\git\stock_total\scripts\optimize_grid.py:249: FutureWarning: 'H' is deprecated and will be removed in a future version, please use 'h' instead.
  return df.resample("4H", label="left", closed="left").agg(agg).dropna()
C:\Users\82109\Desktop\LYC\git\stock_total\scripts\optimize_grid.py:249: FutureWarning: 'H' is deprecated and will be removed in a future version, please use 'h' instead.
  return df.resample("4H", label="left", closed="left").agg(agg).dropna()
C:\Users\82109\Desktop\LYC\git\stock_total\scripts\optimize_grid.py:249: FutureWarning: 'H' is deprecated and will be removed in a future version, please use 'h' instead.
  return df.resample("4H", label="left", closed="left").agg(agg).dropna()
C:\Users\82109\Desktop\LYC\git\stock_total\scripts\optimize_grid.py:249: FutureWarning: 'H' is deprecated and will be removed in a future version, please use 'h' instead.
  return df.resample("4H", label="left", closed="left").agg(agg).dropna()
C:\Users\82109\Desktop\LYC\git\stock_total\scripts\optimize_grid.py:249: FutureWarning: 'H' is deprecated and will be removed in a future version, please use 'h' instead.
  return df.resample("4H", label="left", closed="left").agg(agg).dropna()
C:\Users\82109\Desktop\LYC\git\stock_total\scripts\optimize_grid.py:249: FutureWarning: 'H' is deprecated and will be removed in a future version, please use 'h' instead.
  return df.resample("4H", label="left", closed="left").agg(agg).dropna()
C:\Users\82109\Desktop\LYC\git\stock_total\scripts\optimize_grid.py:249: FutureWarning: 'H' is deprecated and will be removed in a future version, please use 'h' instead.
  return df.resample("4H", label="left", closed="left").agg(agg).dropna()
C:\Users\82109\Desktop\LYC\git\stock_total\scripts\optimize_grid.py:249: FutureWarning: 'H' is deprecated and will be removed in a future version, please use 'h' instead.
  return df.resample("4H", label="left", closed="left").agg(agg).dropna()
C:\Users\82109\Desktop\LYC\git\stock_total\scripts\optimize_grid.py:249: FutureWarning: 'H' is deprecated and will be removed in a future version, please use 'h' instead.
  return df.resample("4H", label="left", closed="left").agg(agg).dropna()
C:\Users\82109\Desktop\LYC\git\stock_total\scripts\optimize_grid.py:249: FutureWarning: 'H' is deprecated and will be removed in a future version, please use 'h' instead.
  return df.resample("4H", label="left", closed="left").agg(agg).dropna()
C:\Users\82109\Desktop\LYC\git\stock_total\scripts\optimize_grid.py:249: FutureWarning: 'H' is deprecated and will be removed in a future version, please use 'h' instead.
  return df.resample("4H", label="left", closed="left").agg(agg).dropna()
C:\Users\82109\Desktop\LYC\git\stock_total\scripts\optimize_grid.py:249: FutureWarning: 'H' is deprecated and will be removed in a future version, please use 'h' instead.
  return df.resample("4H", label="left", closed="left").agg(agg).dropna()
C:\Users\82109\Desktop\LYC\git\stock_total\scripts\optimize_grid.py:249: FutureWarning: 'H' is deprecated and will be removed in a future version, please use 'h' instead.
  return df.resample("4H", label="left", closed="left").agg(agg).dropna()
C:\Users\82109\Desktop\LYC\git\stock_total\scripts\optimize_grid.py:249: FutureWarning: 'H' is deprecated and will be removed in a future version, please use 'h' instead.
  return df.resample("4H", label="left", closed="left").agg(agg).dropna()
C:\Users\82109\Desktop\LYC\git\stock_total\scripts\optimize_grid.py:249: FutureWarning: 'H' is deprecated and will be removed in a future version, please use 'h' instead.
  return df.resample("4H", label="left", closed="left").agg(agg).dropna()
C:\Users\82109\Desktop\LYC\git\stock_total\scripts\optimize_grid.py:249: FutureWarning: 'H' is deprecated and will be removed in a future version, please use 'h' instead.
  return df.resample("4H", label="left", closed="left").agg(agg).dropna()
C:\Users\82109\Desktop\LYC\git\stock_total\scripts\optimize_grid.py:249: FutureWarning: 'H' is deprecated and will be removed in a future version, please use 'h' instead.
  return df.resample("4H", label="left", closed="left").agg(agg).dropna()
C:\Users\82109\Desktop\LYC\git\stock_total\scripts\optimize_grid.py:249: FutureWarning: 'H' is deprecated and will be removed in a future version, please use 'h' instead.
  return df.resample("4H", label="left", closed="left").agg(agg).dropna()
C:\Users\82109\Desktop\LYC\git\stock_total\scripts\optimize_grid.py:249: FutureWarning: 'H' is deprecated and will be removed in a future version, please use 'h' instead.
  return df.resample("4H", label="left", closed="left").agg(agg).dropna()
C:\Users\82109\Desktop\LYC\git\stock_total\scripts\optimize_grid.py:249: FutureWarning: 'H' is deprecated and will be removed in a future version, please use 'h' instead.
  return df.resample("4H", label="left", closed="left").agg(agg).dropna()
  loaded 200/300 (skipped 0)
C:\Users\82109\Desktop\LYC\git\stock_total\scripts\optimize_grid.py:249: FutureWarning: 'H' is deprecated and will be removed in a future version, please use 'h' instead.
  return df.resample("4H", label="left", closed="left").agg(agg).dropna()
C:\Users\82109\Desktop\LYC\git\stock_total\scripts\optimize_grid.py:249: FutureWarning: 'H' is deprecated and will be removed in a future version, please use 'h' instead.
  return df.resample("4H", label="left", closed="left").agg(agg).dropna()
C:\Users\82109\Desktop\LYC\git\stock_total\scripts\optimize_grid.py:249: FutureWarning: 'H' is deprecated and will be removed in a future version, please use 'h' instead.
  return df.resample("4H", label="left", closed="left").agg(agg).dropna()
C:\Users\82109\Desktop\LYC\git\stock_total\scripts\optimize_grid.py:249: FutureWarning: 'H' is deprecated and will be removed in a future version, please use 'h' instead.
  return df.resample("4H", label="left", closed="left").agg(agg).dropna()
C:\Users\82109\Desktop\LYC\git\stock_total\scripts\optimize_grid.py:249: FutureWarning: 'H' is deprecated and will be removed in a future version, please use 'h' instead.
  return df.resample("4H", label="left", closed="left").agg(agg).dropna()
C:\Users\82109\Desktop\LYC\git\stock_total\scripts\optimize_grid.py:249: FutureWarning: 'H' is deprecated and will be removed in a future version, please use 'h' instead.
  return df.resample("4H", label="left", closed="left").agg(agg).dropna()
C:\Users\82109\Desktop\LYC\git\stock_total\scripts\optimize_grid.py:249: FutureWarning: 'H' is deprecated and will be removed in a future version, please use 'h' instead.
  return df.resample("4H", label="left", closed="left").agg(agg).dropna()
C:\Users\82109\Desktop\LYC\git\stock_total\scripts\optimize_grid.py:249: FutureWarning: 'H' is deprecated and will be removed in a future version, please use 'h' instead.
  return df.resample("4H", label="left", closed="left").agg(agg).dropna()
C:\Users\82109\Desktop\LYC\git\stock_total\scripts\optimize_grid.py:249: FutureWarning: 'H' is deprecated and will be removed in a future version, please use 'h' instead.
  return df.resample("4H", label="left", closed="left").agg(agg).dropna()
C:\Users\82109\Desktop\LYC\git\stock_total\scripts\optimize_grid.py:249: FutureWarning: 'H' is deprecated and will be removed in a future version, please use 'h' instead.
  return df.resample("4H", label="left", closed="left").agg(agg).dropna()
C:\Users\82109\Desktop\LYC\git\stock_total\scripts\optimize_grid.py:249: FutureWarning: 'H' is deprecated and will be removed in a future version, please use 'h' instead.
  return df.resample("4H", label="left", closed="left").agg(agg).dropna()
C:\Users\82109\Desktop\LYC\git\stock_total\scripts\optimize_grid.py:249: FutureWarning: 'H' is deprecated and will be removed in a future version, please use 'h' instead.
  return df.resample("4H", label="left", closed="left").agg(agg).dropna()
C:\Users\82109\Desktop\LYC\git\stock_total\scripts\optimize_grid.py:249: FutureWarning: 'H' is deprecated and will be removed in a future version, please use 'h' instead.
  return df.resample("4H", label="left", closed="left").agg(agg).dropna()
C:\Users\82109\Desktop\LYC\git\stock_total\scripts\optimize_grid.py:249: FutureWarning: 'H' is deprecated and will be removed in a future version, please use 'h' instead.
  return df.resample("4H", label="left", closed="left").agg(agg).dropna()
C:\Users\82109\Desktop\LYC\git\stock_total\scripts\optimize_grid.py:249: FutureWarning: 'H' is deprecated and will be removed in a future version, please use 'h' instead.
  return df.resample("4H", label="left", closed="left").agg(agg).dropna()
C:\Users\82109\Desktop\LYC\git\stock_total\scripts\optimize_grid.py:249: FutureWarning: 'H' is deprecated and will be removed in a future version, please use 'h' instead.
  return df.resample("4H", label="left", closed="left").agg(agg).dropna()
C:\Users\82109\Desktop\LYC\git\stock_total\scripts\optimize_grid.py:249: FutureWarning: 'H' is deprecated and will be removed in a future version, please use 'h' instead.
  return df.resample("4H", label="left", closed="left").agg(agg).dropna()
C:\Users\82109\Desktop\LYC\git\stock_total\scripts\optimize_grid.py:249: FutureWarning: 'H' is deprecated and will be removed in a future version, please use 'h' instead.
  return df.resample("4H", label="left", closed="left").agg(agg).dropna()
C:\Users\82109\Desktop\LYC\git\stock_total\scripts\optimize_grid.py:249: FutureWarning: 'H' is deprecated and will be removed in a future version, please use 'h' instead.
  return df.resample("4H", label="left", closed="left").agg(agg).dropna()
C:\Users\82109\Desktop\LYC\git\stock_total\scripts\optimize_grid.py:249: FutureWarning: 'H' is deprecated and will be removed in a future version, please use 'h' instead.
  return df.resample("4H", label="left", closed="left").agg(agg).dropna()
C:\Users\82109\Desktop\LYC\git\stock_total\scripts\optimize_grid.py:249: FutureWarning: 'H' is deprecated and will be removed in a future version, please use 'h' instead.
  return df.resample("4H", label="left", closed="left").agg(agg).dropna()
C:\Users\82109\Desktop\LYC\git\stock_total\scripts\optimize_grid.py:249: FutureWarning: 'H' is deprecated and will be removed in a future version, please use 'h' instead.
  return df.resample("4H", label="left", closed="left").agg(agg).dropna()
C:\Users\82109\Desktop\LYC\git\stock_total\scripts\optimize_grid.py:249: FutureWarning: 'H' is deprecated and will be removed in a future version, please use 'h' instead.
  return df.resample("4H", label="left", closed="left").agg(agg).dropna()
C:\Users\82109\Desktop\LYC\git\stock_total\scripts\optimize_grid.py:249: FutureWarning: 'H' is deprecated and will be removed in a future version, please use 'h' instead.
  return df.resample("4H", label="left", closed="left").agg(agg).dropna()
C:\Users\82109\Desktop\LYC\git\stock_total\scripts\optimize_grid.py:249: FutureWarning: 'H' is deprecated and will be removed in a future version, please use 'h' instead.
  return df.resample("4H", label="left", closed="left").agg(agg).dropna()
C:\Users\82109\Desktop\LYC\git\stock_total\scripts\optimize_grid.py:249: FutureWarning: 'H' is deprecated and will be removed in a future version, please use 'h' instead.
  return df.resample("4H", label="left", closed="left").agg(agg).dropna()
C:\Users\82109\Desktop\LYC\git\stock_total\scripts\optimize_grid.py:249: FutureWarning: 'H' is deprecated and will be removed in a future version, please use 'h' instead.
  return df.resample("4H", label="left", closed="left").agg(agg).dropna()
C:\Users\82109\Desktop\LYC\git\stock_total\scripts\optimize_grid.py:249: FutureWarning: 'H' is deprecated and will be removed in a future version, please use 'h' instead.
  return df.resample("4H", label="left", closed="left").agg(agg).dropna()
C:\Users\82109\Desktop\LYC\git\stock_total\scripts\optimize_grid.py:249: FutureWarning: 'H' is deprecated and will be removed in a future version, please use 'h' instead.
  return df.resample("4H", label="left", closed="left").agg(agg).dropna()
C:\Users\82109\Desktop\LYC\git\stock_total\scripts\optimize_grid.py:249: FutureWarning: 'H' is deprecated and will be removed in a future version, please use 'h' instead.
  return df.resample("4H", label="left", closed="left").agg(agg).dropna()
C:\Users\82109\Desktop\LYC\git\stock_total\scripts\optimize_grid.py:249: FutureWarning: 'H' is deprecated and will be removed in a future version, please use 'h' instead.
  return df.resample("4H", label="left", closed="left").agg(agg).dropna()
C:\Users\82109\Desktop\LYC\git\stock_total\scripts\optimize_grid.py:249: FutureWarning: 'H' is deprecated and will be removed in a future version, please use 'h' instead.
  return df.resample("4H", label="left", closed="left").agg(agg).dropna()
C:\Users\82109\Desktop\LYC\git\stock_total\scripts\optimize_grid.py:249: FutureWarning: 'H' is deprecated and will be removed in a future version, please use 'h' instead.
  return df.resample("4H", label="left", closed="left").agg(agg).dropna()
C:\Users\82109\Desktop\LYC\git\stock_total\scripts\optimize_grid.py:249: FutureWarning: 'H' is deprecated and will be removed in a future version, please use 'h' instead.
  return df.resample("4H", label="left", closed="left").agg(agg).dropna()
C:\Users\82109\Desktop\LYC\git\stock_total\scripts\optimize_grid.py:249: FutureWarning: 'H' is deprecated and will be removed in a future version, please use 'h' instead.
  return df.resample("4H", label="left", closed="left").agg(agg).dropna()
C:\Users\82109\Desktop\LYC\git\stock_total\scripts\optimize_grid.py:249: FutureWarning: 'H' is deprecated and will be removed in a future version, please use 'h' instead.
  return df.resample("4H", label="left", closed="left").agg(agg).dropna()
C:\Users\82109\Desktop\LYC\git\stock_total\scripts\optimize_grid.py:249: FutureWarning: 'H' is deprecated and will be removed in a future version, please use 'h' instead.
  return df.resample("4H", label="left", closed="left").agg(agg).dropna()
C:\Users\82109\Desktop\LYC\git\stock_total\scripts\optimize_grid.py:249: FutureWarning: 'H' is deprecated and will be removed in a future version, please use 'h' instead.
  return df.resample("4H", label="left", closed="left").agg(agg).dropna()
C:\Users\82109\Desktop\LYC\git\stock_total\scripts\optimize_grid.py:249: FutureWarning: 'H' is deprecated and will be removed in a future version, please use 'h' instead.
  return df.resample("4H", label="left", closed="left").agg(agg).dropna()
C:\Users\82109\Desktop\LYC\git\stock_total\scripts\optimize_grid.py:249: FutureWarning: 'H' is deprecated and will be removed in a future version, please use 'h' instead.
  return df.resample("4H", label="left", closed="left").agg(agg).dropna()
C:\Users\82109\Desktop\LYC\git\stock_total\scripts\optimize_grid.py:249: FutureWarning: 'H' is deprecated and will be removed in a future version, please use 'h' instead.
  return df.resample("4H", label="left", closed="left").agg(agg).dropna()
C:\Users\82109\Desktop\LYC\git\stock_total\scripts\optimize_grid.py:249: FutureWarning: 'H' is deprecated and will be removed in a future version, please use 'h' instead.
  return df.resample("4H", label="left", closed="left").agg(agg).dropna()
C:\Users\82109\Desktop\LYC\git\stock_total\scripts\optimize_grid.py:249: FutureWarning: 'H' is deprecated and will be removed in a future version, please use 'h' instead.
  return df.resample("4H", label="left", closed="left").agg(agg).dropna()
C:\Users\82109\Desktop\LYC\git\stock_total\scripts\optimize_grid.py:249: FutureWarning: 'H' is deprecated and will be removed in a future version, please use 'h' instead.
  return df.resample("4H", label="left", closed="left").agg(agg).dropna()
C:\Users\82109\Desktop\LYC\git\stock_total\scripts\optimize_grid.py:249: FutureWarning: 'H' is deprecated and will be removed in a future version, please use 'h' instead.
  return df.resample("4H", label="left", closed="left").agg(agg).dropna()
C:\Users\82109\Desktop\LYC\git\stock_total\scripts\optimize_grid.py:249: FutureWarning: 'H' is deprecated and will be removed in a future version, please use 'h' instead.
  return df.resample("4H", label="left", closed="left").agg(agg).dropna()
C:\Users\82109\Desktop\LYC\git\stock_total\scripts\optimize_grid.py:249: FutureWarning: 'H' is deprecated and will be removed in a future version, please use 'h' instead.
  return df.resample("4H", label="left", closed="left").agg(agg).dropna()
C:\Users\82109\Desktop\LYC\git\stock_total\scripts\optimize_grid.py:249: FutureWarning: 'H' is deprecated and will be removed in a future version, please use 'h' instead.
  return df.resample("4H", label="left", closed="left").agg(agg).dropna()
C:\Users\82109\Desktop\LYC\git\stock_total\scripts\optimize_grid.py:249: FutureWarning: 'H' is deprecated and will be removed in a future version, please use 'h' instead.
  return df.resample("4H", label="left", closed="left").agg(agg).dropna()
C:\Users\82109\Desktop\LYC\git\stock_total\scripts\optimize_grid.py:249: FutureWarning: 'H' is deprecated and will be removed in a future version, please use 'h' instead.
  return df.resample("4H", label="left", closed="left").agg(agg).dropna()
  loaded 250/300 (skipped 0)
C:\Users\82109\Desktop\LYC\git\stock_total\scripts\optimize_grid.py:249: FutureWarning: 'H' is deprecated and will be removed in a future version, please use 'h' instead.
  return df.resample("4H", label="left", closed="left").agg(agg).dropna()
C:\Users\82109\Desktop\LYC\git\stock_total\scripts\optimize_grid.py:249: FutureWarning: 'H' is deprecated and will be removed in a future version, please use 'h' instead.
  return df.resample("4H", label="left", closed="left").agg(agg).dropna()
C:\Users\82109\Desktop\LYC\git\stock_total\scripts\optimize_grid.py:249: FutureWarning: 'H' is deprecated and will be removed in a future version, please use 'h' instead.
  return df.resample("4H", label="left", closed="left").agg(agg).dropna()
C:\Users\82109\Desktop\LYC\git\stock_total\scripts\optimize_grid.py:249: FutureWarning: 'H' is deprecated and will be removed in a future version, please use 'h' instead.
  return df.resample("4H", label="left", closed="left").agg(agg).dropna()
C:\Users\82109\Desktop\LYC\git\stock_total\scripts\optimize_grid.py:249: FutureWarning: 'H' is deprecated and will be removed in a future version, please use 'h' instead.
  return df.resample("4H", label="left", closed="left").agg(agg).dropna()
C:\Users\82109\Desktop\LYC\git\stock_total\scripts\optimize_grid.py:249: FutureWarning: 'H' is deprecated and will be removed in a future version, please use 'h' instead.
  return df.resample("4H", label="left", closed="left").agg(agg).dropna()
C:\Users\82109\Desktop\LYC\git\stock_total\scripts\optimize_grid.py:249: FutureWarning: 'H' is deprecated and will be removed in a future version, please use 'h' instead.
  return df.resample("4H", label="left", closed="left").agg(agg).dropna()
C:\Users\82109\Desktop\LYC\git\stock_total\scripts\optimize_grid.py:249: FutureWarning: 'H' is deprecated and will be removed in a future version, please use 'h' instead.
  return df.resample("4H", label="left", closed="left").agg(agg).dropna()
C:\Users\82109\Desktop\LYC\git\stock_total\scripts\optimize_grid.py:249: FutureWarning: 'H' is deprecated and will be removed in a future version, please use 'h' instead.
  return df.resample("4H", label="left", closed="left").agg(agg).dropna()
C:\Users\82109\Desktop\LYC\git\stock_total\scripts\optimize_grid.py:249: FutureWarning: 'H' is deprecated and will be removed in a future version, please use 'h' instead.
  return df.resample("4H", label="left", closed="left").agg(agg).dropna()
C:\Users\82109\Desktop\LYC\git\stock_total\scripts\optimize_grid.py:249: FutureWarning: 'H' is deprecated and will be removed in a future version, please use 'h' instead.
  return df.resample("4H", label="left", closed="left").agg(agg).dropna()
C:\Users\82109\Desktop\LYC\git\stock_total\scripts\optimize_grid.py:249: FutureWarning: 'H' is deprecated and will be removed in a future version, please use 'h' instead.
  return df.resample("4H", label="left", closed="left").agg(agg).dropna()
C:\Users\82109\Desktop\LYC\git\stock_total\scripts\optimize_grid.py:249: FutureWarning: 'H' is deprecated and will be removed in a future version, please use 'h' instead.
  return df.resample("4H", label="left", closed="left").agg(agg).dropna()
C:\Users\82109\Desktop\LYC\git\stock_total\scripts\optimize_grid.py:249: FutureWarning: 'H' is deprecated and will be removed in a future version, please use 'h' instead.
  return df.resample("4H", label="left", closed="left").agg(agg).dropna()
C:\Users\82109\Desktop\LYC\git\stock_total\scripts\optimize_grid.py:249: FutureWarning: 'H' is deprecated and will be removed in a future version, please use 'h' instead.
  return df.resample("4H", label="left", closed="left").agg(agg).dropna()
C:\Users\82109\Desktop\LYC\git\stock_total\scripts\optimize_grid.py:249: FutureWarning: 'H' is deprecated and will be removed in a future version, please use 'h' instead.
  return df.resample("4H", label="left", closed="left").agg(agg).dropna()
C:\Users\82109\Desktop\LYC\git\stock_total\scripts\optimize_grid.py:249: FutureWarning: 'H' is deprecated and will be removed in a future version, please use 'h' instead.
  return df.resample("4H", label="left", closed="left").agg(agg).dropna()
C:\Users\82109\Desktop\LYC\git\stock_total\scripts\optimize_grid.py:249: FutureWarning: 'H' is deprecated and will be removed in a future version, please use 'h' instead.
  return df.resample("4H", label="left", closed="left").agg(agg).dropna()
C:\Users\82109\Desktop\LYC\git\stock_total\scripts\optimize_grid.py:249: FutureWarning: 'H' is deprecated and will be removed in a future version, please use 'h' instead.
  return df.resample("4H", label="left", closed="left").agg(agg).dropna()
C:\Users\82109\Desktop\LYC\git\stock_total\scripts\optimize_grid.py:249: FutureWarning: 'H' is deprecated and will be removed in a future version, please use 'h' instead.
  return df.resample("4H", label="left", closed="left").agg(agg).dropna()
C:\Users\82109\Desktop\LYC\git\stock_total\scripts\optimize_grid.py:249: FutureWarning: 'H' is deprecated and will be removed in a future version, please use 'h' instead.
  return df.resample("4H", label="left", closed="left").agg(agg).dropna()
C:\Users\82109\Desktop\LYC\git\stock_total\scripts\optimize_grid.py:249: FutureWarning: 'H' is deprecated and will be removed in a future version, please use 'h' instead.
  return df.resample("4H", label="left", closed="left").agg(agg).dropna()
C:\Users\82109\Desktop\LYC\git\stock_total\scripts\optimize_grid.py:249: FutureWarning: 'H' is deprecated and will be removed in a future version, please use 'h' instead.
  return df.resample("4H", label="left", closed="left").agg(agg).dropna()
C:\Users\82109\Desktop\LYC\git\stock_total\scripts\optimize_grid.py:249: FutureWarning: 'H' is deprecated and will be removed in a future version, please use 'h' instead.
  return df.resample("4H", label="left", closed="left").agg(agg).dropna()
C:\Users\82109\Desktop\LYC\git\stock_total\scripts\optimize_grid.py:249: FutureWarning: 'H' is deprecated and will be removed in a future version, please use 'h' instead.
  return df.resample("4H", label="left", closed="left").agg(agg).dropna()
C:\Users\82109\Desktop\LYC\git\stock_total\scripts\optimize_grid.py:249: FutureWarning: 'H' is deprecated and will be removed in a future version, please use 'h' instead.
  return df.resample("4H", label="left", closed="left").agg(agg).dropna()
C:\Users\82109\Desktop\LYC\git\stock_total\scripts\optimize_grid.py:249: FutureWarning: 'H' is deprecated and will be removed in a future version, please use 'h' instead.
  return df.resample("4H", label="left", closed="left").agg(agg).dropna()
C:\Users\82109\Desktop\LYC\git\stock_total\scripts\optimize_grid.py:249: FutureWarning: 'H' is deprecated and will be removed in a future version, please use 'h' instead.
  return df.resample("4H", label="left", closed="left").agg(agg).dropna()
C:\Users\82109\Desktop\LYC\git\stock_total\scripts\optimize_grid.py:249: FutureWarning: 'H' is deprecated and will be removed in a future version, please use 'h' instead.
  return df.resample("4H", label="left", closed="left").agg(agg).dropna()
C:\Users\82109\Desktop\LYC\git\stock_total\scripts\optimize_grid.py:249: FutureWarning: 'H' is deprecated and will be removed in a future version, please use 'h' instead.
  return df.resample("4H", label="left", closed="left").agg(agg).dropna()
C:\Users\82109\Desktop\LYC\git\stock_total\scripts\optimize_grid.py:249: FutureWarning: 'H' is deprecated and will be removed in a future version, please use 'h' instead.
  return df.resample("4H", label="left", closed="left").agg(agg).dropna()
C:\Users\82109\Desktop\LYC\git\stock_total\scripts\optimize_grid.py:249: FutureWarning: 'H' is deprecated and will be removed in a future version, please use 'h' instead.
  return df.resample("4H", label="left", closed="left").agg(agg).dropna()
C:\Users\82109\Desktop\LYC\git\stock_total\scripts\optimize_grid.py:249: FutureWarning: 'H' is deprecated and will be removed in a future version, please use 'h' instead.
  return df.resample("4H", label="left", closed="left").agg(agg).dropna()
C:\Users\82109\Desktop\LYC\git\stock_total\scripts\optimize_grid.py:249: FutureWarning: 'H' is deprecated and will be removed in a future version, please use 'h' instead.
  return df.resample("4H", label="left", closed="left").agg(agg).dropna()
C:\Users\82109\Desktop\LYC\git\stock_total\scripts\optimize_grid.py:249: FutureWarning: 'H' is deprecated and will be removed in a future version, please use 'h' instead.
  return df.resample("4H", label="left", closed="left").agg(agg).dropna()
C:\Users\82109\Desktop\LYC\git\stock_total\scripts\optimize_grid.py:249: FutureWarning: 'H' is deprecated and will be removed in a future version, please use 'h' instead.
  return df.resample("4H", label="left", closed="left").agg(agg).dropna()
C:\Users\82109\Desktop\LYC\git\stock_total\scripts\optimize_grid.py:249: FutureWarning: 'H' is deprecated and will be removed in a future version, please use 'h' instead.
  return df.resample("4H", label="left", closed="left").agg(agg).dropna()
C:\Users\82109\Desktop\LYC\git\stock_total\scripts\optimize_grid.py:249: FutureWarning: 'H' is deprecated and will be removed in a future version, please use 'h' instead.
  return df.resample("4H", label="left", closed="left").agg(agg).dropna()
C:\Users\82109\Desktop\LYC\git\stock_total\scripts\optimize_grid.py:249: FutureWarning: 'H' is deprecated and will be removed in a future version, please use 'h' instead.
  return df.resample("4H", label="left", closed="left").agg(agg).dropna()
C:\Users\82109\Desktop\LYC\git\stock_total\scripts\optimize_grid.py:249: FutureWarning: 'H' is deprecated and will be removed in a future version, please use 'h' instead.
  return df.resample("4H", label="left", closed="left").agg(agg).dropna()
C:\Users\82109\Desktop\LYC\git\stock_total\scripts\optimize_grid.py:249: FutureWarning: 'H' is deprecated and will be removed in a future version, please use 'h' instead.
  return df.resample("4H", label="left", closed="left").agg(agg).dropna()
C:\Users\82109\Desktop\LYC\git\stock_total\scripts\optimize_grid.py:249: FutureWarning: 'H' is deprecated and will be removed in a future version, please use 'h' instead.
  return df.resample("4H", label="left", closed="left").agg(agg).dropna()
C:\Users\82109\Desktop\LYC\git\stock_total\scripts\optimize_grid.py:249: FutureWarning: 'H' is deprecated and will be removed in a future version, please use 'h' instead.
  return df.resample("4H", label="left", closed="left").agg(agg).dropna()
C:\Users\82109\Desktop\LYC\git\stock_total\scripts\optimize_grid.py:249: FutureWarning: 'H' is deprecated and will be removed in a future version, please use 'h' instead.
  return df.resample("4H", label="left", closed="left").agg(agg).dropna()
C:\Users\82109\Desktop\LYC\git\stock_total\scripts\optimize_grid.py:249: FutureWarning: 'H' is deprecated and will be removed in a future version, please use 'h' instead.
  return df.resample("4H", label="left", closed="left").agg(agg).dropna()
C:\Users\82109\Desktop\LYC\git\stock_total\scripts\optimize_grid.py:249: FutureWarning: 'H' is deprecated and will be removed in a future version, please use 'h' instead.
  return df.resample("4H", label="left", closed="left").agg(agg).dropna()
C:\Users\82109\Desktop\LYC\git\stock_total\scripts\optimize_grid.py:249: FutureWarning: 'H' is deprecated and will be removed in a future version, please use 'h' instead.
  return df.resample("4H", label="left", closed="left").agg(agg).dropna()
C:\Users\82109\Desktop\LYC\git\stock_total\scripts\optimize_grid.py:249: FutureWarning: 'H' is deprecated and will be removed in a future version, please use 'h' instead.
  return df.resample("4H", label="left", closed="left").agg(agg).dropna()
C:\Users\82109\Desktop\LYC\git\stock_total\scripts\optimize_grid.py:249: FutureWarning: 'H' is deprecated and will be removed in a future version, please use 'h' instead.
  return df.resample("4H", label="left", closed="left").agg(agg).dropna()
C:\Users\82109\Desktop\LYC\git\stock_total\scripts\optimize_grid.py:249: FutureWarning: 'H' is deprecated and will be removed in a future version, please use 'h' instead.
  return df.resample("4H", label="left", closed="left").agg(agg).dropna()
  loaded 300/300 (skipped 0)
  loaded total: 300 symbols, skipped 0. elapsed 52.9s
  th=     1 rule=hold_120bars_trail15_cut24h      n= 721 win=24.0% mean= -3.1% total= -100.0% MDD=-100.0% Sharpe=-1.69 PF= 0.62
  th=     1 rule=hold_60bars_trail10              n= 721 win=31.2% mean= -2.2% total= -100.0% MDD=-100.0% Sharpe=-1.14 PF= 0.71
  th=     1 rule=hold_120bars_trail20_TP30        n= 721 win=30.5% mean= -2.9% total= -100.0% MDD=-100.0% Sharpe=-1.28 PF= 0.75
  saved: C:\Users\82109\Desktop\LYC\git\stock_total\scripts\out\optimize\crypto_quiet_bottom_4h_grid.csv
