
=== KR / trend_chase / 1d (universe=300, files=948, rules=4, thresholds=[60, 70, 75, 80, 85, 90]) ===
  loaded 50/300 (skipped 0)
  loaded 100/300 (skipped 0)
  loaded 150/300 (skipped 0)
  loaded 200/300 (skipped 0)
  loaded 250/300 (skipped 0)
  loaded total: 299 symbols, skipped 1. elapsed 4.4s
  th=    60 rule=hold_252d_trail20_TP30           n=4011 win=47.9% mean= +6.7% total=+1313546437634082303281655456550558693683010474895119239495004104687616.0% MDD=-100.0% Sharpe=+7.23 PF= 1.91
  th=    60 rule=hold_60d_trail15                 n=4011 win=46.1% mean= +2.9% total=+193818584676421194481664.0% MDD= -99.9% Sharpe=+3.67 PF= 1.53
  th=    60 rule=hold_120d_trail20_TP25           n=4011 win=50.7% mean= +4.8% total=+409981192481523047129335423247400250859040142262272.0% MDD= -99.9% Sharpe=+6.16 PF= 1.73
  th=    60 rule=hold_252d_trail15                n=4011 win=44.1% mean= +5.6% total=+6347114396448779253531497296085268201629286400.0% MDD=-100.0% Sharpe=+5.02 PF= 1.89
  th=    70 rule=hold_252d_trail20_TP30           n=2506 win=48.4% mean= +7.0% total=+48166515128282504418325746514394673946344554496.0% MDD= -99.5% Sharpe=+5.92 PF= 1.96
  th=    70 rule=hold_60d_trail15                 n=2506 win=45.5% mean= +2.6% total=+1357669974324.4% MDD= -99.7% Sharpe=+2.61 PF= 1.46
  th=    70 rule=hold_120d_trail20_TP25           n=2506 win=51.2% mean= +5.1% total=+10274536524591037675895309954187264.0% MDD= -98.0% Sharpe=+5.00 PF= 1.75
  th=    70 rule=hold_252d_trail15                n=2506 win=44.8% mean= +5.8% total=+18158630434666146338749361946624.0% MDD= -99.7% Sharpe=+4.12 PF= 1.93
  th=    75 rule=hold_252d_trail20_TP30           n=1572 win=47.3% mean= +6.5% total=+116809468003934295296049152.0% MDD= -99.8% Sharpe=+4.29 PF= 1.85
  th=    75 rule=hold_60d_trail15                 n=1572 win=44.1% mean= +2.4% total=+3489962.0% MDD=-100.0% Sharpe=+1.87 PF= 1.42
  th=    75 rule=hold_120d_trail20_TP25           n=1572 win=49.7% mean= +4.9% total=+207238871245605797888.0% MDD= -99.1% Sharpe=+3.74 PF= 1.69
  th=    75 rule=hold_252d_trail15                n=1572 win=44.6% mean= +5.8% total=+8251999644210511872.0% MDD= -98.4% Sharpe=+3.13 PF= 1.90
  th=    80 rule=hold_252d_trail20_TP30           n=1451 win=47.8% mean= +6.7% total=+22329717429695338472538112.0% MDD= -99.4% Sharpe=+4.24 PF= 1.89
  th=    80 rule=hold_60d_trail15                 n=1451 win=44.5% mean= +2.5% total=+8270514.5% MDD= -99.8% Sharpe=+1.89 PF= 1.43
  th=    80 rule=hold_120d_trail20_TP25           n=1451 win=50.2% mean= +5.0% total=+86674463743438225408.0% MDD= -97.6% Sharpe=+3.72 PF= 1.72
  th=    80 rule=hold_252d_trail15                n=1451 win=44.6% mean= +6.0% total=+3650745822140326400.0% MDD= -97.9% Sharpe=+3.08 PF= 1.94
  th=    85 rule=hold_252d_trail20_TP30           n= 892 win=47.1% mean= +6.9% total=+78972351008081552.0% MDD= -99.0% Sharpe=+3.39 PF= 1.91
  th=    85 rule=hold_60d_trail15                 n= 892 win=43.8% mean= +2.3% total=+14974.1% MDD= -99.7% Sharpe=+1.38 PF= 1.39
  th=    85 rule=hold_120d_trail20_TP25           n= 892 win=48.7% mean= +5.0% total=+5929443248746.7% MDD= -94.3% Sharpe=+2.88 PF= 1.72
  th=    85 rule=hold_252d_trail15                n= 892 win=44.7% mean= +5.6% total=+207415370533.0% MDD= -99.4% Sharpe=+2.35 PF= 1.88
  th=    90 rule=hold_252d_trail20_TP30           n= 703 win=45.4% mean= +6.5% total=+3557101305241.1% MDD= -96.5% Sharpe=+2.82 PF= 1.84
  th=    90 rule=hold_60d_trail15                 n= 703 win=43.4% mean= +2.3% total=+4500.8% MDD= -99.4% Sharpe=+1.23 PF= 1.38
  th=    90 rule=hold_120d_trail20_TP25           n= 703 win=47.7% mean= +5.2% total=+78960007435.3% MDD= -91.2% Sharpe=+2.61 PF= 1.73
  th=    90 rule=hold_252d_trail15                n= 703 win=43.7% mean= +5.3% total=+387048990.3% MDD= -98.2% Sharpe=+1.99 PF= 1.83
  saved: C:\Users\82109\Desktop\LYC\git\stock_total\scripts\out\optimize\kr_trend_chase_1d_grid.csv
