
=== CRYPTO / trend_pullback / 1d (universe=300, files=553, rules=3, thresholds=[60, 70, 75, 80, 85, 90]) ===
  loaded 50/300 (skipped 0)
  loaded 100/300 (skipped 1)
  loaded 150/300 (skipped 1)
  loaded 200/300 (skipped 1)
  loaded 250/300 (skipped 1)
  loaded total: 299 symbols, skipped 1. elapsed 7.2s
  th=    60 rule=hold_60d_trail15_cut3d           n=12575 win=29.7% mean= +1.8% total= -100.0% MDD=-100.0% Sharpe=+2.46 PF= 1.22
  th=    60 rule=hold_30d_trail10                 n=12575 win=36.2% mean= +0.6% total= -100.0% MDD=-100.0% Sharpe=+0.95 PF= 1.08
  th=    60 rule=hold_60d_trail20_TP30            n=12575 win=36.6% mean= +0.5% total= -100.0% MDD=-100.0% Sharpe=+0.69 PF= 1.04
  th=    70 rule=hold_60d_trail15_cut3d           n=11230 win=31.2% mean= +2.2% total= -100.0% MDD=-100.0% Sharpe=+2.81 PF= 1.28
  th=    70 rule=hold_30d_trail10                 n=11230 win=37.4% mean= +0.8% total= -100.0% MDD=-100.0% Sharpe=+1.28 PF= 1.11
  th=    70 rule=hold_60d_trail20_TP30            n=11230 win=38.5% mean= +1.4% total= -100.0% MDD=-100.0% Sharpe=+1.98 PF= 1.12
  th=    75 rule=hold_60d_trail15_cut3d           n=10175 win=31.0% mean= +2.0% total= -100.0% MDD=-100.0% Sharpe=+2.47 PF= 1.25
  th=    75 rule=hold_30d_trail10                 n=10175 win=37.4% mean= +0.7% total= -100.0% MDD=-100.0% Sharpe=+1.02 PF= 1.09
  th=    75 rule=hold_60d_trail20_TP30            n=10175 win=38.8% mean= +1.4% total= -100.0% MDD=-100.0% Sharpe=+1.92 PF= 1.12
  th=    80 rule=hold_60d_trail15_cut3d           n=8070 win=31.8% mean= +2.4% total= -100.0% MDD=-100.0% Sharpe=+2.56 PF= 1.31
  th=    80 rule=hold_30d_trail10                 n=8070 win=38.6% mean= +0.9% total= -100.0% MDD=-100.0% Sharpe=+1.26 PF= 1.12
  th=    80 rule=hold_60d_trail20_TP30            n=8070 win=39.8% mean= +1.9% total= -100.0% MDD=-100.0% Sharpe=+2.41 PF= 1.17
  th=    85 rule=hold_60d_trail15_cut3d           n=6770 win=32.1% mean= +2.1% total= -100.0% MDD=-100.0% Sharpe=+2.27 PF= 1.28
  th=    85 rule=hold_30d_trail10                 n=6770 win=38.9% mean= +1.1% total= -100.0% MDD=-100.0% Sharpe=+1.42 PF= 1.15
  th=    85 rule=hold_60d_trail20_TP30            n=6770 win=40.3% mean= +2.2% total= -100.0% MDD=-100.0% Sharpe=+2.49 PF= 1.20
  th=    90 rule=hold_60d_trail15_cut3d           n=4218 win=32.4% mean= +2.4% total= -100.0% MDD=-100.0% Sharpe=+2.06 PF= 1.33
  th=    90 rule=hold_30d_trail10                 n=4218 win=39.4% mean= +1.1% total= -100.0% MDD=-100.0% Sharpe=+1.15 PF= 1.15
  th=    90 rule=hold_60d_trail20_TP30            n=4218 win=40.7% mean= +2.5% total= -100.0% MDD=-100.0% Sharpe=+2.28 PF= 1.23
  saved: C:\Users\82109\Desktop\LYC\git\stock_total\scripts\out\optimize\crypto_trend_pullback_1d_grid.csv
